
    ************ HN3 AF Ising Simulated Annealing Running ************ 

      argc: 11
      condor_exec.5298.1 -k 4 -n 104 -r 1000 -i 10 -s 19872      L = 16


      *************  Repetition 18 Iteration 6  ************ 
      Starting T=10.07; schedule = 1.56e-05; 
      Temp_now = 1.01e+01; Ending T=0.0010;
      Starting State = 36;  StartingMag = 16; 
      After Init, CurrentEnergy = -6;  CurrentMag = 2;
      MinStateFouend = -16; MinMagFound = -14
      After all, CurrentEnergy = -16;  CurrentMag = 0;
      MinStateFouend = -16; MinMagFound = -14


      *************  Repetition 22 Iteration 8  ************ 
      Starting T=10.07; schedule = 3.91e-06; 
      Temp_now = 1.01e+01; Ending T=0.0010;
      Starting State = 36;  StartingMag = 16; 
      After Init, CurrentEnergy = 0;  CurrentMag = 0;
      MinStateFouend = -16; MinMagFound = -14
      After all, CurrentEnergy = -16;  CurrentMag = 0;
      MinStateFouend = -16; MinMagFound = -16


      *************  Repetition 90 Iteration 4  ************ 
      Starting T=10.07; schedule = 6.25e-05; 
      Temp_now = 1.01e+01; Ending T=0.0010;
      Starting State = 36;  StartingMag = 16; 
      After Init, CurrentEnergy = -6;  CurrentMag = -2;
      MinStateFouend = -16; MinMagFound = -14
      After all, CurrentEnergy = -16;  CurrentMag = 0;
      MinStateFouend = -16; MinMagFound = -14


      *************  Repetition 104 Iteration 3  ************ 
      Starting T=10.07; schedule = 1.25e-04; 
      Temp_now = 1.01e+01; Ending T=0.0010;
      Starting State = 36;  StartingMag = 16; 
      After Init, CurrentEnergy = -2;  CurrentMag = -2;
      MinStateFouend = -16; MinMagFound = -14
      After all, CurrentEnergy = -16;  CurrentMag = 0;
      MinStateFouend = -16; MinMagFound = -14


      *************  Repetition 130 Iteration 0  ************ 
      Starting T=10.07; schedule = 1.00e-03; 
      Temp_now = 1.01e+01; Ending T=0.0010;
      Starting State = 36;  StartingMag = 16; 
      After Init, CurrentEnergy = -10;  CurrentMag = 2;
      MinStateFouend = -16; MinMagFound = -14
      After all, CurrentEnergy = -16;  CurrentMag = 0;
      MinStateFouend = -16; MinMagFound = -14


      *************  Repetition 139 Iteration 3  ************ 
      Starting T=10.07; schedule = 1.25e-04; 
      Temp_now = 1.01e+01; Ending T=0.0010;
      Starting State = 36;  StartingMag = 16; 
      After Init, CurrentEnergy = 0;  CurrentMag = 4;
      MinStateFouend = -16; MinMagFound = -14
      After all, CurrentEnergy = -16;  CurrentMag = 0;
      MinStateFouend = -16; MinMagFound = -14


      *************  Repetition 157 Iteration 0  ************ 
      Starting T=10.07; schedule = 1.00e-03; 
      Temp_now = 1.01e+01; Ending T=0.0010;
      Starting State = 36;  StartingMag = 16; 
      After Init, CurrentEnergy = 0;  CurrentMag = 8;
      MinStateFouend = -16; MinMagFound = -14
      After all, CurrentEnergy = -16;  CurrentMag = 0;
      MinStateFouend = -16; MinMagFound = -14


      *************  Repetition 187 Iteration 9  ************ 
      Starting T=10.07; schedule = 1.95e-06; 
      Temp_now = 1.01e+01; Ending T=0.0010;
      Starting State = 36;  StartingMag = 16; 
      After Init, CurrentEnergy = -6;  CurrentMag = 2;
      MinStateFouend = -16; MinMagFound = -14
      After all, CurrentEnergy = -16;  CurrentMag = 0;
      MinStateFouend = -16; MinMagFound = -16


      *************  Repetition 221 Iteration 8  ************ 
      Starting T=10.07; schedule = 3.91e-06; 
      Temp_now = 1.01e+01; Ending T=0.0010;
      Starting State = 36;  StartingMag = 16; 
      After Init, CurrentEnergy = 0;  CurrentMag = 0;
      MinStateFouend = -16; MinMagFound = -14
      After all, CurrentEnergy = -16;  CurrentMag = 0;
      MinStateFouend = -16; MinMagFound = -16


      *************  Repetition 284 Iteration 9  ************ 
      Starting T=10.07; schedule = 1.95e-06; 
      Temp_now = 1.01e+01; Ending T=0.0010;
      Starting State = 36;  StartingMag = 16; 
      After Init, CurrentEnergy = -6;  CurrentMag = 2;
      MinStateFouend = -16; MinMagFound = -14
      After all, CurrentEnergy = -16;  CurrentMag = 0;
      MinStateFouend = -16; MinMagFound = -16


      *************  Repetition 340 Iteration 8  ************ 
      Starting T=10.07; schedule = 3.91e-06; 
      Temp_now = 1.01e+01; Ending T=0.0010;
      Starting State = 36;  StartingMag = 16; 
      After Init, CurrentEnergy = -6;  CurrentMag = 2;
      MinStateFouend = -16; MinMagFound = -14
      After all, CurrentEnergy = -16;  CurrentMag = 0;
      MinStateFouend = -16; MinMagFound = -16


      *************  Repetition 341 Iteration 8  ************ 
      Starting T=10.07; schedule = 3.91e-06; 
      Temp_now = 1.01e+01; Ending T=0.0010;
      Starting State = 36;  StartingMag = 16; 
      After Init, CurrentEnergy = -4;  CurrentMag = 4;
      MinStateFouend = -16; MinMagFound = -16
      After all, CurrentEnergy = -16;  CurrentMag = 0;
      MinStateFouend = -16; MinMagFound = -16


      *************  Repetition 364 Iteration 0  ************ 
      Starting T=10.07; schedule = 1.00e-03; 
      Temp_now = 1.01e+01; Ending T=0.0010;
      Starting State = 36;  StartingMag = 16; 
      After Init, CurrentEnergy = 0;  CurrentMag = 0;
      MinStateFouend = -16; MinMagFound = -14
      After all, CurrentEnergy = -16;  CurrentMag = 0;
      MinStateFouend = -16; MinMagFound = -14


      *************  Repetition 434 Iteration 5  ************ 
      Starting T=10.07; schedule = 3.13e-05; 
      Temp_now = 1.01e+01; Ending T=0.0010;
      Starting State = 36;  StartingMag = 16; 
      After Init, CurrentEnergy = 0;  CurrentMag = 4;
      MinStateFouend = -16; MinMagFound = -14
      After all, CurrentEnergy = -16;  CurrentMag = 0;
      MinStateFouend = -16; MinMagFound = -14


      *************  Repetition 448 Iteration 1  ************ 
      Starting T=10.07; schedule = 5.00e-04; 
      Temp_now = 1.01e+01; Ending T=0.0010;
      Starting State = 36;  StartingMag = 16; 
      After Init, CurrentEnergy = -4;  CurrentMag = -4;
      MinStateFouend = -16; MinMagFound = -14
      After all, CurrentEnergy = -16;  CurrentMag = 0;
      MinStateFouend = -16; MinMagFound = -16


      *************  Repetition 477 Iteration 6  ************ 
      Starting T=10.07; schedule = 1.56e-05; 
      Temp_now = 1.01e+01; Ending T=0.0010;
      Starting State = 36;  StartingMag = 16; 
      After Init, CurrentEnergy = -2;  CurrentMag = -2;
      MinStateFouend = -16; MinMagFound = -14
      After all, CurrentEnergy = -16;  CurrentMag = 0;
      MinStateFouend = -16; MinMagFound = -14


      *************  Repetition 545 Iteration 8  ************ 
      Starting T=10.07; schedule = 3.91e-06; 
      Temp_now = 1.01e+01; Ending T=0.0010;
      Starting State = 36;  StartingMag = 16; 
      After Init, CurrentEnergy = -4;  CurrentMag = 0;
      MinStateFouend = -16; MinMagFound = -16
      After all, CurrentEnergy = -16;  CurrentMag = 0;
      MinStateFouend = -16; MinMagFound = -16


      *************  Repetition 550 Iteration 5  ************ 
      Starting T=10.07; schedule = 3.13e-05; 
      Temp_now = 1.01e+01; Ending T=0.0010;
      Starting State = 36;  StartingMag = 16; 
      After Init, CurrentEnergy = -4;  CurrentMag = 4;
      MinStateFouend = -16; MinMagFound = -14
      After all, CurrentEnergy = -16;  CurrentMag = 0;
      MinStateFouend = -16; MinMagFound = -14


      *************  Repetition 587 Iteration 4  ************ 
      Starting T=10.07; schedule = 6.25e-05; 
      Temp_now = 1.01e+01; Ending T=0.0010;
      Starting State = 36;  StartingMag = 16; 
      After Init, CurrentEnergy = -8;  CurrentMag = 0;
      MinStateFouend = -16; MinMagFound = -14
      After all, CurrentEnergy = -16;  CurrentMag = 0;
      MinStateFouend = -16; MinMagFound = -14


      *************  Repetition 778 Iteration 4  ************ 
      Starting T=10.07; schedule = 6.25e-05; 
      Temp_now = 1.01e+01; Ending T=0.0010;
      Starting State = 36;  StartingMag = 16; 
      After Init, CurrentEnergy = -6;  CurrentMag = 2;
      MinStateFouend = -16; MinMagFound = -14
      After all, CurrentEnergy = -16;  CurrentMag = 0;
      MinStateFouend = -16; MinMagFound = -14


      *************  Repetition 813 Iteration 3  ************ 
      Starting T=10.07; schedule = 1.25e-04; 
      Temp_now = 1.01e+01; Ending T=0.0010;
      Starting State = 36;  StartingMag = 16; 
      After Init, CurrentEnergy = 0;  CurrentMag = 0;
      MinStateFouend = -16; MinMagFound = -14
      After all, CurrentEnergy = -16;  CurrentMag = 0;
      MinStateFouend = -16; MinMagFound = -16


      *************  Repetition 822 Iteration 1  ************ 
      Starting T=10.07; schedule = 5.00e-04; 
      Temp_now = 1.01e+01; Ending T=0.0010;
      Starting State = 36;  StartingMag = 16; 
      After Init, CurrentEnergy = -12;  CurrentMag = 0;
      MinStateFouend = -16; MinMagFound = -14
      After all, CurrentEnergy = -16;  CurrentMag = 0;
      MinStateFouend = -16; MinMagFound = -14


      *************  Repetition 825 Iteration 8  ************ 
      Starting T=10.07; schedule = 3.91e-06; 
      Temp_now = 1.01e+01; Ending T=0.0010;
      Starting State = 36;  StartingMag = 16; 
      After Init, CurrentEnergy = 4;  CurrentMag = -4;
      MinStateFouend = -16; MinMagFound = -14
      After all, CurrentEnergy = -16;  CurrentMag = 0;
      MinStateFouend = -16; MinMagFound = -16


      *************  Repetition 840 Iteration 8  ************ 
      Starting T=10.07; schedule = 3.91e-06; 
      Temp_now = 1.01e+01; Ending T=0.0010;
      Starting State = 36;  StartingMag = 16; 
      After Init, CurrentEnergy = -4;  CurrentMag = 0;
      MinStateFouend = -16; MinMagFound = -14
      After all, CurrentEnergy = -16;  CurrentMag = 0;
      MinStateFouend = -16; MinMagFound = -16


      *************  Repetition 906 Iteration 6  ************ 
      Starting T=10.07; schedule = 1.56e-05; 
      Temp_now = 1.01e+01; Ending T=0.0010;
      Starting State = 36;  StartingMag = 16; 
      After Init, CurrentEnergy = -10;  CurrentMag = 2;
      MinStateFouend = -16; MinMagFound = -14
      After all, CurrentEnergy = -16;  CurrentMag = 0;
      MinStateFouend = -16; MinMagFound = -16
