
    ************ HN3 AF Ising Simulated Annealing Running ************ 

      argc: 11
      condor_exec.5298.0 -k 3 -n 103 -r 1000 -i 10 -s 19871      L = 8


      *************  Repetition 11 Iteration 8  ************ 
      Starting T=10.07; schedule = 3.91e-06; 
      Temp_now = 1.01e+01; Ending T=0.0010;
      Starting State = 16;  StartingMag = 8; 
      After Init, CurrentEnergy = -2;  CurrentMag = 2;
      MinStateFouend = -8; MinMagFound = -8
      After all, CurrentEnergy = -8;  CurrentMag = 0;
      MinStateFouend = -8; MinMagFound = -8


      *************  Repetition 112 Iteration 6  ************ 
      Starting T=10.07; schedule = 1.56e-05; 
      Temp_now = 1.01e+01; Ending T=0.0010;
      Starting State = 16;  StartingMag = 8; 
      After Init, CurrentEnergy = -4;  CurrentMag = 0;
      MinStateFouend = -8; MinMagFound = -8
      After all, CurrentEnergy = -8;  CurrentMag = 0;
      MinStateFouend = -8; MinMagFound = -8


      *************  Repetition 154 Iteration 9  ************ 
      Starting T=10.07; schedule = 1.95e-06; 
      Temp_now = 1.01e+01; Ending T=0.0010;
      Starting State = 16;  StartingMag = 8; 
      After Init, CurrentEnergy = 0;  CurrentMag = 0;
      MinStateFouend = -8; MinMagFound = -8
      After all, CurrentEnergy = -8;  CurrentMag = 0;
      MinStateFouend = -8; MinMagFound = -8


      *************  Repetition 366 Iteration 0  ************ 
      Starting T=10.07; schedule = 1.00e-03; 
      Temp_now = 1.01e+01; Ending T=0.0010;
      Starting State = 16;  StartingMag = 8; 
      After Init, CurrentEnergy = -2;  CurrentMag = 2;
      MinStateFouend = -8; MinMagFound = -8
      After all, CurrentEnergy = -8;  CurrentMag = 0;
      MinStateFouend = -8; MinMagFound = -8


      *************  Repetition 430 Iteration 4  ************ 
      Starting T=10.07; schedule = 6.25e-05; 
      Temp_now = 1.01e+01; Ending T=0.0010;
      Starting State = 16;  StartingMag = 8; 
      After Init, CurrentEnergy = 0;  CurrentMag = 0;
      MinStateFouend = -8; MinMagFound = -8
      After all, CurrentEnergy = -8;  CurrentMag = 0;
      MinStateFouend = -8; MinMagFound = -8


      *************  Repetition 471 Iteration 2  ************ 
      Starting T=10.07; schedule = 2.50e-04; 
      Temp_now = 1.01e+01; Ending T=0.0010;
      Starting State = 16;  StartingMag = 8; 
      After Init, CurrentEnergy = -2;  CurrentMag = -2;
      MinStateFouend = -8; MinMagFound = -8
      After all, CurrentEnergy = -8;  CurrentMag = 0;
      MinStateFouend = -8; MinMagFound = -8


      *************  Repetition 487 Iteration 6  ************ 
      Starting T=10.07; schedule = 1.56e-05; 
      Temp_now = 1.01e+01; Ending T=0.0010;
      Starting State = 16;  StartingMag = 8; 
      After Init, CurrentEnergy = 2;  CurrentMag = -2;
      MinStateFouend = -8; MinMagFound = -8
      After all, CurrentEnergy = -8;  CurrentMag = 0;
      MinStateFouend = -8; MinMagFound = -8


      *************  Repetition 497 Iteration 2  ************ 
      Starting T=10.07; schedule = 2.50e-04; 
      Temp_now = 1.01e+01; Ending T=0.0010;
      Starting State = 16;  StartingMag = 8; 
      After Init, CurrentEnergy = 4;  CurrentMag = -4;
      MinStateFouend = -8; MinMagFound = -8
      After all, CurrentEnergy = -8;  CurrentMag = 0;
      MinStateFouend = -8; MinMagFound = -8


      *************  Repetition 509 Iteration 5  ************ 
      Starting T=10.07; schedule = 3.13e-05; 
      Temp_now = 1.01e+01; Ending T=0.0010;
      Starting State = 16;  StartingMag = 8; 
      After Init, CurrentEnergy = -8;  CurrentMag = 0;
      MinStateFouend = -8; MinMagFound = -8
      After all, CurrentEnergy = -8;  CurrentMag = 0;
      MinStateFouend = -8; MinMagFound = -8


      *************  Repetition 528 Iteration 5  ************ 
      Starting T=10.07; schedule = 3.13e-05; 
      Temp_now = 1.01e+01; Ending T=0.0010;
      Starting State = 16;  StartingMag = 8; 
      After Init, CurrentEnergy = -6;  CurrentMag = 2;
      MinStateFouend = -8; MinMagFound = -8
      After all, CurrentEnergy = -8;  CurrentMag = 0;
      MinStateFouend = -8; MinMagFound = -8


      *************  Repetition 529 Iteration 1  ************ 
      Starting T=10.07; schedule = 5.00e-04; 
      Temp_now = 1.01e+01; Ending T=0.0010;
      Starting State = 16;  StartingMag = 8; 
      After Init, CurrentEnergy = 0;  CurrentMag = 4;
      MinStateFouend = -8; MinMagFound = -8
      After all, CurrentEnergy = -8;  CurrentMag = 0;
      MinStateFouend = -8; MinMagFound = -8


      *************  Repetition 556 Iteration 1  ************ 
      Starting T=10.07; schedule = 5.00e-04; 
      Temp_now = 1.01e+01; Ending T=0.0010;
      Starting State = 16;  StartingMag = 8; 
      After Init, CurrentEnergy = -4;  CurrentMag = 0;
      MinStateFouend = -8; MinMagFound = -8
      After all, CurrentEnergy = -8;  CurrentMag = 0;
      MinStateFouend = -8; MinMagFound = -8


      *************  Repetition 619 Iteration 2  ************ 
      Starting T=10.07; schedule = 2.50e-04; 
      Temp_now = 1.01e+01; Ending T=0.0010;
      Starting State = 16;  StartingMag = 8; 
      After Init, CurrentEnergy = 0;  CurrentMag = 0;
      MinStateFouend = -8; MinMagFound = -8
      After all, CurrentEnergy = -8;  CurrentMag = 0;
      MinStateFouend = -8; MinMagFound = -8


      *************  Repetition 619 Iteration 6  ************ 
      Starting T=10.07; schedule = 1.56e-05; 
      Temp_now = 1.01e+01; Ending T=0.0010;
      Starting State = 16;  StartingMag = 8; 
      After Init, CurrentEnergy = -2;  CurrentMag = -2;
      MinStateFouend = -8; MinMagFound = -8
      After all, CurrentEnergy = -8;  CurrentMag = 0;
      MinStateFouend = -8; MinMagFound = -8


      *************  Repetition 780 Iteration 1  ************ 
      Starting T=10.07; schedule = 5.00e-04; 
      Temp_now = 1.01e+01; Ending T=0.0010;
      Starting State = 16;  StartingMag = 8; 
      After Init, CurrentEnergy = -2;  CurrentMag = 2;
      MinStateFouend = -8; MinMagFound = -8
      After all, CurrentEnergy = -8;  CurrentMag = 0;
      MinStateFouend = -8; MinMagFound = -8


      *************  Repetition 847 Iteration 9  ************ 
      Starting T=10.07; schedule = 1.95e-06; 
      Temp_now = 1.01e+01; Ending T=0.0010;
      Starting State = 16;  StartingMag = 8; 
      After Init, CurrentEnergy = -4;  CurrentMag = 0;
      MinStateFouend = -8; MinMagFound = -8
      After all, CurrentEnergy = -8;  CurrentMag = 0;
      MinStateFouend = -8; MinMagFound = -8


      *************  Repetition 946 Iteration 2  ************ 
      Starting T=10.07; schedule = 2.50e-04; 
      Temp_now = 1.01e+01; Ending T=0.0010;
      Starting State = 16;  StartingMag = 8; 
      After Init, CurrentEnergy = -2;  CurrentMag = 2;
      MinStateFouend = -8; MinMagFound = -8
      After all, CurrentEnergy = -8;  CurrentMag = 0;
      MinStateFouend = -8; MinMagFound = -8


      *************  Repetition 957 Iteration 0  ************ 
      Starting T=10.07; schedule = 1.00e-03; 
      Temp_now = 1.01e+01; Ending T=0.0010;
      Starting State = 16;  StartingMag = 8; 
      After Init, CurrentEnergy = -2;  CurrentMag = 2;
      MinStateFouend = -8; MinMagFound = -8
      After all, CurrentEnergy = -8;  CurrentMag = 0;
      MinStateFouend = -8; MinMagFound = -8


      *************  Repetition 958 Iteration 8  ************ 
      Starting T=10.07; schedule = 3.91e-06; 
      Temp_now = 1.01e+01; Ending T=0.0010;
      Starting State = 16;  StartingMag = 8; 
      After Init, CurrentEnergy = 2;  CurrentMag = -2;
      MinStateFouend = -8; MinMagFound = -8
      After all, CurrentEnergy = -8;  CurrentMag = 0;
      MinStateFouend = -8; MinMagFound = -8


      *************  Repetition 970 Iteration 8  ************ 
      Starting T=10.07; schedule = 3.91e-06; 
      Temp_now = 1.01e+01; Ending T=0.0010;
      Starting State = 16;  StartingMag = 8; 
      After Init, CurrentEnergy = 0;  CurrentMag = 0;
      MinStateFouend = -8; MinMagFound = -8
      After all, CurrentEnergy = -8;  CurrentMag = 0;
      MinStateFouend = -8; MinMagFound = -8
