
    ************ HN3 AF Ising Simulated Annealing Running ************ 

      argc: 11
      condor_exec.5300.2 -k 5 -n 105 -r 1000 -i 10 -s 19873      L = 32


      *************  Repetition 16 Iteration 4  ************ 
      Starting T=10.07; schedule = 6.25e-05; 
      Temp_now = 1.01e+01; Ending T=0.0010;
      Starting State = 62;  StartingMag = 32; 
      After Init, CurrentEnergy = -26;  CurrentMag = 6;
      MinStateFouend = -40; MinMagFound = -22
      After all, CurrentEnergy = -46;  CurrentMag = -4;
      MinStateFouend = -46; MinMagFound = -22


      *************  Repetition 219 Iteration 3  ************ 
      Starting T=10.07; schedule = 1.25e-04; 
      Temp_now = 1.01e+01; Ending T=0.0010;
      Starting State = 62;  StartingMag = 32; 
      After Init, CurrentEnergy = -10;  CurrentMag = -2;
      MinStateFouend = -38; MinMagFound = -20
      After all, CurrentEnergy = -46;  CurrentMag = 2;
      MinStateFouend = -46; MinMagFound = -22


      *************  Repetition 246 Iteration 6  ************ 
      Starting T=10.07; schedule = 1.56e-05; 
      Temp_now = 1.01e+01; Ending T=0.0010;
      Starting State = 62;  StartingMag = 32; 
      After Init, CurrentEnergy = -20;  CurrentMag = -8;
      MinStateFouend = -44; MinMagFound = -20
      After all, CurrentEnergy = -46;  CurrentMag = -2;
      MinStateFouend = -46; MinMagFound = -24


      *************  Repetition 272 Iteration 9  ************ 
      Starting T=10.07; schedule = 1.95e-06; 
      Temp_now = 1.01e+01; Ending T=0.0010;
      Starting State = 62;  StartingMag = 32; 
      After Init, CurrentEnergy = 0;  CurrentMag = 0;
      MinStateFouend = -40; MinMagFound = -20
      After all, CurrentEnergy = -46;  CurrentMag = 2;
      MinStateFouend = -46; MinMagFound = -26


      *************  Repetition 461 Iteration 2  ************ 
      Starting T=10.07; schedule = 2.50e-04; 
      Temp_now = 1.01e+01; Ending T=0.0010;
      Starting State = 62;  StartingMag = 32; 
      After Init, CurrentEnergy = 2;  CurrentMag = -12;
      MinStateFouend = -40; MinMagFound = -22
      After all, CurrentEnergy = -46;  CurrentMag = 4;
      MinStateFouend = -46; MinMagFound = -22


      *************  Repetition 501 Iteration 3  ************ 
      Starting T=10.07; schedule = 1.25e-04; 
      Temp_now = 1.01e+01; Ending T=0.0010;
      Starting State = 62;  StartingMag = 32; 
      After Init, CurrentEnergy = -12;  CurrentMag = 0;
      MinStateFouend = -40; MinMagFound = -22
      After all, CurrentEnergy = -46;  CurrentMag = -2;
      MinStateFouend = -46; MinMagFound = -22


      *************  Repetition 520 Iteration 6  ************ 
      Starting T=10.07; schedule = 1.56e-05; 
      Temp_now = 1.01e+01; Ending T=0.0010;
      Starting State = 62;  StartingMag = 32; 
      After Init, CurrentEnergy = -10;  CurrentMag = -2;
      MinStateFouend = -42; MinMagFound = -22
      After all, CurrentEnergy = -46;  CurrentMag = -4;
      MinStateFouend = -46; MinMagFound = -22


      *************  Repetition 583 Iteration 2  ************ 
      Starting T=10.07; schedule = 2.50e-04; 
      Temp_now = 1.01e+01; Ending T=0.0010;
      Starting State = 62;  StartingMag = 32; 
      After Init, CurrentEnergy = -10;  CurrentMag = -10;
      MinStateFouend = -46; MinMagFound = -22
      After all, CurrentEnergy = -46;  CurrentMag = -4;
      MinStateFouend = -46; MinMagFound = -22


      *************  Repetition 588 Iteration 8  ************ 
      Starting T=10.07; schedule = 3.91e-06; 
      Temp_now = 1.01e+01; Ending T=0.0010;
      Starting State = 62;  StartingMag = 32; 
      After Init, CurrentEnergy = -12;  CurrentMag = 6;
      MinStateFouend = -40; MinMagFound = -22
      After all, CurrentEnergy = -46;  CurrentMag = 2;
      MinStateFouend = -46; MinMagFound = -26


      *************  Repetition 605 Iteration 3  ************ 
      Starting T=10.07; schedule = 1.25e-04; 
      Temp_now = 1.01e+01; Ending T=0.0010;
      Starting State = 62;  StartingMag = 32; 
      After Init, CurrentEnergy = -22;  CurrentMag = -8;
      MinStateFouend = -42; MinMagFound = -20
      After all, CurrentEnergy = -46;  CurrentMag = -4;
      MinStateFouend = -46; MinMagFound = -20


      *************  Repetition 613 Iteration 1  ************ 
      Starting T=10.07; schedule = 5.00e-04; 
      Temp_now = 1.01e+01; Ending T=0.0010;
      Starting State = 62;  StartingMag = 32; 
      After Init, CurrentEnergy = -6;  CurrentMag = 4;
      MinStateFouend = -42; MinMagFound = -20
      After all, CurrentEnergy = -46;  CurrentMag = -2;
      MinStateFouend = -46; MinMagFound = -20


      *************  Repetition 646 Iteration 3  ************ 
      Starting T=10.07; schedule = 1.25e-04; 
      Temp_now = 1.01e+01; Ending T=0.0010;
      Starting State = 62;  StartingMag = 32; 
      After Init, CurrentEnergy = -12;  CurrentMag = -4;
      MinStateFouend = -40; MinMagFound = -20
      After all, CurrentEnergy = -46;  CurrentMag = -2;
      MinStateFouend = -46; MinMagFound = -20


      *************  Repetition 647 Iteration 4  ************ 
      Starting T=10.07; schedule = 6.25e-05; 
      Temp_now = 1.01e+01; Ending T=0.0010;
      Starting State = 62;  StartingMag = 32; 
      After Init, CurrentEnergy = -4;  CurrentMag = 0;
      MinStateFouend = -40; MinMagFound = -22
      After all, CurrentEnergy = -46;  CurrentMag = -2;
      MinStateFouend = -46; MinMagFound = -22


      *************  Repetition 683 Iteration 6  ************ 
      Starting T=10.07; schedule = 1.56e-05; 
      Temp_now = 1.01e+01; Ending T=0.0010;
      Starting State = 62;  StartingMag = 32; 
      After Init, CurrentEnergy = -4;  CurrentMag = 0;
      MinStateFouend = -40; MinMagFound = -24
      After all, CurrentEnergy = -46;  CurrentMag = 4;
      MinStateFouend = -46; MinMagFound = -24


      *************  Repetition 878 Iteration 1  ************ 
      Starting T=10.07; schedule = 5.00e-04; 
      Temp_now = 1.01e+01; Ending T=0.0010;
      Starting State = 62;  StartingMag = 32; 
      After Init, CurrentEnergy = 4;  CurrentMag = 4;
      MinStateFouend = -42; MinMagFound = -20
      After all, CurrentEnergy = -46;  CurrentMag = 4;
      MinStateFouend = -46; MinMagFound = -24


      *************  Repetition 934 Iteration 3  ************ 
      Starting T=10.07; schedule = 1.25e-04; 
      Temp_now = 1.01e+01; Ending T=0.0010;
      Starting State = 62;  StartingMag = 32; 
      After Init, CurrentEnergy = 4;  CurrentMag = 2;
      MinStateFouend = -40; MinMagFound = -22
      After all, CurrentEnergy = -46;  CurrentMag = 2;
      MinStateFouend = -46; MinMagFound = -22


      *************  Repetition 950 Iteration 3  ************ 
      Starting T=10.07; schedule = 1.25e-04; 
      Temp_now = 1.01e+01; Ending T=0.0010;
      Starting State = 62;  StartingMag = 32; 
      After Init, CurrentEnergy = -18;  CurrentMag = 4;
      MinStateFouend = -40; MinMagFound = -20
      After all, CurrentEnergy = -46;  CurrentMag = 2;
      MinStateFouend = -46; MinMagFound = -20


      *************  Repetition 992 Iteration 0  ************ 
      Starting T=10.07; schedule = 1.00e-03; 
      Temp_now = 1.01e+01; Ending T=0.0010;
      Starting State = 62;  StartingMag = 32; 
      After Init, CurrentEnergy = -22;  CurrentMag = -6;
      MinStateFouend = -44; MinMagFound = -26
      After all, CurrentEnergy = -44;  CurrentMag = 0;
      MinStateFouend = -46; MinMagFound = -26
