
    ************ HN3 AF Ising Wang Landau Running ************ 

      argc: 9
      condor_exec.5306.9 -k 12 -n 0 -f 80 -s 19872 

 L=4096; Flatness=0.800000;

 CurrentEnergy Correct = -394 
 CurrentEnergy Correct = -478 
 CurrentEnergy Correct = -556 
 Realloc Done
 After Initial Steps 2.01e+08, StatesLength = 7030, MinEnergy = -5876
 Quick_Sort Done 
 After sort, CurrentEnergy Correct = 2550 
 After sort, CurrentEnergy Correct = 1546 
 After sort, CurrentEnergy Correct = 1638 
 New State: -5878: coming; StatesLength 7031
 New State: -5878 added to list; Min State: -5878; CurrentState = -5878
 

 New State: -5880: coming; StatesLength 7032
 New State: -5880 added to list; Min State: -5880; CurrentState = -5880
 

 New State: -5882: coming; StatesLength 7033
 New State: -5882 added to list; Min State: -5882; CurrentState = -5882
 

 New State: -5884: coming; StatesLength 7034
 New State: -5884 added to list; Min State: -5884; CurrentState = -5884
 

 New State: -5886: coming; StatesLength 7035
 New State: -5886 added to list; Min State: -5886; CurrentState = -5886
 

 New State: -5888: coming; StatesLength 7036
 New State: -5888 added to list; Min State: -5888; CurrentState = -5888
 

 New State: -5890: coming; StatesLength 7037
 New State: -5890 added to list; Min State: -5890; CurrentState = -5890
 

 New State: -5892: coming; StatesLength 7038
 New State: -5892 added to list; Min State: -5892; CurrentState = -5892
 

 New State: -5894: coming; StatesLength 7039
 New State: -5894 added to list; Min State: -5894; CurrentState = -5894
 

 New State: -5896: coming; StatesLength 7040
 New State: -5896 added to list; Min State: -5896; CurrentState = -5896
 

 New State: -5898: coming; StatesLength 7041
 New State: -5898 added to list; Min State: -5898; CurrentState = -5898
 

 New State: -5900: coming; StatesLength 7042
 New State: -5900 added to list; Min State: -5900; CurrentState = -5900
 

 New State: -5902: coming; StatesLength 7043
 New State: -5902 added to list; Min State: -5902; CurrentState = -5902
 

 New State: -5904: coming; StatesLength 7044
 New State: -5904 added to list; Min State: -5904; CurrentState = -5904
 

 New State: -5906: coming; StatesLength 7045
 New State: -5906 added to list; Min State: -5906; CurrentState = -5906
 

 New State: -5908: coming; StatesLength 7046
 New State: -5908 added to list; Min State: -5908; CurrentState = -5908
 

 New State: -5910: coming; StatesLength 7047
 New State: -5910 added to list; Min State: -5910; CurrentState = -5910
 

 New State: -5912: coming; StatesLength 7048
 New State: -5912 added to list; Min State: -5912; CurrentState = -5912
 

 New State: 8182: coming; StatesLength 7049
 New State: 8182 added to list; Min State: -5912; CurrentState = 8182
 

 New State: 8180: coming; StatesLength 7050
 New State: 8180 added to list; Min State: -5912; CurrentState = 8180
 

 New State: -5914: coming; StatesLength 7051
 New State: -5914 added to list; Min State: -5914; CurrentState = -5914
 

 New State: -5916: coming; StatesLength 7052
 New State: -5916 added to list; Min State: -5916; CurrentState = -5916
 

 New State: -5918: coming; StatesLength 7053
 New State: -5918 added to list; Min State: -5918; CurrentState = -5918
 

 New State: -5920: coming; StatesLength 7054
 New State: -5920 added to list; Min State: -5920; CurrentState = -5920
 

 New State: -5922: coming; StatesLength 7055
 New State: -5922 added to list; Min State: -5922; CurrentState = -5922
 

 New State: -5924: coming; StatesLength 7056
 New State: -5924 added to list; Min State: -5924; CurrentState = -5924
 

 New State: -5926: coming; StatesLength 7057
 New State: -5926 added to list; Min State: -5926; CurrentState = -5926
 

 New State: -5928: coming; StatesLength 7058
 New State: -5928 added to list; Min State: -5928; CurrentState = -5928
 

 New State: -5930: coming; StatesLength 7059
 New State: -5930 added to list; Min State: -5930; CurrentState = -5930
 

 New State: -5932: coming; StatesLength 7060
 New State: -5932 added to list; Min State: -5932; CurrentState = -5932
 

 New State: -593