000 (5306.009.000) 11/07 11:52:09 Job submitted from host: <170.140.162.75:51408>
...
001 (5306.009.000) 11/08 17:51:56 Job executing on host: <170.140.162.75:39705>
...
006 (5306.009.000) 11/08 20:51:57 Image size of job updated: 11061
...
003 (5306.009.000) 11/08 20:51:57 Job was checkpointed.
	Usr 0 02:56:58, Sys 0 00:00:12  -  Run Remote Usage
		Usr 0 00:00:00, Sys 0 00:00:00  -  Run Local Usage
...
003 (5306.009.000) 11/08 23:51:58 Job was checkpointed.
	Usr 0 05:54:18, Sys 0 00:00:26  -  Run Remote Usage
		Usr 0 00:00:00, Sys 0 00:00:00  -  Run Local Usage
...
003 (5306.009.000) 11/09 02:52:00 Job was checkpointed.
	Usr 0 08:52:56, Sys 0 00:00:42  -  Run Remote Usage
		Usr 0 00:00:00, Sys 0 00:00:00  -  Run Local Usage
...
010 (5306.009.000) 11/09 05:06:05 Job was suspended.
	Number of processes actually suspended: 1
...
011 (5306.009.000) 11/09 05:11:42 Job was unsuspended.
...
003 (5306.009.000) 11/09 05:52:05 Job was checkpointed.
	Usr 0 11:43:11, Sys 0 00:00:56  -  Run Remote Usage
		Usr 0 00:00:00, Sys 0 00:00:00  -  Run Local Usage
...
003 (5306.009.000) 11/09 08:52:06 Job was checkpointed.
	Usr 0 14:40:55, Sys 0 00:01:13  -  Run Remote Usage
		Usr 0 00:00:00, Sys 0 00:00:00  -  Run Local Usage
...
010 (5306.009.000) 11/09 11:00:13 Job was suspended.
	Number of processes actually suspended: 1
...
011 (5306.009.000) 11/09 11:09:23 Job was unsuspended.
...
010 (5306.009.000) 11/09 11:11:54 Job was suspended.
	Number of processes actually suspended: 1
...
011 (5306.009.000) 11/09 11:16:54 Job was unsuspended.
...
010 (5306.009.000) 11/09 11:20:49 Job was suspended.
	Number of processes actually suspended: 1
...
011 (5306.009.000) 11/09 11:30:54 Job was unsuspended.
...
004 (5306.009.000) 11/09 11:30:55 Job was evicted.
	(1) Job was checkpointed.
		Usr 0 16:53:35, Sys 0 00:01:23  -  Run Remote Usage
		Usr 0 00:00:00, Sys 0 00:00:00  -  Run Local Usage
	6526515  -  Run Bytes Sent By Job
	4527738  -  Run Bytes Received By Job
...
009 (5306.009.000) 11/09 11:34:11 Job was aborted by the user.
	via condor_rm (by user Xiang)
...
