000 (5306.002.000) 11/07 11:52:09 Job submitted from host: <170.140.162.75:51408>
...
001 (5306.002.000) 11/07 14:56:07 Job executing on host: <192.168.203.27:52550>
...
005 (5306.002.000) 11/07 15:01:43 Job terminated.
	(1) Normal termination (return value 0)
		Usr 0 00:05:35, Sys 0 00:00:00  -  Run Remote Usage
		Usr 0 00:00:00, Sys 0 00:00:00  -  Run Local Usage
		Usr 0 00:05:35, Sys 0 00:00:00  -  Total Remote Usage
		Usr 0 00:00:00, Sys 0 00:00:00  -  Total Local Usage
	5358  -  Run Bytes Sent By Job
	4526558  -  Run Bytes Received By Job
	5358  -  Total Bytes Sent By Job
	4526558  -  Total Bytes Received By Job
...
000 (5307.002.000) 11/09 11:34:57 Job submitted from host: <170.140.162.75:51408>
...
001 (5307.002.000) 11/09 11:35:07 Job executing on host: <192.168.203.9:60425>
...
006 (5307.002.000) 11/09 14:35:07 Image size of job updated: 10873
...
003 (5307.002.000) 11/09 14:35:07 Job was checkpointed.
	Usr 0 02:59:49, Sys 0 00:00:00  -  Run Remote Usage
		Usr 0 00:00:00, Sys 0 00:00:00  -  Run Local Usage
...
003 (5307.002.000) 11/09 17:35:09 Job was checkpointed.
	Usr 0 05:59:40, Sys 0 00:00:00  -  Run Remote Usage
		Usr 0 00:00:00, Sys 0 00:00:00  -  Run Local Usage
...
003 (5307.002.000) 11/09 20:35:13 Job was checkpointed.
	Usr 0 08:59:34, Sys 0 00:00:00  -  Run Remote Usage
		Usr 0 00:00:00, Sys 0 00:00:00  -  Run Local Usage
...
003 (5307.002.000) 11/09 23:35:13 Job was checkpointed.
	Usr 0 11:59:22, Sys 0 00:00:00  -  Run Remote Usage
		Usr 0 00:00:00, Sys 0 00:00:00  -  Run Local Usage
...
003 (5307.002.000) 11/10 02:35:14 Job was checkpointed.
	Usr 0 14:59:08, Sys 0 00:00:00  -  Run Remote Usage
		Usr 0 00:00:00, Sys 0 00:00:00  -  Run Local Usage
...
003 (5307.002.000) 11/10 05:35:17 Job was checkpointed.
	Usr 0 17:58:59, Sys 0 00:00:00  -  Run Remote Usage
		Usr 0 00:00:00, Sys 0 00:00:00  -  Run Local Usage
...
003 (5307.002.000) 11/10 08:35:21 Job was checkpointed.
	Usr 0 20:58:50, Sys 0 00:00:00  -  Run Remote Usage
		Usr 0 00:00:00, Sys 0 00:00:00  -  Run Local Usage
...
003 (5307.002.000) 11/10 11:35:21 Job was checkpointed.
	Usr 0 23:58:39, Sys 0 00:00:00  -  Run Remote Usage
		Usr 0 00:00:00, Sys 0 00:00:00  -  Run Local Usage
...
003 (5307.002.000) 11/10 14:35:23 Job was checkpointed.
	Usr 1 02:58:33, Sys 0 00:00:00  -  Run Remote Usage
		Usr 0 00:00:00, Sys 0 00:00:00  -  Run Local Usage
...
003 (5307.002.000) 11/10 17:35:27 Job was checkpointed.
	Usr 1 05:58:28, Sys 0 00:00:00  -  Run Remote Usage
		Usr 0 00:00:00, Sys 0 00:00:00  -  Run Local Usage
...
003 (5307.002.000) 11/10 20:35:30 Job was checkpointed.
	Usr 1 08:58:20, Sys 0 00:00:01  -  Run Remote Usage
		Usr 0 00:00:00, Sys 0 00:00:00  -  Run Local Usage
...
003 (5307.002.000) 11/10 23:35:34 Job was checkpointed.
	Usr 1 11:58:12, Sys 0 00:00:01  -  Run Remote Usage
		Usr 0 00:00:00, Sys 0 00:00:00  -  Run Local Usage
...
003 (5307.002.000) 11/11 02:35:34 Job was checkpointed.
	Usr 1 14:57:56, Sys 0 00:00:01  -  Run Remote Usage
		Usr 0 00:00:00, Sys 0 00:00:00  -  Run Local Usage
...
003 (5307.002.000) 11/11 05:35:36 Job was checkpointed.
	Usr 1 17:57:47, Sys 0 00:00:01  -  Run Remote Usage
		Usr 0 00:00:00, Sys 0 00:00:00  -  Run Local Usage
...
003 (5307.002.000) 11/11 08:35:37 Job was checkpointed.
	Usr 1 20:57:38, Sys 0 00:00:01  -  Run Remote Usage
		Usr 0 00:00:00, Sys 0 00:00:00  -  Run Local Usage
...
003 (5307.002.000) 11/11 11:35:39 Job was checkpointed.
	Usr 1 23:57:27, Sys 0 00:00:01  -  Run Remote Usage
		Usr 0 00:00:00, Sys 0 00:00:00  -  Run Local Usage
...
003 (5307.002.000) 11/11 14:35:44 Job was checkpointed.
	Usr 2 02:57:21, Sys 0 00:00:01  -  Run Remote Usage
		Usr 0 00:00:00, Sys 0 00:00:00  -  Run Local Usage
...
003 (5307.002.000) 11/11 17:35:45 Job was checkpointed.
	Usr 2 05:57:13, Sys 0 00:00:01  -  Run Remote Usage
		Usr 0 00:00:00, Sys 0 00:00:00  -  Run Local Usage
...
003 (5307.002.000) 11/11 20:35:47 Job was checkpointed.
	Usr 2 08:57:05, Sys 0 00:00:01  -  Run Remote Usage
		Usr 0 00:00:00, Sys 0 00:00:00  -  Run Local Usage
...
003 (5307.002.000) 11/11 23:35:51 Job was checkpointed.
	Usr 2 11:57:00, Sys 0 00:00:01  -  Run Remote Usage
		Usr 0 00:00:00, Sys 0 00:00:00  -  Run Local Usage
...
003 (5307.002.000) 11/12 02:35:55 Job was checkpointed.
	Usr 2 14:56:52, Sys 0 00:00:02  -  Run Remote Usage
		Usr 0 00:00:00, Sys 0 00:00:00  -  Run Local Usage
...
003 (5307.002.000) 11/12 05:35:58 Job was checkpointed.
	Usr 2 17:56:44, Sys 0 00:00:02  -  Run Remote Usage
		Usr 0 00:00:00, Sys 0 00:00:00  -  Run Local Usage
...
003 (5307.002.000) 11/12 08:36:02 Job was checkpointed.
	Usr 2 20:56:35, Sys 0 00:00:02  -  Run Remote Usage
		Usr 0 00:00:00, Sys 0 00:00:00  -  Run Local Usage
...
006 (5307.002.000) 11/12 11:36:06 Image size of job updated: 10877
...
003 (5307.002.000) 11/12 11:36:06 Job was checkpointed.
	Usr 2 23:56:28, Sys 0 00:00:02  -  Run Remote Usage
		Usr 0 00:00:00, Sys 0 00:00:00  -  Run Local Usage
...
003 (5307.002.000) 11/12 14:36:06 Job was checkpointed.
	Usr 3 02:56:18, Sys 0 00:00:02  -  Run Remote Usage
		Usr 0 00:00:00, Sys 0 00:00:00  -  Run Local Usage
...
003 (5307.002.000) 11/12 17:36:07 Job was checkpointed.
	Usr 3 05:56:08, Sys 0 00:00:02  -  Run Remote Usage
		Usr 0 00:00:00, Sys 0 00:00:00  -  Run Local Usage
...
003 (5307.002.000) 11/12 20:36:12 Job was checkpointed.
	Usr 3 08:56:04, Sys 0 00:00:02  -  Run Remote Usage
		Usr 0 00:00:00, Sys 0 00:00:00  -  Run Local Usage
...
003 (5307.002.000) 11/12 23:36:14 Job was checkpointed.
	Usr 3 11:55:56, Sys 0 00:00:02  -  Run Remote Usage
		Usr 0 00:00:00, Sys 0 00:00:00  -  Run Local Usage
...
003 (5307.002.000) 11/13 02:36:14 Job was checkpointed.
	Usr 3 14:55:40, Sys 0 00:00:03  -  Run Remote Usage
		Usr 0 00:00:00, Sys 0 00:00:00  -  Run Local Usage
...
003 (5307.002.000) 11/13 05:36:16 Job was checkpointed.
	Usr 3 17:55:32, Sys 0 00:00:03  -  Run Remote Usage
		Usr 0 00:00:00, Sys 0 00:00:00  -  Run Local Usage
...
003 (5307.002.000) 11/13 08:36:19 Job was checkpointed.
	Usr 3 20:55:23, Sys 0 00:00:03  -  Run Remote Usage
		Usr 0 00:00:00, Sys 0 00:00:00  -  Run Local Usage
...
003 (5307.002.000) 11/13 11:36:21 Job was checkpointed.
	Usr 3 23:55:13, Sys 0 00:00:03  -  Run Remote Usage
		Usr 0 00:00:00, Sys 0 00:00:00  -  Run Local Usage
...
003 (5307.002.000) 11/13 14:36:22 Job was checkpointed.
	Usr 4 02:55:03, Sys 0 00:00:03  -  Run Remote Usage
		Usr 0 00:00:00, Sys 0 00:00:00  -  Run Local Usage
...
003 (5307.002.000) 11/13 17:36:25 Job was checkpointed.
	Usr 4 05:54:54, Sys 0 00:00:03  -  Run Remote Usage
		Usr 0 00:00:00, Sys 0 00:00:00  -  Run Local Usage
...
003 (5307.002.000) 11/13 20:36:26 Job was checkpointed.
	Usr 4 08:54:43, Sys 0 00:00:03  -  Run Remote Usage
		Usr 0 00:00:00, Sys 0 00:00:00  -  Run Local Usage
...
003 (5307.002.000) 11/13 23:36:31 Job was checkpointed.
	Usr 4 11:54:37, Sys 0 00:00:03  -  Run Remote Usage
		Usr 0 00:00:00, Sys 0 00:00:00  -  Run Local Usage
...
003 (5307.002.000) 11/14 02:36:35 Job was checkpointed.
	Usr 4 14:54:22, Sys 0 00:00:05  -  Run Remote Usage
		Usr 0 00:00:00, Sys 0 00:00:00  -  Run Local Usage
...
003 (5307.002.000) 11/14 05:36:37 Job was checkpointed.
	Usr 4 17:54:15, Sys 0 00:00:05  -  Run Remote Usage
		Usr 0 00:00:00, Sys 0 00:00:00  -  Run Local Usage
...
003 (5307.002.000) 11/14 08:36:42 Job was checkpointed.
	Usr 4 20:54:09, Sys 0 00:00:05  -  Run Remote Usage
		Usr 0 00:00:00, Sys 0 00:00:00  -  Run Local Usage
...
003 (5307.002.000) 11/14 11:36:43 Job was checkpointed.
	Usr 4 23:54:01, Sys 0 00:00:05  -  Run Remote Usage
		Usr 0 00:00:00, Sys 0 00:00:00  -  Run Local Usage
...
003 (5307.002.000) 11/14 14:36:44 Job was checkpointed.
	Usr 5 02:53:50, Sys 0 00:00:05  -  Run Remote Usage
		Usr 0 00:00:00, Sys 0 00:00:00  -  Run Local Usage
...
003 (5307.002.000) 11/14 17:36:49 Job was checkpointed.
	Usr 5 05:53:44, Sys 0 00:00:05  -  Run Remote Usage
		Usr 0 00:00:00, Sys 0 00:00:00  -  Run Local Usage
...
003 (5307.002.000) 11/14 20:36:54 Job was checkpointed.
	Usr 5 08:53:37, Sys 0 00:00:05  -  Run Remote Usage
		Usr 0 00:00:00, Sys 0 00:00:00  -  Run Local Usage
...
003 (5307.002.000) 11/14 23:36:58 Job was checkpointed.
	Usr 5 11:53:29, Sys 0 00:00:05  -  Run Remote Usage
		Usr 0 00:00:00, Sys 0 00:00:00  -  Run Local Usage
...
003 (5307.002.000) 11/15 02:37:02 Job was checkpointed.
	Usr 5 14:53:17, Sys 0 00:00:05  -  Run Remote Usage
		Usr 0 00:00:00, Sys 0 00:00:00  -  Run Local Usage
...
003 (5307.002.000) 11/15 05:37:05 Job was checkpointed.
	Usr 5 17:53:10, Sys 0 00:00:06  -  Run Remote Usage
		Usr 0 00:00:00, Sys 0 00:00:01  -  Run Local Usage
...
003 (5307.002.000) 11/15 08:37:10 Job was checkpointed.
	Usr 5 20:53:04, Sys 0 00:00:06  -  Run Remote Usage
		Usr 0 00:00:00, Sys 0 00:00:01  -  Run Local Usage
...
003 (5307.002.000) 11/15 11:37:12 Job was checkpointed.
	Usr 5 23:52:56, Sys 0 00:00:06  -  Run Remote Usage
		Usr 0 00:00:00, Sys 0 00:00:01  -  Run Local Usage
...
003 (5307.002.000) 11/15 14:37:15 Job was checkpointed.
	Usr 6 02:52:47, Sys 0 00:00:06  -  Run Remote Usage
		Usr 0 00:00:00, Sys 0 00:00:01  -  Run Local Usage
...
003 (5307.002.000) 11/15 17:37:18 Job was checkpointed.
	Usr 6 05:52:40, Sys 0 00:00:06  -  Run Remote Usage
		Usr 0 00:00:00, Sys 0 00:00:01  -  Run Local Usage
...
003 (5307.002.000) 11/15 20:37:20 Job was checkpointed.
	Usr 6 08:52:30, Sys 0 00:00:06  -  Run Remote Usage
		Usr 0 00:00:00, Sys 0 00:00:01  -  Run Local Usage
...
003 (5307.002.000) 11/15 23:37:22 Job was checkpointed.
	Usr 6 11:52:21, Sys 0 00:00:06  -  Run Remote Usage
		Usr 0 00:00:00, Sys 0 00:00:01  -  Run Local Usage
...
003 (5307.002.000) 11/16 02:37:26 Job was checkpointed.
	Usr 6 14:52:11, Sys 0 00:00:06  -  Run Remote Usage
		Usr 0 00:00:00, Sys 0 00:00:01  -  Run Local Usage
...
003 (5307.002.000) 11/16 05:37:28 Job was checkpointed.
	Usr 6 17:52:02, Sys 0 00:00:06  -  Run Remote Usage
		Usr 0 00:00:00, Sys 0 00:00:01  -  Run Local Usage
...
003 (5307.002.000) 11/16 08:37:33 Job was checkpointed.
	Usr 6 20:51:57, Sys 0 00:00:07  -  Run Remote Usage
		Usr 0 00:00:00, Sys 0 00:00:01  -  Run Local Usage
...
003 (5307.002.000) 11/16 11:37:33 Job was checkpointed.
	Usr 6 23:51:45, Sys 0 00:00:07  -  Run Remote Usage
		Usr 0 00:00:00, Sys 0 00:00:01  -  Run Local Usage
...
003 (5307.002.000) 11/16 14:37:38 Job was checkpointed.
	Usr 7 02:51:38, Sys 0 00:00:07  -  Run Remote Usage
		Usr 0 00:00:00, Sys 0 00:00:01  -  Run Local Usage
...
003 (5307.002.000) 11/16 17:37:42 Job was checkpointed.
	Usr 7 05:51:32, Sys 0 00:00:07  -  Run Remote Usage
		Usr 0 00:00:00, Sys 0 00:00:01  -  Run Local Usage
...
003 (5307.002.000) 11/16 20:37:47 Job was checkpointed.
	Usr 7 08:51:28, Sys 0 00:00:07  -  Run Remote Usage
		Usr 0 00:00:00, Sys 0 00:00:01  -  Run Local Usage
...
003 (5307.002.000) 11/16 23:37:49 Job was checkpointed.
	Usr 7 11:51:20, Sys 0 00:00:07  -  Run Remote Usage
		Usr 0 00:00:00, Sys 0 00:00:01  -  Run Local Usage
...
003 (5307.002.000) 11/17 02:37:55 Job was checkpointed.
	Usr 7 14:51:11, Sys 0 00:00:07  -  Run Remote Usage
		Usr 0 00:00:00, Sys 0 00:00:01  -  Run Local Usage
...
003 (5307.002.000) 11/17 05:37:55 Job was checkpointed.
	Usr 7 17:51:01, Sys 0 00:00:07  -  Run Remote Usage
		Usr 0 00:00:00, Sys 0 00:00:01  -  Run Local Usage
...
003 (5307.002.000) 11/17 08:37:57 Job was checkpointed.
	Usr 7 20:50:51, Sys 0 00:00:07  -  Run Remote Usage
		Usr 0 00:00:00, Sys 0 00:00:01  -  Run Local Usage
...
003 (5307.002.000) 11/17 11:38:02 Job was checkpointed.
	Usr 7 23:50:45, Sys 0 00:00:07  -  Run Remote Usage
		Usr 0 00:00:00, Sys 0 00:00:01  -  Run Local Usage
...
003 (5307.002.000) 11/17 14:38:07 Job was checkpointed.
	Usr 8 02:50:41, Sys 0 00:00:07  -  Run Remote Usage
		Usr 0 00:00:00, Sys 0 00:00:01  -  Run Local Usage
...
003 (5307.002.000) 11/17 17:38:10 Job was checkpointed.
	Usr 8 05:50:35, Sys 0 00:00:08  -  Run Remote Usage
		Usr 0 00:00:00, Sys 0 00:00:01  -  Run Local Usage
...
003 (5307.002.000) 11/17 20:38:13 Job was checkpointed.
	Usr 8 08:50:29, Sys 0 00:00:08  -  Run Remote Usage
		Usr 0 00:00:00, Sys 0 00:00:01  -  Run Local Usage
...
003 (5307.002.000) 11/17 23:38:16 Job was checkpointed.
	Usr 8 11:50:23, Sys 0 00:00:08  -  Run Remote Usage
		Usr 0 00:00:00, Sys 0 00:00:01  -  Run Local Usage
...
003 (5307.002.000) 11/18 02:38:17 Job was checkpointed.
	Usr 8 14:50:09, Sys 0 00:00:08  -  Run Remote Usage
		Usr 0 00:00:00, Sys 0 00:00:01  -  Run Local Usage
...
003 (5307.002.000) 11/18 05:38:22 Job was checkpointed.
	Usr 8 17:50:06, Sys 0 00:00:08  -  Run Remote Usage
		Usr 0 00:00:00, Sys 0 00:00:01  -  Run Local Usage
...
003 (5307.002.000) 11/18 08:38:23 Job was checkpointed.
	Usr 8 20:49:58, Sys 0 00:00:08  -  Run Remote Usage
		Usr 0 00:00:00, Sys 0 00:00:01  -  Run Local Usage
...
003 (5307.002.000) 11/18 11:38:24 Job was checkpointed.
	Usr 8 23:49:47, Sys 0 00:00:08  -  Run Remote Usage
		Usr 0 00:00:00, Sys 0 00:00:01  -  Run Local Usage
...
003 (5307.002.000) 11/18 14:38:26 Job was checkpointed.
	Usr 9 02:49:39, Sys 0 00:00:08  -  Run Remote Usage
		Usr 0 00:00:00, Sys 0 00:00:01  -  Run Local Usage
...
003 (5307.002.000) 11/18 17:38:27 Job was checkpointed.
	Usr 9 05:49:31, Sys 0 00:00:08  -  Run Remote Usage
		Usr 0 00:00:00, Sys 0 00:00:01  -  Run Local Usage
...
003 (5307.002.000) 11/18 20:38:28 Job was checkpointed.
	Usr 9 08:49:22, Sys 0 00:00:08  -  Run Remote Usage
		Usr 0 00:00:00, Sys 0 00:00:01  -  Run Local Usage
...
003 (5307.002.000) 11/18 23:38:33 Job was checkpointed.
	Usr 9 11:49:15, Sys 0 00:00:08  -  Run Remote Usage
		Usr 0 00:00:00, Sys 0 00:00:01  -  Run Local Usage
...
003 (5307.002.000) 11/19 02:38:38 Job was checkpointed.
	Usr 9 14:49:10, Sys 0 00:00:09  -  Run Remote Usage
		Usr 0 00:00:00, Sys 0 00:00:01  -  Run Local Usage
...
003 (5307.002.000) 11/19 05:38:40 Job was checkpointed.
	Usr 9 17:49:02, Sys 0 00:00:09  -  Run Remote Usage
		Usr 0 00:00:00, Sys 0 00:00:01  -  Run Local Usage
...
003 (5307.002.000) 11/19 08:38:41 Job was checkpointed.
	Usr 9 20:48:51, Sys 0 00:00:09  -  Run Remote Usage
		Usr 0 00:00:00, Sys 0 00:00:01  -  Run Local Usage
...
003 (5307.002.000) 11/19 11:38:45 Job was checkpointed.
	Usr 9 23:48:43, Sys 0 00:00:09  -  Run Remote Usage
		Usr 0 00:00:00, Sys 0 00:00:01  -  Run Local Usage
...
003 (5307.002.000) 11/19 14:38:49 Job was checkpointed.
	Usr 10 02:48:36, Sys 0 00:00:09  -  Run Remote Usage
		Usr 0 00:00:00, Sys 0 00:00:01  -  Run Local Usage
...
003 (5307.002.000) 11/19 17:38:50 Job was checkpointed.
	Usr 10 05:48:27, Sys 0 00:00:09  -  Run Remote Usage
		Usr 0 00:00:00, Sys 0 00:00:01  -  Run Local Usage
...
003 (5307.002.000) 11/19 20:38:55 Job was checkpointed.
	Usr 10 08:48:24, Sys 0 00:00:09  -  Run Remote Usage
		Usr 0 00:00:00, Sys 0 00:00:01  -  Run Local Usage
...
003 (5307.002.000) 11/19 23:38:57 Job was checkpointed.
	Usr 10 11:48:14, Sys 0 00:00:09  -  Run Remote Usage
		Usr 0 00:00:00, Sys 0 00:00:01  -  Run Local Usage
...
003 (5307.002.000) 11/20 02:39:00 Job was checkpointed.
	Usr 10 14:48:02, Sys 0 00:00:10  -  Run Remote Usage
		Usr 0 00:00:00, Sys 0 00:00:01  -  Run Local Usage
...
003 (5307.002.000) 11/20 05:39:04 Job was checkpointed.
	Usr 10 17:47:56, Sys 0 00:00:10  -  Run Remote Usage
		Usr 0 00:00:00, Sys 0 00:00:01  -  Run Local Usage
...
003 (5307.002.000) 11/20 08:39:08 Job was checkpointed.
	Usr 10 20:47:47, Sys 0 00:00:10  -  Run Remote Usage
		Usr 0 00:00:00, Sys 0 00:00:01  -  Run Local Usage
...
003 (5307.002.000) 11/20 11:39:12 Job was checkpointed.
	Usr 10 23:47:40, Sys 0 00:00:10  -  Run Remote Usage
		Usr 0 00:00:00, Sys 0 00:00:01  -  Run Local Usage
...
003 (5307.002.000) 11/20 14:39:14 Job was checkpointed.
	Usr 11 02:47:31, Sys 0 00:00:10  -  Run Remote Usage
		Usr 0 00:00:00, Sys 0 00:00:01  -  Run Local Usage
...
003 (5307.002.000) 11/20 17:39:15 Job was checkpointed.
	Usr 11 05:47:23, Sys 0 00:00:10  -  Run Remote Usage
		Usr 0 00:00:00, Sys 0 00:00:01  -  Run Local Usage
...
003 (5307.002.000) 11/20 20:39:17 Job was checkpointed.
	Usr 11 08:47:16, Sys 0 00:00:10  -  Run Remote Usage
		Usr 0 00:00:00, Sys 0 00:00:01  -  Run Local Usage
...
003 (5307.002.000) 11/20 23:39:17 Job was checkpointed.
	Usr 11 11:47:07, Sys 0 00:00:10  -  Run Remote Usage
		Usr 0 00:00:00, Sys 0 00:00:02  -  Run Local Usage
...
003 (5307.002.000) 11/21 02:39:20 Job was checkpointed.
	Usr 11 14:46:51, Sys 0 00:00:11  -  Run Remote Usage
		Usr 0 00:00:00, Sys 0 00:00:02  -  Run Local Usage
...
003 (5307.002.000) 11/21 05:39:22 Job was checkpointed.
	Usr 11 17:46:42, Sys 0 00:00:11  -  Run Remote Usage
		Usr 0 00:00:00, Sys 0 00:00:02  -  Run Local Usage
...
003 (5307.002.000) 11/21 08:39:25 Job was checkpointed.
	Usr 11 20:46:33, Sys 0 00:00:11  -  Run Remote Usage
		Usr 0 00:00:00, Sys 0 00:00:02  -  Run Local Usage
...
003 (5307.002.000) 11/21 11:39:26 Job was checkpointed.
	Usr 11 23:46:23, Sys 0 00:00:11  -  Run Remote Usage
		Usr 0 00:00:00, Sys 0 00:00:02  -  Run Local Usage
...
003 (5307.002.000) 11/21 14:39:30 Job was checkpointed.
	Usr 12 02:46:15, Sys 0 00:00:11  -  Run Remote Usage
		Usr 0 00:00:00, Sys 0 00:00:02  -  Run Local Usage
...
003 (5307.002.000) 11/21 17:39:33 Job was checkpointed.
	Usr 12 05:46:07, Sys 0 00:00:11  -  Run Remote Usage
		Usr 0 00:00:00, Sys 0 00:00:02  -  Run Local Usage
...
003 (5307.002.000) 11/21 20:39:36 Job was checkpointed.
	Usr 12 08:45:59, Sys 0 00:00:12  -  Run Remote Usage
		Usr 0 00:00:00, Sys 0 00:00:02  -  Run Local Usage
...
003 (5307.002.000) 11/21 23:39:39 Job was checkpointed.
	Usr 12 11:45:51, Sys 0 00:00:12  -  Run Remote Usage
		Usr 0 00:00:00, Sys 0 00:00:02  -  Run Local Usage
...
003 (5307.002.000) 11/22 02:39:43 Job was checkpointed.
	Usr 12 14:45:43, Sys 0 00:00:12  -  Run Remote Usage
		Usr 0 00:00:00, Sys 0 00:00:02  -  Run Local Usage
...
003 (5307.002.000) 11/22 05:39:45 Job was checkpointed.
	Usr 12 17:45:31, Sys 0 00:00:12  -  Run Remote Usage
		Usr 0 00:00:00, Sys 0 00:00:02  -  Run Local Usage
...
003 (5307.002.000) 11/22 08:39:47 Job was checkpointed.
	Usr 12 20:45:24, Sys 0 00:00:12  -  Run Remote Usage
		Usr 0 00:00:00, Sys 0 00:00:02  -  Run Local Usage
...
003 (5307.002.000) 11/22 11:39:49 Job was checkpointed.
	Usr 12 23:45:15, Sys 0 00:00:12  -  Run Remote Usage
		Usr 0 00:00:00, Sys 0 00:00:02  -  Run Local Usage
...
003 (5307.002.000) 11/22 14:39:52 Job was checkpointed.
	Usr 13 02:45:10, Sys 0 00:00:12  -  Run Remote Usage
		Usr 0 00:00:00, Sys 0 00:00:02  -  Run Local Usage
...
003 (5307.002.000) 11/22 17:39:53 Job was checkpointed.
	Usr 13 05:44:59, Sys 0 00:00:12  -  Run Remote Usage
		Usr 0 00:00:00, Sys 0 00:00:02  -  Run Local Usage
...
003 (5307.002.000) 11/22 20:39:56 Job was checkpointed.
	Usr 13 08:44:52, Sys 0 00:00:12  -  Run Remote Usage
		Usr 0 00:00:00, Sys 0 00:00:02  -  Run Local Usage
...
003 (5307.002.000) 11/22 23:39:59 Job was checkpointed.
	Usr 13 11:44:43, Sys 0 00:00:13  -  Run Remote Usage
		Usr 0 00:00:00, Sys 0 00:00:02  -  Run Local Usage
...
003 (5307.002.000) 11/23 02:39:59 Job was checkpointed.
	Usr 13 14:44:22, Sys 0 00:00:13  -  Run Remote Usage
		Usr 0 00:00:00, Sys 0 00:00:02  -  Run Local Usage
...
003 (5307.002.000) 11/23 05:40:01 Job was checkpointed.
	Usr 13 17:44:13, Sys 0 00:00:13  -  Run Remote Usage
		Usr 0 00:00:00, Sys 0 00:00:02  -  Run Local Usage
...
003 (5307.002.000) 11/23 08:40:05 Job was checkpointed.
	Usr 13 20:44:07, Sys 0 00:00:13  -  Run Remote Usage
		Usr 0 00:00:00, Sys 0 00:00:02  -  Run Local Usage
...
003 (5307.002.000) 11/23 11:40:08 Job was checkpointed.
	Usr 13 23:43:59, Sys 0 00:00:13  -  Run Remote Usage
		Usr 0 00:00:00, Sys 0 00:00:02  -  Run Local Usage
...
003 (5307.002.000) 11/23 14:40:09 Job was checkpointed.
	Usr 14 02:43:49, Sys 0 00:00:13  -  Run Remote Usage
		Usr 0 00:00:00, Sys 0 00:00:02  -  Run Local Usage
...
003 (5307.002.000) 11/23 17:40:11 Job was checkpointed.
	Usr 14 05:43:39, Sys 0 00:00:13  -  Run Remote Usage
		Usr 0 00:00:00, Sys 0 00:00:02  -  Run Local Usage
...
003 (5307.002.000) 11/23 20:40:12 Job was checkpointed.
	Usr 14 08:43:28, Sys 0 00:00:13  -  Run Remote Usage
		Usr 0 00:00:00, Sys 0 00:00:02  -  Run Local Usage
...
003 (5307.002.000) 11/23 23:40:15 Job was checkpointed.
	Usr 14 11:43:19, Sys 0 00:00:14  -  Run Remote Usage
		Usr 0 00:00:00, Sys 0 00:00:02  -  Run Local Usage
...
003 (5307.002.000) 11/24 02:40:20 Job was checkpointed.
	Usr 14 14:43:11, Sys 0 00:00:14  -  Run Remote Usage
		Usr 0 00:00:00, Sys 0 00:00:02  -  Run Local Usage
...
003 (5307.002.000) 11/24 05:40:22 Job was checkpointed.
	Usr 14 17:43:03, Sys 0 00:00:14  -  Run Remote Usage
		Usr 0 00:00:00, Sys 0 00:00:02  -  Run Local Usage
...
003 (5307.002.000) 11/24 08:40:24 Job was checkpointed.
	Usr 14 20:42:55, Sys 0 00:00:14  -  Run Remote Usage
		Usr 0 00:00:00, Sys 0 00:00:02  -  Run Local Usage
...
003 (5307.002.000) 11/24 11:40:27 Job was checkpointed.
	Usr 14 23:42:46, Sys 0 00:00:14  -  Run Remote Usage
		Usr 0 00:00:00, Sys 0 00:00:02  -  Run Local Usage
...
003 (5307.002.000) 11/24 14:40:29 Job was checkpointed.
	Usr 15 02:42:37, Sys 0 00:00:14  -  Run Remote Usage
		Usr 0 00:00:00, Sys 0 00:00:02  -  Run Local Usage
...
003 (5307.002.000) 11/24 17:40:33 Job was checkpointed.
	Usr 15 05:42:32, Sys 0 00:00:14  -  Run Remote Usage
		Usr 0 00:00:00, Sys 0 00:00:02  -  Run Local Usage
...
003 (5307.002.000) 11/24 20:40:36 Job was checkpointed.
	Usr 15 08:42:23, Sys 0 00:00:14  -  Run Remote Usage
		Usr 0 00:00:00, Sys 0 00:00:02  -  Run Local Usage
...
003 (5307.002.000) 11/24 23:40:40 Job was checkpointed.
	Usr 15 11:42:15, Sys 0 00:00:15  -  Run Remote Usage
		Usr 0 00:00:00, Sys 0 00:00:02  -  Run Local Usage
...
003 (5307.002.000) 11/25 02:40:41 Job was checkpointed.
	Usr 15 14:42:04, Sys 0 00:00:15  -  Run Remote Usage
		Usr 0 00:00:00, Sys 0 00:00:02  -  Run Local Usage
...
003 (5307.002.000) 11/25 05:40:44 Job was checkpointed.
	Usr 15 17:41:54, Sys 0 00:00:15  -  Run Remote Usage
		Usr 0 00:00:00, Sys 0 00:00:02  -  Run Local Usage
...
003 (5307.002.000) 11/25 08:40:49 Job was checkpointed.
	Usr 15 20:41:48, Sys 0 00:00:15  -  Run Remote Usage
		Usr 0 00:00:00, Sys 0 00:00:02  -  Run Local Usage
...
003 (5307.002.000) 11/25 11:40:50 Job was checkpointed.
	Usr 15 23:41:39, Sys 0 00:00:15  -  Run Remote Usage
		Usr 0 00:00:00, Sys 0 00:00:02  -  Run Local Usage
...
003 (5307.002.000) 11/25 14:40:54 Job was checkpointed.
	Usr 16 02:41:32, Sys 0 00:00:15  -  Run Remote Usage
		Usr 0 00:00:00, Sys 0 00:00:02  -  Run Local Usage
...
003 (5307.002.000) 11/25 17:40:55 Job was checkpointed.
	Usr 16 05:41:24, Sys 0 00:00:15  -  Run Remote Usage
		Usr 0 00:00:00, Sys 0 00:00:02  -  Run Local Usage
...
003 (5307.002.000) 11/25 20:40:59 Job was checkpointed.
	Usr 16 08:41:17, Sys 0 00:00:15  -  Run Remote Usage
		Usr 0 00:00:00, Sys 0 00:00:02  -  Run Local Usage
...
003 (5307.002.000) 11/25 23:41:00 Job was checkpointed.
	Usr 16 11:41:09, Sys 0 00:00:15  -  Run Remote Usage
		Usr 0 00:00:00, Sys 0 00:00:02  -  Run Local Usage
...
003 (5307.002.000) 11/26 02:41:01 Job was checkpointed.
	Usr 16 14:40:57, Sys 0 00:00:16  -  Run Remote Usage
		Usr 0 00:00:00, Sys 0 00:00:02  -  Run Local Usage
...
003 (5307.002.000) 11/26 05:41:06 Job was checkpointed.
	Usr 16 17:40:53, Sys 0 00:00:16  -  Run Remote Usage
		Usr 0 00:00:00, Sys 0 00:00:02  -  Run Local Usage
...
003 (5307.002.000) 11/26 08:41:07 Job was checkpointed.
	Usr 16 20:40:44, Sys 0 00:00:16  -  Run Remote Usage
		Usr 0 00:00:00, Sys 0 00:00:03  -  Run Local Usage
...
003 (5307.002.000) 11/26 11:41:10 Job was checkpointed.
	Usr 16 23:40:36, Sys 0 00:00:16  -  Run Remote Usage
		Usr 0 00:00:00, Sys 0 00:00:03  -  Run Local Usage
...
003 (5307.002.000) 11/26 14:41:10 Job was checkpointed.
	Usr 17 02:40:25, Sys 0 00:00:16  -  Run Remote Usage
		Usr 0 00:00:00, Sys 0 00:00:03  -  Run Local Usage
...
003 (5307.002.000) 11/26 17:41:15 Job was checkpointed.
	Usr 17 05:40:19, Sys 0 00:00:16  -  Run Remote Usage
		Usr 0 00:00:00, Sys 0 00:00:03  -  Run Local Usage
...
003 (5307.002.000) 11/26 20:41:17 Job was checkpointed.
	Usr 17 08:40:11, Sys 0 00:00:16  -  Run Remote Usage
		Usr 0 00:00:00, Sys 0 00:00:03  -  Run Local Usage
...
003 (5307.002.000) 11/26 23:41:22 Job was checkpointed.
	Usr 17 11:40:05, Sys 0 00:00:16  -  Run Remote Usage
		Usr 0 00:00:00, Sys 0 00:00:03  -  Run Local Usage
...
003 (5307.002.000) 11/27 02:41:25 Job was checkpointed.
	Usr 17 14:39:56, Sys 0 00:00:17  -  Run Remote Usage
		Usr 0 00:00:00, Sys 0 00:00:03  -  Run Local Usage
...
003 (5307.002.000) 11/27 05:41:30 Job was checkpointed.
	Usr 17 17:39:50, Sys 0 00:00:17  -  Run Remote Usage
		Usr 0 00:00:00, Sys 0 00:00:03  -  Run Local Usage
...
003 (5307.002.000) 11/27 08:41:33 Job was checkpointed.
	Usr 17 20:39:45, Sys 0 00:00:17  -  Run Remote Usage
		Usr 0 00:00:00, Sys 0 00:00:03  -  Run Local Usage
...
003 (5307.002.000) 11/27 11:41:34 Job was checkpointed.
	Usr 17 23:39:36, Sys 0 00:00:17  -  Run Remote Usage
		Usr 0 00:00:00, Sys 0 00:00:03  -  Run Local Usage
...
003 (5307.002.000) 11/27 14:41:36 Job was checkpointed.
	Usr 18 02:39:25, Sys 0 00:00:17  -  Run Remote Usage
		Usr 0 00:00:00, Sys 0 00:00:03  -  Run Local Usage
...
003 (5307.002.000) 11/27 17:41:39 Job was checkpointed.
	Usr 18 05:39:15, Sys 0 00:00:17  -  Run Remote Usage
		Usr 0 00:00:00, Sys 0 00:00:03  -  Run Local Usage
...
003 (5307.002.000) 11/27 20:41:40 Job was checkpointed.
	Usr 18 08:39:07, Sys 0 00:00:17  -  Run Remote Usage
		Usr 0 00:00:00, Sys 0 00:00:03  -  Run Local Usage
...
003 (5307.002.000) 11/27 23:41:44 Job was checkpointed.
	Usr 18 11:39:01, Sys 0 00:00:17  -  Run Remote Usage
		Usr 0 00:00:00, Sys 0 00:00:03  -  Run Local Usage
...
003 (5307.002.000) 11/28 02:41:47 Job was checkpointed.
	Usr 18 14:38:49, Sys 0 00:00:18  -  Run Remote Usage
		Usr 0 00:00:00, Sys 0 00:00:03  -  Run Local Usage
...
003 (5307.002.000) 11/28 05:41:52 Job was checkpointed.
	Usr 18 17:38:43, Sys 0 00:00:18  -  Run Remote Usage
		Usr 0 00:00:00, Sys 0 00:00:03  -  Run Local Usage
...
003 (5307.002.000) 11/28 08:41:54 Job was checkpointed.
	Usr 18 20:38:36, Sys 0 00:00:18  -  Run Remote Usage
		Usr 0 00:00:00, Sys 0 00:00:03  -  Run Local Usage
...
003 (5307.002.000) 11/28 11:41:55 Job was checkpointed.
	Usr 18 23:38:23, Sys 0 00:00:18  -  Run Remote Usage
		Usr 0 00:00:00, Sys 0 00:00:03  -  Run Local Usage
...
003 (5307.002.000) 11/28 14:41:58 Job was checkpointed.
	Usr 19 02:38:15, Sys 0 00:00:18  -  Run Remote Usage
		Usr 0 00:00:00, Sys 0 00:00:03  -  Run Local Usage
...
003 (5307.002.000) 11/28 17:42:03 Job was checkpointed.
	Usr 19 05:38:09, Sys 0 00:00:19  -  Run Remote Usage
		Usr 0 00:00:00, Sys 0 00:00:03  -  Run Local Usage
...
003 (5307.002.000) 11/28 20:42:04 Job was checkpointed.
	Usr 19 08:37:59, Sys 0 00:00:19  -  Run Remote Usage
		Usr 0 00:00:00, Sys 0 00:00:03  -  Run Local Usage
...
003 (5307.002.000) 11/28 23:42:07 Job was checkpointed.
	Usr 19 11:37:52, Sys 0 00:00:19  -  Run Remote Usage
		Usr 0 00:00:00, Sys 0 00:00:03  -  Run Local Usage
...
003 (5307.002.000) 11/29 02:42:10 Job was checkpointed.
	Usr 19 14:37:40, Sys 0 00:00:19  -  Run Remote Usage
		Usr 0 00:00:00, Sys 0 00:00:03  -  Run Local Usage
...
003 (5307.002.000) 11/29 05:42:14 Job was checkpointed.
	Usr 19 17:37:35, Sys 0 00:00:19  -  Run Remote Usage
		Usr 0 00:00:00, Sys 0 00:00:03  -  Run Local Usage
...
003 (5307.002.000) 11/29 08:42:16 Job was checkpointed.
	Usr 19 20:37:27, Sys 0 00:00:19  -  Run Remote Usage
		Usr 0 00:00:00, Sys 0 00:00:03  -  Run Local Usage
...
003 (5307.002.000) 11/29 11:42:20 Job was checkpointed.
	Usr 19 23:37:20, Sys 0 00:00:19  -  Run Remote Usage
		Usr 0 00:00:01, Sys 0 00:00:03  -  Run Local Usage
...
003 (5307.002.000) 11/29 14:42:22 Job was checkpointed.
	Usr 20 02:37:11, Sys 0 00:00:19  -  Run Remote Usage
		Usr 0 00:00:01, Sys 0 00:00:03  -  Run Local Usage
...
003 (5307.002.000) 11/29 17:42:26 Job was checkpointed.
	Usr 20 05:37:01, Sys 0 00:00:19  -  Run Remote Usage
		Usr 0 00:00:01, Sys 0 00:00:03  -  Run Local Usage
...
003 (5307.002.000) 11/29 20:42:27 Job was checkpointed.
	Usr 20 08:36:52, Sys 0 00:00:19  -  Run Remote Usage
		Usr 0 00:00:01, Sys 0 00:00:03  -  Run Local Usage
...
003 (5307.002.000) 11/29 23:42:27 Job was checkpointed.
	Usr 20 11:36:39, Sys 0 00:00:20  -  Run Remote Usage
		Usr 0 00:00:01, Sys 0 00:00:03  -  Run Local Usage
...
003 (5307.002.000) 11/30 02:42:32 Job was checkpointed.
	Usr 20 14:36:26, Sys 0 00:00:20  -  Run Remote Usage
		Usr 0 00:00:01, Sys 0 00:00:03  -  Run Local Usage
...
003 (5307.002.000) 11/30 05:42:37 Job was checkpointed.
	Usr 20 17:36:20, Sys 0 00:00:20  -  Run Remote Usage
		Usr 0 00:00:01, Sys 0 00:00:03  -  Run Local Usage
...
003 (5307.002.000) 11/30 08:42:37 Job was checkpointed.
	Usr 20 20:36:08, Sys 0 00:00:20  -  Run Remote Usage
		Usr 0 00:00:01, Sys 0 00:00:03  -  Run Local Usage
...
003 (5307.002.000) 11/30 11:42:39 Job was checkpointed.
	Usr 20 23:35:58, Sys 0 00:00:20  -  Run Remote Usage
		Usr 0 00:00:01, Sys 0 00:00:03  -  Run Local Usage
...
003 (5307.002.000) 11/30 14:42:43 Job was checkpointed.
	Usr 21 02:35:52, Sys 0 00:00:20  -  Run Remote Usage
		Usr 0 00:00:01, Sys 0 00:00:03  -  Run Local Usage
...
003 (5307.002.000) 11/30 17:42:44 Job was checkpointed.
	Usr 21 05:35:42, Sys 0 00:00:20  -  Run Remote Usage
		Usr 0 00:00:01, Sys 0 00:00:03  -  Run Local Usage
...
003 (5307.002.000) 11/30 20:42:47 Job was checkpointed.
	Usr 21 08:35:37, Sys 0 00:00:21  -  Run Remote Usage
		Usr 0 00:00:01, Sys 0 00:00:03  -  Run Local Usage
...
003 (5307.002.000) 11/30 23:42:50 Job was checkpointed.
	Usr 21 11:35:30, Sys 0 00:00:21  -  Run Remote Usage
		Usr 0 00:00:01, Sys 0 00:00:03  -  Run Local Usage
...
003 (5307.002.000) 12/01 02:42:50 Job was checkpointed.
	Usr 21 14:35:14, Sys 0 00:00:21  -  Run Remote Usage
		Usr 0 00:00:01, Sys 0 00:00:03  -  Run Local Usage
...
003 (5307.002.000) 12/01 05:42:51 Job was checkpointed.
	Usr 21 17:35:06, Sys 0 00:00:21  -  Run Remote Usage
		Usr 0 00:00:01, Sys 0 00:00:03  -  Run Local Usage
...
003 (5307.002.000) 12/01 08:42:52 Job was checkpointed.
	Usr 21 20:34:57, Sys 0 00:00:21  -  Run Remote Usage
		Usr 0 00:00:01, Sys 0 00:00:03  -  Run Local Usage
...
003 (5307.002.000) 12/01 11:42:55 Job was checkpointed.
	Usr 21 23:34:50, Sys 0 00:00:21  -  Run Remote Usage
		Usr 0 00:00:01, Sys 0 00:00:03  -  Run Local Usage
...
003 (5307.002.000) 12/01 14:42:55 Job was checkpointed.
	Usr 22 02:34:41, Sys 0 00:00:21  -  Run Remote Usage
		Usr 0 00:00:01, Sys 0 00:00:03  -  Run Local Usage
...
003 (5307.002.000) 12/01 17:42:57 Job was checkpointed.
	Usr 22 05:34:29, Sys 0 00:00:21  -  Run Remote Usage
		Usr 0 00:00:01, Sys 0 00:00:04  -  Run Local Usage
...
003 (5307.002.000) 12/01 20:43:00 Job was checkpointed.
	Usr 22 08:34:21, Sys 0 00:00:21  -  Run Remote Usage
		Usr 0 00:00:01, Sys 0 00:00:04  -  Run Local Usage
...
003 (5307.002.000) 12/01 23:43:01 Job was checkpointed.
	Usr 22 11:34:12, Sys 0 00:00:21  -  Run Remote Usage
		Usr 0 00:00:01, Sys 0 00:00:04  -  Run Local Usage
...
003 (5307.002.000) 12/02 02:43:02 Job was checkpointed.
	Usr 22 14:34:02, Sys 0 00:00:22  -  Run Remote Usage
		Usr 0 00:00:01, Sys 0 00:00:04  -  Run Local Usage
...
003 (5307.002.000) 12/02 05:43:04 Job was checkpointed.
	Usr 22 17:33:53, Sys 0 00:00:22  -  Run Remote Usage
		Usr 0 00:00:01, Sys 0 00:00:04  -  Run Local Usage
...
003 (5307.002.000) 12/02 08:43:08 Job was checkpointed.
	Usr 22 20:33:45, Sys 0 00:00:22  -  Run Remote Usage
		Usr 0 00:00:01, Sys 0 00:00:04  -  Run Local Usage
...
003 (5307.002.000) 12/02 11:43:13 Job was checkpointed.
	Usr 22 23:33:41, Sys 0 00:00:22  -  Run Remote Usage
		Usr 0 00:00:01, Sys 0 00:00:04  -  Run Local Usage
...
003 (5307.002.000) 12/02 14:43:17 Job was checkpointed.
	Usr 23 02:33:34, Sys 0 00:00:22  -  Run Remote Usage
		Usr 0 00:00:01, Sys 0 00:00:04  -  Run Local Usage
...
003 (5307.002.000) 12/02 17:43:19 Job was checkpointed.
	Usr 23 05:33:25, Sys 0 00:00:22  -  Run Remote Usage
		Usr 0 00:00:01, Sys 0 00:00:04  -  Run Local Usage
...
003 (5307.002.000) 12/02 20:43:22 Job was checkpointed.
	Usr 23 08:33:17, Sys 0 00:00:22  -  Run Remote Usage
		Usr 0 00:00:01, Sys 0 00:00:04  -  Run Local Usage
...
003 (5307.002.000) 12/02 23:43:25 Job was checkpointed.
	Usr 23 11:33:09, Sys 0 00:00:22  -  Run Remote Usage
		Usr 0 00:00:01, Sys 0 00:00:04  -  Run Local Usage
...
003 (5307.002.000) 12/03 02:43:27 Job was checkpointed.
	Usr 23 14:33:00, Sys 0 00:00:23  -  Run Remote Usage
		Usr 0 00:00:01, Sys 0 00:00:04  -  Run Local Usage
...
003 (5307.002.000) 12/03 05:43:29 Job was checkpointed.
	Usr 23 17:32:53, Sys 0 00:00:23  -  Run Remote Usage
		Usr 0 00:00:01, Sys 0 00:00:04  -  Run Local Usage
...
003 (5307.002.000) 12/03 08:43:30 Job was checkpointed.
	Usr 23 20:32:44, Sys 0 00:00:23  -  Run Remote Usage
		Usr 0 00:00:01, Sys 0 00:00:04  -  Run Local Usage
...
003 (5307.002.000) 12/03 11:43:32 Job was checkpointed.
	Usr 23 23:32:35, Sys 0 00:00:23  -  Run Remote Usage
		Usr 0 00:00:01, Sys 0 00:00:04  -  Run Local Usage
...
003 (5307.002.000) 12/03 14:43:33 Job was checkpointed.
	Usr 24 02:32:26, Sys 0 00:00:23  -  Run Remote Usage
		Usr 0 00:00:01, Sys 0 00:00:04  -  Run Local Usage
...
003 (5307.002.000) 12/03 17:43:34 Job was checkpointed.
	Usr 24 05:32:16, Sys 0 00:00:23  -  Run Remote Usage
		Usr 0 00:00:01, Sys 0 00:00:04  -  Run Local Usage
...
003 (5307.002.000) 12/03 20:43:38 Job was checkpointed.
	Usr 24 08:32:08, Sys 0 00:00:23  -  Run Remote Usage
		Usr 0 00:00:01, Sys 0 00:00:04  -  Run Local Usage
...
003 (5307.002.000) 12/03 23:43:39 Job was checkpointed.
	Usr 24 11:32:00, Sys 0 00:00:23  -  Run Remote Usage
		Usr 0 00:00:01, Sys 0 00:00:04  -  Run Local Usage
...
003 (5307.002.000) 12/04 02:43:42 Job was checkpointed.
	Usr 24 14:31:48, Sys 0 00:00:23  -  Run Remote Usage
		Usr 0 00:00:01, Sys 0 00:00:04  -  Run Local Usage
...
003 (5307.002.000) 12/04 05:43:45 Job was checkpointed.
	Usr 24 17:31:42, Sys 0 00:00:24  -  Run Remote Usage
		Usr 0 00:00:01, Sys 0 00:00:04  -  Run Local Usage
...
003 (5307.002.000) 12/04 08:43:48 Job was checkpointed.
	Usr 222 01:52:35, Sys 0 00:00:24  -  Run Remote Usage
		Usr 0 00:00:01, Sys 0 00:00:04  -  Run Local Usage
...
003 (5307.002.000) 12/04 11:43:49 Job was checkpointed.
	Usr 222 04:52:27, Sys 0 00:00:24  -  Run Remote Usage
		Usr 0 00:00:01, Sys 0 00:00:04  -  Run Local Usage
...
003 (5307.002.000) 12/04 14:43:54 Job was checkpointed.
	Usr 222 07:52:22, Sys 0 00:00:24  -  Run Remote Usage
		Usr 0 00:00:01, Sys 0 00:00:04  -  Run Local Usage
...
003 (5307.002.000) 12/04 17:43:55 Job was checkpointed.
	Usr 222 10:52:13, Sys 0 00:00:24  -  Run Remote Usage
		Usr 0 00:00:01, Sys 0 00:00:04  -  Run Local Usage
...
003 (5307.002.000) 12/04 20:43:59 Job was checkpointed.
	Usr 222 13:52:07, Sys 0 00:00:24  -  Run Remote Usage
		Usr 0 00:00:01, Sys 0 00:00:04  -  Run Local Usage
...
003 (5307.002.000) 12/04 23:44:04 Job was checkpointed.
	Usr 222 16:52:00, Sys 0 00:00:24  -  Run Remote Usage
		Usr 0 00:00:01, Sys 0 00:00:04  -  Run Local Usage
...
003 (5307.002.000) 12/05 02:44:06 Job was checkpointed.
	Usr 222 19:51:47, Sys 0 00:00:24  -  Run Remote Usage
		Usr 0 00:00:01, Sys 0 00:00:04  -  Run Local Usage
...
003 (5307.002.000) 12/05 05:44:06 Job was checkpointed.
	Usr 222 22:51:37, Sys 0 00:00:24  -  Run Remote Usage
		Usr 0 00:00:01, Sys 0 00:00:04  -  Run Local Usage
...
004 (5307.002.000) 12/05 07:16:16 Job was evicted.
	(1) Job was checkpointed.
		Usr 223 00:23:36, Sys 0 00:00:25  -  Run Remote Usage
		Usr 0 00:00:01, Sys 0 00:00:04  -  Run Local Usage
	185914064  -  Run Bytes Sent By Job
	4577068  -  Run Bytes Received By Job
...
001 (5307.002.000) 12/05 07:21:16 Job executing on host: <192.168.203.18:44059>
...
006 (5307.002.000) 12/05 10:21:16 Image size of job updated: 10877
...
003 (5307.002.000) 12/05 10:21:16 Job was checkpointed.
	Usr 0 02:59:51, Sys 0 00:00:00  -  Run Remote Usage
		Usr 0 00:00:00, Sys 0 00:00:00  -  Run Local Usage
...
003 (5307.002.000) 12/05 13:21:19 Job was checkpointed.
	Usr 0 05:59:44, Sys 0 00:00:01  -  Run Remote Usage
		Usr 0 00:00:00, Sys 0 00:00:00  -  Run Local Usage
...
003 (5307.002.000) 12/05 16:21:23 Job was checkpointed.
	Usr 0 08:59:38, Sys 0 00:00:02  -  Run Remote Usage
		Usr 0 00:00:00, Sys 0 00:00:00  -  Run Local Usage
...
003 (5307.002.000) 12/05 19:21:26 Job was checkpointed.
	Usr 0 11:59:34, Sys 0 00:00:03  -  Run Remote Usage
		Usr 0 00:00:00, Sys 0 00:00:00  -  Run Local Usage
...
003 (5307.002.000) 12/05 22:21:25 Job was checkpointed.
	Usr 0 14:59:23, Sys 0 00:00:04  -  Run Remote Usage
		Usr 0 00:00:00, Sys 0 00:00:00  -  Run Local Usage
...
003 (5307.002.000) 12/06 01:21:26 Job was checkpointed.
	Usr 0 17:59:15, Sys 0 00:00:05  -  Run Remote Usage
		Usr 0 00:00:00, Sys 0 00:00:00  -  Run Local Usage
...
003 (5307.002.000) 12/06 04:21:26 Job was checkpointed.
	Usr 0 20:59:00, Sys 0 00:00:06  -  Run Remote Usage
		Usr 0 00:00:00, Sys 0 00:00:00  -  Run Local Usage
...
003 (5307.002.000) 12/06 07:21:29 Job was checkpointed.
	Usr 0 23:58:54, Sys 0 00:00:07  -  Run Remote Usage
		Usr 0 00:00:00, Sys 0 00:00:00  -  Run Local Usage
...
003 (5307.002.000) 12/06 10:21:30 Job was checkpointed.
	Usr 1 02:58:42, Sys 0 00:00:09  -  Run Remote Usage
		Usr 0 00:00:00, Sys 0 00:00:00  -  Run Local Usage
...
003 (5307.002.000) 12/06 13:21:30 Job was checkpointed.
	Usr 1 05:58:32, Sys 0 00:00:10  -  Run Remote Usage
		Usr 0 00:00:00, Sys 0 00:00:00  -  Run Local Usage
...
003 (5307.002.000) 12/06 16:21:34 Job was checkpointed.
	Usr 1 08:58:27, Sys 0 00:00:11  -  Run Remote Usage
		Usr 0 00:00:00, Sys 0 00:00:00  -  Run Local Usage
...
003 (5307.002.000) 12/06 19:21:35 Job was checkpointed.
	Usr 1 11:58:17, Sys 0 00:00:12  -  Run Remote Usage
		Usr 0 00:00:00, Sys 0 00:00:00  -  Run Local Usage
...
003 (5307.002.000) 12/06 22:21:36 Job was checkpointed.
	Usr 1 14:58:11, Sys 0 00:00:12  -  Run Remote Usage
		Usr 0 00:00:00, Sys 0 00:00:00  -  Run Local Usage
...
003 (5307.002.000) 12/07 01:21:37 Job was checkpointed.
	Usr 1 17:58:02, Sys 0 00:00:13  -  Run Remote Usage
		Usr 0 00:00:00, Sys 0 00:00:00  -  Run Local Usage
...
003 (5307.002.000) 12/07 04:21:37 Job was checkpointed.
	Usr 1 20:57:45, Sys 0 00:00:14  -  Run Remote Usage
		Usr 0 00:00:00, Sys 0 00:00:00  -  Run Local Usage
...
003 (5307.002.000) 12/07 07:21:39 Job was checkpointed.
	Usr 1 23:57:39, Sys 0 00:00:15  -  Run Remote Usage
		Usr 0 00:00:00, Sys 0 00:00:00  -  Run Local Usage
...
003 (5307.002.000) 12/07 10:21:43 Job was checkpointed.
	Usr 2 02:57:33, Sys 0 00:00:16  -  Run Remote Usage
		Usr 0 00:00:00, Sys 0 00:00:00  -  Run Local Usage
...
003 (5307.002.000) 12/07 13:21:42 Job was checkpointed.
	Usr 2 05:57:21, Sys 0 00:00:17  -  Run Remote Usage
		Usr 0 00:00:00, Sys 0 00:00:00  -  Run Local Usage
...
003 (5307.002.000) 12/07 16:21:42 Job was checkpointed.
	Usr 2 08:57:13, Sys 0 00:00:18  -  Run Remote Usage
		Usr 0 00:00:00, Sys 0 00:00:00  -  Run Local Usage
...
003 (5307.002.000) 12/07 19:21:46 Job was checkpointed.
	Usr 2 11:57:10, Sys 0 00:00:19  -  Run Remote Usage
		Usr 0 00:00:00, Sys 0 00:00:00  -  Run Local Usage
...
003 (5307.002.000) 12/07 22:21:47 Job was checkpointed.
	Usr 2 14:57:03, Sys 0 00:00:20  -  Run Remote Usage
		Usr 0 00:00:00, Sys 0 00:00:00  -  Run Local Usage
...
003 (5307.002.000) 12/08 01:21:48 Job was checkpointed.
	Usr 2 17:56:53, Sys 0 00:00:20  -  Run Remote Usage
		Usr 0 00:00:00, Sys 0 00:00:00  -  Run Local Usage
...
003 (5307.002.000) 12/08 04:21:49 Job was checkpointed.
	Usr 2 20:56:40, Sys 0 00:00:22  -  Run Remote Usage
		Usr 0 00:00:00, Sys 0 00:00:00  -  Run Local Usage
...
004 (5307.002.000) 12/08 04:27:24 Job was evicted.
	(1) Job was checkpointed.
		Usr 2 21:02:12, Sys 0 00:00:22  -  Run Remote Usage
		Usr 0 00:00:00, Sys 0 00:00:00  -  Run Local Usage
	21565932  -  Run Bytes Sent By Job
	5430013  -  Run Bytes Received By Job
...
001 (5307.002.000) 12/08 04:36:17 Job executing on host: <192.168.203.25:38935>
...
006 (5307.002.000) 12/08 04:44:09 Image size of job updated: 10877
...
004 (5307.002.000) 12/08 04:44:14 Job was evicted.
	(1) Job was checkpointed.
		Usr 0 00:07:51, Sys 0 00:00:00  -  Run Remote Usage
		Usr 0 00:00:00, Sys 0 00:00:00  -  Run Local Usage
	898888  -  Run Bytes Sent By Job
	5424378  -  Run Bytes Received By Job
...
001 (5307.002.000) 12/09 02:27:03 Job executing on host: <192.168.203.4:40203>
...
006 (5307.002.000) 12/09 05:27:05 Image size of job updated: 10877
...
003 (5307.002.000) 12/09 05:27:05 Job was checkpointed.
	Usr 0 02:59:50, Sys 0 00:00:00  -  Run Remote Usage
		Usr 0 00:00:00, Sys 0 00:00:00  -  Run Local Usage
...
003 (5307.002.000) 12/09 08:27:05 Job was checkpointed.
	Usr 0 05:59:41, Sys 0 00:00:00  -  Run Remote Usage
		Usr 0 00:00:00, Sys 0 00:00:00  -  Run Local Usage
...
003 (5307.002.000) 12/09 11:27:10 Job was checkpointed.
	Usr 0 08:59:36, Sys 0 00:00:00  -  Run Remote Usage
		Usr 0 00:00:00, Sys 0 00:00:00  -  Run Local Usage
...
003 (5307.002.000) 12/09 14:27:12 Job was checkpointed.
	Usr 0 11:59:28, Sys 0 00:00:00  -  Run Remote Usage
		Usr 0 00:00:00, Sys 0 00:00:00  -  Run Local Usage
...
003 (5307.002.000) 12/09 17:27:14 Job was checkpointed.
	Usr 0 14:59:22, Sys 0 00:00:00  -  Run Remote Usage
		Usr 0 00:00:00, Sys 0 00:00:00  -  Run Local Usage
...
003 (5307.002.000) 12/09 20:27:16 Job was checkpointed.
	Usr 0 17:59:14, Sys 0 00:00:00  -  Run Remote Usage
		Usr 0 00:00:00, Sys 0 00:00:00  -  Run Local Usage
...
003 (5307.002.000) 12/09 23:27:19 Job was checkpointed.
	Usr 0 20:59:07, Sys 0 00:00:00  -  Run Remote Usage
		Usr 0 00:00:00, Sys 0 00:00:00  -  Run Local Usage
...
003 (5307.002.000) 12/10 02:27:23 Job was checkpointed.
	Usr 0 23:59:03, Sys 0 00:00:00  -  Run Remote Usage
		Usr 0 00:00:00, Sys 0 00:00:00  -  Run Local Usage
...
004 (5307.002.000) 12/10 03:56:45 Job was evicted.
	(1) Job was checkpointed.
		Usr 1 01:28:15, Sys 0 00:00:00  -  Run Remote Usage
		Usr 0 00:00:00, Sys 0 00:00:00  -  Run Local Usage
	8087424  -  Run Bytes Sent By Job
	5426338  -  Run Bytes Received By Job
...
001 (5307.002.000) 12/10 07:21:19 Job executing on host: <192.168.203.25:50120>
...
006 (5307.002.000) 12/10 10:21:24 Image size of job updated: 10877
...
003 (5307.002.000) 12/10 10:21:24 Job was checkpointed.
	Usr 0 03:00:01, Sys 0 00:00:00  -  Run Remote Usage
		Usr 0 00:00:00, Sys 0 00:00:00  -  Run Local Usage
...
003 (5307.002.000) 12/10 13:21:25 Job was checkpointed.
	Usr 0 06:00:00, Sys 0 00:00:00  -  Run Remote Usage
		Usr 0 00:00:00, Sys 0 00:00:00  -  Run Local Usage
...
003 (5307.002.000) 12/10 16:21:31 Job was checkpointed.
	Usr 0 09:00:02, Sys 0 00:00:00  -  Run Remote Usage
		Usr 0 00:00:00, Sys 0 00:00:00  -  Run Local Usage
...
003 (5307.002.000) 12/10 19:21:35 Job was checkpointed.
	Usr 0 12:00:04, Sys 0 00:00:00  -  Run Remote Usage
		Usr 0 00:00:00, Sys 0 00:00:00  -  Run Local Usage
...
003 (5307.002.000) 12/10 22:21:37 Job was checkpointed.
	Usr 0 15:00:03, Sys 0 00:00:00  -  Run Remote Usage
		Usr 0 00:00:00, Sys 0 00:00:00  -  Run Local Usage
...
003 (5307.002.000) 12/11 01:21:39 Job was checkpointed.
	Usr 0 18:00:02, Sys 0 00:00:00  -  Run Remote Usage
		Usr 0 00:00:00, Sys 0 00:00:00  -  Run Local Usage
...
003 (5307.002.000) 12/11 04:21:43 Job was checkpointed.
	Usr 0 21:00:03, Sys 0 00:00:00  -  Run Remote Usage
		Usr 0 00:00:00, Sys 0 00:00:00  -  Run Local Usage
...
003 (5307.002.000) 12/11 07:21:45 Job was checkpointed.
	Usr 1 00:00:02, Sys 0 00:00:00  -  Run Remote Usage
		Usr 0 00:00:00, Sys 0 00:00:00  -  Run Local Usage
...
003 (5307.002.000) 12/11 10:21:51 Job was checkpointed.
	Usr 1 03:00:05, Sys 0 00:00:00  -  Run Remote Usage
		Usr 0 00:00:00, Sys 0 00:00:00  -  Run Local Usage
...
003 (5307.002.000) 12/11 13:21:56 Job was checkpointed.
	Usr 1 06:00:08, Sys 0 00:00:00  -  Run Remote Usage
		Usr 0 00:00:00, Sys 0 00:00:00  -  Run Local Usage
...
003 (5307.002.000) 12/11 16:21:57 Job was checkpointed.
	Usr 1 09:00:05, Sys 0 00:00:00  -  Run Remote Usage
		Usr 0 00:00:00, Sys 0 00:00:00  -  Run Local Usage
...
003 (5307.002.000) 12/11 19:22:02 Job was checkpointed.
	Usr 1 12:00:08, Sys 0 00:00:00  -  Run Remote Usage
		Usr 0 00:00:00, Sys 0 00:00:00  -  Run Local Usage
...
003 (5307.002.000) 12/11 22:22:07 Job was checkpointed.
	Usr 1 15:00:10, Sys 0 00:00:00  -  Run Remote Usage
		Usr 0 00:00:00, Sys 0 00:00:00  -  Run Local Usage
...
003 (5307.002.000) 12/12 01:22:09 Job was checkpointed.
	Usr 1 18:00:09, Sys 0 00:00:00  -  Run Remote Usage
		Usr 0 00:00:00, Sys 0 00:00:00  -  Run Local Usage
...
003 (5307.002.000) 12/12 04:22:15 Job was checkpointed.
	Usr 1 21:00:12, Sys 0 00:00:00  -  Run Remote Usage
		Usr 0 00:00:00, Sys 0 00:00:00  -  Run Local Usage
...
003 (5307.002.000) 12/12 07:22:18 Job was checkpointed.
	Usr 2 00:00:12, Sys 0 00:00:00  -  Run Remote Usage
		Usr 0 00:00:00, Sys 0 00:00:00  -  Run Local Usage
...
003 (5307.002.000) 12/12 10:22:19 Job was checkpointed.
	Usr 2 03:00:11, Sys 0 00:00:00  -  Run Remote Usage
		Usr 0 00:00:00, Sys 0 00:00:00  -  Run Local Usage
...
003 (5307.002.000) 12/12 13:22:21 Job was checkpointed.
	Usr 2 06:00:11, Sys 0 00:00:00  -  Run Remote Usage
		Usr 0 00:00:00, Sys 0 00:00:00  -  Run Local Usage
...
003 (5307.002.000) 12/12 16:22:23 Job was checkpointed.
	Usr 2 09:00:11, Sys 0 00:00:00  -  Run Remote Usage
		Usr 0 00:00:00, Sys 0 00:00:00  -  Run Local Usage
...
003 (5307.002.000) 12/12 19:22:27 Job was checkpointed.
	Usr 2 12:00:12, Sys 0 00:00:00  -  Run Remote Usage
		Usr 0 00:00:00, Sys 0 00:00:00  -  Run Local Usage
...
003 (5307.002.000) 12/12 22:22:29 Job was checkpointed.
	Usr 2 15:00:10, Sys 0 00:00:00  -  Run Remote Usage
		Usr 0 00:00:00, Sys 0 00:00:00  -  Run Local Usage
...
003 (5307.002.000) 12/13 01:22:31 Job was checkpointed.
	Usr 2 18:00:00, Sys 0 00:00:00  -  Run Remote Usage
		Usr 0 00:00:00, Sys 0 00:00:00  -  Run Local Usage
...
003 (5307.002.000) 12/13 04:22:33 Job was checkpointed.
	Usr 2 20:59:49, Sys 0 00:00:00  -  Run Remote Usage
		Usr 0 00:00:00, Sys 0 00:00:00  -  Run Local Usage
...
003 (5307.002.000) 12/13 07:22:37 Job was checkpointed.
	Usr 2 23:59:44, Sys 0 00:00:00  -  Run Remote Usage
		Usr 0 00:00:00, Sys 0 00:00:00  -  Run Local Usage
...
003 (5307.002.000) 12/13 10:22:38 Job was checkpointed.
	Usr 3 02:59:43, Sys 0 00:00:00  -  Run Remote Usage
		Usr 0 00:00:00, Sys 0 00:00:00  -  Run Local Usage
...
003 (5307.002.000) 12/13 13:22:42 Job was checkpointed.
	Usr 3 05:59:44, Sys 0 00:00:00  -  Run Remote Usage
		Usr 0 00:00:00, Sys 0 00:00:00  -  Run Local Usage
...
003 (5307.002.000) 12/13 16:22:46 Job was checkpointed.
	Usr 3 08:59:40, Sys 0 00:00:00  -  Run Remote Usage
		Usr 0 00:00:00, Sys 0 00:00:00  -  Run Local Usage
...
003 (5307.002.000) 12/13 19:22:47 Job was checkpointed.
	Usr 3 11:59:29, Sys 0 00:00:01  -  Run Remote Usage
		Usr 0 00:00:00, Sys 0 00:00:00  -  Run Local Usage
...
003 (5307.002.000) 12/13 22:22:52 Job was checkpointed.
	Usr 3 14:59:23, Sys 0 00:00:01  -  Run Remote Usage
		Usr 0 00:00:00, Sys 0 00:00:00  -  Run Local Usage
...
003 (5307.002.000) 12/14 01:22:56 Job was checkpointed.
	Usr 3 17:59:14, Sys 0 00:00:01  -  Run Remote Usage
		Usr 0 00:00:00, Sys 0 00:00:00  -  Run Local Usage
...
003 (5307.002.000) 12/14 04:23:01 Job was checkpointed.
	Usr 3 20:59:08, Sys 0 00:00:01  -  Run Remote Usage
		Usr 0 00:00:00, Sys 0 00:00:00  -  Run Local Usage
...
003 (5307.002.000) 12/14 07:23:03 Job was checkpointed.
	Usr 3 23:59:08, Sys 0 00:00:01  -  Run Remote Usage
		Usr 0 00:00:00, Sys 0 00:00:00  -  Run Local Usage
...
003 (5307.002.000) 12/14 10:23:07 Job was checkpointed.
	Usr 4 02:59:09, Sys 0 00:00:01  -  Run Remote Usage
		Usr 0 00:00:00, Sys 0 00:00:00  -  Run Local Usage
...
003 (5307.002.000) 12/14 13:23:10 Job was checkpointed.
	Usr 4 05:59:10, Sys 0 00:00:01  -  Run Remote Usage
		Usr 0 00:00:00, Sys 0 00:00:00  -  Run Local Usage
...
003 (5307.002.000) 12/14 16:23:16 Job was checkpointed.
	Usr 4 08:59:13, Sys 0 00:00:01  -  Run Remote Usage
		Usr 0 00:00:00, Sys 0 00:00:00  -  Run Local Usage
...
003 (5307.002.000) 12/14 19:23:19 Job was checkpointed.
	Usr 4 11:59:14, Sys 0 00:00:01  -  Run Remote Usage
		Usr 0 00:00:00, Sys 0 00:00:00  -  Run Local Usage
...
003 (5307.002.000) 12/14 22:23:23 Job was checkpointed.
	Usr 4 14:59:15, Sys 0 00:00:01  -  Run Remote Usage
		Usr 0 00:00:00, Sys 0 00:00:00  -  Run Local Usage
...
003 (5307.002.000) 12/15 01:23:25 Job was checkpointed.
	Usr 4 17:59:15, Sys 0 00:00:01  -  Run Remote Usage
		Usr 0 00:00:00, Sys 0 00:00:00  -  Run Local Usage
...
003 (5307.002.000) 12/15 04:23:27 Job was checkpointed.
	Usr 4 20:59:15, Sys 0 00:00:01  -  Run Remote Usage
		Usr 0 00:00:00, Sys 0 00:00:00  -  Run Local Usage
...
003 (5307.002.000) 12/15 07:23:29 Job was checkpointed.
	Usr 4 23:59:14, Sys 0 00:00:01  -  Run Remote Usage
		Usr 0 00:00:00, Sys 0 00:00:01  -  Run Local Usage
...
003 (5307.002.000) 12/15 10:23:34 Job was checkpointed.
	Usr 5 02:59:16, Sys 0 00:00:02  -  Run Remote Usage
		Usr 0 00:00:00, Sys 0 00:00:01  -  Run Local Usage
...
003 (5307.002.000) 12/15 13:23:37 Job was checkpointed.
	Usr 5 05:59:17, Sys 0 00:00:02  -  Run Remote Usage
		Usr 0 00:00:00, Sys 0 00:00:01  -  Run Local Usage
...
003 (5307.002.000) 12/15 16:23:42 Job was checkpointed.
	Usr 5 08:59:20, Sys 0 00:00:02  -  Run Remote Usage
		Usr 0 00:00:00, Sys 0 00:00:01  -  Run Local Usage
...
003 (5307.002.000) 12/15 19:23:46 Job was checkpointed.
	Usr 5 11:59:21, Sys 0 00:00:02  -  Run Remote Usage
		Usr 0 00:00:00, Sys 0 00:00:01  -  Run Local Usage
...
003 (5307.002.000) 12/15 22:23:49 Job was checkpointed.
	Usr 5 14:59:21, Sys 0 00:00:02  -  Run Remote Usage
		Usr 0 00:00:00, Sys 0 00:00:01  -  Run Local Usage
...
003 (5307.002.000) 12/16 01:23:54 Job was checkpointed.
	Usr 5 17:59:24, Sys 0 00:00:02  -  Run Remote Usage
		Usr 0 00:00:00, Sys 0 00:00:01  -  Run Local Usage
...
003 (5307.002.000) 12/16 04:23:56 Job was checkpointed.
	Usr 5 20:59:24, Sys 0 00:00:02  -  Run Remote Usage
		Usr 0 00:00:00, Sys 0 00:00:01  -  Run Local Usage
...
003 (5307.002.000) 12/16 07:23:58 Job was checkpointed.
	Usr 5 23:59:23, Sys 0 00:00:02  -  Run Remote Usage
		Usr 0 00:00:00, Sys 0 00:00:01  -  Run Local Usage
...
003 (5307.002.000) 12/16 10:24:00 Job was checkpointed.
	Usr 6 02:59:20, Sys 0 00:00:03  -  Run Remote Usage
		Usr 0 00:00:00, Sys 0 00:00:01  -  Run Local Usage
...
003 (5307.002.000) 12/16 13:24:01 Job was checkpointed.
	Usr 6 05:59:19, Sys 0 00:00:03  -  Run Remote Usage
		Usr 0 00:00:00, Sys 0 00:00:01  -  Run Local Usage
...
003 (5307.002.000) 12/16 16:24:03 Job was checkpointed.
	Usr 6 08:59:18, Sys 0 00:00:03  -  Run Remote Usage
		Usr 0 00:00:00, Sys 0 00:00:01  -  Run Local Usage
...
003 (5307.002.000) 12/16 19:24:04 Job was checkpointed.
	Usr 6 11:59:17, Sys 0 00:00:03  -  Run Remote Usage
		Usr 0 00:00:00, Sys 0 00:00:01  -  Run Local Usage
...
003 (5307.002.000) 12/16 22:24:07 Job was checkpointed.
	Usr 6 14:59:18, Sys 0 00:00:03  -  Run Remote Usage
		Usr 0 00:00:00, Sys 0 00:00:01  -  Run Local Usage
...
003 (5307.002.000) 12/17 01:24:11 Job was checkpointed.
	Usr 6 17:59:20, Sys 0 00:00:03  -  Run Remote Usage
		Usr 0 00:00:00, Sys 0 00:00:01  -  Run Local Usage
...
003 (5307.002.000) 12/17 04:24:17 Job was checkpointed.
	Usr 6 20:59:23, Sys 0 00:00:03  -  Run Remote Usage
		Usr 0 00:00:00, Sys 0 00:00:01  -  Run Local Usage
...
003 (5307.002.000) 12/17 07:24:20 Job was checkpointed.
	Usr 6 23:59:24, Sys 0 00:00:03  -  Run Remote Usage
		Usr 0 00:00:00, Sys 0 00:00:01  -  Run Local Usage
...
003 (5307.002.000) 12/17 10:24:23 Job was checkpointed.
	Usr 7 02:59:24, Sys 0 00:00:03  -  Run Remote Usage
		Usr 0 00:00:00, Sys 0 00:00:01  -  Run Local Usage
...
003 (5307.002.000) 12/17 13:24:28 Job was checkpointed.
	Usr 7 05:59:27, Sys 0 00:00:03  -  Run Remote Usage
		Usr 0 00:00:00, Sys 0 00:00:01  -  Run Local Usage
...
003 (5307.002.000) 12/17 16:24:33 Job was checkpointed.
	Usr 7 08:59:29, Sys 0 00:00:03  -  Run Remote Usage
		Usr 0 00:00:00, Sys 0 00:00:01  -  Run Local Usage
...
003 (5307.002.000) 12/17 19:24:39 Job was checkpointed.
	Usr 7 11:59:32, Sys 0 00:00:03  -  Run Remote Usage
		Usr 0 00:00:00, Sys 0 00:00:01  -  Run Local Usage
...
003 (5307.002.000) 12/17 22:24:42 Job was checkpointed.
	Usr 7 14:59:34, Sys 0 00:00:03  -  Run Remote Usage
		Usr 0 00:00:00, Sys 0 00:00:01  -  Run Local Usage
...
003 (5307.002.000) 12/18 01:24:48 Job was checkpointed.
	Usr 7 17:59:36, Sys 0 00:00:03  -  Run Remote Usage
		Usr 0 00:00:00, Sys 0 00:00:01  -  Run Local Usage
...
003 (5307.002.000) 12/18 04:24:51 Job was checkpointed.
	Usr 7 20:59:38, Sys 0 00:00:03  -  Run Remote Usage
		Usr 0 00:00:00, Sys 0 00:00:01  -  Run Local Usage
...
003 (5307.002.000) 12/18 07:24:54 Job was checkpointed.
	Usr 7 23:59:38, Sys 0 00:00:03  -  Run Remote Usage
		Usr 0 00:00:00, Sys 0 00:00:01  -  Run Local Usage
...
003 (5307.002.000) 12/18 10:24:55 Job was checkpointed.
	Usr 8 02:59:37, Sys 0 00:00:03  -  Run Remote Usage
		Usr 0 00:00:00, Sys 0 00:00:01  -  Run Local Usage
...
003 (5307.002.000) 12/18 13:24:57 Job was checkpointed.
	Usr 8 05:59:36, Sys 0 00:00:03  -  Run Remote Usage
		Usr 0 00:00:00, Sys 0 00:00:01  -  Run Local Usage
...
003 (5307.002.000) 12/18 16:25:00 Job was checkpointed.
	Usr 8 08:59:36, Sys 0 00:00:03  -  Run Remote Usage
		Usr 0 00:00:00, Sys 0 00:00:01  -  Run Local Usage
...
003 (5307.002.000) 12/18 19:25:05 Job was checkpointed.
	Usr 8 11:59:39, Sys 0 00:00:03  -  Run Remote Usage
		Usr 0 00:00:00, Sys 0 00:00:01  -  Run Local Usage
...
003 (5307.002.000) 12/18 22:25:07 Job was checkpointed.
	Usr 8 14:59:38, Sys 0 00:00:03  -  Run Remote Usage
		Usr 0 00:00:00, Sys 0 00:00:01  -  Run Local Usage
...
003 (5307.002.000) 12/19 01:25:10 Job was checkpointed.
	Usr 8 17:59:39, Sys 0 00:00:03  -  Run Remote Usage
		Usr 0 00:00:00, Sys 0 00:00:01  -  Run Local Usage
...
003 (5307.002.000) 12/19 04:25:16 Job was checkpointed.
	Usr 8 20:59:42, Sys 0 00:00:03  -  Run Remote Usage
		Usr 0 00:00:00, Sys 0 00:00:01  -  Run Local Usage
...
003 (5307.002.000) 12/19 07:25:20 Job was checkpointed.
	Usr 8 23:59:44, Sys 0 00:00:03  -  Run Remote Usage
		Usr 0 00:00:00, Sys 0 00:00:01  -  Run Local Usage
...
003 (5307.002.000) 12/19 10:25:23 Job was checkpointed.
	Usr 9 02:59:44, Sys 0 00:00:03  -  Run Remote Usage
		Usr 0 00:00:00, Sys 0 00:00:01  -  Run Local Usage
...
003 (5307.002.000) 12/19 13:25:28 Job was checkpointed.
	Usr 9 05:59:47, Sys 0 00:00:03  -  Run Remote Usage
		Usr 0 00:00:00, Sys 0 00:00:01  -  Run Local Usage
...
003 (5307.002.000) 12/19 16:25:31 Job was checkpointed.
	Usr 9 08:59:48, Sys 0 00:00:03  -  Run Remote Usage
		Usr 0 00:00:00, Sys 0 00:00:01  -  Run Local Usage
...
003 (5307.002.000) 12/19 19:25:36 Job was checkpointed.
	Usr 9 11:59:51, Sys 0 00:00:03  -  Run Remote Usage
		Usr 0 00:00:00, Sys 0 00:00:01  -  Run Local Usage
...
003 (5307.002.000) 12/19 22:25:39 Job was checkpointed.
	Usr 9 14:59:51, Sys 0 00:00:03  -  Run Remote Usage
		Usr 0 00:00:00, Sys 0 00:00:01  -  Run Local Usage
...
003 (5307.002.000) 12/20 01:25:44 Job was checkpointed.
	Usr 9 17:59:53, Sys 0 00:00:03  -  Run Remote Usage
		Usr 0 00:00:00, Sys 0 00:00:01  -  Run Local Usage
...
003 (5307.002.000) 12/20 04:25:50 Job was checkpointed.
	Usr 9 20:59:57, Sys 0 00:00:03  -  Run Remote Usage
		Usr 0 00:00:00, Sys 0 00:00:01  -  Run Local Usage
...
003 (5307.002.000) 12/20 07:25:52 Job was checkpointed.
	Usr 9 23:59:56, Sys 0 00:00:03  -  Run Remote Usage
		Usr 0 00:00:00, Sys 0 00:00:01  -  Run Local Usage
...
003 (5307.002.000) 12/20 10:25:57 Job was checkpointed.
	Usr 10 02:59:59, Sys 0 00:00:03  -  Run Remote Usage
		Usr 0 00:00:00, Sys 0 00:00:02  -  Run Local Usage
...
003 (5307.002.000) 12/20 13:26:02 Job was checkpointed.
	Usr 10 06:00:02, Sys 0 00:00:03  -  Run Remote Usage
		Usr 0 00:00:00, Sys 0 00:00:02  -  Run Local Usage
...
003 (5307.002.000) 12/20 16:26:06 Job was checkpointed.
	Usr 10 09:00:03, Sys 0 00:00:03  -  Run Remote Usage
		Usr 0 00:00:00, Sys 0 00:00:02  -  Run Local Usage
...
003 (5307.002.000) 12/20 19:26:10 Job was checkpointed.
	Usr 10 12:00:05, Sys 0 00:00:03  -  Run Remote Usage
		Usr 0 00:00:00, Sys 0 00:00:02  -  Run Local Usage
...
003 (5307.002.000) 12/20 22:26:16 Job was checkpointed.
	Usr 10 15:00:08, Sys 0 00:00:03  -  Run Remote Usage
		Usr 0 00:00:00, Sys 0 00:00:02  -  Run Local Usage
...
003 (5307.002.000) 12/21 01:26:21 Job was checkpointed.
	Usr 10 18:00:11, Sys 0 00:00:03  -  Run Remote Usage
		Usr 0 00:00:00, Sys 0 00:00:02  -  Run Local Usage
...
003 (5307.002.000) 12/21 04:26:24 Job was checkpointed.
	Usr 10 21:00:12, Sys 0 00:00:03  -  Run Remote Usage
		Usr 0 00:00:00, Sys 0 00:00:02  -  Run Local Usage
...
003 (5307.002.000) 12/21 07:26:28 Job was checkpointed.
	Usr 11 00:00:13, Sys 0 00:00:04  -  Run Remote Usage
		Usr 0 00:00:00, Sys 0 00:00:02  -  Run Local Usage
...
003 (5307.002.000) 12/21 10:26:30 Job was checkpointed.
	Usr 11 03:00:12, Sys 0 00:00:04  -  Run Remote Usage
		Usr 0 00:00:00, Sys 0 00:00:02  -  Run Local Usage
...
003 (5307.002.000) 12/21 13:26:32 Job was checkpointed.
	Usr 11 06:00:12, Sys 0 00:00:04  -  Run Remote Usage
		Usr 0 00:00:00, Sys 0 00:00:02  -  Run Local Usage
...
003 (5307.002.000) 12/21 16:26:36 Job was checkpointed.
	Usr 11 09:00:13, Sys 0 00:00:04  -  Run Remote Usage
		Usr 0 00:00:00, Sys 0 00:00:02  -  Run Local Usage
...
003 (5307.002.000) 12/21 19:26:38 Job was checkpointed.
	Usr 11 12:00:14, Sys 0 00:00:04  -  Run Remote Usage
		Usr 0 00:00:00, Sys 0 00:00:02  -  Run Local Usage
...
003 (5307.002.000) 12/21 22:26:41 Job was checkpointed.
	Usr 11 15:00:14, Sys 0 00:00:04  -  Run Remote Usage
		Usr 0 00:00:00, Sys 0 00:00:02  -  Run Local Usage
...
003 (5307.002.000) 12/22 01:26:42 Job was checkpointed.
	Usr 11 18:00:13, Sys 0 00:00:04  -  Run Remote Usage
		Usr 0 00:00:00, Sys 0 00:00:02  -  Run Local Usage
...
003 (5307.002.000) 12/22 04:26:44 Job was checkpointed.
	Usr 11 21:00:12, Sys 0 00:00:04  -  Run Remote Usage
		Usr 0 00:00:00, Sys 0 00:00:02  -  Run Local Usage
...
003 (5307.002.000) 12/22 07:26:46 Job was checkpointed.
	Usr 12 00:00:12, Sys 0 00:00:04  -  Run Remote Usage
		Usr 0 00:00:00, Sys 0 00:00:02  -  Run Local Usage
...
003 (5307.002.000) 12/22 10:26:49 Job was checkpointed.
	Usr 12 03:00:12, Sys 0 00:00:04  -  Run Remote Usage
		Usr 0 00:00:00, Sys 0 00:00:02  -  Run Local Usage
...
003 (5307.002.000) 12/22 13:26:51 Job was checkpointed.
	Usr 12 06:00:11, Sys 0 00:00:04  -  Run Remote Usage
		Usr 0 00:00:00, Sys 0 00:00:02  -  Run Local Usage
...
003 (5307.002.000) 12/22 16:26:55 Job was checkpointed.
	Usr 12 09:00:13, Sys 0 00:00:04  -  Run Remote Usage
		Usr 0 00:00:00, Sys 0 00:00:02  -  Run Local Usage
...
003 (5307.002.000) 12/22 19:26:57 Job was checkpointed.
	Usr 12 12:00:12, Sys 0 00:00:04  -  Run Remote Usage
		Usr 0 00:00:00, Sys 0 00:00:02  -  Run Local Usage
...
003 (5307.002.000) 12/22 22:27:01 Job was checkpointed.
	Usr 12 15:00:14, Sys 0 00:00:04  -  Run Remote Usage
		Usr 0 00:00:00, Sys 0 00:00:02  -  Run Local Usage
...
003 (5307.002.000) 12/23 01:27:03 Job was checkpointed.
	Usr 12 18:00:14, Sys 0 00:00:04  -  Run Remote Usage
		Usr 0 00:00:00, Sys 0 00:00:02  -  Run Local Usage
...
003 (5307.002.000) 12/23 04:27:05 Job was checkpointed.
	Usr 12 21:00:14, Sys 0 00:00:04  -  Run Remote Usage
		Usr 0 00:00:00, Sys 0 00:00:02  -  Run Local Usage
...
003 (5307.002.000) 12/23 07:27:07 Job was checkpointed.
	Usr 13 00:00:13, Sys 0 00:00:04  -  Run Remote Usage
		Usr 0 00:00:00, Sys 0 00:00:02  -  Run Local Usage
...
003 (5307.002.000) 12/23 10:27:11 Job was checkpointed.
	Usr 13 03:00:15, Sys 0 00:00:04  -  Run Remote Usage
		Usr 0 00:00:00, Sys 0 00:00:02  -  Run Local Usage
...
003 (5307.002.000) 12/23 13:27:13 Job was checkpointed.
	Usr 13 06:00:15, Sys 0 00:00:04  -  Run Remote Usage
		Usr 0 00:00:00, Sys 0 00:00:02  -  Run Local Usage
...
003 (5307.002.000) 12/23 16:27:17 Job was checkpointed.
	Usr 13 09:00:15, Sys 0 00:00:04  -  Run Remote Usage
		Usr 0 00:00:00, Sys 0 00:00:02  -  Run Local Usage
...
003 (5307.002.000) 12/23 19:27:18 Job was checkpointed.
	Usr 13 12:00:14, Sys 0 00:00:04  -  Run Remote Usage
		Usr 0 00:00:00, Sys 0 00:00:02  -  Run Local Usage
...
003 (5307.002.000) 12/23 22:27:21 Job was checkpointed.
	Usr 13 15:00:14, Sys 0 00:00:04  -  Run Remote Usage
		Usr 0 00:00:00, Sys 0 00:00:02  -  Run Local Usage
...
003 (5307.002.000) 12/24 01:27:24 Job was checkpointed.
	Usr 13 18:00:16, Sys 0 00:00:04  -  Run Remote Usage
		Usr 0 00:00:00, Sys 0 00:00:02  -  Run Local Usage
...
003 (5307.002.000) 12/24 04:27:28 Job was checkpointed.
	Usr 13 21:00:17, Sys 0 00:00:04  -  Run Remote Usage
		Usr 0 00:00:00, Sys 0 00:00:02  -  Run Local Usage
...
003 (5307.002.000) 12/24 07:27:30 Job was checkpointed.
	Usr 14 00:00:17, Sys 0 00:00:04  -  Run Remote Usage
		Usr 0 00:00:00, Sys 0 00:00:02  -  Run Local Usage
...
003 (5307.002.000) 12/24 10:27:34 Job was checkpointed.
	Usr 14 03:00:18, Sys 0 00:00:04  -  Run Remote Usage
		Usr 0 00:00:00, Sys 0 00:00:02  -  Run Local Usage
...
003 (5307.002.000) 12/24 13:27:38 Job was checkpointed.
	Usr 14 06:00:19, Sys 0 00:00:04  -  Run Remote Usage
		Usr 0 00:00:00, Sys 0 00:00:02  -  Run Local Usage
...
003 (5307.002.000) 12/24 16:27:39 Job was checkpointed.
	Usr 14 09:00:18, Sys 0 00:00:04  -  Run Remote Usage
		Usr 0 00:00:00, Sys 0 00:00:02  -  Run Local Usage
...
003 (5307.002.000) 12/24 19:27:41 Job was checkpointed.
	Usr 14 12:00:18, Sys 0 00:00:04  -  Run Remote Usage
		Usr 0 00:00:00, Sys 0 00:00:02  -  Run Local Usage
...
003 (5307.002.000) 12/24 22:27:44 Job was checkpointed.
	Usr 14 15:00:18, Sys 0 00:00:04  -  Run Remote Usage
		Usr 0 00:00:00, Sys 0 00:00:02  -  Run Local Usage
...
003 (5307.002.000) 12/25 01:27:50 Job was checkpointed.
	Usr 14 18:00:22, Sys 0 00:00:04  -  Run Remote Usage
		Usr 0 00:00:00, Sys 0 00:00:02  -  Run Local Usage
...
003 (5307.002.000) 12/25 04:27:55 Job was checkpointed.
	Usr 14 21:00:24, Sys 0 00:00:04  -  Run Remote Usage
		Usr 0 00:00:00, Sys 0 00:00:02  -  Run Local Usage
...
003 (5307.002.000) 12/25 07:27:59 Job was checkpointed.
	Usr 15 00:00:26, Sys 0 00:00:04  -  Run Remote Usage
		Usr 0 00:00:00, Sys 0 00:00:02  -  Run Local Usage
...
003 (5307.002.000) 12/25 10:28:04 Job was checkpointed.
	Usr 15 03:00:28, Sys 0 00:00:04  -  Run Remote Usage
		Usr 0 00:00:00, Sys 0 00:00:02  -  Run Local Usage
...
003 (5307.002.000) 12/25 13:28:06 Job was checkpointed.
	Usr 15 06:00:28, Sys 0 00:00:04  -  Run Remote Usage
		Usr 0 00:00:00, Sys 0 00:00:02  -  Run Local Usage
...
003 (5307.002.000) 12/25 16:28:12 Job was checkpointed.
	Usr 15 09:00:31, Sys 0 00:00:04  -  Run Remote Usage
		Usr 0 00:00:00, Sys 0 00:00:03  -  Run Local Usage
...
003 (5307.002.000) 12/25 19:28:15 Job was checkpointed.
	Usr 15 12:00:32, Sys 0 00:00:04  -  Run Remote Usage
		Usr 0 00:00:00, Sys 0 00:00:03  -  Run Local Usage
...
003 (5307.002.000) 12/25 22:28:18 Job was checkpointed.
	Usr 15 15:00:33, Sys 0 00:00:04  -  Run Remote Usage
		Usr 0 00:00:00, Sys 0 00:00:03  -  Run Local Usage
...
003 (5307.002.000) 12/26 01:28:22 Job was checkpointed.
	Usr 15 18:00:34, Sys 0 00:00:04  -  Run Remote Usage
		Usr 0 00:00:00, Sys 0 00:00:03  -  Run Local Usage
...
003 (5307.002.000) 12/26 04:28:25 Job was checkpointed.
	Usr 15 21:00:35, Sys 0 00:00:04  -  Run Remote Usage
		Usr 0 00:00:00, Sys 0 00:00:03  -  Run Local Usage
...
003 (5307.002.000) 12/26 07:28:27 Job was checkpointed.
	Usr 16 00:00:34, Sys 0 00:00:04  -  Run Remote Usage
		Usr 0 00:00:00, Sys 0 00:00:03  -  Run Local Usage
...
003 (5307.002.000) 12/26 10:28:32 Job was checkpointed.
	Usr 16 03:00:37, Sys 0 00:00:04  -  Run Remote Usage
		Usr 0 00:00:00, Sys 0 00:00:03  -  Run Local Usage
...
003 (5307.002.000) 12/26 13:28:34 Job was checkpointed.
	Usr 16 06:00:37, Sys 0 00:00:04  -  Run Remote Usage
		Usr 0 00:00:00, Sys 0 00:00:03  -  Run Local Usage
...
003 (5307.002.000) 12/26 16:28:40 Job was checkpointed.
	Usr 16 09:00:40, Sys 0 00:00:04  -  Run Remote Usage
		Usr 0 00:00:00, Sys 0 00:00:03  -  Run Local Usage
...
003 (5307.002.000) 12/26 19:28:45 Job was checkpointed.
	Usr 16 12:00:43, Sys 0 00:00:04  -  Run Remote Usage
		Usr 0 00:00:00, Sys 0 00:00:03  -  Run Local Usage
...
003 (5307.002.000) 12/26 22:28:51 Job was checkpointed.
	Usr 16 15:00:46, Sys 0 00:00:04  -  Run Remote Usage
		Usr 0 00:00:00, Sys 0 00:00:03  -  Run Local Usage
...
003 (5307.002.000) 12/27 01:28:55 Job was checkpointed.
	Usr 16 18:00:48, Sys 0 00:00:04  -  Run Remote Usage
		Usr 0 00:00:00, Sys 0 00:00:03  -  Run Local Usage
...
003 (5307.002.000) 12/27 04:28:57 Job was checkpointed.
	Usr 16 21:00:47, Sys 0 00:00:04  -  Run Remote Usage
		Usr 0 00:00:00, Sys 0 00:00:03  -  Run Local Usage
...
003 (5307.002.000) 12/27 07:28:59 Job was checkpointed.
	Usr 17 00:00:47, Sys 0 00:00:04  -  Run Remote Usage
		Usr 0 00:00:00, Sys 0 00:00:03  -  Run Local Usage
...
003 (5307.002.000) 12/27 10:29:03 Job was checkpointed.
	Usr 17 03:00:48, Sys 0 00:00:04  -  Run Remote Usage
		Usr 0 00:00:00, Sys 0 00:00:03  -  Run Local Usage
...
003 (5307.002.000) 12/27 13:29:09 Job was checkpointed.
	Usr 17 06:00:51, Sys 0 00:00:04  -  Run Remote Usage
		Usr 0 00:00:00, Sys 0 00:00:03  -  Run Local Usage
...
003 (5307.002.000) 12/27 16:29:12 Job was checkpointed.
	Usr 17 09:00:53, Sys 0 00:00:04  -  Run Remote Usage
		Usr 0 00:00:00, Sys 0 00:00:03  -  Run Local Usage
...
003 (5307.002.000) 12/27 19:29:17 Job was checkpointed.
	Usr 17 12:00:55, Sys 0 00:00:04  -  Run Remote Usage
		Usr 0 00:00:00, Sys 0 00:00:03  -  Run Local Usage
...
003 (5307.002.000) 12/27 22:29:23 Job was checkpointed.
	Usr 17 15:00:58, Sys 0 00:00:04  -  Run Remote Usage
		Usr 0 00:00:00, Sys 0 00:00:03  -  Run Local Usage
...
003 (5307.002.000) 12/28 01:29:24 Job was checkpointed.
	Usr 17 18:00:57, Sys 0 00:00:04  -  Run Remote Usage
		Usr 0 00:00:00, Sys 0 00:00:03  -  Run Local Usage
...
003 (5307.002.000) 12/28 04:29:29 Job was checkpointed.
	Usr 17 21:00:59, Sys 0 00:00:04  -  Run Remote Usage
		Usr 0 00:00:00, Sys 0 00:00:03  -  Run Local Usage
...
003 (5307.002.000) 12/28 07:29:33 Job was checkpointed.
	Usr 18 00:01:01, Sys 0 00:00:04  -  Run Remote Usage
		Usr 0 00:00:00, Sys 0 00:00:03  -  Run Local Usage
...
003 (5307.002.000) 12/28 10:29:36 Job was checkpointed.
	Usr 18 03:01:02, Sys 0 00:00:04  -  Run Remote Usage
		Usr 0 00:00:00, Sys 0 00:00:03  -  Run Local Usage
...
003 (5307.002.000) 12/28 13:29:38 Job was checkpointed.
	Usr 18 06:01:01, Sys 0 00:00:04  -  Run Remote Usage
		Usr 0 00:00:00, Sys 0 00:00:03  -  Run Local Usage
...
003 (5307.002.000) 12/28 16:29:41 Job was checkpointed.
	Usr 18 09:01:02, Sys 0 00:00:04  -  Run Remote Usage
		Usr 0 00:00:00, Sys 0 00:00:03  -  Run Local Usage
...
003 (5307.002.000) 12/28 19:29:46 Job was checkpointed.
	Usr 18 12:01:05, Sys 0 00:00:04  -  Run Remote Usage
		Usr 0 00:00:00, Sys 0 00:00:03  -  Run Local Usage
...
003 (5307.002.000) 12/28 22:29:51 Job was checkpointed.
	Usr 18 15:01:07, Sys 0 00:00:04  -  Run Remote Usage
		Usr 0 00:00:00, Sys 0 00:00:03  -  Run Local Usage
...
003 (5307.002.000) 12/29 01:29:55 Job was checkpointed.
	Usr 18 18:01:08, Sys 0 00:00:04  -  Run Remote Usage
		Usr 0 00:00:00, Sys 0 00:00:03  -  Run Local Usage
...
003 (5307.002.000) 12/29 04:29:57 Job was checkpointed.
	Usr 18 21:01:08, Sys 0 00:00:04  -  Run Remote Usage
		Usr 0 00:00:00, Sys 0 00:00:03  -  Run Local Usage
...
