000 (5300.001.000) 10/28 11:37:09 Job submitted from host: <170.140.162.75:51408>
...
001 (5300.001.000) 10/28 12:28:55 Job executing on host: <170.140.162.75:39705>
...
010 (5300.001.000) 10/28 12:34:50 Job was suspended.
	Number of processes actually suspended: 1
...
011 (5300.001.000) 10/28 12:40:45 Job was unsuspended.
...
010 (5300.001.000) 10/28 13:00:17 Job was suspended.
	Number of processes actually suspended: 1
...
011 (5300.001.000) 10/28 13:00:32 Job was unsuspended.
...
010 (5300.001.000) 10/28 13:41:23 Job was suspended.
	Number of processes actually suspended: 1
...
011 (5300.001.000) 10/28 13:51:24 Job was unsuspended.
...
006 (5300.001.000) 10/28 13:51:24 Image size of job updated: 11177
...
004 (5300.001.000) 10/28 13:51:24 Job was evicted.
	(1) Job was checkpointed.
		Usr 0 01:05:39, Sys 0 00:00:04  -  Run Remote Usage
		Usr 0 00:00:00, Sys 0 00:00:00  -  Run Local Usage
	1206256  -  Run Bytes Sent By Job
	4534876  -  Run Bytes Received By Job
...
001 (5300.001.000) 10/28 15:27:54 Job executing on host: <192.168.203.31:41273>
...
006 (5300.001.000) 10/28 18:27:58 Image size of job updated: 11181
...
003 (5300.001.000) 10/28 18:27:58 Job was checkpointed.
	Usr 0 02:59:53, Sys 0 00:00:00  -  Run Remote Usage
		Usr 0 00:00:00, Sys 0 00:00:00  -  Run Local Usage
...
003 (5300.001.000) 10/28 21:28:00 Job was checkpointed.
	Usr 0 05:59:45, Sys 0 00:00:00  -  Run Remote Usage
		Usr 0 00:00:00, Sys 0 00:00:00  -  Run Local Usage
...
005 (5300.001.000) 10/28 22:41:43 Job terminated.
	(1) Normal termination (return value 0)
		Usr 0 07:13:23, Sys 0 00:00:00  -  Run Remote Usage
		Usr 0 00:00:00, Sys 0 00:00:00  -  Run Local Usage
		Usr 0 08:19:02, Sys 0 00:00:04  -  Total Remote Usage
		Usr 0 00:00:00, Sys 0 00:00:00  -  Total Local Usage
	3201155  -  Run Bytes Sent By Job
	5741559  -  Run Bytes Received By Job
	4407411  -  Total Bytes Sent By Job
	10276435  -  Total Bytes Received By Job
...
