000 (5300.004.000) 10/28 11:37:09 Job submitted from host: <170.140.162.75:51408>
...
001 (5300.004.000) 10/28 18:02:33 Job executing on host: <192.168.203.15:50416>
...
006 (5300.004.000) 10/28 21:02:32 Image size of job updated: 11181
...
003 (5300.004.000) 10/28 21:02:32 Job was checkpointed.
	Usr 0 02:59:50, Sys 0 00:00:00  -  Run Remote Usage
		Usr 0 00:00:00, Sys 0 00:00:00  -  Run Local Usage
...
003 (5300.004.000) 10/29 00:02:34 Job was checkpointed.
	Usr 0 05:59:43, Sys 0 00:00:00  -  Run Remote Usage
		Usr 0 00:00:00, Sys 0 00:00:00  -  Run Local Usage
...
003 (5300.004.000) 10/29 03:02:35 Job was checkpointed.
	Usr 0 08:59:29, Sys 0 00:00:00  -  Run Remote Usage
		Usr 0 00:00:00, Sys 0 00:00:00  -  Run Local Usage
...
003 (5300.004.000) 10/29 06:02:36 Job was checkpointed.
	Usr 0 11:59:21, Sys 0 00:00:00  -  Run Remote Usage
		Usr 0 00:00:00, Sys 0 00:00:00  -  Run Local Usage
...
003 (5300.004.000) 10/29 09:02:41 Job was checkpointed.
	Usr 0 14:59:16, Sys 0 00:00:01  -  Run Remote Usage
		Usr 0 00:00:00, Sys 0 00:00:00  -  Run Local Usage
...
003 (5300.004.000) 10/29 12:02:45 Job was checkpointed.
	Usr 0 17:59:12, Sys 0 00:00:01  -  Run Remote Usage
		Usr 0 00:00:00, Sys 0 00:00:00  -  Run Local Usage
...
004 (5300.004.000) 10/29 14:17:53 Job was evicted.
	(1) Job was checkpointed.
		Usr 0 20:14:12, Sys 0 00:00:01  -  Run Remote Usage
		Usr 0 00:00:00, Sys 0 00:00:00  -  Run Local Usage
	8469530  -  Run Bytes Sent By Job
	4536346  -  Run Bytes Received By Job
...
001 (5300.004.000) 10/29 14:28:01 Job executing on host: <192.168.203.7:42838>
...
006 (5300.004.000) 10/29 17:27:58 Image size of job updated: 11185
...
003 (5300.004.000) 10/29 17:27:59 Job was checkpointed.
	Usr 0 02:59:45, Sys 0 00:00:00  -  Run Remote Usage
		Usr 0 00:00:00, Sys 0 00:00:00  -  Run Local Usage
...
003 (5300.004.000) 10/29 20:27:58 Job was checkpointed.
	Usr 0 05:59:36, Sys 0 00:00:00  -  Run Remote Usage
		Usr 0 00:00:00, Sys 0 00:00:00  -  Run Local Usage
...
003 (5300.004.000) 10/29 23:27:57 Job was checkpointed.
	Usr 0 08:59:22, Sys 0 00:00:01  -  Run Remote Usage
		Usr 0 00:00:00, Sys 0 00:00:00  -  Run Local Usage
...
003 (5300.004.000) 10/30 02:27:55 Job was checkpointed.
	Usr 0 11:59:13, Sys 0 00:00:01  -  Run Remote Usage
		Usr 0 00:00:00, Sys 0 00:00:00  -  Run Local Usage
...
003 (5300.004.000) 10/30 05:27:54 Job was checkpointed.
	Usr 0 14:59:03, Sys 0 00:00:01  -  Run Remote Usage
		Usr 0 00:00:00, Sys 0 00:00:00  -  Run Local Usage
...
003 (5300.004.000) 10/30 08:27:54 Job was checkpointed.
	Usr 0 17:58:55, Sys 0 00:00:01  -  Run Remote Usage
		Usr 0 00:00:00, Sys 0 00:00:00  -  Run Local Usage
...
003 (5300.004.000) 10/30 11:27:53 Job was checkpointed.
	Usr 0 20:58:44, Sys 0 00:00:01  -  Run Remote Usage
		Usr 0 00:00:00, Sys 0 00:00:00  -  Run Local Usage
...
003 (5300.004.000) 10/30 14:27:51 Job was checkpointed.
	Usr 0 23:58:32, Sys 0 00:00:01  -  Run Remote Usage
		Usr 0 00:00:00, Sys 0 00:00:00  -  Run Local Usage
...
003 (5300.004.000) 10/30 17:27:46 Job was checkpointed.
	Usr 1 02:58:19, Sys 0 00:00:01  -  Run Remote Usage
		Usr 0 00:00:00, Sys 0 00:00:00  -  Run Local Usage
...
003 (5300.004.000) 10/30 20:27:45 Job was checkpointed.
	Usr 1 05:58:11, Sys 0 00:00:01  -  Run Remote Usage
		Usr 0 00:00:00, Sys 0 00:00:00  -  Run Local Usage
...
003 (5300.004.000) 10/30 23:27:44 Job was checkpointed.
	Usr 1 08:57:57, Sys 0 00:00:02  -  Run Remote Usage
		Usr 0 00:00:00, Sys 0 00:00:00  -  Run Local Usage
...
003 (5300.004.000) 10/31 02:27:41 Job was checkpointed.
	Usr 1 11:57:48, Sys 0 00:00:02  -  Run Remote Usage
		Usr 0 00:00:00, Sys 0 00:00:00  -  Run Local Usage
...
003 (5300.004.000) 10/31 05:27:41 Job was checkpointed.
	Usr 1 14:57:36, Sys 0 00:00:02  -  Run Remote Usage
		Usr 0 00:00:00, Sys 0 00:00:00  -  Run Local Usage
...
003 (5300.004.000) 10/31 08:27:39 Job was checkpointed.
	Usr 1 17:57:22, Sys 0 00:00:02  -  Run Remote Usage
		Usr 0 00:00:00, Sys 0 00:00:00  -  Run Local Usage
...
003 (5300.004.000) 10/31 11:27:39 Job was checkpointed.
	Usr 1 20:57:14, Sys 0 00:00:02  -  Run Remote Usage
		Usr 0 00:00:00, Sys 0 00:00:00  -  Run Local Usage
...
005 (5300.004.000) 10/31 11:45:52 Job terminated.
	(1) Normal termination (return value 0)
		Usr 1 21:15:26, Sys 0 00:00:02  -  Run Remote Usage
		Usr 0 00:00:00, Sys 0 00:00:00  -  Run Local Usage
		Usr 2 17:29:38, Sys 0 00:00:03  -  Total Remote Usage
		Usr 0 00:00:00, Sys 0 00:00:00  -  Total Local Usage
	18985928  -  Run Bytes Sent By Job
	5748747  -  Run Bytes Received By Job
	27455458  -  Total Bytes Sent By Job
	10285093  -  Total Bytes Received By Job
...
