000 (5306.007.000) 11/07 11:52:09 Job submitted from host: <170.140.162.75:51408>
...
001 (5306.007.000) 11/08 08:28:52 Job executing on host: <192.168.203.27:52550>
...
006 (5306.007.000) 11/08 11:28:53 Image size of job updated: 10781
...
003 (5306.007.000) 11/08 11:28:53 Job was checkpointed.
	Usr 0 02:59:48, Sys 0 00:00:00  -  Run Remote Usage
		Usr 0 00:00:00, Sys 0 00:00:00  -  Run Local Usage
...
003 (5306.007.000) 11/08 14:28:57 Job was checkpointed.
	Usr 0 05:59:38, Sys 0 00:00:00  -  Run Remote Usage
		Usr 0 00:00:00, Sys 0 00:00:00  -  Run Local Usage
...
003 (5306.007.000) 11/08 17:29:00 Job was checkpointed.
	Usr 0 08:59:26, Sys 0 00:00:01  -  Run Remote Usage
		Usr 0 00:00:00, Sys 0 00:00:00  -  Run Local Usage
...
003 (5306.007.000) 11/08 20:29:00 Job was checkpointed.
	Usr 0 11:59:12, Sys 0 00:00:01  -  Run Remote Usage
		Usr 0 00:00:00, Sys 0 00:00:00  -  Run Local Usage
...
003 (5306.007.000) 11/08 23:29:06 Job was checkpointed.
	Usr 0 14:58:57, Sys 0 00:00:02  -  Run Remote Usage
		Usr 0 00:00:00, Sys 0 00:00:00  -  Run Local Usage
...
003 (5306.007.000) 11/09 02:29:09 Job was checkpointed.
	Usr 0 17:58:43, Sys 0 00:00:02  -  Run Remote Usage
		Usr 0 00:00:00, Sys 0 00:00:00  -  Run Local Usage
...
003 (5306.007.000) 11/09 05:29:10 Job was checkpointed.
	Usr 0 20:58:32, Sys 0 00:00:03  -  Run Remote Usage
		Usr 0 00:00:00, Sys 0 00:00:00  -  Run Local Usage
...
006 (5306.007.000) 11/09 08:29:11 Image size of job updated: 10785
...
003 (5306.007.000) 11/09 08:29:11 Job was checkpointed.
	Usr 0 23:58:22, Sys 0 00:00:03  -  Run Remote Usage
		Usr 0 00:00:00, Sys 0 00:00:00  -  Run Local Usage
...
003 (5306.007.000) 11/09 11:29:13 Job was checkpointed.
	Usr 1 02:58:11, Sys 0 00:00:03  -  Run Remote Usage
		Usr 0 00:00:00, Sys 0 00:00:00  -  Run Local Usage
...
004 (5306.007.000) 11/09 11:34:13 Job was evicted.
	(0) Job was not checkpointed.
		Usr 0 00:00:00, Sys 0 00:00:00  -  Run Remote Usage
		Usr 0 00:00:00, Sys 0 00:00:00  -  Run Local Usage
	7215304  -  Run Bytes Sent By Job
	4528598  -  Run Bytes Received By Job
...
009 (5306.007.000) 11/09 11:34:14 Job was aborted by the user.
	via condor_rm (by user Xiang)
...
