000 (5300.010.000) 10/28 11:37:09 Job submitted from host: <170.140.162.75:51408>
...
001 (5300.010.000) 10/29 18:42:18 Job executing on host: <192.168.203.30:33558>
...
006 (5300.010.000) 10/29 21:42:19 Image size of job updated: 12433
...
003 (5300.010.000) 10/29 21:42:20 Job was checkpointed.
	Usr 0 02:59:50, Sys 0 00:00:00  -  Run Remote Usage
		Usr 0 00:00:00, Sys 0 00:00:00  -  Run Local Usage
...
003 (5300.010.000) 10/30 00:42:23 Job was checkpointed.
	Usr 0 05:59:41, Sys 0 00:00:00  -  Run Remote Usage
		Usr 0 00:00:00, Sys 0 00:00:00  -  Run Local Usage
...
003 (5300.010.000) 10/30 03:42:24 Job was checkpointed.
	Usr 0 08:59:32, Sys 0 00:00:00  -  Run Remote Usage
		Usr 0 00:00:00, Sys 0 00:00:00  -  Run Local Usage
...
003 (5300.010.000) 10/30 06:42:29 Job was checkpointed.
	Usr 0 11:59:25, Sys 0 00:00:00  -  Run Remote Usage
		Usr 0 00:00:00, Sys 0 00:00:00  -  Run Local Usage
...
003 (5300.010.000) 10/30 09:42:33 Job was checkpointed.
	Usr 0 14:59:10, Sys 0 00:00:01  -  Run Remote Usage
		Usr 0 00:00:00, Sys 0 00:00:00  -  Run Local Usage
...
003 (5300.010.000) 10/30 12:42:34 Job was checkpointed.
	Usr 0 17:59:00, Sys 0 00:00:01  -  Run Remote Usage
		Usr 0 00:00:00, Sys 0 00:00:00  -  Run Local Usage
...
004 (5300.010.000) 10/30 15:18:49 Job was evicted.
	(1) Job was checkpointed.
		Usr 0 20:35:05, Sys 0 00:00:01  -  Run Remote Usage
		Usr 0 00:00:00, Sys 0 00:00:00  -  Run Local Usage
	17443864  -  Run Bytes Sent By Job
	4536355  -  Run Bytes Received By Job
...
001 (5300.010.000) 10/30 15:28:54 Job executing on host: <170.140.162.75:39705>
...
006 (5300.010.000) 10/30 18:28:56 Image size of job updated: 12433
...
003 (5300.010.000) 10/30 18:28:56 Job was checkpointed.
	Usr 0 02:56:37, Sys 0 00:00:27  -  Run Remote Usage
		Usr 0 00:00:00, Sys 0 00:00:00  -  Run Local Usage
...
003 (5300.010.000) 10/30 21:28:57 Job was checkpointed.
	Usr 0 05:53:30, Sys 0 00:00:55  -  Run Remote Usage
		Usr 0 00:00:00, Sys 0 00:00:00  -  Run Local Usage
...
003 (5300.010.000) 10/31 00:28:59 Job was checkpointed.
	Usr 0 08:50:14, Sys 0 00:01:26  -  Run Remote Usage
		Usr 0 00:00:00, Sys 0 00:00:00  -  Run Local Usage
...
003 (5300.010.000) 10/31 03:29:00 Job was checkpointed.
	Usr 0 11:48:28, Sys 0 00:02:00  -  Run Remote Usage
		Usr 0 00:00:00, Sys 0 00:00:00  -  Run Local Usage
...
004 (5300.010.000) 10/31 04:39:42 Job was evicted.
	(1) Job was checkpointed.
		Usr 0 12:58:32, Sys 0 00:02:12  -  Run Remote Usage
		Usr 0 00:00:00, Sys 0 00:00:00  -  Run Local Usage
	12459876  -  Run Bytes Sent By Job
	7027071  -  Run Bytes Received By Job
...
001 (5300.010.000) 10/31 04:44:39 Job executing on host: <192.168.203.4:40203>
...
006 (5300.010.000) 10/31 07:44:41 Image size of job updated: 12433
...
003 (5300.010.000) 10/31 07:44:41 Job was checkpointed.
	Usr 0 02:59:51, Sys 0 00:00:00  -  Run Remote Usage
		Usr 0 00:00:00, Sys 0 00:00:00  -  Run Local Usage
...
003 (5300.010.000) 10/31 10:44:43 Job was checkpointed.
	Usr 0 05:59:44, Sys 0 00:00:00  -  Run Remote Usage
		Usr 0 00:00:00, Sys 0 00:00:00  -  Run Local Usage
...
003 (5300.010.000) 10/31 13:44:46 Job was checkpointed.
	Usr 0 08:59:37, Sys 0 00:00:00  -  Run Remote Usage
		Usr 0 00:00:00, Sys 0 00:00:00  -  Run Local Usage
...
003 (5300.010.000) 10/31 16:44:47 Job was checkpointed.
	Usr 0 11:59:26, Sys 0 00:00:00  -  Run Remote Usage
		Usr 0 00:00:00, Sys 0 00:00:00  -  Run Local Usage
...
003 (5300.010.000) 10/31 19:44:52 Job was checkpointed.
	Usr 0 14:59:23, Sys 0 00:00:00  -  Run Remote Usage
		Usr 0 00:00:00, Sys 0 00:00:00  -  Run Local Usage
...
003 (5300.010.000) 10/31 22:44:52 Job was checkpointed.
	Usr 0 17:59:13, Sys 0 00:00:00  -  Run Remote Usage
		Usr 0 00:00:00, Sys 0 00:00:00  -  Run Local Usage
...
003 (5300.010.000) 11/01 01:44:57 Job was checkpointed.
	Usr 0 20:59:11, Sys 0 00:00:00  -  Run Remote Usage
		Usr 0 00:00:00, Sys 0 00:00:00  -  Run Local Usage
...
003 (5300.010.000) 11/01 04:45:00 Job was checkpointed.
	Usr 0 23:59:04, Sys 0 00:00:00  -  Run Remote Usage
		Usr 0 00:00:00, Sys 0 00:00:00  -  Run Local Usage
...
003 (5300.010.000) 11/01 07:45:00 Job was checkpointed.
	Usr 1 02:58:52, Sys 0 00:00:01  -  Run Remote Usage
		Usr 0 00:00:00, Sys 0 00:00:00  -  Run Local Usage
...
003 (5300.010.000) 11/01 10:45:04 Job was checkpointed.
	Usr 1 05:58:46, Sys 0 00:00:01  -  Run Remote Usage
		Usr 0 00:00:00, Sys 0 00:00:00  -  Run Local Usage
...
003 (5300.010.000) 11/01 13:45:06 Job was checkpointed.
	Usr 1 08:58:39, Sys 0 00:00:01  -  Run Remote Usage
		Usr 0 00:00:00, Sys 0 00:00:00  -  Run Local Usage
...
003 (5300.010.000) 11/01 16:45:09 Job was checkpointed.
	Usr 1 11:58:32, Sys 0 00:00:01  -  Run Remote Usage
		Usr 0 00:00:00, Sys 0 00:00:00  -  Run Local Usage
...
003 (5300.010.000) 11/01 19:45:11 Job was checkpointed.
	Usr 1 14:58:26, Sys 0 00:00:01  -  Run Remote Usage
		Usr 0 00:00:00, Sys 0 00:00:00  -  Run Local Usage
...
003 (5300.010.000) 11/01 22:45:14 Job was checkpointed.
	Usr 1 17:58:18, Sys 0 00:00:01  -  Run Remote Usage
		Usr 0 00:00:00, Sys 0 00:00:00  -  Run Local Usage
...
003 (5300.010.000) 11/02 01:45:18 Job was checkpointed.
	Usr 1 20:58:12, Sys 0 00:00:01  -  Run Remote Usage
		Usr 0 00:00:00, Sys 0 00:00:00  -  Run Local Usage
...
003 (5300.010.000) 11/02 03:45:18 Job was checkpointed.
	Usr 1 23:57:58, Sys 0 00:00:02  -  Run Remote Usage
		Usr 0 00:00:00, Sys 0 00:00:00  -  Run Local Usage
...
003 (5300.010.000) 11/02 06:45:19 Job was checkpointed.
	Usr 2 02:57:50, Sys 0 00:00:02  -  Run Remote Usage
		Usr 0 00:00:00, Sys 0 00:00:00  -  Run Local Usage
...
003 (5300.010.000) 11/02 09:45:20 Job was checkpointed.
	Usr 2 05:57:43, Sys 0 00:00:02  -  Run Remote Usage
		Usr 0 00:00:00, Sys 0 00:00:00  -  Run Local Usage
...
003 (5300.010.000) 11/02 12:45:25 Job was checkpointed.
	Usr 2 08:57:38, Sys 0 00:00:02  -  Run Remote Usage
		Usr 0 00:00:00, Sys 0 00:00:00  -  Run Local Usage
...
003 (5300.010.000) 11/02 15:45:29 Job was checkpointed.
	Usr 2 11:57:33, Sys 0 00:00:02  -  Run Remote Usage
		Usr 0 00:00:00, Sys 0 00:00:00  -  Run Local Usage
...
003 (5300.010.000) 11/02 18:45:31 Job was checkpointed.
	Usr 2 14:57:24, Sys 0 00:00:02  -  Run Remote Usage
		Usr 0 00:00:00, Sys 0 00:00:00  -  Run Local Usage
...
003 (5300.010.000) 11/02 21:45:33 Job was checkpointed.
	Usr 2 17:57:17, Sys 0 00:00:02  -  Run Remote Usage
		Usr 0 00:00:00, Sys 0 00:00:00  -  Run Local Usage
...
003 (5300.010.000) 11/03 00:45:35 Job was checkpointed.
	Usr 2 20:57:10, Sys 0 00:00:02  -  Run Remote Usage
		Usr 0 00:00:00, Sys 0 00:00:01  -  Run Local Usage
...
003 (5300.010.000) 11/03 03:45:37 Job was checkpointed.
	Usr 2 23:57:00, Sys 0 00:00:03  -  Run Remote Usage
		Usr 0 00:00:00, Sys 0 00:00:01  -  Run Local Usage
...
003 (5300.010.000) 11/03 06:45:42 Job was checkpointed.
	Usr 3 02:56:57, Sys 0 00:00:03  -  Run Remote Usage
		Usr 0 00:00:00, Sys 0 00:00:01  -  Run Local Usage
...
003 (5300.010.000) 11/03 09:45:44 Job was checkpointed.
	Usr 3 05:56:50, Sys 0 00:00:03  -  Run Remote Usage
		Usr 0 00:00:00, Sys 0 00:00:01  -  Run Local Usage
...
003 (5300.010.000) 11/03 12:45:47 Job was checkpointed.
	Usr 3 08:56:43, Sys 0 00:00:03  -  Run Remote Usage
		Usr 0 00:00:00, Sys 0 00:00:01  -  Run Local Usage
...
003 (5300.010.000) 11/03 15:45:49 Job was checkpointed.
	Usr 3 11:56:36, Sys 0 00:00:03  -  Run Remote Usage
		Usr 0 00:00:00, Sys 0 00:00:01  -  Run Local Usage
...
003 (5300.010.000) 11/03 18:45:49 Job was checkpointed.
	Usr 3 14:56:27, Sys 0 00:00:03  -  Run Remote Usage
		Usr 0 00:00:00, Sys 0 00:00:01  -  Run Local Usage
...
003 (5300.010.000) 11/03 21:45:53 Job was checkpointed.
	Usr 3 17:56:21, Sys 0 00:00:03  -  Run Remote Usage
		Usr 0 00:00:00, Sys 0 00:00:01  -  Run Local Usage
...
003 (5300.010.000) 11/04 00:45:53 Job was checkpointed.
	Usr 3 20:56:11, Sys 0 00:00:04  -  Run Remote Usage
		Usr 0 00:00:00, Sys 0 00:00:01  -  Run Local Usage
...
003 (5300.010.000) 11/04 03:45:56 Job was checkpointed.
	Usr 3 23:56:00, Sys 0 00:00:04  -  Run Remote Usage
		Usr 0 00:00:00, Sys 0 00:00:01  -  Run Local Usage
...
003 (5300.010.000) 11/04 06:46:01 Job was checkpointed.
	Usr 4 02:55:54, Sys 0 00:00:04  -  Run Remote Usage
		Usr 0 00:00:00, Sys 0 00:00:01  -  Run Local Usage
...
003 (5300.010.000) 11/04 09:46:01 Job was checkpointed.
	Usr 4 05:55:43, Sys 0 00:00:04  -  Run Remote Usage
		Usr 0 00:00:00, Sys 0 00:00:01  -  Run Local Usage
...
003 (5300.010.000) 11/04 12:46:06 Job was checkpointed.
	Usr 4 08:55:38, Sys 0 00:00:04  -  Run Remote Usage
		Usr 0 00:00:00, Sys 0 00:00:01  -  Run Local Usage
...
003 (5300.010.000) 11/04 15:46:07 Job was checkpointed.
	Usr 4 11:55:28, Sys 0 00:00:04  -  Run Remote Usage
		Usr 0 00:00:00, Sys 0 00:00:01  -  Run Local Usage
...
003 (5300.010.000) 11/04 18:46:08 Job was checkpointed.
	Usr 4 14:55:19, Sys 0 00:00:04  -  Run Remote Usage
		Usr 0 00:00:00, Sys 0 00:00:01  -  Run Local Usage
...
003 (5300.010.000) 11/04 21:46:13 Job was checkpointed.
	Usr 4 17:55:13, Sys 0 00:00:05  -  Run Remote Usage
		Usr 0 00:00:00, Sys 0 00:00:01  -  Run Local Usage
...
003 (5300.010.000) 11/05 00:46:16 Job was checkpointed.
	Usr 4 20:55:06, Sys 0 00:00:05  -  Run Remote Usage
		Usr 0 00:00:00, Sys 0 00:00:01  -  Run Local Usage
...
003 (5300.010.000) 11/05 03:46:20 Job was checkpointed.
	Usr 4 23:54:58, Sys 0 00:00:05  -  Run Remote Usage
		Usr 0 00:00:00, Sys 0 00:00:01  -  Run Local Usage
...
003 (5300.010.000) 11/05 06:46:24 Job was checkpointed.
	Usr 5 02:54:50, Sys 0 00:00:05  -  Run Remote Usage
		Usr 0 00:00:00, Sys 0 00:00:01  -  Run Local Usage
...
003 (5300.010.000) 11/05 09:46:29 Job was checkpointed.
	Usr 5 05:54:44, Sys 0 00:00:05  -  Run Remote Usage
		Usr 0 00:00:00, Sys 0 00:00:01  -  Run Local Usage
...
003 (5300.010.000) 11/05 12:46:32 Job was checkpointed.
	Usr 5 08:54:38, Sys 0 00:00:05  -  Run Remote Usage
		Usr 0 00:00:00, Sys 0 00:00:01  -  Run Local Usage
...
003 (5300.010.000) 11/05 15:46:33 Job was checkpointed.
	Usr 5 11:54:28, Sys 0 00:00:05  -  Run Remote Usage
		Usr 0 00:00:00, Sys 0 00:00:01  -  Run Local Usage
...
003 (5300.010.000) 11/05 18:46:38 Job was checkpointed.
	Usr 5 14:54:23, Sys 0 00:00:05  -  Run Remote Usage
		Usr 0 00:00:00, Sys 0 00:00:02  -  Run Local Usage
...
003 (5300.010.000) 11/05 21:46:43 Job was checkpointed.
	Usr 5 17:54:17, Sys 0 00:00:05  -  Run Remote Usage
		Usr 0 00:00:00, Sys 0 00:00:02  -  Run Local Usage
...
003 (5300.010.000) 11/06 00:46:45 Job was checkpointed.
	Usr 5 20:54:11, Sys 0 00:00:06  -  Run Remote Usage
		Usr 0 00:00:00, Sys 0 00:00:02  -  Run Local Usage
...
003 (5300.010.000) 11/06 03:46:45 Job was checkpointed.
	Usr 5 23:53:51, Sys 0 00:00:07  -  Run Remote Usage
		Usr 0 00:00:00, Sys 0 00:00:02  -  Run Local Usage
...
003 (5300.010.000) 11/06 06:46:48 Job was checkpointed.
	Usr 6 02:53:46, Sys 0 00:00:07  -  Run Remote Usage
		Usr 0 00:00:00, Sys 0 00:00:02  -  Run Local Usage
...
003 (5300.010.000) 11/06 09:46:52 Job was checkpointed.
	Usr 6 05:53:41, Sys 0 00:00:07  -  Run Remote Usage
		Usr 0 00:00:00, Sys 0 00:00:02  -  Run Local Usage
...
003 (5300.010.000) 11/06 12:46:52 Job was checkpointed.
	Usr 6 08:53:31, Sys 0 00:00:07  -  Run Remote Usage
		Usr 0 00:00:00, Sys 0 00:00:02  -  Run Local Usage
...
003 (5300.010.000) 11/06 15:46:54 Job was checkpointed.
	Usr 6 11:53:24, Sys 0 00:00:07  -  Run Remote Usage
		Usr 0 00:00:00, Sys 0 00:00:02  -  Run Local Usage
...
003 (5300.010.000) 11/06 18:46:55 Job was checkpointed.
	Usr 6 14:53:17, Sys 0 00:00:07  -  Run Remote Usage
		Usr 0 00:00:00, Sys 0 00:00:02  -  Run Local Usage
...
003 (5300.010.000) 11/06 21:46:59 Job was checkpointed.
	Usr 6 17:53:11, Sys 0 00:00:07  -  Run Remote Usage
		Usr 0 00:00:00, Sys 0 00:00:02  -  Run Local Usage
...
003 (5300.010.000) 11/07 00:47:02 Job was checkpointed.
	Usr 6 20:53:06, Sys 0 00:00:08  -  Run Remote Usage
		Usr 0 00:00:00, Sys 0 00:00:02  -  Run Local Usage
...
003 (5300.010.000) 11/07 03:47:02 Job was checkpointed.
	Usr 6 23:52:52, Sys 0 00:00:08  -  Run Remote Usage
		Usr 0 00:00:00, Sys 0 00:00:02  -  Run Local Usage
...
003 (5300.010.000) 11/07 06:47:05 Job was checkpointed.
	Usr 7 02:52:46, Sys 0 00:00:08  -  Run Remote Usage
		Usr 0 00:00:00, Sys 0 00:00:02  -  Run Local Usage
...
003 (5300.010.000) 11/07 09:47:09 Job was checkpointed.
	Usr 7 05:52:38, Sys 0 00:00:08  -  Run Remote Usage
		Usr 0 00:00:00, Sys 0 00:00:02  -  Run Local Usage
...
003 (5300.010.000) 11/07 12:47:13 Job was checkpointed.
	Usr 7 08:52:33, Sys 0 00:00:08  -  Run Remote Usage
		Usr 0 00:00:00, Sys 0 00:00:02  -  Run Local Usage
...
003 (5300.010.000) 11/07 15:47:15 Job was checkpointed.
	Usr 7 11:52:24, Sys 0 00:00:08  -  Run Remote Usage
		Usr 0 00:00:00, Sys 0 00:00:02  -  Run Local Usage
...
003 (5300.010.000) 11/07 18:47:17 Job was checkpointed.
	Usr 7 14:52:17, Sys 0 00:00:08  -  Run Remote Usage
		Usr 0 00:00:00, Sys 0 00:00:02  -  Run Local Usage
...
003 (5300.010.000) 11/07 21:47:18 Job was checkpointed.
	Usr 7 17:52:08, Sys 0 00:00:08  -  Run Remote Usage
		Usr 0 00:00:00, Sys 0 00:00:02  -  Run Local Usage
...
003 (5300.010.000) 11/08 00:47:20 Job was checkpointed.
	Usr 7 20:52:01, Sys 0 00:00:08  -  Run Remote Usage
		Usr 0 00:00:00, Sys 0 00:00:02  -  Run Local Usage
...
003 (5300.010.000) 11/08 03:47:25 Job was checkpointed.
	Usr 7 23:51:51, Sys 0 00:00:09  -  Run Remote Usage
		Usr 0 00:00:00, Sys 0 00:00:02  -  Run Local Usage
...
003 (5300.010.000) 11/08 06:47:25 Job was checkpointed.
	Usr 8 02:51:43, Sys 0 00:00:09  -  Run Remote Usage
		Usr 0 00:00:00, Sys 0 00:00:02  -  Run Local Usage
...
003 (5300.010.000) 11/08 09:47:30 Job was checkpointed.
	Usr 8 05:51:37, Sys 0 00:00:09  -  Run Remote Usage
		Usr 0 00:00:00, Sys 0 00:00:02  -  Run Local Usage
...
003 (5300.010.000) 11/08 12:47:30 Job was checkpointed.
	Usr 8 08:51:30, Sys 0 00:00:09  -  Run Remote Usage
		Usr 0 00:00:00, Sys 0 00:00:02  -  Run Local Usage
...
003 (5300.010.000) 11/08 15:47:34 Job was checkpointed.
	Usr 8 11:51:24, Sys 0 00:00:09  -  Run Remote Usage
		Usr 0 00:00:00, Sys 0 00:00:02  -  Run Local Usage
...
003 (5300.010.000) 11/08 18:47:35 Job was checkpointed.
	Usr 8 14:51:15, Sys 0 00:00:09  -  Run Remote Usage
		Usr 0 00:00:00, Sys 0 00:00:03  -  Run Local Usage
...
003 (5300.010.000) 11/08 21:47:39 Job was checkpointed.
	Usr 8 17:51:08, Sys 0 00:00:09  -  Run Remote Usage
		Usr 0 00:00:00, Sys 0 00:00:03  -  Run Local Usage
...
003 (5300.010.000) 11/09 00:47:42 Job was checkpointed.
	Usr 8 20:51:05, Sys 0 00:00:09  -  Run Remote Usage
		Usr 0 00:00:00, Sys 0 00:00:03  -  Run Local Usage
...
003 (5300.010.000) 11/09 03:47:43 Job was checkpointed.
	Usr 8 23:50:50, Sys 0 00:00:10  -  Run Remote Usage
		Usr 0 00:00:00, Sys 0 00:00:03  -  Run Local Usage
...
003 (5300.010.000) 11/09 06:47:43 Job was checkpointed.
	Usr 9 02:50:39, Sys 0 00:00:10  -  Run Remote Usage
		Usr 0 00:00:00, Sys 0 00:00:03  -  Run Local Usage
...
003 (5300.010.000) 11/09 09:47:45 Job was checkpointed.
	Usr 9 05:50:31, Sys 0 00:00:10  -  Run Remote Usage
		Usr 0 00:00:00, Sys 0 00:00:03  -  Run Local Usage
...
003 (5300.010.000) 11/09 12:47:48 Job was checkpointed.
	Usr 9 08:50:22, Sys 0 00:00:10  -  Run Remote Usage
		Usr 0 00:00:00, Sys 0 00:00:03  -  Run Local Usage
...
003 (5300.010.000) 11/09 15:47:50 Job was checkpointed.
	Usr 9 11:50:15, Sys 0 00:00:10  -  Run Remote Usage
		Usr 0 00:00:00, Sys 0 00:00:03  -  Run Local Usage
...
003 (5300.010.000) 11/09 18:47:52 Job was checkpointed.
	Usr 9 14:50:08, Sys 0 00:00:10  -  Run Remote Usage
		Usr 0 00:00:00, Sys 0 00:00:03  -  Run Local Usage
...
003 (5300.010.000) 11/09 21:47:54 Job was checkpointed.
	Usr 9 17:50:00, Sys 0 00:00:10  -  Run Remote Usage
		Usr 0 00:00:00, Sys 0 00:00:03  -  Run Local Usage
...
003 (5300.010.000) 11/10 00:47:55 Job was checkpointed.
	Usr 9 20:49:53, Sys 0 00:00:11  -  Run Remote Usage
		Usr 0 00:00:00, Sys 0 00:00:03  -  Run Local Usage
...
003 (5300.010.000) 11/10 03:47:56 Job was checkpointed.
	Usr 9 23:49:42, Sys 0 00:00:11  -  Run Remote Usage
		Usr 0 00:00:00, Sys 0 00:00:03  -  Run Local Usage
...
003 (5300.010.000) 11/10 06:47:57 Job was checkpointed.
	Usr 10 02:49:34, Sys 0 00:00:11  -  Run Remote Usage
		Usr 0 00:00:00, Sys 0 00:00:03  -  Run Local Usage
...
003 (5300.010.000) 11/10 09:47:57 Job was checkpointed.
	Usr 10 05:49:24, Sys 0 00:00:11  -  Run Remote Usage
		Usr 0 00:00:00, Sys 0 00:00:03  -  Run Local Usage
...
003 (5300.010.000) 11/10 12:47:59 Job was checkpointed.
	Usr 10 08:49:18, Sys 0 00:00:11  -  Run Remote Usage
		Usr 0 00:00:00, Sys 0 00:00:03  -  Run Local Usage
...
003 (5300.010.000) 11/10 15:48:00 Job was checkpointed.
	Usr 10 11:49:10, Sys 0 00:00:11  -  Run Remote Usage
		Usr 0 00:00:00, Sys 0 00:00:03  -  Run Local Usage
...
003 (5300.010.000) 11/10 18:48:04 Job was checkpointed.
	Usr 10 14:49:05, Sys 0 00:00:11  -  Run Remote Usage
		Usr 0 00:00:00, Sys 0 00:00:03  -  Run Local Usage
...
003 (5300.010.000) 11/10 21:48:08 Job was checkpointed.
	Usr 10 17:49:00, Sys 0 00:00:11  -  Run Remote Usage
		Usr 0 00:00:00, Sys 0 00:00:03  -  Run Local Usage
...
003 (5300.010.000) 11/11 00:48:12 Job was checkpointed.
	Usr 10 20:48:54, Sys 0 00:00:11  -  Run Remote Usage
		Usr 0 00:00:00, Sys 0 00:00:03  -  Run Local Usage
...
003 (5300.010.000) 11/11 03:48:15 Job was checkpointed.
	Usr 10 23:48:45, Sys 0 00:00:12  -  Run Remote Usage
		Usr 0 00:00:00, Sys 0 00:00:03  -  Run Local Usage
...
003 (5300.010.000) 11/11 06:48:20 Job was checkpointed.
	Usr 11 02:48:39, Sys 0 00:00:12  -  Run Remote Usage
		Usr 0 00:00:00, Sys 0 00:00:03  -  Run Local Usage
...
003 (5300.010.000) 11/11 09:48:25 Job was checkpointed.
	Usr 11 05:48:35, Sys 0 00:00:12  -  Run Remote Usage
		Usr 0 00:00:00, Sys 0 00:00:03  -  Run Local Usage
...
003 (5300.010.000) 11/11 12:48:26 Job was checkpointed.
	Usr 11 08:48:27, Sys 0 00:00:12  -  Run Remote Usage
		Usr 0 00:00:00, Sys 0 00:00:03  -  Run Local Usage
...
003 (5300.010.000) 11/11 15:48:29 Job was checkpointed.
	Usr 11 11:48:24, Sys 0 00:00:12  -  Run Remote Usage
		Usr 0 00:00:00, Sys 0 00:00:03  -  Run Local Usage
...
003 (5300.010.000) 11/11 18:48:34 Job was checkpointed.
	Usr 11 14:48:18, Sys 0 00:00:12  -  Run Remote Usage
		Usr 0 00:00:00, Sys 0 00:00:03  -  Run Local Usage
...
003 (5300.010.000) 11/11 21:48:35 Job was checkpointed.
	Usr 11 17:48:08, Sys 0 00:00:12  -  Run Remote Usage
		Usr 0 00:00:00, Sys 0 00:00:03  -  Run Local Usage
...
003 (5300.010.000) 11/12 00:48:36 Job was checkpointed.
	Usr 11 20:48:01, Sys 0 00:00:12  -  Run Remote Usage
		Usr 0 00:00:00, Sys 0 00:00:03  -  Run Local Usage
...
006 (5300.010.000) 11/12 03:48:36 Image size of job updated: 12437
...
003 (5300.010.000) 11/12 03:48:37 Job was checkpointed.
	Usr 11 23:47:49, Sys 0 00:00:12  -  Run Remote Usage
		Usr 0 00:00:00, Sys 0 00:00:03  -  Run Local Usage
...
003 (5300.010.000) 11/12 06:48:41 Job was checkpointed.
	Usr 12 02:47:44, Sys 0 00:00:13  -  Run Remote Usage
		Usr 0 00:00:00, Sys 0 00:00:03  -  Run Local Usage
...
003 (5300.010.000) 11/12 09:48:44 Job was checkpointed.
	Usr 12 05:47:39, Sys 0 00:00:13  -  Run Remote Usage
		Usr 0 00:00:00, Sys 0 00:00:03  -  Run Local Usage
...
003 (5300.010.000) 11/12 12:48:47 Job was checkpointed.
	Usr 12 08:47:33, Sys 0 00:00:13  -  Run Remote Usage
		Usr 0 00:00:00, Sys 0 00:00:04  -  Run Local Usage
...
003 (5300.010.000) 11/12 15:48:49 Job was checkpointed.
	Usr 12 11:47:25, Sys 0 00:00:13  -  Run Remote Usage
		Usr 0 00:00:00, Sys 0 00:00:04  -  Run Local Usage
...
003 (5300.010.000) 11/12 18:48:53 Job was checkpointed.
	Usr 12 14:47:21, Sys 0 00:00:13  -  Run Remote Usage
		Usr 0 00:00:00, Sys 0 00:00:04  -  Run Local Usage
...
003 (5300.010.000) 11/12 21:48:54 Job was checkpointed.
	Usr 12 17:47:12, Sys 0 00:00:13  -  Run Remote Usage
		Usr 0 00:00:00, Sys 0 00:00:04  -  Run Local Usage
...
003 (5300.010.000) 11/13 00:48:58 Job was checkpointed.
	Usr 12 20:47:03, Sys 0 00:00:13  -  Run Remote Usage
		Usr 0 00:00:00, Sys 0 00:00:04  -  Run Local Usage
...
003 (5300.010.000) 11/13 03:49:04 Job was checkpointed.
	Usr 12 23:46:53, Sys 0 00:00:14  -  Run Remote Usage
		Usr 0 00:00:00, Sys 0 00:00:04  -  Run Local Usage
...
003 (5300.010.000) 11/13 06:49:07 Job was checkpointed.
	Usr 13 02:46:46, Sys 0 00:00:14  -  Run Remote Usage
		Usr 0 00:00:00, Sys 0 00:00:04  -  Run Local Usage
...
003 (5300.010.000) 11/13 09:49:09 Job was checkpointed.
	Usr 13 05:46:41, Sys 0 00:00:14  -  Run Remote Usage
		Usr 0 00:00:00, Sys 0 00:00:04  -  Run Local Usage
...
003 (5300.010.000) 11/13 12:49:13 Job was checkpointed.
	Usr 13 08:46:37, Sys 0 00:00:14  -  Run Remote Usage
		Usr 0 00:00:00, Sys 0 00:00:04  -  Run Local Usage
...
003 (5300.010.000) 11/13 15:49:13 Job was checkpointed.
	Usr 13 11:46:27, Sys 0 00:00:14  -  Run Remote Usage
		Usr 0 00:00:00, Sys 0 00:00:04  -  Run Local Usage
...
003 (5300.010.000) 11/13 18:49:17 Job was checkpointed.
	Usr 13 14:46:19, Sys 0 00:00:14  -  Run Remote Usage
		Usr 0 00:00:00, Sys 0 00:00:04  -  Run Local Usage
...
003 (5300.010.000) 11/13 21:49:20 Job was checkpointed.
	Usr 13 17:46:14, Sys 0 00:00:14  -  Run Remote Usage
		Usr 0 00:00:00, Sys 0 00:00:04  -  Run Local Usage
...
003 (5300.010.000) 11/14 00:49:21 Job was checkpointed.
	Usr 13 20:46:07, Sys 0 00:00:15  -  Run Remote Usage
		Usr 0 00:00:00, Sys 0 00:00:04  -  Run Local Usage
...
003 (5300.010.000) 11/14 03:49:22 Job was checkpointed.
	Usr 13 23:45:56, Sys 0 00:00:15  -  Run Remote Usage
		Usr 0 00:00:00, Sys 0 00:00:04  -  Run Local Usage
...
003 (5300.010.000) 11/14 06:49:22 Job was checkpointed.
	Usr 14 02:45:45, Sys 0 00:00:15  -  Run Remote Usage
		Usr 0 00:00:00, Sys 0 00:00:04  -  Run Local Usage
...
003 (5300.010.000) 11/14 09:49:27 Job was checkpointed.
	Usr 14 05:45:40, Sys 0 00:00:15  -  Run Remote Usage
		Usr 0 00:00:00, Sys 0 00:00:04  -  Run Local Usage
...
003 (5300.010.000) 11/14 12:49:28 Job was checkpointed.
	Usr 14 08:45:30, Sys 0 00:00:15  -  Run Remote Usage
		Usr 0 00:00:00, Sys 0 00:00:04  -  Run Local Usage
...
003 (5300.010.000) 11/14 15:49:29 Job was checkpointed.
	Usr 14 11:45:19, Sys 0 00:00:15  -  Run Remote Usage
		Usr 0 00:00:00, Sys 0 00:00:04  -  Run Local Usage
...
003 (5300.010.000) 11/14 18:49:30 Job was checkpointed.
	Usr 14 14:45:10, Sys 0 00:00:16  -  Run Remote Usage
		Usr 0 00:00:00, Sys 0 00:00:04  -  Run Local Usage
...
003 (5300.010.000) 11/14 21:49:31 Job was checkpointed.
	Usr 14 17:45:02, Sys 0 00:00:16  -  Run Remote Usage
		Usr 0 00:00:00, Sys 0 00:00:04  -  Run Local Usage
...
003 (5300.010.000) 11/15 00:49:33 Job was checkpointed.
	Usr 14 20:44:53, Sys 0 00:00:16  -  Run Remote Usage
		Usr 0 00:00:00, Sys 0 00:00:04  -  Run Local Usage
...
003 (5300.010.000) 11/15 03:49:36 Job was checkpointed.
	Usr 14 23:44:42, Sys 0 00:00:17  -  Run Remote Usage
		Usr 0 00:00:00, Sys 0 00:00:04  -  Run Local Usage
...
003 (5300.010.000) 11/15 06:49:40 Job was checkpointed.
	Usr 15 02:44:39, Sys 0 00:00:17  -  Run Remote Usage
		Usr 0 00:00:00, Sys 0 00:00:04  -  Run Local Usage
...
003 (5300.010.000) 11/15 09:49:40 Job was checkpointed.
	Usr 15 05:44:29, Sys 0 00:00:17  -  Run Remote Usage
		Usr 0 00:00:00, Sys 0 00:00:04  -  Run Local Usage
...
003 (5300.010.000) 11/15 12:49:44 Job was checkpointed.
	Usr 15 08:44:24, Sys 0 00:00:17  -  Run Remote Usage
		Usr 0 00:00:00, Sys 0 00:00:04  -  Run Local Usage
...
003 (5300.010.000) 11/15 15:49:48 Job was checkpointed.
	Usr 15 11:44:20, Sys 0 00:00:17  -  Run Remote Usage
		Usr 0 00:00:00, Sys 0 00:00:04  -  Run Local Usage
...
003 (5300.010.000) 11/15 18:49:50 Job was checkpointed.
	Usr 15 14:44:14, Sys 0 00:00:17  -  Run Remote Usage
		Usr 0 00:00:00, Sys 0 00:00:04  -  Run Local Usage
...
003 (5300.010.000) 11/15 21:49:50 Job was checkpointed.
	Usr 15 17:44:07, Sys 0 00:00:17  -  Run Remote Usage
		Usr 0 00:00:00, Sys 0 00:00:04  -  Run Local Usage
...
003 (5300.010.000) 11/16 00:49:54 Job was checkpointed.
	Usr 15 20:44:02, Sys 0 00:00:17  -  Run Remote Usage
		Usr 0 00:00:00, Sys 0 00:00:05  -  Run Local Usage
...
003 (5300.010.000) 11/16 03:49:57 Job was checkpointed.
	Usr 15 23:43:49, Sys 0 00:00:18  -  Run Remote Usage
		Usr 0 00:00:00, Sys 0 00:00:05  -  Run Local Usage
...
003 (5300.010.000) 11/16 06:50:01 Job was checkpointed.
	Usr 16 02:43:44, Sys 0 00:00:18  -  Run Remote Usage
		Usr 0 00:00:00, Sys 0 00:00:05  -  Run Local Usage
...
003 (5300.010.000) 11/16 09:50:03 Job was checkpointed.
	Usr 16 05:43:35, Sys 0 00:00:18  -  Run Remote Usage
		Usr 0 00:00:00, Sys 0 00:00:05  -  Run Local Usage
...
003 (5300.010.000) 11/16 12:50:06 Job was checkpointed.
	Usr 16 08:43:29, Sys 0 00:00:18  -  Run Remote Usage
		Usr 0 00:00:01, Sys 0 00:00:05  -  Run Local Usage
...
003 (5300.010.000) 11/16 15:50:07 Job was checkpointed.
	Usr 16 11:43:21, Sys 0 00:00:18  -  Run Remote Usage
		Usr 0 00:00:01, Sys 0 00:00:05  -  Run Local Usage
...
003 (5300.010.000) 11/16 18:50:10 Job was checkpointed.
	Usr 16 14:43:14, Sys 0 00:00:18  -  Run Remote Usage
		Usr 0 00:00:01, Sys 0 00:00:05  -  Run Local Usage
...
003 (5300.010.000) 11/16 21:50:12 Job was checkpointed.
	Usr 16 17:43:06, Sys 0 00:00:18  -  Run Remote Usage
		Usr 0 00:00:01, Sys 0 00:00:05  -  Run Local Usage
...
003 (5300.010.000) 11/17 00:50:13 Job was checkpointed.
	Usr 16 20:42:57, Sys 0 00:00:18  -  Run Remote Usage
		Usr 0 00:00:01, Sys 0 00:00:05  -  Run Local Usage
...
003 (5300.010.000) 11/17 03:50:16 Job was checkpointed.
	Usr 16 23:42:47, Sys 0 00:00:19  -  Run Remote Usage
		Usr 0 00:00:01, Sys 0 00:00:05  -  Run Local Usage
...
003 (5300.010.000) 11/17 06:50:20 Job was checkpointed.
	Usr 17 02:42:43, Sys 0 00:00:19  -  Run Remote Usage
		Usr 0 00:00:01, Sys 0 00:00:05  -  Run Local Usage
...
003 (5300.010.000) 11/17 09:50:24 Job was checkpointed.
	Usr 17 05:42:39, Sys 0 00:00:19  -  Run Remote Usage
		Usr 0 00:00:01, Sys 0 00:00:05  -  Run Local Usage
...
003 (5300.010.000) 11/17 12:50:28 Job was checkpointed.
	Usr 17 08:42:33, Sys 0 00:00:19  -  Run Remote Usage
		Usr 0 00:00:01, Sys 0 00:00:05  -  Run Local Usage
...
003 (5300.010.000) 11/17 15:50:28 Job was checkpointed.
	Usr 17 11:42:22, Sys 0 00:00:19  -  Run Remote Usage
		Usr 0 00:00:01, Sys 0 00:00:05  -  Run Local Usage
...
003 (5300.010.000) 11/17 18:50:31 Job was checkpointed.
	Usr 17 14:42:16, Sys 0 00:00:19  -  Run Remote Usage
		Usr 0 00:00:01, Sys 0 00:00:05  -  Run Local Usage
...
003 (5300.010.000) 11/17 21:50:31 Job was checkpointed.
	Usr 17 17:42:07, Sys 0 00:00:19  -  Run Remote Usage
		Usr 0 00:00:01, Sys 0 00:00:05  -  Run Local Usage
...
003 (5300.010.000) 11/18 00:50:34 Job was checkpointed.
	Usr 17 20:41:58, Sys 0 00:00:19  -  Run Remote Usage
		Usr 0 00:00:01, Sys 0 00:00:05  -  Run Local Usage
...
003 (5300.010.000) 11/18 03:50:34 Job was checkpointed.
	Usr 17 23:41:48, Sys 0 00:00:19  -  Run Remote Usage
		Usr 0 00:00:01, Sys 0 00:00:05  -  Run Local Usage
...
003 (5300.010.000) 11/18 06:50:37 Job was checkpointed.
	Usr 18 02:41:41, Sys 0 00:00:20  -  Run Remote Usage
		Usr 0 00:00:01, Sys 0 00:00:05  -  Run Local Usage
...
003 (5300.010.000) 11/18 09:50:40 Job was checkpointed.
	Usr 18 05:41:35, Sys 0 00:00:20  -  Run Remote Usage
		Usr 0 00:00:01, Sys 0 00:00:05  -  Run Local Usage
...
003 (5300.010.000) 11/18 12:50:45 Job was checkpointed.
	Usr 18 08:41:32, Sys 0 00:00:20  -  Run Remote Usage
		Usr 0 00:00:01, Sys 0 00:00:05  -  Run Local Usage
...
003 (5300.010.000) 11/18 15:50:45 Job was checkpointed.
	Usr 18 11:41:24, Sys 0 00:00:20  -  Run Remote Usage
		Usr 0 00:00:01, Sys 0 00:00:05  -  Run Local Usage
...
003 (5300.010.000) 11/18 18:50:48 Job was checkpointed.
	Usr 18 14:41:18, Sys 0 00:00:20  -  Run Remote Usage
		Usr 0 00:00:01, Sys 0 00:00:05  -  Run Local Usage
...
003 (5300.010.000) 11/18 21:50:51 Job was checkpointed.
	Usr 18 17:41:11, Sys 0 00:00:20  -  Run Remote Usage
		Usr 0 00:00:01, Sys 0 00:00:05  -  Run Local Usage
...
003 (5300.010.000) 11/19 00:50:56 Job was checkpointed.
	Usr 18 20:41:06, Sys 0 00:00:20  -  Run Remote Usage
		Usr 0 00:00:01, Sys 0 00:00:05  -  Run Local Usage
...
003 (5300.010.000) 11/19 03:50:59 Job was checkpointed.
	Usr 18 23:40:57, Sys 0 00:00:21  -  Run Remote Usage
		Usr 0 00:00:01, Sys 0 00:00:05  -  Run Local Usage
...
003 (5300.010.000) 11/19 06:51:01 Job was checkpointed.
	Usr 19 02:40:50, Sys 0 00:00:21  -  Run Remote Usage
		Usr 0 00:00:01, Sys 0 00:00:05  -  Run Local Usage
...
003 (5300.010.000) 11/19 09:51:04 Job was checkpointed.
	Usr 19 05:40:43, Sys 0 00:00:21  -  Run Remote Usage
		Usr 0 00:00:01, Sys 0 00:00:05  -  Run Local Usage
...
003 (5300.010.000) 11/19 12:51:05 Job was checkpointed.
	Usr 19 08:40:33, Sys 0 00:00:21  -  Run Remote Usage
		Usr 0 00:00:01, Sys 0 00:00:05  -  Run Local Usage
...
003 (5300.010.000) 11/19 15:51:08 Job was checkpointed.
	Usr 19 11:40:26, Sys 0 00:00:21  -  Run Remote Usage
		Usr 0 00:00:01, Sys 0 00:00:05  -  Run Local Usage
...
003 (5300.010.000) 11/19 18:51:09 Job was checkpointed.
	Usr 19 14:40:17, Sys 0 00:00:21  -  Run Remote Usage
		Usr 0 00:00:01, Sys 0 00:00:06  -  Run Local Usage
...
003 (5300.010.000) 11/19 21:51:12 Job was checkpointed.
	Usr 19 17:40:10, Sys 0 00:00:21  -  Run Remote Usage
		Usr 0 00:00:01, Sys 0 00:00:06  -  Run Local Usage
...
003 (5300.010.000) 11/20 00:51:14 Job was checkpointed.
	Usr 19 20:40:03, Sys 0 00:00:21  -  Run Remote Usage
		Usr 0 00:00:01, Sys 0 00:00:06  -  Run Local Usage
...
003 (5300.010.000) 11/20 03:51:16 Job was checkpointed.
	Usr 19 23:39:48, Sys 0 00:00:23  -  Run Remote Usage
		Usr 0 00:00:01, Sys 0 00:00:06  -  Run Local Usage
...
003 (5300.010.000) 11/20 06:51:19 Job was checkpointed.
	Usr 20 02:39:41, Sys 0 00:00:23  -  Run Remote Usage
		Usr 0 00:00:01, Sys 0 00:00:06  -  Run Local Usage
...
003 (5300.010.000) 11/20 09:51:22 Job was checkpointed.
	Usr 20 05:39:35, Sys 0 00:00:23  -  Run Remote Usage
		Usr 0 00:00:01, Sys 0 00:00:06  -  Run Local Usage
...
003 (5300.010.000) 11/20 12:51:23 Job was checkpointed.
	Usr 20 08:39:24, Sys 0 00:00:23  -  Run Remote Usage
		Usr 0 00:00:01, Sys 0 00:00:06  -  Run Local Usage
...
003 (5300.010.000) 11/20 15:51:28 Job was checkpointed.
	Usr 20 11:39:19, Sys 0 00:00:23  -  Run Remote Usage
		Usr 0 00:00:01, Sys 0 00:00:06  -  Run Local Usage
...
003 (5300.010.000) 11/20 18:51:31 Job was checkpointed.
	Usr 20 14:39:13, Sys 0 00:00:23  -  Run Remote Usage
		Usr 0 00:00:01, Sys 0 00:00:06  -  Run Local Usage
...
003 (5300.010.000) 11/20 21:51:34 Job was checkpointed.
	Usr 20 17:39:08, Sys 0 00:00:23  -  Run Remote Usage
		Usr 0 00:00:01, Sys 0 00:00:06  -  Run Local Usage
...
003 (5300.010.000) 11/21 00:51:36 Job was checkpointed.
	Usr 20 20:38:58, Sys 0 00:00:23  -  Run Remote Usage
		Usr 0 00:00:01, Sys 0 00:00:06  -  Run Local Usage
...
003 (5300.010.000) 11/21 03:51:37 Job was checkpointed.
	Usr 20 23:38:47, Sys 0 00:00:23  -  Run Remote Usage
		Usr 0 00:00:01, Sys 0 00:00:06  -  Run Local Usage
...
003 (5300.010.000) 11/21 06:51:37 Job was checkpointed.
	Usr 21 02:38:40, Sys 0 00:00:24  -  Run Remote Usage
		Usr 0 00:00:01, Sys 0 00:00:06  -  Run Local Usage
...
003 (5300.010.000) 11/21 09:51:38 Job was checkpointed.
	Usr 21 05:38:30, Sys 0 00:00:24  -  Run Remote Usage
		Usr 0 00:00:01, Sys 0 00:00:06  -  Run Local Usage
...
003 (5300.010.000) 11/21 12:51:42 Job was checkpointed.
	Usr 21 08:38:26, Sys 0 00:00:24  -  Run Remote Usage
		Usr 0 00:00:01, Sys 0 00:00:06  -  Run Local Usage
...
003 (5300.010.000) 11/21 15:51:42 Job was checkpointed.
	Usr 21 11:38:17, Sys 0 00:00:24  -  Run Remote Usage
		Usr 0 00:00:01, Sys 0 00:00:06  -  Run Local Usage
...
003 (5300.010.000) 11/21 18:51:48 Job was checkpointed.
	Usr 21 14:38:13, Sys 0 00:00:24  -  Run Remote Usage
		Usr 0 00:00:01, Sys 0 00:00:06  -  Run Local Usage
...
003 (5300.010.000) 11/21 21:51:52 Job was checkpointed.
	Usr 21 17:38:07, Sys 0 00:00:24  -  Run Remote Usage
		Usr 0 00:00:01, Sys 0 00:00:06  -  Run Local Usage
...
003 (5300.010.000) 11/22 00:51:52 Job was checkpointed.
	Usr 21 20:37:57, Sys 0 00:00:24  -  Run Remote Usage
		Usr 0 00:00:01, Sys 0 00:00:06  -  Run Local Usage
...
003 (5300.010.000) 11/22 03:51:56 Job was checkpointed.
	Usr 21 23:37:47, Sys 0 00:00:24  -  Run Remote Usage
		Usr 0 00:00:01, Sys 0 00:00:06  -  Run Local Usage
...
003 (5300.010.000) 11/22 06:52:00 Job was checkpointed.
	Usr 22 02:37:44, Sys 0 00:00:24  -  Run Remote Usage
		Usr 0 00:00:01, Sys 0 00:00:06  -  Run Local Usage
...
003 (5300.010.000) 11/22 09:52:01 Job was checkpointed.
	Usr 22 05:37:36, Sys 0 00:00:24  -  Run Remote Usage
		Usr 0 00:00:01, Sys 0 00:00:06  -  Run Local Usage
...
003 (5300.010.000) 11/22 12:52:03 Job was checkpointed.
	Usr 22 08:37:29, Sys 0 00:00:24  -  Run Remote Usage
		Usr 0 00:00:01, Sys 0 00:00:06  -  Run Local Usage
...
003 (5300.010.000) 11/22 15:52:05 Job was checkpointed.
	Usr 22 11:37:22, Sys 0 00:00:25  -  Run Remote Usage
		Usr 0 00:00:01, Sys 0 00:00:06  -  Run Local Usage
...
003 (5300.010.000) 11/22 18:52:06 Job was checkpointed.
	Usr 22 14:37:14, Sys 0 00:00:25  -  Run Remote Usage
		Usr 0 00:00:01, Sys 0 00:00:06  -  Run Local Usage
...
003 (5300.010.000) 11/22 21:52:08 Job was checkpointed.
	Usr 22 17:37:06, Sys 0 00:00:25  -  Run Remote Usage
		Usr 0 00:00:01, Sys 0 00:00:06  -  Run Local Usage
...
003 (5300.010.000) 11/23 00:52:11 Job was checkpointed.
	Usr 22 20:36:59, Sys 0 00:00:25  -  Run Remote Usage
		Usr 0 00:00:01, Sys 0 00:00:06  -  Run Local Usage
...
003 (5300.010.000) 11/23 03:52:11 Job was checkpointed.
	Usr 22 23:36:46, Sys 0 00:00:25  -  Run Remote Usage
		Usr 0 00:00:01, Sys 0 00:00:06  -  Run Local Usage
...
003 (5300.010.000) 11/23 06:52:14 Job was checkpointed.
	Usr 23 02:36:44, Sys 0 00:00:25  -  Run Remote Usage
		Usr 0 00:00:01, Sys 0 00:00:06  -  Run Local Usage
...
003 (5300.010.000) 11/23 09:52:17 Job was checkpointed.
	Usr 23 05:36:45, Sys 0 00:00:25  -  Run Remote Usage
		Usr 0 00:00:01, Sys 0 00:00:07  -  Run Local Usage
...
003 (5300.010.000) 11/23 12:52:22 Job was checkpointed.
	Usr 23 08:36:48, Sys 0 00:00:25  -  Run Remote Usage
		Usr 0 00:00:01, Sys 0 00:00:07  -  Run Local Usage
...
003 (5300.010.000) 11/23 15:52:23 Job was checkpointed.
	Usr 23 11:36:47, Sys 0 00:00:25  -  Run Remote Usage
		Usr 0 00:00:01, Sys 0 00:00:07  -  Run Local Usage
...
003 (5300.010.000) 11/23 18:52:25 Job was checkpointed.
	Usr 23 14:36:48, Sys 0 00:00:25  -  Run Remote Usage
		Usr 0 00:00:01, Sys 0 00:00:07  -  Run Local Usage
...
003 (5300.010.000) 11/23 21:52:27 Job was checkpointed.
	Usr 23 17:36:49, Sys 0 00:00:25  -  Run Remote Usage
		Usr 0 00:00:01, Sys 0 00:00:07  -  Run Local Usage
...
003 (5300.010.000) 11/24 00:52:31 Job was checkpointed.
	Usr 23 20:36:51, Sys 0 00:00:25  -  Run Remote Usage
		Usr 0 00:00:01, Sys 0 00:00:07  -  Run Local Usage
...
003 (5300.010.000) 11/24 03:52:34 Job was checkpointed.
	Usr 23 23:36:53, Sys 0 00:00:25  -  Run Remote Usage
		Usr 0 00:00:01, Sys 0 00:00:07  -  Run Local Usage
...
003 (5300.010.000) 11/24 06:52:35 Job was checkpointed.
	Usr 24 02:36:52, Sys 0 00:00:25  -  Run Remote Usage
		Usr 0 00:00:01, Sys 0 00:00:07  -  Run Local Usage
...
003 (5300.010.000) 11/24 09:52:40 Job was checkpointed.
	Usr 24 05:36:55, Sys 0 00:00:25  -  Run Remote Usage
		Usr 0 00:00:01, Sys 0 00:00:07  -  Run Local Usage
...
003 (5300.010.000) 11/24 12:52:42 Job was checkpointed.
	Usr 24 08:36:56, Sys 0 00:00:25  -  Run Remote Usage
		Usr 0 00:00:01, Sys 0 00:00:07  -  Run Local Usage
...
003 (5300.010.000) 11/24 15:52:46 Job was checkpointed.
	Usr 24 11:36:58, Sys 0 00:00:25  -  Run Remote Usage
		Usr 0 00:00:01, Sys 0 00:00:07  -  Run Local Usage
...
003 (5300.010.000) 11/24 18:52:49 Job was checkpointed.
	Usr 24 14:37:00, Sys 0 00:00:25  -  Run Remote Usage
		Usr 0 00:00:01, Sys 0 00:00:07  -  Run Local Usage
...
003 (5300.010.000) 11/24 21:52:53 Job was checkpointed.
	Usr 24 17:37:01, Sys 0 00:00:25  -  Run Remote Usage
		Usr 0 00:00:01, Sys 0 00:00:07  -  Run Local Usage
...
003 (5300.010.000) 11/25 00:52:54 Job was checkpointed.
	Usr 222 01:58:00, Sys 0 00:00:25  -  Run Remote Usage
		Usr 0 00:00:01, Sys 0 00:00:07  -  Run Local Usage
...
003 (5300.010.000) 11/25 03:52:58 Job was checkpointed.
	Usr 222 04:58:03, Sys 0 00:00:25  -  Run Remote Usage
		Usr 0 00:00:01, Sys 0 00:00:07  -  Run Local Usage
...
003 (5300.010.000) 11/25 06:53:00 Job was checkpointed.
	Usr 222 07:58:03, Sys 0 00:00:25  -  Run Remote Usage
		Usr 0 00:00:01, Sys 0 00:00:07  -  Run Local Usage
...
003 (5300.010.000) 11/25 09:53:04 Job was checkpointed.
	Usr 222 10:58:06, Sys 0 00:00:25  -  Run Remote Usage
		Usr 0 00:00:01, Sys 0 00:00:07  -  Run Local Usage
...
003 (5300.010.000) 11/25 12:53:05 Job was checkpointed.
	Usr 222 13:58:05, Sys 0 00:00:25  -  Run Remote Usage
		Usr 0 00:00:01, Sys 0 00:00:07  -  Run Local Usage
...
003 (5300.010.000) 11/25 15:53:10 Job was checkpointed.
	Usr 222 16:58:08, Sys 0 00:00:25  -  Run Remote Usage
		Usr 0 00:00:01, Sys 0 00:00:07  -  Run Local Usage
...
003 (5300.010.000) 11/25 18:53:10 Job was checkpointed.
	Usr 222 19:58:07, Sys 0 00:00:25  -  Run Remote Usage
		Usr 0 00:00:01, Sys 0 00:00:07  -  Run Local Usage
...
003 (5300.010.000) 11/25 21:53:12 Job was checkpointed.
	Usr 222 22:58:07, Sys 0 00:00:25  -  Run Remote Usage
		Usr 0 00:00:01, Sys 0 00:00:07  -  Run Local Usage
...
003 (5300.010.000) 11/26 00:53:13 Job was checkpointed.
	Usr 223 01:58:07, Sys 0 00:00:25  -  Run Remote Usage
		Usr 0 00:00:01, Sys 0 00:00:07  -  Run Local Usage
...
003 (5300.010.000) 11/26 03:53:16 Job was checkpointed.
	Usr 223 04:58:08, Sys 0 00:00:25  -  Run Remote Usage
		Usr 0 00:00:01, Sys 0 00:00:07  -  Run Local Usage
...
003 (5300.010.000) 11/26 06:53:21 Job was checkpointed.
	Usr 223 07:58:12, Sys 0 00:00:25  -  Run Remote Usage
		Usr 0 00:00:01, Sys 0 00:00:07  -  Run Local Usage
...
003 (5300.010.000) 11/26 09:53:25 Job was checkpointed.
	Usr 223 10:58:13, Sys 0 00:00:25  -  Run Remote Usage
		Usr 0 00:00:01, Sys 0 00:00:07  -  Run Local Usage
...
003 (5300.010.000) 11/26 12:53:26 Job was checkpointed.
	Usr 223 13:58:13, Sys 0 00:00:25  -  Run Remote Usage
		Usr 0 00:00:01, Sys 0 00:00:07  -  Run Local Usage
...
003 (5300.010.000) 11/26 15:53:28 Job was checkpointed.
	Usr 223 16:58:13, Sys 0 00:00:25  -  Run Remote Usage
		Usr 0 00:00:01, Sys 0 00:00:07  -  Run Local Usage
...
003 (5300.010.000) 11/26 18:53:30 Job was checkpointed.
	Usr 223 19:58:14, Sys 0 00:00:25  -  Run Remote Usage
		Usr 0 00:00:01, Sys 0 00:00:07  -  Run Local Usage
...
003 (5300.010.000) 11/26 21:53:31 Job was checkpointed.
	Usr 223 22:58:13, Sys 0 00:00:25  -  Run Remote Usage
		Usr 0 00:00:01, Sys 0 00:00:07  -  Run Local Usage
...
003 (5300.010.000) 11/27 00:53:33 Job was checkpointed.
	Usr 224 01:58:14, Sys 0 00:00:25  -  Run Remote Usage
		Usr 0 00:00:01, Sys 0 00:00:07  -  Run Local Usage
...
003 (5300.010.000) 11/27 03:53:37 Job was checkpointed.
	Usr 224 04:58:16, Sys 0 00:00:25  -  Run Remote Usage
		Usr 0 00:00:01, Sys 0 00:00:08  -  Run Local Usage
...
003 (5300.010.000) 11/27 06:53:41 Job was checkpointed.
	Usr 224 07:58:18, Sys 0 00:00:25  -  Run Remote Usage
		Usr 0 00:00:01, Sys 0 00:00:08  -  Run Local Usage
...
003 (5300.010.000) 11/27 09:53:43 Job was checkpointed.
	Usr 224 10:58:19, Sys 0 00:00:25  -  Run Remote Usage
		Usr 0 00:00:01, Sys 0 00:00:08  -  Run Local Usage
...
003 (5300.010.000) 11/27 12:53:47 Job was checkpointed.
	Usr 224 13:58:21, Sys 0 00:00:25  -  Run Remote Usage
		Usr 0 00:00:01, Sys 0 00:00:08  -  Run Local Usage
...
003 (5300.010.000) 11/27 15:53:51 Job was checkpointed.
	Usr 224 16:58:23, Sys 0 00:00:25  -  Run Remote Usage
		Usr 0 00:00:01, Sys 0 00:00:08  -  Run Local Usage
...
003 (5300.010.000) 11/27 18:53:55 Job was checkpointed.
	Usr 224 19:58:25, Sys 0 00:00:25  -  Run Remote Usage
		Usr 0 00:00:01, Sys 0 00:00:08  -  Run Local Usage
...
003 (5300.010.000) 11/27 21:53:56 Job was checkpointed.
	Usr 224 22:58:25, Sys 0 00:00:25  -  Run Remote Usage
		Usr 0 00:00:01, Sys 0 00:00:08  -  Run Local Usage
...
003 (5300.010.000) 11/28 00:53:58 Job was checkpointed.
	Usr 225 01:58:25, Sys 0 00:00:25  -  Run Remote Usage
		Usr 0 00:00:01, Sys 0 00:00:08  -  Run Local Usage
...
003 (5300.010.000) 11/28 03:53:59 Job was checkpointed.
	Usr 225 04:58:25, Sys 0 00:00:25  -  Run Remote Usage
		Usr 0 00:00:01, Sys 0 00:00:08  -  Run Local Usage
...
003 (5300.010.000) 11/28 06:54:00 Job was checkpointed.
	Usr 225 07:58:24, Sys 0 00:00:25  -  Run Remote Usage
		Usr 0 00:00:01, Sys 0 00:00:08  -  Run Local Usage
...
003 (5300.010.000) 11/28 09:54:03 Job was checkpointed.
	Usr 225 10:58:26, Sys 0 00:00:25  -  Run Remote Usage
		Usr 0 00:00:01, Sys 0 00:00:08  -  Run Local Usage
...
003 (5300.010.000) 11/28 12:54:06 Job was checkpointed.
	Usr 225 13:58:27, Sys 0 00:00:25  -  Run Remote Usage
		Usr 0 00:00:01, Sys 0 00:00:08  -  Run Local Usage
...
003 (5300.010.000) 11/28 15:54:08 Job was checkpointed.
	Usr 225 16:58:27, Sys 0 00:00:25  -  Run Remote Usage
		Usr 0 00:00:01, Sys 0 00:00:08  -  Run Local Usage
...
003 (5300.010.000) 11/28 18:54:12 Job was checkpointed.
	Usr 225 19:58:30, Sys 0 00:00:25  -  Run Remote Usage
		Usr 0 00:00:01, Sys 0 00:00:08  -  Run Local Usage
...
003 (5300.010.000) 11/28 21:54:14 Job was checkpointed.
	Usr 225 22:58:30, Sys 0 00:00:25  -  Run Remote Usage
		Usr 0 00:00:01, Sys 0 00:00:08  -  Run Local Usage
...
003 (5300.010.000) 11/29 00:54:15 Job was checkpointed.
	Usr 226 01:58:30, Sys 0 00:00:25  -  Run Remote Usage
		Usr 0 00:00:01, Sys 0 00:00:08  -  Run Local Usage
...
003 (5300.010.000) 11/29 03:54:19 Job was checkpointed.
	Usr 226 04:58:32, Sys 0 00:00:25  -  Run Remote Usage
		Usr 0 00:00:01, Sys 0 00:00:08  -  Run Local Usage
...
003 (5300.010.000) 11/29 06:54:21 Job was checkpointed.
	Usr 226 07:58:33, Sys 0 00:00:25  -  Run Remote Usage
		Usr 0 00:00:01, Sys 0 00:00:08  -  Run Local Usage
...
003 (5300.010.000) 11/29 09:54:25 Job was checkpointed.
	Usr 226 10:58:34, Sys 0 00:00:25  -  Run Remote Usage
		Usr 0 00:00:01, Sys 0 00:00:08  -  Run Local Usage
...
003 (5300.010.000) 11/29 12:54:25 Job was checkpointed.
	Usr 226 13:58:33, Sys 0 00:00:25  -  Run Remote Usage
		Usr 0 00:00:01, Sys 0 00:00:08  -  Run Local Usage
...
003 (5300.010.000) 11/29 15:54:26 Job was checkpointed.
	Usr 226 16:58:32, Sys 0 00:00:25  -  Run Remote Usage
		Usr 0 00:00:01, Sys 0 00:00:08  -  Run Local Usage
...
003 (5300.010.000) 11/29 18:54:28 Job was checkpointed.
	Usr 226 19:58:32, Sys 0 00:00:25  -  Run Remote Usage
		Usr 0 00:00:01, Sys 0 00:00:08  -  Run Local Usage
...
003 (5300.010.000) 11/29 21:54:29 Job was checkpointed.
	Usr 226 22:58:32, Sys 0 00:00:25  -  Run Remote Usage
		Usr 0 00:00:01, Sys 0 00:00:08  -  Run Local Usage
...
003 (5300.010.000) 11/30 00:54:30 Job was checkpointed.
	Usr 227 01:58:31, Sys 0 00:00:25  -  Run Remote Usage
		Usr 0 00:00:01, Sys 0 00:00:08  -  Run Local Usage
...
003 (5300.010.000) 11/30 03:54:30 Job was checkpointed.
	Usr 227 04:58:30, Sys 0 00:00:25  -  Run Remote Usage
		Usr 0 00:00:01, Sys 0 00:00:08  -  Run Local Usage
...
003 (5300.010.000) 11/30 06:54:30 Job was checkpointed.
	Usr 227 07:58:28, Sys 0 00:00:25  -  Run Remote Usage
		Usr 0 00:00:01, Sys 0 00:00:08  -  Run Local Usage
...
003 (5300.010.000) 11/30 09:54:34 Job was checkpointed.
	Usr 227 10:58:30, Sys 0 00:00:25  -  Run Remote Usage
		Usr 0 00:00:01, Sys 0 00:00:08  -  Run Local Usage
...
003 (5300.010.000) 11/30 12:54:38 Job was checkpointed.
	Usr 227 13:58:32, Sys 0 00:00:25  -  Run Remote Usage
		Usr 0 00:00:01, Sys 0 00:00:08  -  Run Local Usage
...
003 (5300.010.000) 11/30 15:54:40 Job was checkpointed.
	Usr 227 16:58:33, Sys 0 00:00:25  -  Run Remote Usage
		Usr 0 00:00:01, Sys 0 00:00:08  -  Run Local Usage
...
003 (5300.010.000) 11/30 18:54:42 Job was checkpointed.
	Usr 227 19:58:33, Sys 0 00:00:25  -  Run Remote Usage
		Usr 0 00:00:01, Sys 0 00:00:09  -  Run Local Usage
...
003 (5300.010.000) 11/30 21:54:43 Job was checkpointed.
	Usr 227 22:58:33, Sys 0 00:00:25  -  Run Remote Usage
		Usr 0 00:00:01, Sys 0 00:00:09  -  Run Local Usage
...
003 (5300.010.000) 12/01 00:54:48 Job was checkpointed.
	Usr 228 01:58:36, Sys 0 00:00:25  -  Run Remote Usage
		Usr 0 00:00:01, Sys 0 00:00:09  -  Run Local Usage
...
003 (5300.010.000) 12/01 03:54:52 Job was checkpointed.
	Usr 228 04:58:39, Sys 0 00:00:25  -  Run Remote Usage
		Usr 0 00:00:01, Sys 0 00:00:09  -  Run Local Usage
...
003 (5300.010.000) 12/01 06:54:56 Job was checkpointed.
	Usr 228 07:58:41, Sys 0 00:00:25  -  Run Remote Usage
		Usr 0 00:00:01, Sys 0 00:00:09  -  Run Local Usage
...
003 (5300.010.000) 12/01 09:55:01 Job was checkpointed.
	Usr 228 10:58:44, Sys 0 00:00:25  -  Run Remote Usage
		Usr 0 00:00:01, Sys 0 00:00:09  -  Run Local Usage
...
003 (5300.010.000) 12/01 12:55:01 Job was checkpointed.
	Usr 228 13:58:43, Sys 0 00:00:25  -  Run Remote Usage
		Usr 0 00:00:01, Sys 0 00:00:09  -  Run Local Usage
...
003 (5300.010.000) 12/01 15:55:02 Job was checkpointed.
	Usr 228 16:58:42, Sys 0 00:00:25  -  Run Remote Usage
		Usr 0 00:00:01, Sys 0 00:00:09  -  Run Local Usage
...
003 (5300.010.000) 12/01 18:55:07 Job was checkpointed.
	Usr 228 19:58:46, Sys 0 00:00:25  -  Run Remote Usage
		Usr 0 00:00:01, Sys 0 00:00:09  -  Run Local Usage
...
003 (5300.010.000) 12/01 21:55:09 Job was checkpointed.
	Usr 228 22:58:46, Sys 0 00:00:25  -  Run Remote Usage
		Usr 0 00:00:01, Sys 0 00:00:09  -  Run Local Usage
...
003 (5300.010.000) 12/02 00:55:12 Job was checkpointed.
	Usr 229 01:58:47, Sys 0 00:00:25  -  Run Remote Usage
		Usr 0 00:00:01, Sys 0 00:00:09  -  Run Local Usage
...
003 (5300.010.000) 12/02 03:55:13 Job was checkpointed.
	Usr 229 04:58:46, Sys 0 00:00:25  -  Run Remote Usage
		Usr 0 00:00:01, Sys 0 00:00:09  -  Run Local Usage
...
003 (5300.010.000) 12/02 06:55:13 Job was checkpointed.
	Usr 229 07:58:45, Sys 0 00:00:25  -  Run Remote Usage
		Usr 0 00:00:01, Sys 0 00:00:09  -  Run Local Usage
...
003 (5300.010.000) 12/02 09:55:14 Job was checkpointed.
	Usr 229 10:58:44, Sys 0 00:00:25  -  Run Remote Usage
		Usr 0 00:00:01, Sys 0 00:00:09  -  Run Local Usage
...
003 (5300.010.000) 12/02 12:55:15 Job was checkpointed.
	Usr 229 13:58:44, Sys 0 00:00:25  -  Run Remote Usage
		Usr 0 00:00:01, Sys 0 00:00:09  -  Run Local Usage
...
003 (5300.010.000) 12/02 15:55:18 Job was checkpointed.
	Usr 229 16:58:45, Sys 0 00:00:25  -  Run Remote Usage
		Usr 0 00:00:01, Sys 0 00:00:09  -  Run Local Usage
...
003 (5300.010.000) 12/02 18:55:18 Job was checkpointed.
	Usr 229 19:58:44, Sys 0 00:00:25  -  Run Remote Usage
		Usr 0 00:00:01, Sys 0 00:00:09  -  Run Local Usage
...
003 (5300.010.000) 12/02 21:55:21 Job was checkpointed.
	Usr 229 22:58:45, Sys 0 00:00:25  -  Run Remote Usage
		Usr 0 00:00:01, Sys 0 00:00:09  -  Run Local Usage
...
003 (5300.010.000) 12/03 00:55:27 Job was checkpointed.
	Usr 230 01:58:49, Sys 0 00:00:25  -  Run Remote Usage
		Usr 0 00:00:01, Sys 0 00:00:09  -  Run Local Usage
...
003 (5300.010.000) 12/03 03:55:26 Job was checkpointed.
	Usr 230 04:58:47, Sys 0 00:00:25  -  Run Remote Usage
		Usr 0 00:00:01, Sys 0 00:00:09  -  Run Local Usage
...
003 (5300.010.000) 12/03 06:55:31 Job was checkpointed.
	Usr 230 07:58:51, Sys 0 00:00:25  -  Run Remote Usage
		Usr 0 00:00:01, Sys 0 00:00:09  -  Run Local Usage
...
003 (5300.010.000) 12/03 09:55:35 Job was checkpointed.
	Usr 230 10:58:52, Sys 0 00:00:25  -  Run Remote Usage
		Usr 0 00:00:01, Sys 0 00:00:09  -  Run Local Usage
...
003 (5300.010.000) 12/03 12:55:38 Job was checkpointed.
	Usr 230 13:58:54, Sys 0 00:00:26  -  Run Remote Usage
		Usr 0 00:00:01, Sys 0 00:00:09  -  Run Local Usage
...
003 (5300.010.000) 12/03 15:55:39 Job was checkpointed.
	Usr 230 16:58:53, Sys 0 00:00:26  -  Run Remote Usage
		Usr 0 00:00:01, Sys 0 00:00:09  -  Run Local Usage
...
003 (5300.010.000) 12/03 18:55:43 Job was checkpointed.
	Usr 230 19:58:56, Sys 0 00:00:26  -  Run Remote Usage
		Usr 0 00:00:01, Sys 0 00:00:09  -  Run Local Usage
...
003 (5300.010.000) 12/03 21:55:46 Job was checkpointed.
	Usr 230 22:58:57, Sys 0 00:00:26  -  Run Remote Usage
		Usr 0 00:00:01, Sys 0 00:00:09  -  Run Local Usage
...
003 (5300.010.000) 12/04 00:55:50 Job was checkpointed.
	Usr 231 01:58:59, Sys 0 00:00:26  -  Run Remote Usage
		Usr 0 00:00:01, Sys 0 00:00:09  -  Run Local Usage
...
003 (5300.010.000) 12/04 03:55:54 Job was checkpointed.
	Usr 231 04:59:02, Sys 0 00:00:26  -  Run Remote Usage
		Usr 0 00:00:01, Sys 0 00:00:09  -  Run Local Usage
...
003 (5300.010.000) 12/04 06:55:56 Job was checkpointed.
	Usr 231 07:59:02, Sys 0 00:00:26  -  Run Remote Usage
		Usr 0 00:00:01, Sys 0 00:00:09  -  Run Local Usage
...
003 (5300.010.000) 12/04 09:55:57 Job was checkpointed.
	Usr 231 10:59:02, Sys 0 00:00:26  -  Run Remote Usage
		Usr 0 00:00:01, Sys 0 00:00:09  -  Run Local Usage
...
003 (5300.010.000) 12/04 12:56:00 Job was checkpointed.
	Usr 231 13:59:04, Sys 0 00:00:26  -  Run Remote Usage
		Usr 0 00:00:01, Sys 0 00:00:10  -  Run Local Usage
...
003 (5300.010.000) 12/04 15:56:04 Job was checkpointed.
	Usr 231 16:59:06, Sys 0 00:00:26  -  Run Remote Usage
		Usr 0 00:00:02, Sys 0 00:00:10  -  Run Local Usage
...
003 (5300.010.000) 12/04 18:56:07 Job was checkpointed.
	Usr 231 19:59:06, Sys 0 00:00:26  -  Run Remote Usage
		Usr 0 00:00:02, Sys 0 00:00:10  -  Run Local Usage
...
003 (5300.010.000) 12/04 21:56:10 Job was checkpointed.
	Usr 231 22:59:08, Sys 0 00:00:26  -  Run Remote Usage
		Usr 0 00:00:02, Sys 0 00:00:10  -  Run Local Usage
...
003 (5300.010.000) 12/05 00:56:12 Job was checkpointed.
	Usr 232 01:59:08, Sys 0 00:00:26  -  Run Remote Usage
		Usr 0 00:00:02, Sys 0 00:00:10  -  Run Local Usage
...
003 (5300.010.000) 12/05 03:56:12 Job was checkpointed.
	Usr 232 04:59:07, Sys 0 00:00:26  -  Run Remote Usage
		Usr 0 00:00:02, Sys 0 00:00:10  -  Run Local Usage
...
003 (5300.010.000) 12/05 06:56:13 Job was checkpointed.
	Usr 232 07:59:06, Sys 0 00:00:26  -  Run Remote Usage
		Usr 0 00:00:02, Sys 0 00:00:10  -  Run Local Usage
...
004 (5300.010.000) 12/05 07:16:13 Job was evicted.
	(1) Job was checkpointed.
		Usr 232 08:19:03, Sys 0 00:00:26  -  Run Remote Usage
		Usr 0 00:00:02, Sys 0 00:00:10  -  Run Local Usage
	703493888  -  Run Bytes Sent By Job
	7095401  -  Run Bytes Received By Job
...
001 (5300.010.000) 12/05 07:21:20 Job executing on host: <192.168.203.4:40203>
...
006 (5300.010.000) 12/05 10:21:20 Image size of job updated: 12437
...
003 (5300.010.000) 12/05 10:21:20 Job was checkpointed.
	Usr 0 02:59:57, Sys 0 00:00:00  -  Run Remote Usage
		Usr 0 00:00:00, Sys 0 00:00:00  -  Run Local Usage
...
003 (5300.010.000) 12/05 13:21:23 Job was checkpointed.
	Usr 0 05:59:58, Sys 0 00:00:00  -  Run Remote Usage
		Usr 0 00:00:00, Sys 0 00:00:00  -  Run Local Usage
...
003 (5300.010.000) 12/05 16:21:25 Job was checkpointed.
	Usr 0 08:59:59, Sys 0 00:00:00  -  Run Remote Usage
		Usr 0 00:00:00, Sys 0 00:00:00  -  Run Local Usage
...
003 (5300.010.000) 12/05 19:21:25 Job was checkpointed.
	Usr 0 11:59:57, Sys 0 00:00:00  -  Run Remote Usage
		Usr 0 00:00:00, Sys 0 00:00:00  -  Run Local Usage
...
003 (5300.010.000) 12/05 22:21:26 Job was checkpointed.
	Usr 0 14:59:56, Sys 0 00:00:00  -  Run Remote Usage
		Usr 0 00:00:00, Sys 0 00:00:00  -  Run Local Usage
...
003 (5300.010.000) 12/06 01:21:30 Job was checkpointed.
	Usr 0 17:59:58, Sys 0 00:00:00  -  Run Remote Usage
		Usr 0 00:00:00, Sys 0 00:00:00  -  Run Local Usage
...
003 (5300.010.000) 12/06 04:21:33 Job was checkpointed.
	Usr 0 20:59:59, Sys 0 00:00:00  -  Run Remote Usage
		Usr 0 00:00:00, Sys 0 00:00:00  -  Run Local Usage
...
003 (5300.010.000) 12/06 07:21:33 Job was checkpointed.
	Usr 0 23:59:57, Sys 0 00:00:00  -  Run Remote Usage
		Usr 0 00:00:00, Sys 0 00:00:00  -  Run Local Usage
...
003 (5300.010.000) 12/06 10:21:36 Job was checkpointed.
	Usr 1 02:59:58, Sys 0 00:00:00  -  Run Remote Usage
		Usr 0 00:00:00, Sys 0 00:00:00  -  Run Local Usage
...
003 (5300.010.000) 12/06 13:21:37 Job was checkpointed.
	Usr 1 05:59:57, Sys 0 00:00:00  -  Run Remote Usage
		Usr 0 00:00:00, Sys 0 00:00:00  -  Run Local Usage
...
003 (5300.010.000) 12/06 16:21:41 Job was checkpointed.
	Usr 1 09:00:00, Sys 0 00:00:00  -  Run Remote Usage
		Usr 0 00:00:00, Sys 0 00:00:00  -  Run Local Usage
...
003 (5300.010.000) 12/06 19:21:44 Job was checkpointed.
	Usr 1 12:00:02, Sys 0 00:00:00  -  Run Remote Usage
		Usr 0 00:00:00, Sys 0 00:00:00  -  Run Local Usage
...
003 (5300.010.000) 12/06 22:21:49 Job was checkpointed.
	Usr 1 15:00:05, Sys 0 00:00:00  -  Run Remote Usage
		Usr 0 00:00:00, Sys 0 00:00:00  -  Run Local Usage
...
003 (5300.010.000) 12/07 01:21:53 Job was checkpointed.
	Usr 1 18:00:07, Sys 0 00:00:00  -  Run Remote Usage
		Usr 0 00:00:00, Sys 0 00:00:00  -  Run Local Usage
...
003 (5300.010.000) 12/07 04:21:58 Job was checkpointed.
	Usr 1 21:00:10, Sys 0 00:00:00  -  Run Remote Usage
		Usr 0 00:00:00, Sys 0 00:00:00  -  Run Local Usage
...
003 (5300.010.000) 12/07 07:22:00 Job was checkpointed.
	Usr 2 00:00:10, Sys 0 00:00:00  -  Run Remote Usage
		Usr 0 00:00:00, Sys 0 00:00:00  -  Run Local Usage
...
003 (5300.010.000) 12/07 10:22:05 Job was checkpointed.
	Usr 2 03:00:13, Sys 0 00:00:00  -  Run Remote Usage
		Usr 0 00:00:00, Sys 0 00:00:00  -  Run Local Usage
...
003 (5300.010.000) 12/07 13:22:05 Job was checkpointed.
	Usr 2 06:00:12, Sys 0 00:00:00  -  Run Remote Usage
		Usr 0 00:00:00, Sys 0 00:00:00  -  Run Local Usage
...
003 (5300.010.000) 12/07 16:22:09 Job was checkpointed.
	Usr 2 09:00:14, Sys 0 00:00:00  -  Run Remote Usage
		Usr 0 00:00:00, Sys 0 00:00:00  -  Run Local Usage
...
003 (5300.010.000) 12/07 19:22:09 Job was checkpointed.
	Usr 2 12:00:12, Sys 0 00:00:00  -  Run Remote Usage
		Usr 0 00:00:00, Sys 0 00:00:00  -  Run Local Usage
...
003 (5300.010.000) 12/07 22:22:11 Job was checkpointed.
	Usr 2 15:00:12, Sys 0 00:00:00  -  Run Remote Usage
		Usr 0 00:00:00, Sys 0 00:00:00  -  Run Local Usage
...
003 (5300.010.000) 12/08 01:22:12 Job was checkpointed.
	Usr 2 18:00:12, Sys 0 00:00:00  -  Run Remote Usage
		Usr 0 00:00:00, Sys 0 00:00:00  -  Run Local Usage
...
003 (5300.010.000) 12/08 04:22:13 Job was checkpointed.
	Usr 2 21:00:11, Sys 0 00:00:00  -  Run Remote Usage
		Usr 0 00:00:00, Sys 0 00:00:01  -  Run Local Usage
...
004 (5300.010.000) 12/08 04:27:24 Job was evicted.
	(1) Job was checkpointed.
		Usr 2 21:05:20, Sys 0 00:00:00  -  Run Remote Usage
		Usr 0 00:00:00, Sys 0 00:00:01  -  Run Local Usage
	59904504  -  Run Bytes Sent By Job
	7035841  -  Run Bytes Received By Job
...
001 (5300.010.000) 12/08 04:36:11 Job executing on host: <192.168.203.15:50416>
...
006 (5300.010.000) 12/08 07:36:13 Image size of job updated: 12437
...
003 (5300.010.000) 12/08 07:36:13 Job was checkpointed.
	Usr 0 02:59:51, Sys 0 00:00:00  -  Run Remote Usage
		Usr 0 00:00:00, Sys 0 00:00:00  -  Run Local Usage
...
004 (5300.010.000) 12/08 07:37:34 Job was evicted.
	(1) Job was checkpointed.
		Usr 0 03:01:12, Sys 0 00:00:00  -  Run Remote Usage
		Usr 0 00:00:00, Sys 0 00:00:00  -  Run Local Usage
	4992335  -  Run Bytes Sent By Job
	7030429  -  Run Bytes Received By Job
...
001 (5300.010.000) 12/08 12:52:18 Job executing on host: <192.168.203.25:50120>
...
006 (5300.010.000) 12/08 12:57:13 Image size of job updated: 12437
...
004 (5300.010.000) 12/08 12:57:14 Job was evicted.
	(1) Job was checkpointed.
		Usr 0 00:04:54, Sys 0 00:00:00  -  Run Remote Usage
		Usr 0 00:00:00, Sys 0 00:00:00  -  Run Local Usage
	2496328  -  Run Bytes Sent By Job
	7030183  -  Run Bytes Received By Job
...
001 (5300.010.000) 12/08 13:14:08 Job executing on host: <170.140.162.75:39705>
...
006 (5300.010.000) 12/08 14:13:32 Image size of job updated: 12437
...
004 (5300.010.000) 12/08 14:13:32 Job was evicted.
	(1) Job was checkpointed.
		Usr 0 00:58:28, Sys 0 00:00:14  -  Run Remote Usage
		Usr 0 00:00:00, Sys 0 00:00:00  -  Run Local Usage
	2496328  -  Run Bytes Sent By Job
	7030183  -  Run Bytes Received By Job
...
001 (5300.010.000) 12/09 02:27:01 Job executing on host: <192.168.203.15:55737>
...
006 (5300.010.000) 12/09 05:27:05 Image size of job updated: 12437
...
003 (5300.010.000) 12/09 05:27:05 Job was checkpointed.
	Usr 0 02:59:47, Sys 0 00:00:00  -  Run Remote Usage
		Usr 0 00:00:00, Sys 0 00:00:00  -  Run Local Usage
...
003 (5300.010.000) 12/09 08:27:10 Job was checkpointed.
	Usr 0 05:59:41, Sys 0 00:00:00  -  Run Remote Usage
		Usr 0 00:00:00, Sys 0 00:00:00  -  Run Local Usage
...
003 (5300.010.000) 12/09 11:27:14 Job was checkpointed.
	Usr 0 08:59:34, Sys 0 00:00:00  -  Run Remote Usage
		Usr 0 00:00:00, Sys 0 00:00:00  -  Run Local Usage
...
003 (5300.010.000) 12/09 14:27:17 Job was checkpointed.
	Usr 0 11:59:26, Sys 0 00:00:01  -  Run Remote Usage
		Usr 0 00:00:00, Sys 0 00:00:00  -  Run Local Usage
...
003 (5300.010.000) 12/09 17:27:21 Job was checkpointed.
	Usr 0 14:59:19, Sys 0 00:00:01  -  Run Remote Usage
		Usr 0 00:00:00, Sys 0 00:00:00  -  Run Local Usage
...
003 (5300.010.000) 12/09 20:27:26 Job was checkpointed.
	Usr 0 17:59:14, Sys 0 00:00:01  -  Run Remote Usage
		Usr 0 00:00:00, Sys 0 00:00:00  -  Run Local Usage
...
003 (5300.010.000) 12/09 23:27:27 Job was checkpointed.
	Usr 0 20:59:04, Sys 0 00:00:01  -  Run Remote Usage
		Usr 0 00:00:00, Sys 0 00:00:00  -  Run Local Usage
...
003 (5300.010.000) 12/10 02:27:32 Job was checkpointed.
	Usr 0 23:58:58, Sys 0 00:00:01  -  Run Remote Usage
		Usr 0 00:00:00, Sys 0 00:00:00  -  Run Local Usage
...
004 (5300.010.000) 12/10 03:56:47 Job was evicted.
	(1) Job was checkpointed.
		Usr 1 01:27:57, Sys 0 00:00:02  -  Run Remote Usage
		Usr 0 00:00:00, Sys 0 00:00:00  -  Run Local Usage
	22464384  -  Run Bytes Sent By Job
	7032151  -  Run Bytes Received By Job
...
001 (5300.010.000) 12/10 07:21:13 Job executing on host: <192.168.203.7:42838>
...
006 (5300.010.000) 12/10 10:21:10 Image size of job updated: 12437
...
003 (5300.010.000) 12/10 10:21:10 Job was checkpointed.
	Usr 0 02:59:58, Sys 0 00:00:00  -  Run Remote Usage
		Usr 0 00:00:00, Sys 0 00:00:00  -  Run Local Usage
...
003 (5300.010.000) 12/10 13:21:08 Job was checkpointed.
	Usr 0 05:59:59, Sys 0 00:00:00  -  Run Remote Usage
		Usr 0 00:00:00, Sys 0 00:00:00  -  Run Local Usage
...
003 (5300.010.000) 12/10 16:21:08 Job was checkpointed.
	Usr 0 09:00:02, Sys 0 00:00:00  -  Run Remote Usage
		Usr 0 00:00:00, Sys 0 00:00:00  -  Run Local Usage
...
003 (5300.010.000) 12/10 19:21:05 Job was checkpointed.
	Usr 0 12:00:01, Sys 0 00:00:00  -  Run Remote Usage
		Usr 0 00:00:00, Sys 0 00:00:00  -  Run Local Usage
...
003 (5300.010.000) 12/10 22:21:02 Job was checkpointed.
	Usr 0 15:00:01, Sys 0 00:00:00  -  Run Remote Usage
		Usr 0 00:00:00, Sys 0 00:00:00  -  Run Local Usage
...
003 (5300.010.000) 12/11 01:21:03 Job was checkpointed.
	Usr 0 18:00:04, Sys 0 00:00:00  -  Run Remote Usage
		Usr 0 00:00:00, Sys 0 00:00:00  -  Run Local Usage
...
003 (5300.010.000) 12/11 04:21:01 Job was checkpointed.
	Usr 0 21:00:04, Sys 0 00:00:00  -  Run Remote Usage
		Usr 0 00:00:00, Sys 0 00:00:00  -  Run Local Usage
...
003 (5300.010.000) 12/11 07:20:59 Job was checkpointed.
	Usr 1 00:00:05, Sys 0 00:00:00  -  Run Remote Usage
		Usr 0 00:00:00, Sys 0 00:00:00  -  Run Local Usage
...
003 (5300.010.000) 12/11 10:20:56 Job was checkpointed.
	Usr 1 03:00:05, Sys 0 00:00:00  -  Run Remote Usage
		Usr 0 00:00:00, Sys 0 00:00:00  -  Run Local Usage
...
003 (5300.010.000) 12/11 13:20:54 Job was checkpointed.
	Usr 1 06:00:06, Sys 0 00:00:00  -  Run Remote Usage
		Usr 0 00:00:00, Sys 0 00:00:00  -  Run Local Usage
...
003 (5300.010.000) 12/11 16:20:52 Job was checkpointed.
	Usr 1 09:00:07, Sys 0 00:00:00  -  Run Remote Usage
		Usr 0 00:00:00, Sys 0 00:00:00  -  Run Local Usage
...
003 (5300.010.000) 12/11 19:20:49 Job was checkpointed.
	Usr 1 12:00:05, Sys 0 00:00:00  -  Run Remote Usage
		Usr 0 00:00:00, Sys 0 00:00:00  -  Run Local Usage
...
003 (5300.010.000) 12/11 22:20:47 Job was checkpointed.
	Usr 1 15:00:06, Sys 0 00:00:00  -  Run Remote Usage
		Usr 0 00:00:00, Sys 0 00:00:00  -  Run Local Usage
...
003 (5300.010.000) 12/12 01:20:46 Job was checkpointed.
	Usr 1 18:00:07, Sys 0 00:00:00  -  Run Remote Usage
		Usr 0 00:00:00, Sys 0 00:00:00  -  Run Local Usage
...
003 (5300.010.000) 12/12 04:20:46 Job was checkpointed.
	Usr 1 21:00:09, Sys 0 00:00:00  -  Run Remote Usage
		Usr 0 00:00:00, Sys 0 00:00:00  -  Run Local Usage
...
003 (5300.010.000) 12/12 07:20:43 Job was checkpointed.
	Usr 2 00:00:09, Sys 0 00:00:00  -  Run Remote Usage
		Usr 0 00:00:00, Sys 0 00:00:00  -  Run Local Usage
...
003 (5300.010.000) 12/12 10:20:41 Job was checkpointed.
	Usr 2 03:00:09, Sys 0 00:00:00  -  Run Remote Usage
		Usr 0 00:00:00, Sys 0 00:00:00  -  Run Local Usage
...
003 (5300.010.000) 12/12 13:20:38 Job was checkpointed.
	Usr 2 06:00:09, Sys 0 00:00:00  -  Run Remote Usage
		Usr 0 00:00:00, Sys 0 00:00:00  -  Run Local Usage
...
005 (5300.010.000) 12/12 13:29:54 Job terminated.
	(1) Normal termination (return value 0)
		Usr 2 06:09:25, Sys 0 00:00:00  -  Run Remote Usage
		Usr 0 00:00:00, Sys 0 00:00:00  -  Run Local Usage
		Usr 240 02:39:57, Sys 0 00:02:55  -  Total Remote Usage
		Usr 0 00:00:02, Sys 0 00:00:11  -  Total Local Usage
	45501556  -  Run Bytes Sent By Job
	7035513  -  Run Bytes Received By Job
	871253056  -  Total Bytes Sent By Job
	60853128  -  Total Bytes Received By Job
...
