000 (5300.007.000) 10/28 11:37:09 Job submitted from host: <170.140.162.75:51408>
...
001 (5300.007.000) 10/29 05:42:38 Job executing on host: <192.168.203.18:44059>
...
006 (5300.007.000) 10/29 08:42:41 Image size of job updated: 11121
...
003 (5300.007.000) 10/29 08:42:41 Job was checkpointed.
	Usr 0 02:59:54, Sys 0 00:00:00  -  Run Remote Usage
		Usr 0 00:00:00, Sys 0 00:00:00  -  Run Local Usage
...
003 (5300.007.000) 10/29 11:42:42 Job was checkpointed.
	Usr 0 05:59:46, Sys 0 00:00:01  -  Run Remote Usage
		Usr 0 00:00:00, Sys 0 00:00:00  -  Run Local Usage
...
003 (5300.007.000) 10/29 14:42:47 Job was checkpointed.
	Usr 0 08:59:42, Sys 0 00:00:02  -  Run Remote Usage
		Usr 0 00:00:00, Sys 0 00:00:00  -  Run Local Usage
...
003 (5300.007.000) 10/29 17:42:46 Job was checkpointed.
	Usr 0 11:59:32, Sys 0 00:00:03  -  Run Remote Usage
		Usr 0 00:00:00, Sys 0 00:00:00  -  Run Local Usage
...
003 (5300.007.000) 10/29 20:42:47 Job was checkpointed.
	Usr 0 14:59:23, Sys 0 00:00:04  -  Run Remote Usage
		Usr 0 00:00:00, Sys 0 00:00:00  -  Run Local Usage
...
003 (5300.007.000) 10/29 23:42:51 Job was checkpointed.
	Usr 0 17:59:15, Sys 0 00:00:05  -  Run Remote Usage
		Usr 0 00:00:00, Sys 0 00:00:00  -  Run Local Usage
...
003 (5300.007.000) 10/30 02:42:52 Job was checkpointed.
	Usr 0 20:59:08, Sys 0 00:00:06  -  Run Remote Usage
		Usr 0 00:00:00, Sys 0 00:00:00  -  Run Local Usage
...
003 (5300.007.000) 10/30 05:42:56 Job was checkpointed.
	Usr 0 23:58:59, Sys 0 00:00:07  -  Run Remote Usage
		Usr 0 00:00:00, Sys 0 00:00:00  -  Run Local Usage
...
003 (5300.007.000) 10/30 08:42:57 Job was checkpointed.
	Usr 1 02:58:53, Sys 0 00:00:08  -  Run Remote Usage
		Usr 0 00:00:00, Sys 0 00:00:00  -  Run Local Usage
...
003 (5300.007.000) 10/30 11:43:00 Job was checkpointed.
	Usr 1 05:58:48, Sys 0 00:00:08  -  Run Remote Usage
		Usr 0 00:00:00, Sys 0 00:00:00  -  Run Local Usage
...
003 (5300.007.000) 10/30 14:43:00 Job was checkpointed.
	Usr 1 08:58:39, Sys 0 00:00:09  -  Run Remote Usage
		Usr 0 00:00:00, Sys 0 00:00:00  -  Run Local Usage
...
003 (5300.007.000) 10/30 17:43:01 Job was checkpointed.
	Usr 1 11:58:32, Sys 0 00:00:10  -  Run Remote Usage
		Usr 0 00:00:00, Sys 0 00:00:00  -  Run Local Usage
...
003 (5300.007.000) 10/30 20:43:01 Job was checkpointed.
	Usr 1 14:58:22, Sys 0 00:00:11  -  Run Remote Usage
		Usr 0 00:00:00, Sys 0 00:00:00  -  Run Local Usage
...
003 (5300.007.000) 10/30 23:43:03 Job was checkpointed.
	Usr 1 17:58:15, Sys 0 00:00:12  -  Run Remote Usage
		Usr 0 00:00:00, Sys 0 00:00:00  -  Run Local Usage
...
003 (5300.007.000) 10/31 02:43:05 Job was checkpointed.
	Usr 1 20:58:07, Sys 0 00:00:13  -  Run Remote Usage
		Usr 0 00:00:00, Sys 0 00:00:00  -  Run Local Usage
...
003 (5300.007.000) 10/31 05:43:08 Job was checkpointed.
	Usr 1 23:57:58, Sys 0 00:00:14  -  Run Remote Usage
		Usr 0 00:00:00, Sys 0 00:00:00  -  Run Local Usage
...
003 (5300.007.000) 10/31 08:43:07 Job was checkpointed.
	Usr 2 02:57:48, Sys 0 00:00:15  -  Run Remote Usage
		Usr 0 00:00:00, Sys 0 00:00:00  -  Run Local Usage
...
003 (5300.007.000) 10/31 11:43:08 Job was checkpointed.
	Usr 2 05:57:39, Sys 0 00:00:16  -  Run Remote Usage
		Usr 0 00:00:00, Sys 0 00:00:00  -  Run Local Usage
...
003 (5300.007.000) 10/31 14:43:12 Job was checkpointed.
	Usr 2 08:57:35, Sys 0 00:00:16  -  Run Remote Usage
		Usr 0 00:00:00, Sys 0 00:00:00  -  Run Local Usage
...
003 (5300.007.000) 10/31 17:43:16 Job was checkpointed.
	Usr 2 11:57:29, Sys 0 00:00:17  -  Run Remote Usage
		Usr 0 00:00:00, Sys 0 00:00:00  -  Run Local Usage
...
003 (5300.007.000) 10/31 20:43:19 Job was checkpointed.
	Usr 2 14:57:22, Sys 0 00:00:18  -  Run Remote Usage
		Usr 0 00:00:00, Sys 0 00:00:00  -  Run Local Usage
...
003 (5300.007.000) 10/31 23:43:23 Job was checkpointed.
	Usr 2 17:57:18, Sys 0 00:00:19  -  Run Remote Usage
		Usr 0 00:00:00, Sys 0 00:00:00  -  Run Local Usage
...
003 (5300.007.000) 11/01 02:43:25 Job was checkpointed.
	Usr 2 20:57:11, Sys 0 00:00:20  -  Run Remote Usage
		Usr 0 00:00:00, Sys 0 00:00:00  -  Run Local Usage
...
003 (5300.007.000) 11/01 05:43:26 Job was checkpointed.
	Usr 2 23:56:58, Sys 0 00:00:21  -  Run Remote Usage
		Usr 0 00:00:00, Sys 0 00:00:00  -  Run Local Usage
...
003 (5300.007.000) 11/01 08:43:29 Job was checkpointed.
	Usr 3 02:56:51, Sys 0 00:00:22  -  Run Remote Usage
		Usr 0 00:00:00, Sys 0 00:00:00  -  Run Local Usage
...
003 (5300.007.000) 11/01 11:43:31 Job was checkpointed.
	Usr 3 05:56:44, Sys 0 00:00:23  -  Run Remote Usage
		Usr 0 00:00:00, Sys 0 00:00:00  -  Run Local Usage
...
003 (5300.007.000) 11/01 14:43:34 Job was checkpointed.
	Usr 3 08:56:37, Sys 0 00:00:24  -  Run Remote Usage
		Usr 0 00:00:00, Sys 0 00:00:00  -  Run Local Usage
...
003 (5300.007.000) 11/01 17:43:36 Job was checkpointed.
	Usr 3 11:56:30, Sys 0 00:00:25  -  Run Remote Usage
		Usr 0 00:00:00, Sys 0 00:00:00  -  Run Local Usage
...
006 (5300.007.000) 11/01 20:43:37 Image size of job updated: 11125
...
003 (5300.007.000) 11/01 20:43:37 Job was checkpointed.
	Usr 3 14:56:20, Sys 0 00:00:26  -  Run Remote Usage
		Usr 0 00:00:00, Sys 0 00:00:00  -  Run Local Usage
...
003 (5300.007.000) 11/01 23:43:36 Job was checkpointed.
	Usr 3 17:56:12, Sys 0 00:00:27  -  Run Remote Usage
		Usr 0 00:00:00, Sys 0 00:00:00  -  Run Local Usage
...
003 (5300.007.000) 11/02 01:43:36 Job was checkpointed.
	Usr 3 20:56:02, Sys 0 00:00:28  -  Run Remote Usage
		Usr 0 00:00:00, Sys 0 00:00:00  -  Run Local Usage
...
003 (5300.007.000) 11/02 04:43:40 Job was checkpointed.
	Usr 3 23:55:51, Sys 0 00:00:28  -  Run Remote Usage
		Usr 0 00:00:00, Sys 0 00:00:00  -  Run Local Usage
...
003 (5300.007.000) 11/02 07:43:40 Job was checkpointed.
	Usr 4 02:55:41, Sys 0 00:00:29  -  Run Remote Usage
		Usr 0 00:00:00, Sys 0 00:00:00  -  Run Local Usage
...
003 (5300.007.000) 11/02 10:43:40 Job was checkpointed.
	Usr 4 05:55:28, Sys 0 00:00:31  -  Run Remote Usage
		Usr 0 00:00:00, Sys 0 00:00:00  -  Run Local Usage
...
003 (5300.007.000) 11/02 13:43:43 Job was checkpointed.
	Usr 4 08:55:22, Sys 0 00:00:31  -  Run Remote Usage
		Usr 0 00:00:00, Sys 0 00:00:00  -  Run Local Usage
...
003 (5300.007.000) 11/02 16:43:46 Job was checkpointed.
	Usr 4 11:55:18, Sys 0 00:00:32  -  Run Remote Usage
		Usr 0 00:00:00, Sys 0 00:00:00  -  Run Local Usage
...
003 (5300.007.000) 11/02 19:43:45 Job was checkpointed.
	Usr 4 14:55:08, Sys 0 00:00:33  -  Run Remote Usage
		Usr 0 00:00:00, Sys 0 00:00:00  -  Run Local Usage
...
003 (5300.007.000) 11/02 22:43:47 Job was checkpointed.
	Usr 4 17:55:02, Sys 0 00:00:34  -  Run Remote Usage
		Usr 0 00:00:00, Sys 0 00:00:01  -  Run Local Usage
...
003 (5300.007.000) 11/03 01:43:49 Job was checkpointed.
	Usr 4 20:54:54, Sys 0 00:00:35  -  Run Remote Usage
		Usr 0 00:00:00, Sys 0 00:00:01  -  Run Local Usage
...
003 (5300.007.000) 11/03 04:43:52 Job was checkpointed.
	Usr 4 23:54:43, Sys 0 00:00:36  -  Run Remote Usage
		Usr 0 00:00:00, Sys 0 00:00:01  -  Run Local Usage
...
003 (5300.007.000) 11/03 07:43:52 Job was checkpointed.
	Usr 5 02:54:33, Sys 0 00:00:37  -  Run Remote Usage
		Usr 0 00:00:00, Sys 0 00:00:01  -  Run Local Usage
...
003 (5300.007.000) 11/03 10:43:55 Job was checkpointed.
	Usr 5 05:54:28, Sys 0 00:00:38  -  Run Remote Usage
		Usr 0 00:00:00, Sys 0 00:00:01  -  Run Local Usage
...
003 (5300.007.000) 11/03 13:43:56 Job was checkpointed.
	Usr 5 08:54:21, Sys 0 00:00:39  -  Run Remote Usage
		Usr 0 00:00:00, Sys 0 00:00:01  -  Run Local Usage
...
003 (5300.007.000) 11/03 16:43:56 Job was checkpointed.
	Usr 5 11:54:11, Sys 0 00:00:40  -  Run Remote Usage
		Usr 0 00:00:00, Sys 0 00:00:01  -  Run Local Usage
...
003 (5300.007.000) 11/03 19:43:58 Job was checkpointed.
	Usr 5 14:54:05, Sys 0 00:00:40  -  Run Remote Usage
		Usr 0 00:00:00, Sys 0 00:00:01  -  Run Local Usage
...
003 (5300.007.000) 11/03 22:44:01 Job was checkpointed.
	Usr 5 17:53:58, Sys 0 00:00:41  -  Run Remote Usage
		Usr 0 00:00:00, Sys 0 00:00:01  -  Run Local Usage
...
003 (5300.007.000) 11/04 01:44:02 Job was checkpointed.
	Usr 5 20:53:48, Sys 0 00:00:42  -  Run Remote Usage
		Usr 0 00:00:00, Sys 0 00:00:01  -  Run Local Usage
...
003 (5300.007.000) 11/04 04:44:06 Job was checkpointed.
	Usr 5 23:53:39, Sys 0 00:00:43  -  Run Remote Usage
		Usr 0 00:00:00, Sys 0 00:00:01  -  Run Local Usage
...
003 (5300.007.000) 11/04 07:44:06 Job was checkpointed.
	Usr 6 02:53:31, Sys 0 00:00:44  -  Run Remote Usage
		Usr 0 00:00:00, Sys 0 00:00:01  -  Run Local Usage
...
003 (5300.007.000) 11/04 10:44:09 Job was checkpointed.
	Usr 6 05:53:25, Sys 0 00:00:45  -  Run Remote Usage
		Usr 0 00:00:00, Sys 0 00:00:01  -  Run Local Usage
...
003 (5300.007.000) 11/04 13:44:09 Job was checkpointed.
	Usr 6 08:53:17, Sys 0 00:00:46  -  Run Remote Usage
		Usr 0 00:00:00, Sys 0 00:00:01  -  Run Local Usage
...
003 (5300.007.000) 11/04 16:44:10 Job was checkpointed.
	Usr 6 11:53:10, Sys 0 00:00:46  -  Run Remote Usage
		Usr 0 00:00:00, Sys 0 00:00:01  -  Run Local Usage
...
003 (5300.007.000) 11/04 19:44:13 Job was checkpointed.
	Usr 6 14:53:04, Sys 0 00:00:47  -  Run Remote Usage
		Usr 0 00:00:00, Sys 0 00:00:01  -  Run Local Usage
...
003 (5300.007.000) 11/04 22:44:14 Job was checkpointed.
	Usr 6 17:52:57, Sys 0 00:00:48  -  Run Remote Usage
		Usr 0 00:00:00, Sys 0 00:00:01  -  Run Local Usage
...
003 (5300.007.000) 11/05 01:44:18 Job was checkpointed.
	Usr 6 20:52:50, Sys 0 00:00:49  -  Run Remote Usage
		Usr 0 00:00:00, Sys 0 00:00:01  -  Run Local Usage
...
003 (5300.007.000) 11/05 04:44:20 Job was checkpointed.
	Usr 6 23:52:41, Sys 0 00:00:50  -  Run Remote Usage
		Usr 0 00:00:00, Sys 0 00:00:01  -  Run Local Usage
...
003 (5300.007.000) 11/05 07:44:20 Job was checkpointed.
	Usr 7 02:52:32, Sys 0 00:00:51  -  Run Remote Usage
		Usr 0 00:00:00, Sys 0 00:00:01  -  Run Local Usage
...
003 (5300.007.000) 11/05 10:44:19 Job was checkpointed.
	Usr 7 05:52:22, Sys 0 00:00:52  -  Run Remote Usage
		Usr 0 00:00:00, Sys 0 00:00:01  -  Run Local Usage
...
003 (5300.007.000) 11/05 13:44:23 Job was checkpointed.
	Usr 7 08:52:21, Sys 0 00:00:52  -  Run Remote Usage
		Usr 0 00:00:00, Sys 0 00:00:01  -  Run Local Usage
...
003 (5300.007.000) 11/05 16:44:26 Job was checkpointed.
	Usr 7 11:52:15, Sys 0 00:00:53  -  Run Remote Usage
		Usr 0 00:00:00, Sys 0 00:00:01  -  Run Local Usage
...
003 (5300.007.000) 11/05 19:44:28 Job was checkpointed.
	Usr 7 14:52:10, Sys 0 00:00:54  -  Run Remote Usage
		Usr 0 00:00:00, Sys 0 00:00:01  -  Run Local Usage
...
003 (5300.007.000) 11/05 22:44:29 Job was checkpointed.
	Usr 7 17:52:02, Sys 0 00:00:55  -  Run Remote Usage
		Usr 0 00:00:00, Sys 0 00:00:01  -  Run Local Usage
...
003 (5300.007.000) 11/06 01:44:30 Job was checkpointed.
	Usr 7 20:51:53, Sys 0 00:00:56  -  Run Remote Usage
		Usr 0 00:00:00, Sys 0 00:00:01  -  Run Local Usage
...
003 (5300.007.000) 11/06 04:44:31 Job was checkpointed.
	Usr 7 23:51:41, Sys 0 00:00:57  -  Run Remote Usage
		Usr 0 00:00:00, Sys 0 00:00:01  -  Run Local Usage
...
003 (5300.007.000) 11/06 07:44:34 Job was checkpointed.
	Usr 8 02:51:33, Sys 0 00:00:58  -  Run Remote Usage
		Usr 0 00:00:00, Sys 0 00:00:01  -  Run Local Usage
...
003 (5300.007.000) 11/06 10:44:36 Job was checkpointed.
	Usr 8 05:51:26, Sys 0 00:00:59  -  Run Remote Usage
		Usr 0 00:00:00, Sys 0 00:00:01  -  Run Local Usage
...
003 (5300.007.000) 11/06 13:44:38 Job was checkpointed.
	Usr 8 08:51:18, Sys 0 00:01:00  -  Run Remote Usage
		Usr 0 00:00:00, Sys 0 00:00:01  -  Run Local Usage
...
003 (5300.007.000) 11/06 16:44:40 Job was checkpointed.
	Usr 8 11:51:11, Sys 0 00:01:01  -  Run Remote Usage
		Usr 0 00:00:00, Sys 0 00:00:01  -  Run Local Usage
...
003 (5300.007.000) 11/06 19:44:43 Job was checkpointed.
	Usr 8 14:51:06, Sys 0 00:01:01  -  Run Remote Usage
		Usr 0 00:00:00, Sys 0 00:00:01  -  Run Local Usage
...
003 (5300.007.000) 11/06 22:44:43 Job was checkpointed.
	Usr 8 17:50:58, Sys 0 00:01:02  -  Run Remote Usage
		Usr 0 00:00:00, Sys 0 00:00:01  -  Run Local Usage
...
003 (5300.007.000) 11/07 01:44:46 Job was checkpointed.
	Usr 8 20:50:53, Sys 0 00:01:03  -  Run Remote Usage
		Usr 0 00:00:00, Sys 0 00:00:01  -  Run Local Usage
...
003 (5300.007.000) 11/07 04:44:45 Job was checkpointed.
	Usr 8 23:50:40, Sys 0 00:01:04  -  Run Remote Usage
		Usr 0 00:00:00, Sys 0 00:00:02  -  Run Local Usage
...
003 (5300.007.000) 11/07 07:44:44 Job was checkpointed.
	Usr 9 02:50:29, Sys 0 00:01:05  -  Run Remote Usage
		Usr 0 00:00:00, Sys 0 00:00:02  -  Run Local Usage
...
003 (5300.007.000) 11/07 10:44:44 Job was checkpointed.
	Usr 9 05:50:21, Sys 0 00:01:06  -  Run Remote Usage
		Usr 0 00:00:00, Sys 0 00:00:02  -  Run Local Usage
...
003 (5300.007.000) 11/07 13:44:47 Job was checkpointed.
	Usr 9 08:50:17, Sys 0 00:01:07  -  Run Remote Usage
		Usr 0 00:00:00, Sys 0 00:00:02  -  Run Local Usage
...
005 (5300.007.000) 11/07 14:31:35 Job terminated.
	(1) Normal termination (return value 0)
		Usr 9 09:37:03, Sys 0 00:01:07  -  Run Remote Usage
		Usr 0 00:00:00, Sys 0 00:00:02  -  Run Local Usage
		Usr 9 09:37:03, Sys 0 00:01:07  -  Total Remote Usage
		Usr 0 00:00:00, Sys 0 00:00:02  -  Total Local Usage
	87002712  -  Run Bytes Sent By Job
	4554355  -  Run Bytes Received By Job
	87002712  -  Total Bytes Sent By Job
	4554355  -  Total Bytes Received By Job
...
