
    ************ HN3 AF Ising Wang Landau Running ************ 

      argc: 9
      condor_exec.5307.1 -k 10 -n 0 -f 83 -s 19872 

 L=1024; Flatness=0.830000;

 CurrentEnergy Correct = 80 
 CurrentEnergy Correct = -290 
 CurrentEnergy Correct = -56 
 Realloc Done
 After Initial Steps 3.15e+08, StatesLength = 1767, MinEnergy = -1490
 Quick_Sort Done 
 After sort, CurrentEnergy Correct = 728 
 After sort, CurrentEnergy Correct = 728 
 After sort, CurrentEnergy Correct = 728 
 logf=5.0e-01; Sweeps=1.8e+06; [minH,meanH,maxH]=[9.5e+05, 1.1e+06, 1.1e+06]
 New State: -1492: coming; StatesLength 1768
 New State: -1492 added to list; Min State: -1492; CurrentState = -1492
 

 logf=5.0e-01; Sweeps=3.0e+06; [minH,meanH,maxH]=[6.8e+05, 6.8e+05, 7.3e+05]
 New State: -1494: coming; StatesLength 1769
 New State: -1494 added to list; Min State: -1494; CurrentState = -1494
 

 New State: -1496: coming; StatesLength 1770
 New State: -1496 added to list; Min State: -1496; CurrentState = -1496
 

 logf=5.0e-01; Sweeps=8.3e+06; [minH,meanH,maxH]=[2.7e+06, 2.7e+06, 3.1e+06]
 New State: -1498: coming; StatesLength 1771
 New State: -1498 added to list; Min State: -1498; CurrentState = -1498
 

 logf=5.0e-01; Sweeps=1.4e+07; [minH,meanH,maxH]=[2.9e+06, 3.3e+06, 3.3e+06]
 New State: -1500: coming; StatesLength 1772
 New State: -1500 added to list; Min State: -1500; CurrentState = -1500
 

 New State: -1502: coming; StatesLength 1773
 New State: -1502 added to list; Min State: -1502; CurrentState = -1502
 

 logf=5.0e-01; Sweeps=1.6e+07; [minH,meanH,maxH]=[1.2e+06, 1.4e+06, 1.6e+06]
 logf=2.5e-01; Sweeps=2.8e+07; [minH,meanH,maxH]=[5.7e+06, 6.5e+06, 6.7e+06]
 New State: -1504: coming; StatesLength 1774
 New State: -1504 added to list; Min State: -1504; CurrentState = -1504
 

 logf=5.0e-01; Sweeps=1.5e+08; [minH,meanH,maxH]=[1.5e+07, 1.7e+07, 1.7e+07]
 New State: -1506: coming; StatesLength 1775
 New State: -1506 added to list; Min State: -1506; CurrentState = -1506
 

 logf=5.0e-01; Sweeps=1.9e+08; [minH,meanH,maxH]=[1.4e+07, 1.7e+07, 1.7e+07]
 logf=2.5e-01; Sweeps=2.2e+08; [minH,meanH,maxH]=[1.4e+07, 1.7e+07, 1.7e+07]
 logf=1.2e-01; Sweeps=3.4e+08; [minH,meanH,maxH]=[1.4e+07, 1.7e+07, 1.7e+07]
 New State: -1508: coming; StatesLength 1776
 New State: -1508 added to list; Min State: -1508; CurrentState = -1508
 

 logf=5.0e-01; Sweeps=4.2e+08; [minH,meanH,maxH]=[1.5e+07, 1.7e+07, 1.7e+07]
 logf=2.5e-01; Sweeps=4.9e+08; [minH,meanH,maxH]=[1.5e+07, 1.7e+07, 1.7e+07]
 New State: -1510: coming; StatesLength 1777
 New State: -1510 added to list; Min State: -1510; CurrentState = -1510
 

 logf=5.0e-01; Sweeps=5.9e+08; [minH,meanH,maxH]=[1.4e+07, 1.7e+07, 1.7e+07]
 logf=2.5e-01; Sweeps=1.6e+09; [minH,meanH,maxH]=[1.4e+07, 1.7e+07, 1.7e+07]
 New State: -1512: coming; StatesLength 1778
 New State: -1512 added to list; Min State: -1512; CurrentState = -1512
 

 logf=5.0e-01; Sweeps=2.6e+09; [minH,meanH,maxH]=[1.5e+07, 1.7e+07, 1.7e+07]
 logf=2.5e-01; Sweeps=3.1e+09; [minH,meanH,maxH]=[1.4e+07, 1.7e+07, 1.7e+07]
 logf=1.2e-01; Sweeps=3.5e+09; [minH,meanH,maxH]=[1.4e+07, 1.7e+07, 1.7e+07]
 logf=6.2e-02; Sweeps=3.5e+09; [minH,meanH,maxH]=[1.3e+07, 1.6e+07, 1.7e+07]
 logf=3.1e-02; Sweeps=4.0e+09; [minH,meanH,maxH]=[1.5e+07, 1.7e+07, 1.7e+07]
 logf=1.6e-02; Sweeps=8.9e+09; [minH,meanH,maxH]=[1.5e+07, 1.7e+07, 1.7e+07]
 logf=7.8e-03; Sweeps=9.0e+09; [minH,meanH,maxH]=[1.4e+07, 1.7e+07, 1.7e+07]
 logf=3.9e-03; Sweeps=9.2e+09; [minH,meanH,maxH]=[1.5e+07, 1.7e+07, 1.7e+07]
 logf=2.0e-03; Sweeps=9.2e+09; [minH,meanH,maxH]=[1.5e+07, 1.7e+07, 1.7e+07]
 logf=9.8e-04; Sweeps=9.2e+09; [minH,meanH,maxH]=[1.4e+07, 1.7e+07, 1.7e+07]
 logf=4.9e-04; Sweeps=9.3e+09; [minH,meanH,maxH]=[1.4e+07, 1.7e+07, 1.7e+07]
 New State: -1514: coming; StatesLength 1779
 New State: -1514 added to list; Min State: -1514; CurrentState = -1514
 

 logf=2.0e-03; Sweeps=9.6e+09; [minH,meanH,maxH]=[1.4e+07, 1.7e+07, 1.7e+07]
 logf=9.8e-04; Sweeps=9.6e+09; [minH,meanH,maxH]=[1.4e+07, 1.4e+07, 1.7e+07]
 logf=4.9e-04; Sweeps=9.6e+09; [minH,meanH,maxH]=[1.5e+07, 1.7e+07, 1.7e+07]
 logf=2.4e-04; Sweeps=9.7e+09; [minH,meanH,maxH]=[1.4e+07, 1.4e+07, 1.7e+07]
 logf=1.2e-04; Sweeps=9.7e+09; [minH,meanH,maxH]=[1.5e+07, 1.7e+07, 1.7e+07]
 logf=6.1e-05; Sweeps=9.7e+09; [minH,meanH,maxH]=[1.4e+07, 1.4e+07, 1.7e+07]
 logf=3.1e-05; Sweeps=9.7e+09; [minH,meanH,maxH]=[9.8e+05, 1.2e+06, 1.4e+06]
 logf=1.5e-05; Sweeps=9.7e+09; [minH,meanH,maxH]=[4.0e+06, 4.0e+06, 4.8e+06]
 logf=7.6e-06; Sweeps=9.7e+09; [minH,meanH,maxH]=[1.7e+06, 1.7e+06, 2.0e+06]
 logf=3.8e-06; Sweeps=9.7e+09; [minH,meanH,maxH]=[2.5e+06, 2.6e+06, 3.1e+06]
 logf=1.9e-06; Sweeps=9.8e+09; [minH,meanH,maxH]=[1.1e+07, 1.1e+07, 1.4e+07]
 logf=9.5e-07; Sweeps=9.8e+09; [minH,meanH,maxH]=[2.1e+06, 2.3e+06, 2.6e+06]
 logf=4.8e-07; Sweeps=9.8e+09; [minH,meanH,maxH]=[1.4e+07, 1.4e+07, 1.7e+07]
 logf=2.4e-07; Sweeps=9.8e+09; [minH,meanH,maxH]=[6.1e+06, 7.2e+06, 7.3e+06]
 logf=1.2e-07; Sweeps=9.8e+09; [minH,meanH,maxH]=[1.6e+06, 1.8e+06, 2.2e+06]
 logf=6.0e-08; Sweeps=9.8e+09; [minH,meanH,maxH]=[7.6e+06, 7.9e+06, 9.6e+06]
 logf=3.0e-08; Sweeps=9.8e+09; [minH,meanH,maxH]=[8.3e+05, 8.9e+05, 1.1e+06]
 logf=1.5e-08; Sweeps=9.8e+09; [minH,meanH,maxH]=[5.6e+06, 6.1e+06, 7.3e+06]
 logf=7.5e-09; Sweeps=9.8e+09; [minH,meanH,maxH]=[4.2e+06, 5.0e+06, 5.4e+06]

 MinState: -1514; 
 MaxState: 2046; 
 States Length: 1779; 
 Total MC steps: 9.8394e+09;     
 Total random steps: 1.0076e+13; 
 