000 (5306.003.000) 11/07 11:52:09 Job submitted from host: <170.140.162.75:51408>
...
001 (5306.003.000) 11/07 15:01:46 Job executing on host: <192.168.203.27:52550>
...
005 (5306.003.000) 11/07 15:08:00 Job terminated.
	(1) Normal termination (return value 0)
		Usr 0 00:06:13, Sys 0 00:00:00  -  Run Remote Usage
		Usr 0 00:00:00, Sys 0 00:00:00  -  Run Local Usage
		Usr 0 00:06:13, Sys 0 00:00:00  -  Total Remote Usage
		Usr 0 00:00:00, Sys 0 00:00:00  -  Total Local Usage
	7212  -  Run Bytes Sent By Job
	4526558  -  Run Bytes Received By Job
	7212  -  Total Bytes Sent By Job
	4526558  -  Total Bytes Received By Job
...
000 (5307.003.000) 11/09 11:34:57 Job submitted from host: <170.140.162.75:51408>
...
001 (5307.003.000) 11/09 11:35:09 Job executing on host: <192.168.203.27:52550>
...
006 (5307.003.000) 11/09 14:35:08 Image size of job updated: 11057
...
003 (5307.003.000) 11/09 14:35:08 Job was checkpointed.
	Usr 0 02:59:41, Sys 0 00:00:00  -  Run Remote Usage
		Usr 0 00:00:00, Sys 0 00:00:00  -  Run Local Usage
...
003 (5307.003.000) 11/09 17:35:12 Job was checkpointed.
	Usr 0 05:59:34, Sys 0 00:00:00  -  Run Remote Usage
		Usr 0 00:00:00, Sys 0 00:00:00  -  Run Local Usage
...
003 (5307.003.000) 11/09 20:35:13 Job was checkpointed.
	Usr 0 08:59:21, Sys 0 00:00:01  -  Run Remote Usage
		Usr 0 00:00:00, Sys 0 00:00:00  -  Run Local Usage
...
003 (5307.003.000) 11/09 23:35:16 Job was checkpointed.
	Usr 0 11:59:14, Sys 0 00:00:01  -  Run Remote Usage
		Usr 0 00:00:00, Sys 0 00:00:00  -  Run Local Usage
...
003 (5307.003.000) 11/10 02:35:20 Job was checkpointed.
	Usr 0 14:59:02, Sys 0 00:00:02  -  Run Remote Usage
		Usr 0 00:00:00, Sys 0 00:00:00  -  Run Local Usage
...
003 (5307.003.000) 11/10 05:35:20 Job was checkpointed.
	Usr 0 17:58:50, Sys 0 00:00:02  -  Run Remote Usage
		Usr 0 00:00:00, Sys 0 00:00:00  -  Run Local Usage
...
003 (5307.003.000) 11/10 08:35:24 Job was checkpointed.
	Usr 0 20:58:39, Sys 0 00:00:03  -  Run Remote Usage
		Usr 0 00:00:00, Sys 0 00:00:00  -  Run Local Usage
...
003 (5307.003.000) 11/10 11:35:29 Job was checkpointed.
	Usr 0 23:58:25, Sys 0 00:00:03  -  Run Remote Usage
		Usr 0 00:00:00, Sys 0 00:00:00  -  Run Local Usage
...
003 (5307.003.000) 11/10 14:35:32 Job was checkpointed.
	Usr 1 02:58:16, Sys 0 00:00:04  -  Run Remote Usage
		Usr 0 00:00:00, Sys 0 00:00:00  -  Run Local Usage
...
003 (5307.003.000) 11/10 17:35:32 Job was checkpointed.
	Usr 1 05:58:00, Sys 0 00:00:04  -  Run Remote Usage
		Usr 0 00:00:00, Sys 0 00:00:00  -  Run Local Usage
...
003 (5307.003.000) 11/10 20:35:32 Job was checkpointed.
	Usr 1 08:57:49, Sys 0 00:00:04  -  Run Remote Usage
		Usr 0 00:00:00, Sys 0 00:00:00  -  Run Local Usage
...
003 (5307.003.000) 11/10 23:35:34 Job was checkpointed.
	Usr 1 11:57:41, Sys 0 00:00:05  -  Run Remote Usage
		Usr 0 00:00:00, Sys 0 00:00:00  -  Run Local Usage
...
003 (5307.003.000) 11/11 02:35:36 Job was checkpointed.
	Usr 1 14:57:25, Sys 0 00:00:05  -  Run Remote Usage
		Usr 0 00:00:00, Sys 0 00:00:00  -  Run Local Usage
...
003 (5307.003.000) 11/11 05:35:37 Job was checkpointed.
	Usr 1 17:57:13, Sys 0 00:00:06  -  Run Remote Usage
		Usr 0 00:00:00, Sys 0 00:00:00  -  Run Local Usage
...
003 (5307.003.000) 11/11 08:35:40 Job was checkpointed.
	Usr 1 20:57:00, Sys 0 00:00:06  -  Run Remote Usage
		Usr 0 00:00:00, Sys 0 00:00:00  -  Run Local Usage
...
003 (5307.003.000) 11/11 11:35:44 Job was checkpointed.
	Usr 1 23:56:53, Sys 0 00:00:07  -  Run Remote Usage
		Usr 0 00:00:00, Sys 0 00:00:00  -  Run Local Usage
...
003 (5307.003.000) 11/11 14:35:46 Job was checkpointed.
	Usr 2 02:56:46, Sys 0 00:00:07  -  Run Remote Usage
		Usr 0 00:00:00, Sys 0 00:00:00  -  Run Local Usage
...
003 (5307.003.000) 11/11 17:35:50 Job was checkpointed.
	Usr 2 05:56:38, Sys 0 00:00:07  -  Run Remote Usage
		Usr 0 00:00:00, Sys 0 00:00:00  -  Run Local Usage
...
003 (5307.003.000) 11/11 20:35:53 Job was checkpointed.
	Usr 2 08:56:30, Sys 0 00:00:08  -  Run Remote Usage
		Usr 0 00:00:00, Sys 0 00:00:00  -  Run Local Usage
...
003 (5307.003.000) 11/11 23:35:58 Job was checkpointed.
	Usr 2 11:56:22, Sys 0 00:00:08  -  Run Remote Usage
		Usr 0 00:00:00, Sys 0 00:00:00  -  Run Local Usage
...
003 (5307.003.000) 11/12 02:35:58 Job was checkpointed.
	Usr 2 14:56:09, Sys 0 00:00:08  -  Run Remote Usage
		Usr 0 00:00:00, Sys 0 00:00:00  -  Run Local Usage
...
003 (5307.003.000) 11/12 05:36:01 Job was checkpointed.
	Usr 2 17:55:55, Sys 0 00:00:09  -  Run Remote Usage
		Usr 0 00:00:00, Sys 0 00:00:00  -  Run Local Usage
...
003 (5307.003.000) 11/12 08:36:01 Job was checkpointed.
	Usr 2 20:55:39, Sys 0 00:00:09  -  Run Remote Usage
		Usr 0 00:00:00, Sys 0 00:00:00  -  Run Local Usage
...
003 (5307.003.000) 11/12 11:36:03 Job was checkpointed.
	Usr 2 23:55:25, Sys 0 00:00:10  -  Run Remote Usage
		Usr 0 00:00:00, Sys 0 00:00:00  -  Run Local Usage
...
003 (5307.003.000) 11/12 14:36:06 Job was checkpointed.
	Usr 3 02:55:15, Sys 0 00:00:10  -  Run Remote Usage
		Usr 0 00:00:00, Sys 0 00:00:00  -  Run Local Usage
...
003 (5307.003.000) 11/12 17:36:09 Job was checkpointed.
	Usr 3 05:55:04, Sys 0 00:00:11  -  Run Remote Usage
		Usr 0 00:00:00, Sys 0 00:00:00  -  Run Local Usage
...
003 (5307.003.000) 11/12 20:36:13 Job was checkpointed.
	Usr 3 08:54:52, Sys 0 00:00:11  -  Run Remote Usage
		Usr 0 00:00:00, Sys 0 00:00:00  -  Run Local Usage
...
003 (5307.003.000) 11/12 23:36:16 Job was checkpointed.
	Usr 3 11:54:40, Sys 0 00:00:12  -  Run Remote Usage
		Usr 0 00:00:00, Sys 0 00:00:00  -  Run Local Usage
...
003 (5307.003.000) 11/13 02:36:18 Job was checkpointed.
	Usr 3 14:54:23, Sys 0 00:00:12  -  Run Remote Usage
		Usr 0 00:00:00, Sys 0 00:00:00  -  Run Local Usage
...
003 (5307.003.000) 11/13 05:36:22 Job was checkpointed.
	Usr 3 17:54:09, Sys 0 00:00:13  -  Run Remote Usage
		Usr 0 00:00:00, Sys 0 00:00:00  -  Run Local Usage
...
003 (5307.003.000) 11/13 08:36:23 Job was checkpointed.
	Usr 3 20:53:58, Sys 0 00:00:13  -  Run Remote Usage
		Usr 0 00:00:00, Sys 0 00:00:00  -  Run Local Usage
...
003 (5307.003.000) 11/13 11:36:24 Job was checkpointed.
	Usr 3 23:53:43, Sys 0 00:00:14  -  Run Remote Usage
		Usr 0 00:00:00, Sys 0 00:00:00  -  Run Local Usage
...
003 (5307.003.000) 11/13 14:36:27 Job was checkpointed.
	Usr 4 02:53:34, Sys 0 00:00:14  -  Run Remote Usage
		Usr 0 00:00:00, Sys 0 00:00:00  -  Run Local Usage
...
003 (5307.003.000) 11/13 17:36:30 Job was checkpointed.
	Usr 4 05:53:25, Sys 0 00:00:15  -  Run Remote Usage
		Usr 0 00:00:00, Sys 0 00:00:00  -  Run Local Usage
...
003 (5307.003.000) 11/13 20:36:34 Job was checkpointed.
	Usr 4 08:53:16, Sys 0 00:00:15  -  Run Remote Usage
		Usr 0 00:00:00, Sys 0 00:00:00  -  Run Local Usage
...
003 (5307.003.000) 11/13 23:36:38 Job was checkpointed.
	Usr 4 11:53:06, Sys 0 00:00:15  -  Run Remote Usage
		Usr 0 00:00:00, Sys 0 00:00:00  -  Run Local Usage
...
003 (5307.003.000) 11/14 02:36:42 Job was checkpointed.
	Usr 4 14:52:55, Sys 0 00:00:16  -  Run Remote Usage
		Usr 0 00:00:00, Sys 0 00:00:00  -  Run Local Usage
...
003 (5307.003.000) 11/14 05:36:47 Job was checkpointed.
	Usr 4 17:52:43, Sys 0 00:00:16  -  Run Remote Usage
		Usr 0 00:00:00, Sys 0 00:00:00  -  Run Local Usage
...
003 (5307.003.000) 11/14 08:36:48 Job was checkpointed.
	Usr 4 20:52:28, Sys 0 00:00:17  -  Run Remote Usage
		Usr 0 00:00:00, Sys 0 00:00:00  -  Run Local Usage
...
003 (5307.003.000) 11/14 11:36:48 Job was checkpointed.
	Usr 4 23:52:15, Sys 0 00:00:17  -  Run Remote Usage
		Usr 0 00:00:00, Sys 0 00:00:00  -  Run Local Usage
...
003 (5307.003.000) 11/14 14:36:51 Job was checkpointed.
	Usr 5 02:51:59, Sys 0 00:00:18  -  Run Remote Usage
		Usr 0 00:00:00, Sys 0 00:00:00  -  Run Local Usage
...
003 (5307.003.000) 11/14 17:36:54 Job was checkpointed.
	Usr 5 05:51:50, Sys 0 00:00:18  -  Run Remote Usage
		Usr 0 00:00:00, Sys 0 00:00:01  -  Run Local Usage
...
003 (5307.003.000) 11/14 20:36:56 Job was checkpointed.
	Usr 5 08:51:39, Sys 0 00:00:19  -  Run Remote Usage
		Usr 0 00:00:00, Sys 0 00:00:01  -  Run Local Usage
...
003 (5307.003.000) 11/14 23:37:00 Job was checkpointed.
	Usr 5 11:51:27, Sys 0 00:00:19  -  Run Remote Usage
		Usr 0 00:00:00, Sys 0 00:00:01  -  Run Local Usage
...
003 (5307.003.000) 11/15 02:37:01 Job was checkpointed.
	Usr 5 14:51:06, Sys 0 00:00:21  -  Run Remote Usage
		Usr 0 00:00:00, Sys 0 00:00:01  -  Run Local Usage
...
003 (5307.003.000) 11/15 05:37:04 Job was checkpointed.
	Usr 5 17:50:52, Sys 0 00:00:21  -  Run Remote Usage
		Usr 0 00:00:00, Sys 0 00:00:01  -  Run Local Usage
...
003 (5307.003.000) 11/15 08:37:06 Job was checkpointed.
	Usr 5 20:50:36, Sys 0 00:00:22  -  Run Remote Usage
		Usr 0 00:00:00, Sys 0 00:00:01  -  Run Local Usage
...
003 (5307.003.000) 11/15 11:37:10 Job was checkpointed.
	Usr 5 23:50:32, Sys 0 00:00:22  -  Run Remote Usage
		Usr 0 00:00:00, Sys 0 00:00:01  -  Run Local Usage
...
003 (5307.003.000) 11/15 14:37:12 Job was checkpointed.
	Usr 6 02:50:20, Sys 0 00:00:22  -  Run Remote Usage
		Usr 0 00:00:00, Sys 0 00:00:01  -  Run Local Usage
...
003 (5307.003.000) 11/15 17:37:16 Job was checkpointed.
	Usr 6 05:50:07, Sys 0 00:00:23  -  Run Remote Usage
		Usr 0 00:00:00, Sys 0 00:00:01  -  Run Local Usage
...
003 (5307.003.000) 11/15 20:37:18 Job was checkpointed.
	Usr 6 08:49:54, Sys 0 00:00:23  -  Run Remote Usage
		Usr 0 00:00:00, Sys 0 00:00:01  -  Run Local Usage
...
003 (5307.003.000) 11/15 23:37:20 Job was checkpointed.
	Usr 6 11:49:39, Sys 0 00:00:24  -  Run Remote Usage
		Usr 0 00:00:00, Sys 0 00:00:01  -  Run Local Usage
...
003 (5307.003.000) 11/16 02:37:23 Job was checkpointed.
	Usr 6 14:49:22, Sys 0 00:00:25  -  Run Remote Usage
		Usr 0 00:00:00, Sys 0 00:00:01  -  Run Local Usage
...
003 (5307.003.000) 11/16 05:37:26 Job was checkpointed.
	Usr 6 17:49:13, Sys 0 00:00:25  -  Run Remote Usage
		Usr 0 00:00:00, Sys 0 00:00:01  -  Run Local Usage
...
003 (5307.003.000) 11/16 08:37:30 Job was checkpointed.
	Usr 6 20:49:02, Sys 0 00:00:26  -  Run Remote Usage
		Usr 0 00:00:00, Sys 0 00:00:01  -  Run Local Usage
...
003 (5307.003.000) 11/16 11:37:33 Job was checkpointed.
	Usr 6 23:48:49, Sys 0 00:00:26  -  Run Remote Usage
		Usr 0 00:00:00, Sys 0 00:00:01  -  Run Local Usage
...
003 (5307.003.000) 11/16 14:37:34 Job was checkpointed.
	Usr 7 02:48:34, Sys 0 00:00:27  -  Run Remote Usage
		Usr 0 00:00:00, Sys 0 00:00:01  -  Run Local Usage
...
003 (5307.003.000) 11/16 17:37:37 Job was checkpointed.
	Usr 7 05:48:20, Sys 0 00:00:27  -  Run Remote Usage
		Usr 0 00:00:00, Sys 0 00:00:01  -  Run Local Usage
...
003 (5307.003.000) 11/16 20:37:40 Job was checkpointed.
	Usr 7 08:48:07, Sys 0 00:00:28  -  Run Remote Usage
		Usr 0 00:00:00, Sys 0 00:00:01  -  Run Local Usage
...
003 (5307.003.000) 11/16 23:37:40 Job was checkpointed.
	Usr 7 11:47:53, Sys 0 00:00:28  -  Run Remote Usage
		Usr 0 00:00:00, Sys 0 00:00:01  -  Run Local Usage
...
006 (5307.003.000) 11/17 02:37:41 Image size of job updated: 11061
...
003 (5307.003.000) 11/17 02:37:42 Job was checkpointed.
	Usr 7 14:47:35, Sys 0 00:00:29  -  Run Remote Usage
		Usr 0 00:00:00, Sys 0 00:00:01  -  Run Local Usage
...
003 (5307.003.000) 11/17 05:37:43 Job was checkpointed.
	Usr 7 17:47:25, Sys 0 00:00:29  -  Run Remote Usage
		Usr 0 00:00:00, Sys 0 00:00:01  -  Run Local Usage
...
003 (5307.003.000) 11/17 08:37:45 Job was checkpointed.
	Usr 7 20:47:13, Sys 0 00:00:30  -  Run Remote Usage
		Usr 0 00:00:00, Sys 0 00:00:01  -  Run Local Usage
...
003 (5307.003.000) 11/17 11:37:50 Job was checkpointed.
	Usr 7 23:47:03, Sys 0 00:00:30  -  Run Remote Usage
		Usr 0 00:00:00, Sys 0 00:00:01  -  Run Local Usage
...
003 (5307.003.000) 11/17 14:37:51 Job was checkpointed.
	Usr 8 02:46:46, Sys 0 00:00:31  -  Run Remote Usage
		Usr 0 00:00:00, Sys 0 00:00:01  -  Run Local Usage
...
003 (5307.003.000) 11/17 17:37:55 Job was checkpointed.
	Usr 8 05:46:36, Sys 0 00:00:31  -  Run Remote Usage
		Usr 0 00:00:00, Sys 0 00:00:01  -  Run Local Usage
...
003 (5307.003.000) 11/17 20:37:57 Job was checkpointed.
	Usr 8 08:46:30, Sys 0 00:00:31  -  Run Remote Usage
		Usr 0 00:00:00, Sys 0 00:00:01  -  Run Local Usage
...
003 (5307.003.000) 11/17 23:38:00 Job was checkpointed.
	Usr 8 11:46:20, Sys 0 00:00:32  -  Run Remote Usage
		Usr 0 00:00:00, Sys 0 00:00:01  -  Run Local Usage
...
003 (5307.003.000) 11/18 02:38:04 Job was checkpointed.
	Usr 8 14:46:03, Sys 0 00:00:32  -  Run Remote Usage
		Usr 0 00:00:00, Sys 0 00:00:01  -  Run Local Usage
...
003 (5307.003.000) 11/18 05:38:08 Job was checkpointed.
	Usr 8 17:45:54, Sys 0 00:00:33  -  Run Remote Usage
		Usr 0 00:00:00, Sys 0 00:00:01  -  Run Local Usage
...
003 (5307.003.000) 11/18 08:38:13 Job was checkpointed.
	Usr 8 20:45:41, Sys 0 00:00:34  -  Run Remote Usage
		Usr 0 00:00:00, Sys 0 00:00:01  -  Run Local Usage
...
003 (5307.003.000) 11/18 11:38:15 Job was checkpointed.
	Usr 8 23:45:24, Sys 0 00:00:34  -  Run Remote Usage
		Usr 0 00:00:00, Sys 0 00:00:01  -  Run Local Usage
...
003 (5307.003.000) 11/18 14:38:15 Job was checkpointed.
	Usr 9 02:45:09, Sys 0 00:00:35  -  Run Remote Usage
		Usr 0 00:00:00, Sys 0 00:00:01  -  Run Local Usage
...
003 (5307.003.000) 11/18 17:38:18 Job was checkpointed.
	Usr 9 05:44:54, Sys 0 00:00:35  -  Run Remote Usage
		Usr 0 00:00:00, Sys 0 00:00:01  -  Run Local Usage
...
003 (5307.003.000) 11/18 20:38:22 Job was checkpointed.
	Usr 9 08:44:40, Sys 0 00:00:36  -  Run Remote Usage
		Usr 0 00:00:00, Sys 0 00:00:01  -  Run Local Usage
...
003 (5307.003.000) 11/18 23:38:24 Job was checkpointed.
	Usr 9 11:44:30, Sys 0 00:00:36  -  Run Remote Usage
		Usr 0 00:00:00, Sys 0 00:00:01  -  Run Local Usage
...
003 (5307.003.000) 11/19 02:38:23 Job was checkpointed.
	Usr 9 14:44:12, Sys 0 00:00:37  -  Run Remote Usage
		Usr 0 00:00:00, Sys 0 00:00:01  -  Run Local Usage
...
003 (5307.003.000) 11/19 05:38:29 Job was checkpointed.
	Usr 9 17:44:04, Sys 0 00:00:37  -  Run Remote Usage
		Usr 0 00:00:00, Sys 0 00:00:01  -  Run Local Usage
...
003 (5307.003.000) 11/19 08:38:31 Job was checkpointed.
	Usr 9 20:43:54, Sys 0 00:00:37  -  Run Remote Usage
		Usr 0 00:00:00, Sys 0 00:00:01  -  Run Local Usage
...
003 (5307.003.000) 11/19 11:38:32 Job was checkpointed.
	Usr 9 23:43:39, Sys 0 00:00:38  -  Run Remote Usage
		Usr 0 00:00:00, Sys 0 00:00:01  -  Run Local Usage
...
003 (5307.003.000) 11/19 14:38:36 Job was checkpointed.
	Usr 10 02:43:29, Sys 0 00:00:38  -  Run Remote Usage
		Usr 0 00:00:00, Sys 0 00:00:01  -  Run Local Usage
...
003 (5307.003.000) 11/19 17:38:39 Job was checkpointed.
	Usr 10 05:43:19, Sys 0 00:00:39  -  Run Remote Usage
		Usr 0 00:00:00, Sys 0 00:00:01  -  Run Local Usage
...
003 (5307.003.000) 11/19 20:38:40 Job was checkpointed.
	Usr 10 08:43:06, Sys 0 00:00:39  -  Run Remote Usage
		Usr 0 00:00:00, Sys 0 00:00:01  -  Run Local Usage
...
003 (5307.003.000) 11/19 23:38:44 Job was checkpointed.
	Usr 10 11:42:54, Sys 0 00:00:40  -  Run Remote Usage
		Usr 0 00:00:00, Sys 0 00:00:01  -  Run Local Usage
...
003 (5307.003.000) 11/20 02:38:45 Job was checkpointed.
	Usr 10 14:42:41, Sys 0 00:00:40  -  Run Remote Usage
		Usr 0 00:00:00, Sys 0 00:00:02  -  Run Local Usage
...
003 (5307.003.000) 11/20 05:38:45 Job was checkpointed.
	Usr 10 17:42:28, Sys 0 00:00:41  -  Run Remote Usage
		Usr 0 00:00:00, Sys 0 00:00:02  -  Run Local Usage
...
003 (5307.003.000) 11/20 08:38:49 Job was checkpointed.
	Usr 10 20:42:14, Sys 0 00:00:41  -  Run Remote Usage
		Usr 0 00:00:00, Sys 0 00:00:02  -  Run Local Usage
...
003 (5307.003.000) 11/20 11:38:52 Job was checkpointed.
	Usr 10 23:42:00, Sys 0 00:00:42  -  Run Remote Usage
		Usr 0 00:00:00, Sys 0 00:00:02  -  Run Local Usage
...
003 (5307.003.000) 11/20 14:38:56 Job was checkpointed.
	Usr 11 02:41:44, Sys 0 00:00:42  -  Run Remote Usage
		Usr 0 00:00:00, Sys 0 00:00:02  -  Run Local Usage
...
003 (5307.003.000) 11/20 17:38:58 Job was checkpointed.
	Usr 11 05:41:31, Sys 0 00:00:43  -  Run Remote Usage
		Usr 0 00:00:00, Sys 0 00:00:02  -  Run Local Usage
...
003 (5307.003.000) 11/20 20:38:58 Job was checkpointed.
	Usr 11 08:41:20, Sys 0 00:00:43  -  Run Remote Usage
		Usr 0 00:00:00, Sys 0 00:00:02  -  Run Local Usage
...
003 (5307.003.000) 11/20 23:39:00 Job was checkpointed.
	Usr 11 11:41:05, Sys 0 00:00:44  -  Run Remote Usage
		Usr 0 00:00:00, Sys 0 00:00:02  -  Run Local Usage
...
003 (5307.003.000) 11/21 02:39:03 Job was checkpointed.
	Usr 11 14:40:50, Sys 0 00:00:44  -  Run Remote Usage
		Usr 0 00:00:00, Sys 0 00:00:02  -  Run Local Usage
...
003 (5307.003.000) 11/21 05:39:04 Job was checkpointed.
	Usr 11 17:40:41, Sys 0 00:00:44  -  Run Remote Usage
		Usr 0 00:00:00, Sys 0 00:00:02  -  Run Local Usage
...
003 (5307.003.000) 11/21 08:39:05 Job was checkpointed.
	Usr 11 20:40:27, Sys 0 00:00:45  -  Run Remote Usage
		Usr 0 00:00:00, Sys 0 00:00:02  -  Run Local Usage
...
003 (5307.003.000) 11/21 11:39:07 Job was checkpointed.
	Usr 11 23:40:14, Sys 0 00:00:45  -  Run Remote Usage
		Usr 0 00:00:00, Sys 0 00:00:02  -  Run Local Usage
...
003 (5307.003.000) 11/21 14:39:09 Job was checkpointed.
	Usr 12 02:40:01, Sys 0 00:00:46  -  Run Remote Usage
		Usr 0 00:00:00, Sys 0 00:00:02  -  Run Local Usage
...
003 (5307.003.000) 11/21 17:39:13 Job was checkpointed.
	Usr 12 05:39:47, Sys 0 00:00:46  -  Run Remote Usage
		Usr 0 00:00:00, Sys 0 00:00:02  -  Run Local Usage
...
003 (5307.003.000) 11/21 20:39:13 Job was checkpointed.
	Usr 12 08:39:31, Sys 0 00:00:47  -  Run Remote Usage
		Usr 0 00:00:00, Sys 0 00:00:02  -  Run Local Usage
...
003 (5307.003.000) 11/21 23:39:17 Job was checkpointed.
	Usr 12 11:39:20, Sys 0 00:00:47  -  Run Remote Usage
		Usr 0 00:00:00, Sys 0 00:00:02  -  Run Local Usage
...
003 (5307.003.000) 11/22 02:39:19 Job was checkpointed.
	Usr 12 14:39:04, Sys 0 00:00:48  -  Run Remote Usage
		Usr 0 00:00:00, Sys 0 00:00:02  -  Run Local Usage
...
003 (5307.003.000) 11/22 05:39:23 Job was checkpointed.
	Usr 12 17:38:52, Sys 0 00:00:49  -  Run Remote Usage
		Usr 0 00:00:00, Sys 0 00:00:02  -  Run Local Usage
...
003 (5307.003.000) 11/22 08:39:24 Job was checkpointed.
	Usr 12 20:38:35, Sys 0 00:00:49  -  Run Remote Usage
		Usr 0 00:00:00, Sys 0 00:00:02  -  Run Local Usage
...
003 (5307.003.000) 11/22 11:39:27 Job was checkpointed.
	Usr 12 23:38:24, Sys 0 00:00:50  -  Run Remote Usage
		Usr 0 00:00:00, Sys 0 00:00:02  -  Run Local Usage
...
003 (5307.003.000) 11/22 14:39:30 Job was checkpointed.
	Usr 13 02:38:14, Sys 0 00:00:50  -  Run Remote Usage
		Usr 0 00:00:00, Sys 0 00:00:02  -  Run Local Usage
...
003 (5307.003.000) 11/22 17:39:35 Job was checkpointed.
	Usr 13 05:38:03, Sys 0 00:00:51  -  Run Remote Usage
		Usr 0 00:00:00, Sys 0 00:00:02  -  Run Local Usage
...
003 (5307.003.000) 11/22 20:39:36 Job was checkpointed.
	Usr 13 08:37:54, Sys 0 00:00:51  -  Run Remote Usage
		Usr 0 00:00:00, Sys 0 00:00:02  -  Run Local Usage
...
003 (5307.003.000) 11/22 23:39:40 Job was checkpointed.
	Usr 13 11:37:49, Sys 0 00:00:51  -  Run Remote Usage
		Usr 0 00:00:00, Sys 0 00:00:02  -  Run Local Usage
...
003 (5307.003.000) 11/23 02:39:41 Job was checkpointed.
	Usr 13 14:37:37, Sys 0 00:00:52  -  Run Remote Usage
		Usr 0 00:00:00, Sys 0 00:00:02  -  Run Local Usage
...
003 (5307.003.000) 11/23 05:39:45 Job was checkpointed.
	Usr 13 17:37:25, Sys 0 00:00:52  -  Run Remote Usage
		Usr 0 00:00:00, Sys 0 00:00:02  -  Run Local Usage
...
003 (5307.003.000) 11/23 08:39:45 Job was checkpointed.
	Usr 13 20:37:12, Sys 0 00:00:53  -  Run Remote Usage
		Usr 0 00:00:00, Sys 0 00:00:02  -  Run Local Usage
...
003 (5307.003.000) 11/23 11:39:50 Job was checkpointed.
	Usr 13 23:37:01, Sys 0 00:00:53  -  Run Remote Usage
		Usr 0 00:00:00, Sys 0 00:00:02  -  Run Local Usage
...
003 (5307.003.000) 11/23 14:39:52 Job was checkpointed.
	Usr 14 02:36:43, Sys 0 00:00:54  -  Run Remote Usage
		Usr 0 00:00:00, Sys 0 00:00:02  -  Run Local Usage
...
003 (5307.003.000) 11/23 17:39:55 Job was checkpointed.
	Usr 14 05:36:26, Sys 0 00:00:55  -  Run Remote Usage
		Usr 0 00:00:00, Sys 0 00:00:02  -  Run Local Usage
...
003 (5307.003.000) 11/23 20:39:56 Job was checkpointed.
	Usr 14 08:36:05, Sys 0 00:00:55  -  Run Remote Usage
		Usr 0 00:00:00, Sys 0 00:00:02  -  Run Local Usage
...
003 (5307.003.000) 11/23 23:40:01 Job was checkpointed.
	Usr 14 11:35:59, Sys 0 00:00:56  -  Run Remote Usage
		Usr 0 00:00:00, Sys 0 00:00:02  -  Run Local Usage
...
003 (5307.003.000) 11/24 02:40:03 Job was checkpointed.
	Usr 14 14:35:46, Sys 0 00:00:56  -  Run Remote Usage
		Usr 0 00:00:00, Sys 0 00:00:02  -  Run Local Usage
...
003 (5307.003.000) 11/24 05:40:05 Job was checkpointed.
	Usr 14 17:35:35, Sys 0 00:00:56  -  Run Remote Usage
		Usr 0 00:00:00, Sys 0 00:00:02  -  Run Local Usage
...
003 (5307.003.000) 11/24 08:40:09 Job was checkpointed.
	Usr 14 20:35:22, Sys 0 00:00:57  -  Run Remote Usage
		Usr 0 00:00:00, Sys 0 00:00:02  -  Run Local Usage
...
003 (5307.003.000) 11/24 11:40:12 Job was checkpointed.
	Usr 14 23:35:13, Sys 0 00:00:57  -  Run Remote Usage
		Usr 0 00:00:00, Sys 0 00:00:02  -  Run Local Usage
...
003 (5307.003.000) 11/24 14:40:14 Job was checkpointed.
	Usr 15 02:35:00, Sys 0 00:00:58  -  Run Remote Usage
		Usr 0 00:00:00, Sys 0 00:00:02  -  Run Local Usage
...
003 (5307.003.000) 11/24 17:40:19 Job was checkpointed.
	Usr 15 05:34:49, Sys 0 00:00:58  -  Run Remote Usage
		Usr 0 00:00:00, Sys 0 00:00:02  -  Run Local Usage
...
003 (5307.003.000) 11/24 20:40:22 Job was checkpointed.
	Usr 15 08:34:37, Sys 0 00:00:59  -  Run Remote Usage
		Usr 0 00:00:00, Sys 0 00:00:02  -  Run Local Usage
...
003 (5307.003.000) 11/24 23:40:26 Job was checkpointed.
	Usr 15 11:34:21, Sys 0 00:00:59  -  Run Remote Usage
		Usr 0 00:00:00, Sys 0 00:00:02  -  Run Local Usage
...
003 (5307.003.000) 11/25 02:40:28 Job was checkpointed.
	Usr 15 14:34:08, Sys 0 00:01:00  -  Run Remote Usage
		Usr 0 00:00:00, Sys 0 00:00:02  -  Run Local Usage
...
003 (5307.003.000) 11/25 05:40:29 Job was checkpointed.
	Usr 15 17:33:54, Sys 0 00:01:01  -  Run Remote Usage
		Usr 0 00:00:00, Sys 0 00:00:02  -  Run Local Usage
...
003 (5307.003.000) 11/25 08:40:29 Job was checkpointed.
	Usr 15 20:33:44, Sys 0 00:01:01  -  Run Remote Usage
		Usr 0 00:00:00, Sys 0 00:00:02  -  Run Local Usage
...
003 (5307.003.000) 11/25 11:40:33 Job was checkpointed.
	Usr 15 23:33:34, Sys 0 00:01:01  -  Run Remote Usage
		Usr 0 00:00:00, Sys 0 00:00:02  -  Run Local Usage
...
003 (5307.003.000) 11/25 14:40:37 Job was checkpointed.
	Usr 16 02:33:24, Sys 0 00:01:02  -  Run Remote Usage
		Usr 0 00:00:00, Sys 0 00:00:03  -  Run Local Usage
...
003 (5307.003.000) 11/25 17:40:38 Job was checkpointed.
	Usr 16 05:33:09, Sys 0 00:01:02  -  Run Remote Usage
		Usr 0 00:00:00, Sys 0 00:00:03  -  Run Local Usage
...
003 (5307.003.000) 11/25 20:40:43 Job was checkpointed.
	Usr 16 08:33:02, Sys 0 00:01:03  -  Run Remote Usage
		Usr 0 00:00:00, Sys 0 00:00:03  -  Run Local Usage
...
003 (5307.003.000) 11/25 23:40:45 Job was checkpointed.
	Usr 16 11:32:47, Sys 0 00:01:03  -  Run Remote Usage
		Usr 0 00:00:00, Sys 0 00:00:03  -  Run Local Usage
...
003 (5307.003.000) 11/26 02:40:49 Job was checkpointed.
	Usr 16 14:32:31, Sys 0 00:01:04  -  Run Remote Usage
		Usr 0 00:00:00, Sys 0 00:00:03  -  Run Local Usage
...
003 (5307.003.000) 11/26 05:40:52 Job was checkpointed.
	Usr 16 17:32:22, Sys 0 00:01:04  -  Run Remote Usage
		Usr 0 00:00:00, Sys 0 00:00:03  -  Run Local Usage
...
003 (5307.003.000) 11/26 08:40:52 Job was checkpointed.
	Usr 16 20:32:10, Sys 0 00:01:05  -  Run Remote Usage
		Usr 0 00:00:00, Sys 0 00:00:03  -  Run Local Usage
...
003 (5307.003.000) 11/26 11:40:54 Job was checkpointed.
	Usr 16 23:31:55, Sys 0 00:01:05  -  Run Remote Usage
		Usr 0 00:00:00, Sys 0 00:00:03  -  Run Local Usage
...
003 (5307.003.000) 11/26 14:40:55 Job was checkpointed.
	Usr 17 02:31:46, Sys 0 00:01:05  -  Run Remote Usage
		Usr 0 00:00:00, Sys 0 00:00:03  -  Run Local Usage
...
003 (5307.003.000) 11/26 17:40:58 Job was checkpointed.
	Usr 17 05:31:32, Sys 0 00:01:06  -  Run Remote Usage
		Usr 0 00:00:00, Sys 0 00:00:03  -  Run Local Usage
...
003 (5307.003.000) 11/26 20:40:59 Job was checkpointed.
	Usr 17 08:31:18, Sys 0 00:01:07  -  Run Remote Usage
		Usr 0 00:00:00, Sys 0 00:00:03  -  Run Local Usage
...
003 (5307.003.000) 11/26 23:41:01 Job was checkpointed.
	Usr 17 11:31:07, Sys 0 00:01:07  -  Run Remote Usage
		Usr 0 00:00:00, Sys 0 00:00:03  -  Run Local Usage
...
003 (5307.003.000) 11/27 02:41:06 Job was checkpointed.
	Usr 17 14:30:58, Sys 0 00:01:07  -  Run Remote Usage
		Usr 0 00:00:00, Sys 0 00:00:03  -  Run Local Usage
...
003 (5307.003.000) 11/27 05:41:07 Job was checkpointed.
	Usr 17 17:30:40, Sys 0 00:01:08  -  Run Remote Usage
		Usr 0 00:00:00, Sys 0 00:00:03  -  Run Local Usage
...
003 (5307.003.000) 11/27 08:41:08 Job was checkpointed.
	Usr 17 20:30:23, Sys 0 00:01:08  -  Run Remote Usage
		Usr 0 00:00:00, Sys 0 00:00:03  -  Run Local Usage
...
003 (5307.003.000) 11/27 11:41:09 Job was checkpointed.
	Usr 17 23:30:17, Sys 0 00:01:09  -  Run Remote Usage
		Usr 0 00:00:00, Sys 0 00:00:03  -  Run Local Usage
...
003 (5307.003.000) 11/27 14:41:12 Job was checkpointed.
	Usr 18 02:30:06, Sys 0 00:01:09  -  Run Remote Usage
		Usr 0 00:00:00, Sys 0 00:00:03  -  Run Local Usage
...
003 (5307.003.000) 11/27 17:41:14 Job was checkpointed.
	Usr 18 05:29:57, Sys 0 00:01:09  -  Run Remote Usage
		Usr 0 00:00:00, Sys 0 00:00:03  -  Run Local Usage
...
003 (5307.003.000) 11/27 20:41:15 Job was checkpointed.
	Usr 18 08:29:47, Sys 0 00:01:10  -  Run Remote Usage
		Usr 0 00:00:00, Sys 0 00:00:03  -  Run Local Usage
...
003 (5307.003.000) 11/27 23:41:19 Job was checkpointed.
	Usr 18 11:29:36, Sys 0 00:01:10  -  Run Remote Usage
		Usr 0 00:00:00, Sys 0 00:00:03  -  Run Local Usage
...
003 (5307.003.000) 11/28 02:41:22 Job was checkpointed.
	Usr 18 14:29:27, Sys 0 00:01:11  -  Run Remote Usage
		Usr 0 00:00:00, Sys 0 00:00:03  -  Run Local Usage
...
003 (5307.003.000) 11/28 05:41:27 Job was checkpointed.
	Usr 18 17:29:16, Sys 0 00:01:11  -  Run Remote Usage
		Usr 0 00:00:00, Sys 0 00:00:03  -  Run Local Usage
...
003 (5307.003.000) 11/28 08:41:32 Job was checkpointed.
	Usr 18 20:29:10, Sys 0 00:01:12  -  Run Remote Usage
		Usr 0 00:00:00, Sys 0 00:00:03  -  Run Local Usage
...
003 (5307.003.000) 11/28 11:41:34 Job was checkpointed.
	Usr 18 23:28:54, Sys 0 00:01:12  -  Run Remote Usage
		Usr 0 00:00:00, Sys 0 00:00:03  -  Run Local Usage
...
003 (5307.003.000) 11/28 14:41:37 Job was checkpointed.
	Usr 19 02:28:40, Sys 0 00:01:13  -  Run Remote Usage
		Usr 0 00:00:01, Sys 0 00:00:03  -  Run Local Usage
...
003 (5307.003.000) 11/28 17:41:42 Job was checkpointed.
	Usr 19 05:28:29, Sys 0 00:01:13  -  Run Remote Usage
		Usr 0 00:00:01, Sys 0 00:00:03  -  Run Local Usage
...
003 (5307.003.000) 11/28 20:41:46 Job was checkpointed.
	Usr 19 08:28:15, Sys 0 00:01:14  -  Run Remote Usage
		Usr 0 00:00:01, Sys 0 00:00:03  -  Run Local Usage
...
003 (5307.003.000) 11/28 23:41:50 Job was checkpointed.
	Usr 19 11:28:18, Sys 0 00:01:14  -  Run Remote Usage
		Usr 0 00:00:01, Sys 0 00:00:03  -  Run Local Usage
...
003 (5307.003.000) 11/29 02:41:53 Job was checkpointed.
	Usr 19 14:28:19, Sys 0 00:01:14  -  Run Remote Usage
		Usr 0 00:00:01, Sys 0 00:00:03  -  Run Local Usage
...
003 (5307.003.000) 11/29 05:41:55 Job was checkpointed.
	Usr 19 17:28:20, Sys 0 00:01:14  -  Run Remote Usage
		Usr 0 00:00:01, Sys 0 00:00:03  -  Run Local Usage
...
003 (5307.003.000) 11/29 08:41:59 Job was checkpointed.
	Usr 19 20:28:22, Sys 0 00:01:14  -  Run Remote Usage
		Usr 0 00:00:01, Sys 0 00:00:03  -  Run Local Usage
...
003 (5307.003.000) 11/29 11:42:01 Job was checkpointed.
	Usr 19 23:28:23, Sys 0 00:01:14  -  Run Remote Usage
		Usr 0 00:00:01, Sys 0 00:00:03  -  Run Local Usage
...
003 (5307.003.000) 11/29 14:42:02 Job was checkpointed.
	Usr 20 02:28:22, Sys 0 00:01:14  -  Run Remote Usage
		Usr 0 00:00:01, Sys 0 00:00:03  -  Run Local Usage
...
003 (5307.003.000) 11/29 17:42:06 Job was checkpointed.
	Usr 20 05:28:25, Sys 0 00:01:14  -  Run Remote Usage
		Usr 0 00:00:01, Sys 0 00:00:03  -  Run Local Usage
...
003 (5307.003.000) 11/29 20:42:09 Job was checkpointed.
	Usr 20 08:28:26, Sys 0 00:01:14  -  Run Remote Usage
		Usr 0 00:00:01, Sys 0 00:00:03  -  Run Local Usage
...
003 (5307.003.000) 11/29 23:42:12 Job was checkpointed.
	Usr 20 11:28:28, Sys 0 00:01:14  -  Run Remote Usage
		Usr 0 00:00:01, Sys 0 00:00:03  -  Run Local Usage
...
003 (5307.003.000) 11/30 02:42:12 Job was checkpointed.
	Usr 20 14:28:27, Sys 0 00:01:14  -  Run Remote Usage
		Usr 0 00:00:01, Sys 0 00:00:03  -  Run Local Usage
...
003 (5307.003.000) 11/30 05:42:16 Job was checkpointed.
	Usr 20 17:28:30, Sys 0 00:01:14  -  Run Remote Usage
		Usr 0 00:00:01, Sys 0 00:00:03  -  Run Local Usage
...
003 (5307.003.000) 11/30 08:42:17 Job was checkpointed.
	Usr 20 20:28:29, Sys 0 00:01:14  -  Run Remote Usage
		Usr 0 00:00:01, Sys 0 00:00:03  -  Run Local Usage
...
003 (5307.003.000) 11/30 11:42:19 Job was checkpointed.
	Usr 20 23:28:30, Sys 0 00:01:14  -  Run Remote Usage
		Usr 0 00:00:01, Sys 0 00:00:03  -  Run Local Usage
...
003 (5307.003.000) 11/30 14:42:22 Job was checkpointed.
	Usr 21 02:28:32, Sys 0 00:01:14  -  Run Remote Usage
		Usr 0 00:00:01, Sys 0 00:00:03  -  Run Local Usage
...
003 (5307.003.000) 11/30 17:42:27 Job was checkpointed.
	Usr 21 05:28:35, Sys 0 00:01:14  -  Run Remote Usage
		Usr 0 00:00:01, Sys 0 00:00:04  -  Run Local Usage
...
003 (5307.003.000) 11/30 20:42:30 Job was checkpointed.
	Usr 21 08:28:37, Sys 0 00:01:14  -  Run Remote Usage
		Usr 0 00:00:01, Sys 0 00:00:04  -  Run Local Usage
...
003 (5307.003.000) 11/30 23:42:31 Job was checkpointed.
	Usr 21 11:28:36, Sys 0 00:01:14  -  Run Remote Usage
		Usr 0 00:00:01, Sys 0 00:00:04  -  Run Local Usage
...
003 (5307.003.000) 12/01 02:42:36 Job was checkpointed.
	Usr 21 14:28:40, Sys 0 00:01:14  -  Run Remote Usage
		Usr 0 00:00:01, Sys 0 00:00:04  -  Run Local Usage
...
003 (5307.003.000) 12/01 05:42:36 Job was checkpointed.
	Usr 21 17:28:38, Sys 0 00:01:14  -  Run Remote Usage
		Usr 0 00:00:01, Sys 0 00:00:04  -  Run Local Usage
...
003 (5307.003.000) 12/01 08:42:39 Job was checkpointed.
	Usr 21 20:28:41, Sys 0 00:01:14  -  Run Remote Usage
		Usr 0 00:00:01, Sys 0 00:00:04  -  Run Local Usage
...
003 (5307.003.000) 12/01 11:42:39 Job was checkpointed.
	Usr 21 23:28:39, Sys 0 00:01:14  -  Run Remote Usage
		Usr 0 00:00:01, Sys 0 00:00:04  -  Run Local Usage
...
003 (5307.003.000) 12/01 14:42:40 Job was checkpointed.
	Usr 22 02:28:39, Sys 0 00:01:14  -  Run Remote Usage
		Usr 0 00:00:01, Sys 0 00:00:04  -  Run Local Usage
...
003 (5307.003.000) 12/01 17:42:45 Job was checkpointed.
	Usr 22 05:28:42, Sys 0 00:01:14  -  Run Remote Usage
		Usr 0 00:00:01, Sys 0 00:00:04  -  Run Local Usage
...
003 (5307.003.000) 12/01 20:42:46 Job was checkpointed.
	Usr 22 08:28:42, Sys 0 00:01:14  -  Run Remote Usage
		Usr 0 00:00:01, Sys 0 00:00:04  -  Run Local Usage
...
003 (5307.003.000) 12/01 23:42:49 Job was checkpointed.
	Usr 22 11:28:43, Sys 0 00:01:14  -  Run Remote Usage
		Usr 0 00:00:01, Sys 0 00:00:04  -  Run Local Usage
...
003 (5307.003.000) 12/02 02:42:49 Job was checkpointed.
	Usr 22 14:28:42, Sys 0 00:01:14  -  Run Remote Usage
		Usr 0 00:00:01, Sys 0 00:00:04  -  Run Local Usage
...
003 (5307.003.000) 12/02 05:42:50 Job was checkpointed.
	Usr 22 17:28:41, Sys 0 00:01:14  -  Run Remote Usage
		Usr 0 00:00:01, Sys 0 00:00:04  -  Run Local Usage
...
003 (5307.003.000) 12/02 08:42:51 Job was checkpointed.
	Usr 22 20:28:41, Sys 0 00:01:14  -  Run Remote Usage
		Usr 0 00:00:01, Sys 0 00:00:04  -  Run Local Usage
...
003 (5307.003.000) 12/02 11:42:53 Job was checkpointed.
	Usr 22 23:28:42, Sys 0 00:01:14  -  Run Remote Usage
		Usr 0 00:00:01, Sys 0 00:00:04  -  Run Local Usage
...
003 (5307.003.000) 12/02 14:42:55 Job was checkpointed.
	Usr 23 02:28:43, Sys 0 00:01:14  -  Run Remote Usage
		Usr 0 00:00:01, Sys 0 00:00:04  -  Run Local Usage
...
003 (5307.003.000) 12/02 17:42:57 Job was checkpointed.
	Usr 23 05:28:43, Sys 0 00:01:14  -  Run Remote Usage
		Usr 0 00:00:01, Sys 0 00:00:04  -  Run Local Usage
...
003 (5307.003.000) 12/02 20:43:00 Job was checkpointed.
	Usr 23 08:28:44, Sys 0 00:01:14  -  Run Remote Usage
		Usr 0 00:00:01, Sys 0 00:00:04  -  Run Local Usage
...
003 (5307.003.000) 12/02 23:43:00 Job was checkpointed.
	Usr 23 11:28:44, Sys 0 00:01:14  -  Run Remote Usage
		Usr 0 00:00:01, Sys 0 00:00:04  -  Run Local Usage
...
003 (5307.003.000) 12/03 02:43:05 Job was checkpointed.
	Usr 23 14:28:47, Sys 0 00:01:14  -  Run Remote Usage
		Usr 0 00:00:01, Sys 0 00:00:04  -  Run Local Usage
...
003 (5307.003.000) 12/03 05:43:07 Job was checkpointed.
	Usr 23 17:28:48, Sys 0 00:01:14  -  Run Remote Usage
		Usr 0 00:00:01, Sys 0 00:00:04  -  Run Local Usage
...
003 (5307.003.000) 12/03 08:43:08 Job was checkpointed.
	Usr 23 20:28:47, Sys 0 00:01:14  -  Run Remote Usage
		Usr 0 00:00:01, Sys 0 00:00:04  -  Run Local Usage
...
003 (5307.003.000) 12/03 11:43:08 Job was checkpointed.
	Usr 23 23:28:46, Sys 0 00:01:14  -  Run Remote Usage
		Usr 0 00:00:01, Sys 0 00:00:04  -  Run Local Usage
...
003 (5307.003.000) 12/03 14:43:11 Job was checkpointed.
	Usr 24 02:28:47, Sys 0 00:01:14  -  Run Remote Usage
		Usr 0 00:00:01, Sys 0 00:00:04  -  Run Local Usage
...
003 (5307.003.000) 12/03 17:43:14 Job was checkpointed.
	Usr 24 05:28:49, Sys 0 00:01:14  -  Run Remote Usage
		Usr 0 00:00:01, Sys 0 00:00:04  -  Run Local Usage
...
003 (5307.003.000) 12/03 20:43:18 Job was checkpointed.
	Usr 24 08:28:52, Sys 0 00:01:14  -  Run Remote Usage
		Usr 0 00:00:01, Sys 0 00:00:04  -  Run Local Usage
...
003 (5307.003.000) 12/03 23:43:19 Job was checkpointed.
	Usr 24 11:28:52, Sys 0 00:01:14  -  Run Remote Usage
		Usr 0 00:00:01, Sys 0 00:00:04  -  Run Local Usage
...
003 (5307.003.000) 12/04 02:43:23 Job was checkpointed.
	Usr 24 14:28:54, Sys 0 00:01:14  -  Run Remote Usage
		Usr 0 00:00:01, Sys 0 00:00:04  -  Run Local Usage
...
003 (5307.003.000) 12/04 05:43:27 Job was checkpointed.
	Usr 24 17:28:57, Sys 0 00:01:14  -  Run Remote Usage
		Usr 0 00:00:01, Sys 0 00:00:04  -  Run Local Usage
...
003 (5307.003.000) 12/04 08:43:28 Job was checkpointed.
	Usr 222 01:49:56, Sys 0 00:01:14  -  Run Remote Usage
		Usr 0 00:00:01, Sys 0 00:00:04  -  Run Local Usage
...
003 (5307.003.000) 12/04 11:43:30 Job was checkpointed.
	Usr 222 04:49:56, Sys 0 00:01:14  -  Run Remote Usage
		Usr 0 00:00:01, Sys 0 00:00:04  -  Run Local Usage
...
003 (5307.003.000) 12/04 14:43:31 Job was checkpointed.
	Usr 222 07:49:56, Sys 0 00:01:14  -  Run Remote Usage
		Usr 0 00:00:01, Sys 0 00:00:04  -  Run Local Usage
...
003 (5307.003.000) 12/04 17:43:33 Job was checkpointed.
	Usr 222 10:49:56, Sys 0 00:01:14  -  Run Remote Usage
		Usr 0 00:00:01, Sys 0 00:00:04  -  Run Local Usage
...
003 (5307.003.000) 12/04 20:43:34 Job was checkpointed.
	Usr 222 13:49:56, Sys 0 00:01:14  -  Run Remote Usage
		Usr 0 00:00:01, Sys 0 00:00:04  -  Run Local Usage
...
003 (5307.003.000) 12/04 23:43:34 Job was checkpointed.
	Usr 222 16:49:54, Sys 0 00:01:14  -  Run Remote Usage
		Usr 0 00:00:01, Sys 0 00:00:04  -  Run Local Usage
...
003 (5307.003.000) 12/05 02:43:34 Job was checkpointed.
	Usr 222 19:49:53, Sys 0 00:01:14  -  Run Remote Usage
		Usr 0 00:00:01, Sys 0 00:00:04  -  Run Local Usage
...
003 (5307.003.000) 12/05 05:43:34 Job was checkpointed.
	Usr 222 22:49:52, Sys 0 00:01:14  -  Run Remote Usage
		Usr 0 00:00:01, Sys 0 00:00:04  -  Run Local Usage
...
003 (5307.003.000) 12/05 08:43:38 Job was checkpointed.
	Usr 223 01:49:54, Sys 0 00:01:14  -  Run Remote Usage
		Usr 0 00:00:01, Sys 0 00:00:04  -  Run Local Usage
...
003 (5307.003.000) 12/05 11:43:42 Job was checkpointed.
	Usr 223 04:49:42, Sys 0 00:01:14  -  Run Remote Usage
		Usr 0 00:00:01, Sys 0 00:00:04  -  Run Local Usage
...
003 (5307.003.000) 12/05 14:43:46 Job was checkpointed.
	Usr 223 07:49:30, Sys 0 00:01:15  -  Run Remote Usage
		Usr 0 00:00:01, Sys 0 00:00:04  -  Run Local Usage
...
003 (5307.003.000) 12/05 17:43:51 Job was checkpointed.
	Usr 223 10:49:22, Sys 0 00:01:15  -  Run Remote Usage
		Usr 0 00:00:01, Sys 0 00:00:04  -  Run Local Usage
...
003 (5307.003.000) 12/05 20:43:52 Job was checkpointed.
	Usr 223 13:49:06, Sys 0 00:01:16  -  Run Remote Usage
		Usr 0 00:00:01, Sys 0 00:00:04  -  Run Local Usage
...
003 (5307.003.000) 12/05 23:43:57 Job was checkpointed.
	Usr 223 16:48:54, Sys 0 00:01:16  -  Run Remote Usage
		Usr 0 00:00:01, Sys 0 00:00:05  -  Run Local Usage
...
003 (5307.003.000) 12/06 02:44:02 Job was checkpointed.
	Usr 223 19:48:38, Sys 0 00:01:17  -  Run Remote Usage
		Usr 0 00:00:01, Sys 0 00:00:05  -  Run Local Usage
...
003 (5307.003.000) 12/06 05:44:04 Job was checkpointed.
	Usr 223 22:48:25, Sys 0 00:01:18  -  Run Remote Usage
		Usr 0 00:00:01, Sys 0 00:00:05  -  Run Local Usage
...
003 (5307.003.000) 12/06 08:44:06 Job was checkpointed.
	Usr 224 01:48:12, Sys 0 00:01:18  -  Run Remote Usage
		Usr 0 00:00:01, Sys 0 00:00:05  -  Run Local Usage
...
003 (5307.003.000) 12/06 11:44:09 Job was checkpointed.
	Usr 224 04:47:56, Sys 0 00:01:19  -  Run Remote Usage
		Usr 0 00:00:01, Sys 0 00:00:05  -  Run Local Usage
...
003 (5307.003.000) 12/06 14:44:13 Job was checkpointed.
	Usr 224 07:47:44, Sys 0 00:01:19  -  Run Remote Usage
		Usr 0 00:00:01, Sys 0 00:00:05  -  Run Local Usage
...
003 (5307.003.000) 12/06 17:44:15 Job was checkpointed.
	Usr 224 10:47:33, Sys 0 00:01:19  -  Run Remote Usage
		Usr 0 00:00:01, Sys 0 00:00:05  -  Run Local Usage
...
003 (5307.003.000) 12/06 20:44:17 Job was checkpointed.
	Usr 224 13:47:18, Sys 0 00:01:20  -  Run Remote Usage
		Usr 0 00:00:01, Sys 0 00:00:05  -  Run Local Usage
...
003 (5307.003.000) 12/06 23:44:21 Job was checkpointed.
	Usr 224 16:47:09, Sys 0 00:01:20  -  Run Remote Usage
		Usr 0 00:00:01, Sys 0 00:00:05  -  Run Local Usage
...
003 (5307.003.000) 12/07 02:44:22 Job was checkpointed.
	Usr 224 19:46:49, Sys 0 00:01:21  -  Run Remote Usage
		Usr 0 00:00:01, Sys 0 00:00:05  -  Run Local Usage
...
003 (5307.003.000) 12/07 05:44:21 Job was checkpointed.
	Usr 224 22:46:30, Sys 0 00:01:21  -  Run Remote Usage
		Usr 0 00:00:01, Sys 0 00:00:05  -  Run Local Usage
...
003 (5307.003.000) 12/07 08:44:22 Job was checkpointed.
	Usr 225 01:46:14, Sys 0 00:01:22  -  Run Remote Usage
		Usr 0 00:00:01, Sys 0 00:00:05  -  Run Local Usage
...
003 (5307.003.000) 12/07 11:44:25 Job was checkpointed.
	Usr 225 04:46:02, Sys 0 00:01:22  -  Run Remote Usage
		Usr 0 00:00:01, Sys 0 00:00:05  -  Run Local Usage
...
003 (5307.003.000) 12/07 14:44:28 Job was checkpointed.
	Usr 225 07:45:50, Sys 0 00:01:23  -  Run Remote Usage
		Usr 0 00:00:01, Sys 0 00:00:05  -  Run Local Usage
...
003 (5307.003.000) 12/07 17:44:31 Job was checkpointed.
	Usr 225 10:45:34, Sys 0 00:01:23  -  Run Remote Usage
		Usr 0 00:00:01, Sys 0 00:00:05  -  Run Local Usage
...
003 (5307.003.000) 12/07 20:44:35 Job was checkpointed.
	Usr 225 13:45:21, Sys 0 00:01:24  -  Run Remote Usage
		Usr 0 00:00:01, Sys 0 00:00:05  -  Run Local Usage
...
003 (5307.003.000) 12/07 23:44:39 Job was checkpointed.
	Usr 225 16:45:08, Sys 0 00:01:24  -  Run Remote Usage
		Usr 0 00:00:01, Sys 0 00:00:05  -  Run Local Usage
...
003 (5307.003.000) 12/08 02:44:41 Job was checkpointed.
	Usr 225 19:44:54, Sys 0 00:01:25  -  Run Remote Usage
		Usr 0 00:00:01, Sys 0 00:00:05  -  Run Local Usage
...
004 (5307.003.000) 12/08 04:27:24 Job was evicted.
	(1) Job was checkpointed.
		Usr 225 21:27:26, Sys 0 00:01:25  -  Run Remote Usage
		Usr 0 00:00:01, Sys 0 00:00:05  -  Run Local Usage
	249765280  -  Run Bytes Sent By Job
	4582703  -  Run Bytes Received By Job
...
001 (5307.003.000) 12/08 04:36:19 Job executing on host: <192.168.203.25:38935>
...
006 (5307.003.000) 12/08 04:44:09 Image size of job updated: 11061
...
004 (5307.003.000) 12/08 04:44:14 Job was evicted.
	(1) Job was checkpointed.
		Usr 0 00:07:49, Sys 0 00:00:00  -  Run Remote Usage
		Usr 0 00:00:00, Sys 0 00:00:00  -  Run Local Usage
	1087304  -  Run Bytes Sent By Job
	5612794  -  Run Bytes Received By Job
...
001 (5307.003.000) 12/09 02:26:58 Job executing on host: <192.168.203.7:42838>
...
006 (5307.003.000) 12/09 05:26:55 Image size of job updated: 11061
...
003 (5307.003.000) 12/09 05:26:55 Job was checkpointed.
	Usr 0 02:59:47, Sys 0 00:00:00  -  Run Remote Usage
		Usr 0 00:00:00, Sys 0 00:00:00  -  Run Local Usage
...
003 (5307.003.000) 12/09 08:26:54 Job was checkpointed.
	Usr 0 05:59:39, Sys 0 00:00:00  -  Run Remote Usage
		Usr 0 00:00:00, Sys 0 00:00:00  -  Run Local Usage
...
003 (5307.003.000) 12/09 11:26:52 Job was checkpointed.
	Usr 0 08:59:29, Sys 0 00:00:00  -  Run Remote Usage
		Usr 0 00:00:00, Sys 0 00:00:00  -  Run Local Usage
...
003 (5307.003.000) 12/09 14:26:50 Job was checkpointed.
	Usr 0 11:59:17, Sys 0 00:00:00  -  Run Remote Usage
		Usr 0 00:00:00, Sys 0 00:00:00  -  Run Local Usage
...
003 (5307.003.000) 12/09 17:26:50 Job was checkpointed.
	Usr 0 14:59:06, Sys 0 00:00:00  -  Run Remote Usage
		Usr 0 00:00:00, Sys 0 00:00:00  -  Run Local Usage
...
003 (5307.003.000) 12/09 20:26:47 Job was checkpointed.
	Usr 0 17:58:51, Sys 0 00:00:00  -  Run Remote Usage
		Usr 0 00:00:00, Sys 0 00:00:00  -  Run Local Usage
...
003 (5307.003.000) 12/09 23:26:46 Job was checkpointed.
	Usr 0 20:58:39, Sys 0 00:00:01  -  Run Remote Usage
		Usr 0 00:00:00, Sys 0 00:00:00  -  Run Local Usage
...
003 (5307.003.000) 12/10 02:26:43 Job was checkpointed.
	Usr 0 23:58:28, Sys 0 00:00:01  -  Run Remote Usage
		Usr 0 00:00:00, Sys 0 00:00:00  -  Run Local Usage
...
004 (5307.003.000) 12/10 03:56:45 Job was evicted.
	(1) Job was checkpointed.
		Usr 1 01:28:25, Sys 0 00:00:01  -  Run Remote Usage
		Usr 0 00:00:00, Sys 0 00:00:00  -  Run Local Usage
	9783168  -  Run Bytes Sent By Job
	5614754  -  Run Bytes Received By Job
...
001 (5307.003.000) 12/10 07:21:22 Job executing on host: <192.168.203.27:35108>
...
006 (5307.003.000) 12/10 10:21:23 Image size of job updated: 11061
...
003 (5307.003.000) 12/10 10:21:23 Job was checkpointed.
	Usr 0 02:59:59, Sys 0 00:00:00  -  Run Remote Usage
		Usr 0 00:00:00, Sys 0 00:00:00  -  Run Local Usage
...
003 (5307.003.000) 12/10 13:21:26 Job was checkpointed.
	Usr 0 06:00:00, Sys 0 00:00:00  -  Run Remote Usage
		Usr 0 00:00:00, Sys 0 00:00:00  -  Run Local Usage
...
003 (5307.003.000) 12/10 16:21:27 Job was checkpointed.
	Usr 0 09:00:00, Sys 0 00:00:00  -  Run Remote Usage
		Usr 0 00:00:00, Sys 0 00:00:00  -  Run Local Usage
...
003 (5307.003.000) 12/10 19:21:28 Job was checkpointed.
	Usr 0 11:59:59, Sys 0 00:00:00  -  Run Remote Usage
		Usr 0 00:00:00, Sys 0 00:00:00  -  Run Local Usage
...
003 (5307.003.000) 12/10 22:21:30 Job was checkpointed.
	Usr 0 15:00:00, Sys 0 00:00:00  -  Run Remote Usage
		Usr 0 00:00:00, Sys 0 00:00:00  -  Run Local Usage
...
003 (5307.003.000) 12/11 01:21:32 Job was checkpointed.
	Usr 0 18:00:00, Sys 0 00:00:00  -  Run Remote Usage
		Usr 0 00:00:00, Sys 0 00:00:00  -  Run Local Usage
...
003 (5307.003.000) 12/11 04:21:36 Job was checkpointed.
	Usr 0 21:00:03, Sys 0 00:00:00  -  Run Remote Usage
		Usr 0 00:00:00, Sys 0 00:00:00  -  Run Local Usage
...
003 (5307.003.000) 12/11 07:21:41 Job was checkpointed.
	Usr 1 00:00:05, Sys 0 00:00:00  -  Run Remote Usage
		Usr 0 00:00:00, Sys 0 00:00:00  -  Run Local Usage
...
003 (5307.003.000) 12/11 10:21:45 Job was checkpointed.
	Usr 1 03:00:08, Sys 0 00:00:00  -  Run Remote Usage
		Usr 0 00:00:00, Sys 0 00:00:00  -  Run Local Usage
...
003 (5307.003.000) 12/11 13:21:50 Job was checkpointed.
	Usr 1 06:00:11, Sys 0 00:00:00  -  Run Remote Usage
		Usr 0 00:00:00, Sys 0 00:00:00  -  Run Local Usage
...
003 (5307.003.000) 12/11 16:21:53 Job was checkpointed.
	Usr 1 09:00:11, Sys 0 00:00:00  -  Run Remote Usage
		Usr 0 00:00:00, Sys 0 00:00:00  -  Run Local Usage
...
003 (5307.003.000) 12/11 19:21:57 Job was checkpointed.
	Usr 1 12:00:14, Sys 0 00:00:00  -  Run Remote Usage
		Usr 0 00:00:00, Sys 0 00:00:00  -  Run Local Usage
...
003 (5307.003.000) 12/11 22:21:59 Job was checkpointed.
	Usr 1 15:00:14, Sys 0 00:00:00  -  Run Remote Usage
		Usr 0 00:00:00, Sys 0 00:00:00  -  Run Local Usage
...
003 (5307.003.000) 12/12 01:22:04 Job was checkpointed.
	Usr 1 18:00:18, Sys 0 00:00:00  -  Run Remote Usage
		Usr 0 00:00:00, Sys 0 00:00:00  -  Run Local Usage
...
003 (5307.003.000) 12/12 04:22:09 Job was checkpointed.
	Usr 1 21:00:22, Sys 0 00:00:00  -  Run Remote Usage
		Usr 0 00:00:00, Sys 0 00:00:00  -  Run Local Usage
...
003 (5307.003.000) 12/12 07:22:11 Job was checkpointed.
	Usr 2 00:00:22, Sys 0 00:00:00  -  Run Remote Usage
		Usr 0 00:00:00, Sys 0 00:00:00  -  Run Local Usage
...
003 (5307.003.000) 12/12 10:22:15 Job was checkpointed.
	Usr 2 03:00:25, Sys 0 00:00:00  -  Run Remote Usage
		Usr 0 00:00:00, Sys 0 00:00:00  -  Run Local Usage
...
003 (5307.003.000) 12/12 13:22:19 Job was checkpointed.
	Usr 2 06:00:27, Sys 0 00:00:00  -  Run Remote Usage
		Usr 0 00:00:00, Sys 0 00:00:00  -  Run Local Usage
...
003 (5307.003.000) 12/12 16:22:21 Job was checkpointed.
	Usr 2 09:00:27, Sys 0 00:00:00  -  Run Remote Usage
		Usr 0 00:00:00, Sys 0 00:00:00  -  Run Local Usage
...
003 (5307.003.000) 12/12 19:22:21 Job was checkpointed.
	Usr 2 12:00:27, Sys 0 00:00:00  -  Run Remote Usage
		Usr 0 00:00:00, Sys 0 00:00:00  -  Run Local Usage
...
003 (5307.003.000) 12/12 22:22:25 Job was checkpointed.
	Usr 2 15:00:28, Sys 0 00:00:00  -  Run Remote Usage
		Usr 0 00:00:00, Sys 0 00:00:00  -  Run Local Usage
...
003 (5307.003.000) 12/13 01:22:27 Job was checkpointed.
	Usr 2 18:00:30, Sys 0 00:00:00  -  Run Remote Usage
		Usr 0 00:00:00, Sys 0 00:00:00  -  Run Local Usage
...
003 (5307.003.000) 12/13 04:22:31 Job was checkpointed.
	Usr 2 21:00:32, Sys 0 00:00:00  -  Run Remote Usage
		Usr 0 00:00:00, Sys 0 00:00:00  -  Run Local Usage
...
003 (5307.003.000) 12/13 07:22:31 Job was checkpointed.
	Usr 3 00:00:31, Sys 0 00:00:00  -  Run Remote Usage
		Usr 0 00:00:00, Sys 0 00:00:00  -  Run Local Usage
...
003 (5307.003.000) 12/13 10:22:36 Job was checkpointed.
	Usr 3 03:00:35, Sys 0 00:00:00  -  Run Remote Usage
		Usr 0 00:00:00, Sys 0 00:00:00  -  Run Local Usage
...
003 (5307.003.000) 12/13 13:22:41 Job was checkpointed.
	Usr 3 06:00:38, Sys 0 00:00:00  -  Run Remote Usage
		Usr 0 00:00:00, Sys 0 00:00:00  -  Run Local Usage
...
003 (5307.003.000) 12/13 16:22:45 Job was checkpointed.
	Usr 3 09:00:41, Sys 0 00:00:00  -  Run Remote Usage
		Usr 0 00:00:00, Sys 0 00:00:00  -  Run Local Usage
...
003 (5307.003.000) 12/13 19:22:45 Job was checkpointed.
	Usr 3 12:00:40, Sys 0 00:00:00  -  Run Remote Usage
		Usr 0 00:00:00, Sys 0 00:00:00  -  Run Local Usage
...
003 (5307.003.000) 12/13 22:22:47 Job was checkpointed.
	Usr 3 15:00:40, Sys 0 00:00:00  -  Run Remote Usage
		Usr 0 00:00:00, Sys 0 00:00:00  -  Run Local Usage
...
003 (5307.003.000) 12/14 01:22:51 Job was checkpointed.
	Usr 3 18:00:43, Sys 0 00:00:00  -  Run Remote Usage
		Usr 0 00:00:00, Sys 0 00:00:00  -  Run Local Usage
...
003 (5307.003.000) 12/14 04:22:54 Job was checkpointed.
	Usr 3 21:00:44, Sys 0 00:00:00  -  Run Remote Usage
		Usr 0 00:00:00, Sys 0 00:00:00  -  Run Local Usage
...
003 (5307.003.000) 12/14 07:22:55 Job was checkpointed.
	Usr 4 00:00:45, Sys 0 00:00:00  -  Run Remote Usage
		Usr 0 00:00:00, Sys 0 00:00:00  -  Run Local Usage
...
003 (5307.003.000) 12/14 10:22:57 Job was checkpointed.
	Usr 4 03:00:45, Sys 0 00:00:00  -  Run Remote Usage
		Usr 0 00:00:00, Sys 0 00:00:00  -  Run Local Usage
...
003 (5307.003.000) 12/14 13:23:02 Job was checkpointed.
	Usr 4 06:00:48, Sys 0 00:00:00  -  Run Remote Usage
		Usr 0 00:00:00, Sys 0 00:00:00  -  Run Local Usage
...
003 (5307.003.000) 12/14 16:23:05 Job was checkpointed.
	Usr 4 09:00:50, Sys 0 00:00:00  -  Run Remote Usage
		Usr 0 00:00:00, Sys 0 00:00:00  -  Run Local Usage
...
003 (5307.003.000) 12/14 19:23:06 Job was checkpointed.
	Usr 4 12:00:50, Sys 0 00:00:00  -  Run Remote Usage
		Usr 0 00:00:00, Sys 0 00:00:00  -  Run Local Usage
...
003 (5307.003.000) 12/14 22:23:08 Job was checkpointed.
	Usr 4 15:00:51, Sys 0 00:00:00  -  Run Remote Usage
		Usr 0 00:00:00, Sys 0 00:00:01  -  Run Local Usage
...
003 (5307.003.000) 12/15 01:23:09 Job was checkpointed.
	Usr 4 18:00:50, Sys 0 00:00:00  -  Run Remote Usage
		Usr 0 00:00:00, Sys 0 00:00:01  -  Run Local Usage
...
003 (5307.003.000) 12/15 04:23:10 Job was checkpointed.
	Usr 4 21:00:50, Sys 0 00:00:00  -  Run Remote Usage
		Usr 0 00:00:00, Sys 0 00:00:01  -  Run Local Usage
...
003 (5307.003.000) 12/15 07:23:12 Job was checkpointed.
	Usr 5 00:00:51, Sys 0 00:00:00  -  Run Remote Usage
		Usr 0 00:00:00, Sys 0 00:00:01  -  Run Local Usage
...
003 (5307.003.000) 12/15 10:23:13 Job was checkpointed.
	Usr 5 03:00:50, Sys 0 00:00:00  -  Run Remote Usage
		Usr 0 00:00:00, Sys 0 00:00:01  -  Run Local Usage
...
003 (5307.003.000) 12/15 13:23:13 Job was checkpointed.
	Usr 5 06:00:49, Sys 0 00:00:00  -  Run Remote Usage
		Usr 0 00:00:00, Sys 0 00:00:01  -  Run Local Usage
...
003 (5307.003.000) 12/15 16:23:14 Job was checkpointed.
	Usr 5 09:00:48, Sys 0 00:00:00  -  Run Remote Usage
		Usr 0 00:00:00, Sys 0 00:00:01  -  Run Local Usage
...
003 (5307.003.000) 12/15 19:23:17 Job was checkpointed.
	Usr 5 12:00:51, Sys 0 00:00:00  -  Run Remote Usage
		Usr 0 00:00:00, Sys 0 00:00:01  -  Run Local Usage
...
003 (5307.003.000) 12/15 22:23:19 Job was checkpointed.
	Usr 5 15:00:51, Sys 0 00:00:00  -  Run Remote Usage
		Usr 0 00:00:00, Sys 0 00:00:01  -  Run Local Usage
...
003 (5307.003.000) 12/16 01:23:20 Job was checkpointed.
	Usr 5 18:00:51, Sys 0 00:00:00  -  Run Remote Usage
		Usr 0 00:00:00, Sys 0 00:00:01  -  Run Local Usage
...
003 (5307.003.000) 12/16 04:23:23 Job was checkpointed.
	Usr 5 21:00:52, Sys 0 00:00:00  -  Run Remote Usage
		Usr 0 00:00:00, Sys 0 00:00:01  -  Run Local Usage
...
003 (5307.003.000) 12/16 07:23:24 Job was checkpointed.
	Usr 6 00:00:53, Sys 0 00:00:00  -  Run Remote Usage
		Usr 0 00:00:00, Sys 0 00:00:01  -  Run Local Usage
...
003 (5307.003.000) 12/16 10:23:26 Job was checkpointed.
	Usr 6 03:00:53, Sys 0 00:00:00  -  Run Remote Usage
		Usr 0 00:00:00, Sys 0 00:00:01  -  Run Local Usage
...
003 (5307.003.000) 12/16 13:23:30 Job was checkpointed.
	Usr 6 06:00:56, Sys 0 00:00:00  -  Run Remote Usage
		Usr 0 00:00:00, Sys 0 00:00:01  -  Run Local Usage
...
003 (5307.003.000) 12/16 16:23:31 Job was checkpointed.
	Usr 6 09:00:55, Sys 0 00:00:00  -  Run Remote Usage
		Usr 0 00:00:00, Sys 0 00:00:01  -  Run Local Usage
...
003 (5307.003.000) 12/16 19:23:34 Job was checkpointed.
	Usr 6 12:00:56, Sys 0 00:00:00  -  Run Remote Usage
		Usr 0 00:00:00, Sys 0 00:00:01  -  Run Local Usage
...
003 (5307.003.000) 12/16 22:23:34 Job was checkpointed.
	Usr 6 15:00:56, Sys 0 00:00:00  -  Run Remote Usage
		Usr 0 00:00:00, Sys 0 00:00:01  -  Run Local Usage
...
003 (5307.003.000) 12/17 01:23:38 Job was checkpointed.
	Usr 6 18:00:58, Sys 0 00:00:00  -  Run Remote Usage
		Usr 0 00:00:00, Sys 0 00:00:01  -  Run Local Usage
...
003 (5307.003.000) 12/17 04:23:39 Job was checkpointed.
	Usr 6 21:00:58, Sys 0 00:00:00  -  Run Remote Usage
		Usr 0 00:00:00, Sys 0 00:00:01  -  Run Local Usage
...
003 (5307.003.000) 12/17 07:23:44 Job was checkpointed.
	Usr 7 00:01:01, Sys 0 00:00:00  -  Run Remote Usage
		Usr 0 00:00:00, Sys 0 00:00:01  -  Run Local Usage
...
003 (5307.003.000) 12/17 10:23:48 Job was checkpointed.
	Usr 7 03:01:05, Sys 0 00:00:00  -  Run Remote Usage
		Usr 0 00:00:00, Sys 0 00:00:01  -  Run Local Usage
...
003 (5307.003.000) 12/17 13:23:51 Job was checkpointed.
	Usr 7 06:01:06, Sys 0 00:00:00  -  Run Remote Usage
		Usr 0 00:00:00, Sys 0 00:00:01  -  Run Local Usage
...
003 (5307.003.000) 12/17 16:23:54 Job was checkpointed.
	Usr 7 09:01:08, Sys 0 00:00:00  -  Run Remote Usage
		Usr 0 00:00:00, Sys 0 00:00:01  -  Run Local Usage
...
003 (5307.003.000) 12/17 19:23:57 Job was checkpointed.
	Usr 7 12:01:09, Sys 0 00:00:00  -  Run Remote Usage
		Usr 0 00:00:00, Sys 0 00:00:01  -  Run Local Usage
...
003 (5307.003.000) 12/17 22:24:01 Job was checkpointed.
	Usr 7 15:01:12, Sys 0 00:00:00  -  Run Remote Usage
		Usr 0 00:00:00, Sys 0 00:00:01  -  Run Local Usage
...
003 (5307.003.000) 12/18 01:24:01 Job was checkpointed.
	Usr 7 18:01:11, Sys 0 00:00:00  -  Run Remote Usage
		Usr 0 00:00:00, Sys 0 00:00:01  -  Run Local Usage
...
003 (5307.003.000) 12/18 04:24:05 Job was checkpointed.
	Usr 7 21:01:13, Sys 0 00:00:00  -  Run Remote Usage
		Usr 0 00:00:00, Sys 0 00:00:01  -  Run Local Usage
...
003 (5307.003.000) 12/18 07:24:09 Job was checkpointed.
	Usr 8 00:01:16, Sys 0 00:00:00  -  Run Remote Usage
		Usr 0 00:00:00, Sys 0 00:00:01  -  Run Local Usage
...
003 (5307.003.000) 12/18 10:24:11 Job was checkpointed.
	Usr 8 03:01:17, Sys 0 00:00:00  -  Run Remote Usage
		Usr 0 00:00:00, Sys 0 00:00:01  -  Run Local Usage
...
003 (5307.003.000) 12/18 13:24:13 Job was checkpointed.
	Usr 8 06:01:18, Sys 0 00:00:00  -  Run Remote Usage
		Usr 0 00:00:00, Sys 0 00:00:01  -  Run Local Usage
...
003 (5307.003.000) 12/18 16:24:18 Job was checkpointed.
	Usr 8 09:01:21, Sys 0 00:00:00  -  Run Remote Usage
		Usr 0 00:00:00, Sys 0 00:00:01  -  Run Local Usage
...
003 (5307.003.000) 12/18 19:24:20 Job was checkpointed.
	Usr 8 12:01:22, Sys 0 00:00:00  -  Run Remote Usage
		Usr 0 00:00:00, Sys 0 00:00:01  -  Run Local Usage
...
003 (5307.003.000) 12/18 22:24:22 Job was checkpointed.
	Usr 8 15:01:22, Sys 0 00:00:00  -  Run Remote Usage
		Usr 0 00:00:00, Sys 0 00:00:01  -  Run Local Usage
...
003 (5307.003.000) 12/19 01:24:23 Job was checkpointed.
	Usr 8 18:01:23, Sys 0 00:00:00  -  Run Remote Usage
		Usr 0 00:00:00, Sys 0 00:00:01  -  Run Local Usage
...
003 (5307.003.000) 12/19 04:24:27 Job was checkpointed.
	Usr 8 21:01:25, Sys 0 00:00:00  -  Run Remote Usage
		Usr 0 00:00:00, Sys 0 00:00:01  -  Run Local Usage
...
003 (5307.003.000) 12/19 07:24:30 Job was checkpointed.
	Usr 9 00:01:26, Sys 0 00:00:00  -  Run Remote Usage
		Usr 0 00:00:00, Sys 0 00:00:01  -  Run Local Usage
...
003 (5307.003.000) 12/19 10:24:34 Job was checkpointed.
	Usr 9 03:01:29, Sys 0 00:00:00  -  Run Remote Usage
		Usr 0 00:00:00, Sys 0 00:00:02  -  Run Local Usage
...
003 (5307.003.000) 12/19 13:24:39 Job was checkpointed.
	Usr 9 06:01:33, Sys 0 00:00:00  -  Run Remote Usage
		Usr 0 00:00:00, Sys 0 00:00:02  -  Run Local Usage
...
003 (5307.003.000) 12/19 16:24:40 Job was checkpointed.
	Usr 9 09:01:33, Sys 0 00:00:00  -  Run Remote Usage
		Usr 0 00:00:00, Sys 0 00:00:02  -  Run Local Usage
...
003 (5307.003.000) 12/19 19:24:45 Job was checkpointed.
	Usr 9 12:01:36, Sys 0 00:00:00  -  Run Remote Usage
		Usr 0 00:00:00, Sys 0 00:00:02  -  Run Local Usage
...
003 (5307.003.000) 12/19 22:24:45 Job was checkpointed.
	Usr 9 15:01:35, Sys 0 00:00:00  -  Run Remote Usage
		Usr 0 00:00:00, Sys 0 00:00:02  -  Run Local Usage
...
003 (5307.003.000) 12/20 01:24:48 Job was checkpointed.
	Usr 9 18:01:37, Sys 0 00:00:00  -  Run Remote Usage
		Usr 0 00:00:00, Sys 0 00:00:02  -  Run Local Usage
...
003 (5307.003.000) 12/20 04:24:50 Job was checkpointed.
	Usr 9 21:01:38, Sys 0 00:00:00  -  Run Remote Usage
		Usr 0 00:00:00, Sys 0 00:00:02  -  Run Local Usage
...
003 (5307.003.000) 12/20 07:24:54 Job was checkpointed.
	Usr 10 00:01:40, Sys 0 00:00:00  -  Run Remote Usage
		Usr 0 00:00:00, Sys 0 00:00:02  -  Run Local Usage
...
003 (5307.003.000) 12/20 10:24:57 Job was checkpointed.
	Usr 10 03:01:41, Sys 0 00:00:00  -  Run Remote Usage
		Usr 0 00:00:00, Sys 0 00:00:02  -  Run Local Usage
...
003 (5307.003.000) 12/20 13:24:57 Job was checkpointed.
	Usr 10 06:01:40, Sys 0 00:00:00  -  Run Remote Usage
		Usr 0 00:00:00, Sys 0 00:00:02  -  Run Local Usage
...
003 (5307.003.000) 12/20 16:25:00 Job was checkpointed.
	Usr 10 09:01:42, Sys 0 00:00:00  -  Run Remote Usage
		Usr 0 00:00:00, Sys 0 00:00:02  -  Run Local Usage
...
003 (5307.003.000) 12/20 19:25:02 Job was checkpointed.
	Usr 10 12:01:43, Sys 0 00:00:00  -  Run Remote Usage
		Usr 0 00:00:00, Sys 0 00:00:02  -  Run Local Usage
...
003 (5307.003.000) 12/20 22:25:04 Job was checkpointed.
	Usr 10 15:01:43, Sys 0 00:00:00  -  Run Remote Usage
		Usr 0 00:00:00, Sys 0 00:00:02  -  Run Local Usage
...
003 (5307.003.000) 12/21 01:25:05 Job was checkpointed.
	Usr 10 18:01:43, Sys 0 00:00:00  -  Run Remote Usage
		Usr 0 00:00:00, Sys 0 00:00:02  -  Run Local Usage
...
003 (5307.003.000) 12/21 04:25:07 Job was checkpointed.
	Usr 10 21:01:44, Sys 0 00:00:00  -  Run Remote Usage
		Usr 0 00:00:00, Sys 0 00:00:02  -  Run Local Usage
...
003 (5307.003.000) 12/21 07:25:11 Job was checkpointed.
	Usr 11 00:01:46, Sys 0 00:00:00  -  Run Remote Usage
		Usr 0 00:00:00, Sys 0 00:00:02  -  Run Local Usage
...
003 (5307.003.000) 12/21 10:25:12 Job was checkpointed.
	Usr 11 03:01:46, Sys 0 00:00:00  -  Run Remote Usage
		Usr 0 00:00:00, Sys 0 00:00:02  -  Run Local Usage
...
003 (5307.003.000) 12/21 13:25:14 Job was checkpointed.
	Usr 11 06:01:47, Sys 0 00:00:00  -  Run Remote Usage
		Usr 0 00:00:00, Sys 0 00:00:02  -  Run Local Usage
...
003 (5307.003.000) 12/21 16:25:15 Job was checkpointed.
	Usr 11 09:01:47, Sys 0 00:00:00  -  Run Remote Usage
		Usr 0 00:00:00, Sys 0 00:00:02  -  Run Local Usage
...
003 (5307.003.000) 12/21 19:25:18 Job was checkpointed.
	Usr 11 12:01:48, Sys 0 00:00:00  -  Run Remote Usage
		Usr 0 00:00:00, Sys 0 00:00:02  -  Run Local Usage
...
003 (5307.003.000) 12/21 22:25:22 Job was checkpointed.
	Usr 11 15:01:51, Sys 0 00:00:00  -  Run Remote Usage
		Usr 0 00:00:00, Sys 0 00:00:02  -  Run Local Usage
...
003 (5307.003.000) 12/22 01:25:25 Job was checkpointed.
	Usr 11 18:01:53, Sys 0 00:00:00  -  Run Remote Usage
		Usr 0 00:00:00, Sys 0 00:00:02  -  Run Local Usage
...
003 (5307.003.000) 12/22 04:25:26 Job was checkpointed.
	Usr 11 21:01:52, Sys 0 00:00:00  -  Run Remote Usage
		Usr 0 00:00:00, Sys 0 00:00:02  -  Run Local Usage
...
003 (5307.003.000) 12/22 07:25:28 Job was checkpointed.
	Usr 12 00:01:53, Sys 0 00:00:00  -  Run Remote Usage
		Usr 0 00:00:00, Sys 0 00:00:02  -  Run Local Usage
...
003 (5307.003.000) 12/22 10:25:29 Job was checkpointed.
	Usr 12 03:01:52, Sys 0 00:00:00  -  Run Remote Usage
		Usr 0 00:00:00, Sys 0 00:00:02  -  Run Local Usage
...
003 (5307.003.000) 12/22 13:25:34 Job was checkpointed.
	Usr 12 06:01:56, Sys 0 00:00:00  -  Run Remote Usage
		Usr 0 00:00:00, Sys 0 00:00:02  -  Run Local Usage
...
003 (5307.003.000) 12/22 16:25:37 Job was checkpointed.
	Usr 12 09:01:58, Sys 0 00:00:00  -  Run Remote Usage
		Usr 0 00:00:00, Sys 0 00:00:02  -  Run Local Usage
...
003 (5307.003.000) 12/22 19:25:41 Job was checkpointed.
	Usr 12 12:02:01, Sys 0 00:00:00  -  Run Remote Usage
		Usr 0 00:00:00, Sys 0 00:00:02  -  Run Local Usage
...
003 (5307.003.000) 12/22 22:25:46 Job was checkpointed.
	Usr 12 15:02:04, Sys 0 00:00:00  -  Run Remote Usage
		Usr 0 00:00:00, Sys 0 00:00:02  -  Run Local Usage
...
003 (5307.003.000) 12/23 01:25:48 Job was checkpointed.
	Usr 12 18:02:05, Sys 0 00:00:00  -  Run Remote Usage
		Usr 0 00:00:00, Sys 0 00:00:02  -  Run Local Usage
...
003 (5307.003.000) 12/23 04:25:49 Job was checkpointed.
	Usr 12 21:02:05, Sys 0 00:00:00  -  Run Remote Usage
		Usr 0 00:00:00, Sys 0 00:00:02  -  Run Local Usage
...
003 (5307.003.000) 12/23 07:25:48 Job was checkpointed.
	Usr 13 00:02:03, Sys 0 00:00:00  -  Run Remote Usage
		Usr 0 00:00:00, Sys 0 00:00:02  -  Run Local Usage
...
003 (5307.003.000) 12/23 10:25:50 Job was checkpointed.
	Usr 13 03:02:03, Sys 0 00:00:00  -  Run Remote Usage
		Usr 0 00:00:00, Sys 0 00:00:02  -  Run Local Usage
...
003 (5307.003.000) 12/23 13:25:53 Job was checkpointed.
	Usr 13 06:02:05, Sys 0 00:00:00  -  Run Remote Usage
		Usr 0 00:00:00, Sys 0 00:00:02  -  Run Local Usage
...
003 (5307.003.000) 12/23 16:25:56 Job was checkpointed.
	Usr 13 09:02:07, Sys 0 00:00:00  -  Run Remote Usage
		Usr 0 00:00:00, Sys 0 00:00:02  -  Run Local Usage
...
003 (5307.003.000) 12/23 19:25:57 Job was checkpointed.
	Usr 13 12:02:06, Sys 0 00:00:00  -  Run Remote Usage
		Usr 0 00:00:00, Sys 0 00:00:02  -  Run Local Usage
...
003 (5307.003.000) 12/23 22:25:59 Job was checkpointed.
	Usr 13 15:02:07, Sys 0 00:00:00  -  Run Remote Usage
		Usr 0 00:00:00, Sys 0 00:00:02  -  Run Local Usage
...
003 (5307.003.000) 12/24 01:26:03 Job was checkpointed.
	Usr 13 18:02:09, Sys 0 00:00:00  -  Run Remote Usage
		Usr 0 00:00:00, Sys 0 00:00:02  -  Run Local Usage
...
003 (5307.003.000) 12/24 04:26:04 Job was checkpointed.
	Usr 13 21:02:10, Sys 0 00:00:00  -  Run Remote Usage
		Usr 0 00:00:00, Sys 0 00:00:03  -  Run Local Usage
...
003 (5307.003.000) 12/24 07:26:09 Job was checkpointed.
	Usr 14 00:02:13, Sys 0 00:00:00  -  Run Remote Usage
		Usr 0 00:00:00, Sys 0 00:00:03  -  Run Local Usage
...
003 (5307.003.000) 12/24 10:26:10 Job was checkpointed.
	Usr 14 03:02:12, Sys 0 00:00:00  -  Run Remote Usage
		Usr 0 00:00:00, Sys 0 00:00:03  -  Run Local Usage
...
003 (5307.003.000) 12/24 13:26:13 Job was checkpointed.
	Usr 14 06:02:15, Sys 0 00:00:00  -  Run Remote Usage
		Usr 0 00:00:00, Sys 0 00:00:03  -  Run Local Usage
...
003 (5307.003.000) 12/24 16:26:17 Job was checkpointed.
	Usr 14 09:02:17, Sys 0 00:00:00  -  Run Remote Usage
		Usr 0 00:00:00, Sys 0 00:00:03  -  Run Local Usage
...
003 (5307.003.000) 12/24 19:26:19 Job was checkpointed.
	Usr 14 12:02:17, Sys 0 00:00:00  -  Run Remote Usage
		Usr 0 00:00:00, Sys 0 00:00:03  -  Run Local Usage
...
003 (5307.003.000) 12/24 22:26:23 Job was checkpointed.
	Usr 14 15:02:20, Sys 0 00:00:00  -  Run Remote Usage
		Usr 0 00:00:00, Sys 0 00:00:03  -  Run Local Usage
...
003 (5307.003.000) 12/25 01:26:26 Job was checkpointed.
	Usr 14 18:02:21, Sys 0 00:00:00  -  Run Remote Usage
		Usr 0 00:00:00, Sys 0 00:00:03  -  Run Local Usage
...
003 (5307.003.000) 12/25 04:26:30 Job was checkpointed.
	Usr 14 21:02:25, Sys 0 00:00:00  -  Run Remote Usage
		Usr 0 00:00:00, Sys 0 00:00:03  -  Run Local Usage
...
003 (5307.003.000) 12/25 07:26:33 Job was checkpointed.
	Usr 15 00:02:26, Sys 0 00:00:00  -  Run Remote Usage
		Usr 0 00:00:00, Sys 0 00:00:03  -  Run Local Usage
...
003 (5307.003.000) 12/25 10:26:32 Job was checkpointed.
	Usr 15 03:02:24, Sys 0 00:00:00  -  Run Remote Usage
		Usr 0 00:00:00, Sys 0 00:00:03  -  Run Local Usage
...
003 (5307.003.000) 12/25 13:26:34 Job was checkpointed.
	Usr 15 06:02:24, Sys 0 00:00:00  -  Run Remote Usage
		Usr 0 00:00:00, Sys 0 00:00:03  -  Run Local Usage
...
003 (5307.003.000) 12/25 16:26:37 Job was checkpointed.
	Usr 15 09:02:26, Sys 0 00:00:00  -  Run Remote Usage
		Usr 0 00:00:00, Sys 0 00:00:03  -  Run Local Usage
...
003 (5307.003.000) 12/25 19:26:41 Job was checkpointed.
	Usr 15 12:02:29, Sys 0 00:00:00  -  Run Remote Usage
		Usr 0 00:00:00, Sys 0 00:00:03  -  Run Local Usage
...
003 (5307.003.000) 12/25 22:26:46 Job was checkpointed.
	Usr 15 15:02:32, Sys 0 00:00:00  -  Run Remote Usage
		Usr 0 00:00:00, Sys 0 00:00:03  -  Run Local Usage
...
003 (5307.003.000) 12/26 01:26:50 Job was checkpointed.
	Usr 15 18:02:35, Sys 0 00:00:00  -  Run Remote Usage
		Usr 0 00:00:00, Sys 0 00:00:03  -  Run Local Usage
...
003 (5307.003.000) 12/26 04:26:51 Job was checkpointed.
	Usr 15 21:02:35, Sys 0 00:00:00  -  Run Remote Usage
		Usr 0 00:00:00, Sys 0 00:00:03  -  Run Local Usage
...
003 (5307.003.000) 12/26 07:26:55 Job was checkpointed.
	Usr 16 00:02:38, Sys 0 00:00:00  -  Run Remote Usage
		Usr 0 00:00:00, Sys 0 00:00:03  -  Run Local Usage
...
003 (5307.003.000) 12/26 10:26:59 Job was checkpointed.
	Usr 16 03:02:40, Sys 0 00:00:00  -  Run Remote Usage
		Usr 0 00:00:00, Sys 0 00:00:03  -  Run Local Usage
...
003 (5307.003.000) 12/26 13:26:59 Job was checkpointed.
	Usr 16 06:02:39, Sys 0 00:00:00  -  Run Remote Usage
		Usr 0 00:00:00, Sys 0 00:00:03  -  Run Local Usage
...
003 (5307.003.000) 12/26 16:27:04 Job was checkpointed.
	Usr 16 09:02:42, Sys 0 00:00:00  -  Run Remote Usage
		Usr 0 00:00:00, Sys 0 00:00:03  -  Run Local Usage
...
003 (5307.003.000) 12/26 19:27:05 Job was checkpointed.
	Usr 16 12:02:42, Sys 0 00:00:00  -  Run Remote Usage
		Usr 0 00:00:00, Sys 0 00:00:03  -  Run Local Usage
...
003 (5307.003.000) 12/26 22:27:10 Job was checkpointed.
	Usr 16 15:02:46, Sys 0 00:00:00  -  Run Remote Usage
		Usr 0 00:00:00, Sys 0 00:00:03  -  Run Local Usage
...
003 (5307.003.000) 12/27 01:27:12 Job was checkpointed.
	Usr 16 18:02:47, Sys 0 00:00:00  -  Run Remote Usage
		Usr 0 00:00:00, Sys 0 00:00:03  -  Run Local Usage
...
003 (5307.003.000) 12/27 04:27:12 Job was checkpointed.
	Usr 16 21:02:46, Sys 0 00:00:00  -  Run Remote Usage
		Usr 0 00:00:00, Sys 0 00:00:03  -  Run Local Usage
...
003 (5307.003.000) 12/27 07:27:16 Job was checkpointed.
	Usr 17 00:02:48, Sys 0 00:00:00  -  Run Remote Usage
		Usr 0 00:00:00, Sys 0 00:00:03  -  Run Local Usage
...
003 (5307.003.000) 12/27 10:27:17 Job was checkpointed.
	Usr 17 03:02:48, Sys 0 00:00:00  -  Run Remote Usage
		Usr 0 00:00:00, Sys 0 00:00:03  -  Run Local Usage
...
003 (5307.003.000) 12/27 13:27:19 Job was checkpointed.
	Usr 17 06:02:48, Sys 0 00:00:00  -  Run Remote Usage
		Usr 0 00:00:00, Sys 0 00:00:03  -  Run Local Usage
...
003 (5307.003.000) 12/27 16:27:19 Job was checkpointed.
	Usr 17 09:02:48, Sys 0 00:00:00  -  Run Remote Usage
		Usr 0 00:00:00, Sys 0 00:00:03  -  Run Local Usage
...
003 (5307.003.000) 12/27 19:27:23 Job was checkpointed.
	Usr 17 12:02:50, Sys 0 00:00:00  -  Run Remote Usage
		Usr 0 00:00:00, Sys 0 00:00:03  -  Run Local Usage
...
003 (5307.003.000) 12/27 22:27:24 Job was checkpointed.
	Usr 17 15:02:50, Sys 0 00:00:00  -  Run Remote Usage
		Usr 0 00:00:00, Sys 0 00:00:03  -  Run Local Usage
...
003 (5307.003.000) 12/28 01:27:27 Job was checkpointed.
	Usr 17 18:02:51, Sys 0 00:00:00  -  Run Remote Usage
		Usr 0 00:00:00, Sys 0 00:00:03  -  Run Local Usage
...
003 (5307.003.000) 12/28 04:27:29 Job was checkpointed.
	Usr 17 21:02:52, Sys 0 00:00:00  -  Run Remote Usage
		Usr 0 00:00:00, Sys 0 00:00:03  -  Run Local Usage
...
003 (5307.003.000) 12/28 07:27:31 Job was checkpointed.
	Usr 18 00:02:53, Sys 0 00:00:00  -  Run Remote Usage
		Usr 0 00:00:00, Sys 0 00:00:03  -  Run Local Usage
...
003 (5307.003.000) 12/28 10:27:33 Job was checkpointed.
	Usr 18 03:02:53, Sys 0 00:00:00  -  Run Remote Usage
		Usr 0 00:00:00, Sys 0 00:00:03  -  Run Local Usage
...
003 (5307.003.000) 12/28 13:27:36 Job was checkpointed.
	Usr 18 06:02:55, Sys 0 00:00:00  -  Run Remote Usage
		Usr 0 00:00:00, Sys 0 00:00:04  -  Run Local Usage
...
003 (5307.003.000) 12/28 16:27:40 Job was checkpointed.
	Usr 18 09:02:58, Sys 0 00:00:00  -  Run Remote Usage
		Usr 0 00:00:00, Sys 0 00:00:04  -  Run Local Usage
...
003 (5307.003.000) 12/28 19:27:43 Job was checkpointed.
	Usr 18 12:03:00, Sys 0 00:00:00  -  Run Remote Usage
		Usr 0 00:00:00, Sys 0 00:00:04  -  Run Local Usage
...
003 (5307.003.000) 12/28 22:27:48 Job was checkpointed.
	Usr 18 15:03:03, Sys 0 00:00:00  -  Run Remote Usage
		Usr 0 00:00:00, Sys 0 00:00:04  -  Run Local Usage
...
003 (5307.003.000) 12/29 01:27:51 Job was checkpointed.
	Usr 18 18:03:04, Sys 0 00:00:00  -  Run Remote Usage
		Usr 0 00:00:00, Sys 0 00:00:04  -  Run Local Usage
...
003 (5307.003.000) 12/29 04:27:51 Job was checkpointed.
	Usr 18 21:03:04, Sys 0 00:00:00  -  Run Remote Usage
		Usr 0 00:00:00, Sys 0 00:00:04  -  Run Local Usage
...
