000 (5300.006.000) 10/28 11:37:09 Job submitted from host: <170.140.162.75:51408>
...
001 (5300.006.000) 10/29 02:17:35 Job executing on host: <192.168.203.9:60425>
...
006 (5300.006.000) 10/29 05:17:38 Image size of job updated: 11109
...
003 (5300.006.000) 10/29 05:17:38 Job was checkpointed.
	Usr 0 02:59:55, Sys 0 00:00:00  -  Run Remote Usage
		Usr 0 00:00:00, Sys 0 00:00:00  -  Run Local Usage
...
003 (5300.006.000) 10/29 08:17:42 Job was checkpointed.
	Usr 0 05:59:46, Sys 0 00:00:00  -  Run Remote Usage
		Usr 0 00:00:00, Sys 0 00:00:00  -  Run Local Usage
...
003 (5300.006.000) 10/29 11:17:47 Job was checkpointed.
	Usr 0 08:59:40, Sys 0 00:00:00  -  Run Remote Usage
		Usr 0 00:00:00, Sys 0 00:00:00  -  Run Local Usage
...
003 (5300.006.000) 10/29 14:17:52 Job was checkpointed.
	Usr 0 11:59:33, Sys 0 00:00:00  -  Run Remote Usage
		Usr 0 00:00:00, Sys 0 00:00:00  -  Run Local Usage
...
003 (5300.006.000) 10/29 17:17:54 Job was checkpointed.
	Usr 0 14:59:25, Sys 0 00:00:00  -  Run Remote Usage
		Usr 0 00:00:00, Sys 0 00:00:00  -  Run Local Usage
...
003 (5300.006.000) 10/29 20:17:59 Job was checkpointed.
	Usr 0 17:59:18, Sys 0 00:00:00  -  Run Remote Usage
		Usr 0 00:00:00, Sys 0 00:00:00  -  Run Local Usage
...
003 (5300.006.000) 10/29 23:18:02 Job was checkpointed.
	Usr 0 20:59:12, Sys 0 00:00:00  -  Run Remote Usage
		Usr 0 00:00:00, Sys 0 00:00:00  -  Run Local Usage
...
003 (5300.006.000) 10/30 02:18:03 Job was checkpointed.
	Usr 0 23:58:56, Sys 0 00:00:00  -  Run Remote Usage
		Usr 0 00:00:00, Sys 0 00:00:00  -  Run Local Usage
...
003 (5300.006.000) 10/30 05:18:08 Job was checkpointed.
	Usr 1 02:58:51, Sys 0 00:00:00  -  Run Remote Usage
		Usr 0 00:00:00, Sys 0 00:00:00  -  Run Local Usage
...
003 (5300.006.000) 10/30 08:18:11 Job was checkpointed.
	Usr 1 05:58:42, Sys 0 00:00:01  -  Run Remote Usage
		Usr 0 00:00:00, Sys 0 00:00:00  -  Run Local Usage
...
003 (5300.006.000) 10/30 11:18:13 Job was checkpointed.
	Usr 1 08:58:32, Sys 0 00:00:01  -  Run Remote Usage
		Usr 0 00:00:00, Sys 0 00:00:00  -  Run Local Usage
...
003 (5300.006.000) 10/30 14:18:17 Job was checkpointed.
	Usr 1 11:58:23, Sys 0 00:00:01  -  Run Remote Usage
		Usr 0 00:00:00, Sys 0 00:00:00  -  Run Local Usage
...
003 (5300.006.000) 10/30 17:18:22 Job was checkpointed.
	Usr 1 14:58:16, Sys 0 00:00:01  -  Run Remote Usage
		Usr 0 00:00:00, Sys 0 00:00:00  -  Run Local Usage
...
003 (5300.006.000) 10/30 20:18:23 Job was checkpointed.
	Usr 1 17:58:05, Sys 0 00:00:01  -  Run Remote Usage
		Usr 0 00:00:00, Sys 0 00:00:00  -  Run Local Usage
...
003 (5300.006.000) 10/30 23:18:27 Job was checkpointed.
	Usr 1 20:57:59, Sys 0 00:00:01  -  Run Remote Usage
		Usr 0 00:00:00, Sys 0 00:00:00  -  Run Local Usage
...
003 (5300.006.000) 10/31 02:18:30 Job was checkpointed.
	Usr 1 23:57:44, Sys 0 00:00:02  -  Run Remote Usage
		Usr 0 00:00:00, Sys 0 00:00:00  -  Run Local Usage
...
003 (5300.006.000) 10/31 05:18:32 Job was checkpointed.
	Usr 2 02:57:35, Sys 0 00:00:02  -  Run Remote Usage
		Usr 0 00:00:00, Sys 0 00:00:00  -  Run Local Usage
...
003 (5300.006.000) 10/31 08:18:35 Job was checkpointed.
	Usr 2 05:57:25, Sys 0 00:00:02  -  Run Remote Usage
		Usr 0 00:00:00, Sys 0 00:00:00  -  Run Local Usage
...
003 (5300.006.000) 10/31 11:18:40 Job was checkpointed.
	Usr 2 08:57:24, Sys 0 00:00:02  -  Run Remote Usage
		Usr 0 00:00:00, Sys 0 00:00:00  -  Run Local Usage
...
006 (5300.006.000) 10/31 14:18:41 Image size of job updated: 11113
...
003 (5300.006.000) 10/31 14:18:42 Job was checkpointed.
	Usr 2 11:57:24, Sys 0 00:00:02  -  Run Remote Usage
		Usr 0 00:00:00, Sys 0 00:00:00  -  Run Local Usage
...
003 (5300.006.000) 10/31 17:18:43 Job was checkpointed.
	Usr 2 14:57:23, Sys 0 00:00:02  -  Run Remote Usage
		Usr 0 00:00:00, Sys 0 00:00:00  -  Run Local Usage
...
003 (5300.006.000) 10/31 20:18:46 Job was checkpointed.
	Usr 2 17:57:25, Sys 0 00:00:02  -  Run Remote Usage
		Usr 0 00:00:00, Sys 0 00:00:00  -  Run Local Usage
...
003 (5300.006.000) 10/31 23:18:48 Job was checkpointed.
	Usr 2 20:57:25, Sys 0 00:00:02  -  Run Remote Usage
		Usr 0 00:00:00, Sys 0 00:00:00  -  Run Local Usage
...
003 (5300.006.000) 11/01 02:18:50 Job was checkpointed.
	Usr 2 23:57:26, Sys 0 00:00:02  -  Run Remote Usage
		Usr 0 00:00:00, Sys 0 00:00:00  -  Run Local Usage
...
003 (5300.006.000) 11/01 05:18:54 Job was checkpointed.
	Usr 3 02:57:28, Sys 0 00:00:02  -  Run Remote Usage
		Usr 0 00:00:00, Sys 0 00:00:00  -  Run Local Usage
...
003 (5300.006.000) 11/01 08:18:55 Job was checkpointed.
	Usr 3 05:57:27, Sys 0 00:00:02  -  Run Remote Usage
		Usr 0 00:00:00, Sys 0 00:00:00  -  Run Local Usage
...
003 (5300.006.000) 11/01 11:19:00 Job was checkpointed.
	Usr 3 08:57:31, Sys 0 00:00:02  -  Run Remote Usage
		Usr 0 00:00:00, Sys 0 00:00:00  -  Run Local Usage
...
003 (5300.006.000) 11/01 14:19:01 Job was checkpointed.
	Usr 3 11:57:30, Sys 0 00:00:02  -  Run Remote Usage
		Usr 0 00:00:00, Sys 0 00:00:00  -  Run Local Usage
...
003 (5300.006.000) 11/01 17:19:06 Job was checkpointed.
	Usr 3 14:57:33, Sys 0 00:00:02  -  Run Remote Usage
		Usr 0 00:00:00, Sys 0 00:00:00  -  Run Local Usage
...
003 (5300.006.000) 11/01 20:19:08 Job was checkpointed.
	Usr 3 17:57:34, Sys 0 00:00:02  -  Run Remote Usage
		Usr 0 00:00:00, Sys 0 00:00:00  -  Run Local Usage
...
003 (5300.006.000) 11/01 23:19:13 Job was checkpointed.
	Usr 3 20:57:36, Sys 0 00:00:02  -  Run Remote Usage
		Usr 0 00:00:00, Sys 0 00:00:00  -  Run Local Usage
...
003 (5300.006.000) 11/02 01:19:14 Job was checkpointed.
	Usr 3 23:57:36, Sys 0 00:00:02  -  Run Remote Usage
		Usr 0 00:00:00, Sys 0 00:00:00  -  Run Local Usage
...
003 (5300.006.000) 11/02 04:19:19 Job was checkpointed.
	Usr 4 02:57:40, Sys 0 00:00:02  -  Run Remote Usage
		Usr 0 00:00:00, Sys 0 00:00:00  -  Run Local Usage
...
003 (5300.006.000) 11/02 07:19:24 Job was checkpointed.
	Usr 4 05:57:43, Sys 0 00:00:02  -  Run Remote Usage
		Usr 0 00:00:00, Sys 0 00:00:00  -  Run Local Usage
...
003 (5300.006.000) 11/02 10:19:28 Job was checkpointed.
	Usr 4 08:57:45, Sys 0 00:00:02  -  Run Remote Usage
		Usr 0 00:00:00, Sys 0 00:00:00  -  Run Local Usage
...
003 (5300.006.000) 11/02 13:19:33 Job was checkpointed.
	Usr 4 11:57:48, Sys 0 00:00:02  -  Run Remote Usage
		Usr 0 00:00:00, Sys 0 00:00:00  -  Run Local Usage
...
003 (5300.006.000) 11/02 16:19:38 Job was checkpointed.
	Usr 4 14:57:52, Sys 0 00:00:02  -  Run Remote Usage
		Usr 0 00:00:00, Sys 0 00:00:00  -  Run Local Usage
...
003 (5300.006.000) 11/02 19:19:41 Job was checkpointed.
	Usr 4 17:57:53, Sys 0 00:00:02  -  Run Remote Usage
		Usr 0 00:00:00, Sys 0 00:00:00  -  Run Local Usage
...
005 (5300.006.000) 11/02 21:43:11 Job terminated.
	(1) Normal termination (return value 0)
		Usr 4 20:21:22, Sys 0 00:00:02  -  Run Remote Usage
		Usr 0 00:00:00, Sys 0 00:00:01  -  Run Local Usage
		Usr 4 20:21:22, Sys 0 00:00:02  -  Total Remote Usage
		Usr 0 00:00:00, Sys 0 00:00:01  -  Total Local Usage
	43929680  -  Run Bytes Sent By Job
	4545289  -  Run Bytes Received By Job
	43929680  -  Total Bytes Sent By Job
	4545289  -  Total Bytes Received By Job
...
