
    ************ HN3 AF Ising Wang Landau Running ************ 

      argc: 9
      condor_exec.5307.0 -k 9 -n 0 -f 83 -s 19871 

 L=512; Flatness=0.830000;

 CurrentEnergy Correct = -30 
 CurrentEnergy Correct = -126 
 CurrentEnergy Correct = -204 
 Realloc Done
 After Initial Steps 7.08e+07, StatesLength = 884, MinEnergy = -748
 Quick_Sort Done 
 After sort, CurrentEnergy Correct = 442 
 After sort, CurrentEnergy Correct = 442 
 After sort, CurrentEnergy Correct = 442 
 logf=5.0e-01; Sweeps=2.1e+05; [minH,meanH,maxH]=[1.2e+05, 1.2e+05, 1.2e+05]
 New State: -750: coming; StatesLength 885
 New State: -750 added to list; Min State: -750; CurrentState = -750
 

 New State: -752: coming; StatesLength 886
 New State: -752 added to list; Min State: -752; CurrentState = -752
 

 New State: -754: coming; StatesLength 887
 New State: -754 added to list; Min State: -754; CurrentState = -754
 

 logf=5.0e-01; Sweeps=4.4e+06; [minH,meanH,maxH]=[9.0e+05, 1.1e+06, 1.1e+06]
 logf=2.5e-01; Sweeps=6.6e+06; [minH,meanH,maxH]=[1.1e+06, 1.3e+06, 1.4e+06]
 New State: -756: coming; StatesLength 888
 New State: -756 added to list; Min State: -756; CurrentState = -756
 

 logf=5.0e-01; Sweeps=4.0e+07; [minH,meanH,maxH]=[1.3e+07, 1.6e+07, 1.6e+07]
 logf=2.5e-01; Sweeps=6.1e+07; [minH,meanH,maxH]=[1.0e+07, 1.2e+07, 1.5e+07]
 logf=1.2e-01; Sweeps=9.0e+07; [minH,meanH,maxH]=[1.4e+07, 1.6e+07, 1.7e+07]
 logf=6.2e-02; Sweeps=1.1e+08; [minH,meanH,maxH]=[1.4e+07, 1.4e+07, 1.7e+07]
 logf=3.1e-02; Sweeps=1.4e+08; [minH,meanH,maxH]=[1.4e+07, 1.4e+07, 1.7e+07]
 logf=1.6e-02; Sweeps=1.4e+08; [minH,meanH,maxH]=[8.7e+05, 8.7e+05, 9.7e+05]
 logf=7.8e-03; Sweeps=1.4e+08; [minH,meanH,maxH]=[8.9e+05, 8.9e+05, 9.8e+05]
 logf=3.9e-03; Sweeps=1.4e+08; [minH,meanH,maxH]=[3.9e+05, 3.9e+05, 4.7e+05]
 New State: -758: coming; StatesLength 889
 New State: -758 added to list; Min State: -758; CurrentState = -758
 

 logf=1.6e-02; Sweeps=1.7e+08; [minH,meanH,maxH]=[1.2e+07, 1.4e+07, 1.7e+07]
 logf=7.8e-03; Sweeps=1.9e+08; [minH,meanH,maxH]=[1.4e+07, 1.4e+07, 1.7e+07]
 logf=3.9e-03; Sweeps=1.9e+08; [minH,meanH,maxH]=[1.0e+06, 1.1e+06, 1.3e+06]
 logf=2.0e-03; Sweeps=2.0e+08; [minH,meanH,maxH]=[3.4e+06, 3.4e+06, 4.1e+06]
 logf=9.8e-04; Sweeps=2.0e+08; [minH,meanH,maxH]=[2.7e+06, 2.7e+06, 3.3e+06]
 logf=4.9e-04; Sweeps=2.1e+08; [minH,meanH,maxH]=[6.3e+06, 6.3e+06, 7.6e+06]
 logf=2.4e-04; Sweeps=2.2e+08; [minH,meanH,maxH]=[2.9e+06, 2.9e+06, 3.5e+06]
 logf=1.2e-04; Sweeps=2.2e+08; [minH,meanH,maxH]=[6.2e+05, 6.5e+05, 7.9e+05]
 logf=6.1e-05; Sweeps=2.3e+08; [minH,meanH,maxH]=[3.5e+06, 3.5e+06, 4.3e+06]
 logf=3.1e-05; Sweeps=2.3e+08; [minH,meanH,maxH]=[3.7e+05, 3.8e+05, 4.5e+05]
 logf=1.5e-05; Sweeps=2.3e+08; [minH,meanH,maxH]=[2.4e+05, 2.6e+05, 3.1e+05]
 logf=7.6e-06; Sweeps=2.3e+08; [minH,meanH,maxH]=[1.1e+06, 1.1e+06, 1.3e+06]
 logf=3.8e-06; Sweeps=2.3e+08; [minH,meanH,maxH]=[4.6e+05, 4.9e+05, 5.9e+05]
 logf=1.9e-06; Sweeps=2.3e+08; [minH,meanH,maxH]=[2.9e+05, 3.4e+05, 4.1e+05]
 logf=9.5e-07; Sweeps=2.3e+08; [minH,meanH,maxH]=[5.7e+05, 6.5e+05, 7.8e+05]
 logf=4.8e-07; Sweeps=2.4e+08; [minH,meanH,maxH]=[3.1e+06, 3.2e+06, 3.8e+06]
 logf=2.4e-07; Sweeps=2.4e+08; [minH,meanH,maxH]=[1.6e+06, 1.9e+06, 2.2e+06]
 logf=1.2e-07; Sweeps=2.5e+08; [minH,meanH,maxH]=[3.6e+06, 3.9e+06, 4.7e+06]
 logf=6.0e-08; Sweeps=2.5e+08; [minH,meanH,maxH]=[5.4e+05, 6.4e+05, 7.0e+05]
 logf=3.0e-08; Sweeps=2.5e+08; [minH,meanH,maxH]=[1.6e+05, 1.9e+05, 2.3e+05]
 logf=1.5e-08; Sweeps=2.5e+08; [minH,meanH,maxH]=[3.3e+05, 4.0e+05, 4.8e+05]
 logf=7.5e-09; Sweeps=2.5e+08; [minH,meanH,maxH]=[3.5e+05, 4.2e+05, 5.0e+05]

 MinState: -758; 
 MaxState: 1022; 
 States Length: 889; 
 Total MC steps: 2.5061e+08;     
 Total random steps: 1.2831e+11; 
 