000 (5300.011.000) 10/28 11:37:09 Job submitted from host: <170.140.162.75:51408>
...
001 (5300.011.000) 10/30 22:54:48 Job executing on host: <192.168.203.10:40317>
...
006 (5300.011.000) 10/31 01:54:48 Image size of job updated: 13837
...
003 (5300.011.000) 10/31 01:54:48 Job was checkpointed.
	Usr 0 02:59:47, Sys 0 00:00:01  -  Run Remote Usage
		Usr 0 00:00:00, Sys 0 00:00:00  -  Run Local Usage
...
003 (5300.011.000) 10/31 04:54:48 Job was checkpointed.
	Usr 0 05:59:31, Sys 0 00:00:03  -  Run Remote Usage
		Usr 0 00:00:00, Sys 0 00:00:00  -  Run Local Usage
...
003 (5300.011.000) 10/31 07:54:47 Job was checkpointed.
	Usr 0 08:59:18, Sys 0 00:00:05  -  Run Remote Usage
		Usr 0 00:00:00, Sys 0 00:00:00  -  Run Local Usage
...
003 (5300.011.000) 10/31 10:54:51 Job was checkpointed.
	Usr 0 11:59:09, Sys 0 00:00:07  -  Run Remote Usage
		Usr 0 00:00:00, Sys 0 00:00:00  -  Run Local Usage
...
003 (5300.011.000) 10/31 13:54:55 Job was checkpointed.
	Usr 0 14:59:02, Sys 0 00:00:09  -  Run Remote Usage
		Usr 0 00:00:00, Sys 0 00:00:00  -  Run Local Usage
...
003 (5300.011.000) 10/31 16:54:55 Job was checkpointed.
	Usr 0 17:58:51, Sys 0 00:00:10  -  Run Remote Usage
		Usr 0 00:00:00, Sys 0 00:00:00  -  Run Local Usage
...
003 (5300.011.000) 10/31 19:54:58 Job was checkpointed.
	Usr 0 20:58:44, Sys 0 00:00:12  -  Run Remote Usage
		Usr 0 00:00:00, Sys 0 00:00:00  -  Run Local Usage
...
003 (5300.011.000) 10/31 22:55:00 Job was checkpointed.
	Usr 0 23:58:35, Sys 0 00:00:14  -  Run Remote Usage
		Usr 0 00:00:00, Sys 0 00:00:00  -  Run Local Usage
...
003 (5300.011.000) 11/01 01:55:00 Job was checkpointed.
	Usr 1 02:58:23, Sys 0 00:00:16  -  Run Remote Usage
		Usr 0 00:00:00, Sys 0 00:00:00  -  Run Local Usage
...
003 (5300.011.000) 11/01 04:55:00 Job was checkpointed.
	Usr 1 05:58:06, Sys 0 00:00:18  -  Run Remote Usage
		Usr 0 00:00:00, Sys 0 00:00:00  -  Run Local Usage
...
003 (5300.011.000) 11/01 07:55:03 Job was checkpointed.
	Usr 1 08:58:00, Sys 0 00:00:20  -  Run Remote Usage
		Usr 0 00:00:00, Sys 0 00:00:00  -  Run Local Usage
...
003 (5300.011.000) 11/01 10:55:05 Job was checkpointed.
	Usr 1 11:57:52, Sys 0 00:00:21  -  Run Remote Usage
		Usr 0 00:00:00, Sys 0 00:00:00  -  Run Local Usage
...
003 (5300.011.000) 11/01 13:55:05 Job was checkpointed.
	Usr 1 14:57:39, Sys 0 00:00:23  -  Run Remote Usage
		Usr 0 00:00:00, Sys 0 00:00:00  -  Run Local Usage
...
003 (5300.011.000) 11/01 16:55:05 Job was checkpointed.
	Usr 1 17:57:28, Sys 0 00:00:25  -  Run Remote Usage
		Usr 0 00:00:00, Sys 0 00:00:00  -  Run Local Usage
...
003 (5300.011.000) 11/01 19:55:06 Job was checkpointed.
	Usr 1 20:57:16, Sys 0 00:00:27  -  Run Remote Usage
		Usr 0 00:00:00, Sys 0 00:00:00  -  Run Local Usage
...
003 (5300.011.000) 11/01 22:55:06 Job was checkpointed.
	Usr 1 23:57:07, Sys 0 00:00:28  -  Run Remote Usage
		Usr 0 00:00:00, Sys 0 00:00:00  -  Run Local Usage
...
003 (5300.011.000) 11/02 01:55:08 Job was checkpointed.
	Usr 2 02:56:58, Sys 0 00:00:30  -  Run Remote Usage
		Usr 0 00:00:00, Sys 0 00:00:01  -  Run Local Usage
...
003 (5300.011.000) 11/02 03:55:11 Job was checkpointed.
	Usr 2 05:56:43, Sys 0 00:00:32  -  Run Remote Usage
		Usr 0 00:00:00, Sys 0 00:00:01  -  Run Local Usage
...
003 (5300.011.000) 11/02 06:55:15 Job was checkpointed.
	Usr 2 08:56:33, Sys 0 00:00:34  -  Run Remote Usage
		Usr 0 00:00:00, Sys 0 00:00:01  -  Run Local Usage
...
003 (5300.011.000) 11/02 09:55:17 Job was checkpointed.
	Usr 2 11:56:24, Sys 0 00:00:36  -  Run Remote Usage
		Usr 0 00:00:00, Sys 0 00:00:01  -  Run Local Usage
...
003 (5300.011.000) 11/02 12:55:17 Job was checkpointed.
	Usr 2 14:56:12, Sys 0 00:00:37  -  Run Remote Usage
		Usr 0 00:00:00, Sys 0 00:00:01  -  Run Local Usage
...
003 (5300.011.000) 11/02 15:55:18 Job was checkpointed.
	Usr 2 17:56:03, Sys 0 00:00:39  -  Run Remote Usage
		Usr 0 00:00:00, Sys 0 00:00:01  -  Run Local Usage
...
003 (5300.011.000) 11/02 18:55:22 Job was checkpointed.
	Usr 2 20:55:53, Sys 0 00:00:41  -  Run Remote Usage
		Usr 0 00:00:00, Sys 0 00:00:01  -  Run Local Usage
...
003 (5300.011.000) 11/02 21:55:23 Job was checkpointed.
	Usr 2 23:55:44, Sys 0 00:00:42  -  Run Remote Usage
		Usr 0 00:00:00, Sys 0 00:00:01  -  Run Local Usage
...
003 (5300.011.000) 11/03 00:55:24 Job was checkpointed.
	Usr 3 02:55:32, Sys 0 00:00:44  -  Run Remote Usage
		Usr 0 00:00:00, Sys 0 00:00:01  -  Run Local Usage
...
003 (5300.011.000) 11/03 03:55:24 Job was checkpointed.
	Usr 3 05:55:19, Sys 0 00:00:46  -  Run Remote Usage
		Usr 0 00:00:00, Sys 0 00:00:01  -  Run Local Usage
...
003 (5300.011.000) 11/03 06:55:24 Job was checkpointed.
	Usr 3 08:55:06, Sys 0 00:00:48  -  Run Remote Usage
		Usr 0 00:00:00, Sys 0 00:00:01  -  Run Local Usage
...
003 (5300.011.000) 11/03 09:55:25 Job was checkpointed.
	Usr 3 11:54:54, Sys 0 00:00:50  -  Run Remote Usage
		Usr 0 00:00:00, Sys 0 00:00:01  -  Run Local Usage
...
003 (5300.011.000) 11/03 12:55:27 Job was checkpointed.
	Usr 3 14:54:47, Sys 0 00:00:52  -  Run Remote Usage
		Usr 0 00:00:00, Sys 0 00:00:01  -  Run Local Usage
...
003 (5300.011.000) 11/03 15:55:29 Job was checkpointed.
	Usr 3 17:54:34, Sys 0 00:00:54  -  Run Remote Usage
		Usr 0 00:00:00, Sys 0 00:00:01  -  Run Local Usage
...
003 (5300.011.000) 11/03 18:55:33 Job was checkpointed.
	Usr 3 20:54:28, Sys 0 00:00:55  -  Run Remote Usage
		Usr 0 00:00:00, Sys 0 00:00:01  -  Run Local Usage
...
003 (5300.011.000) 11/03 21:55:33 Job was checkpointed.
	Usr 3 23:54:17, Sys 0 00:00:57  -  Run Remote Usage
		Usr 0 00:00:00, Sys 0 00:00:01  -  Run Local Usage
...
003 (5300.011.000) 11/04 00:55:33 Job was checkpointed.
	Usr 4 02:54:05, Sys 0 00:00:58  -  Run Remote Usage
		Usr 0 00:00:00, Sys 0 00:00:02  -  Run Local Usage
...
003 (5300.011.000) 11/04 03:55:33 Job was checkpointed.
	Usr 4 05:53:49, Sys 0 00:01:00  -  Run Remote Usage
		Usr 0 00:00:00, Sys 0 00:00:02  -  Run Local Usage
...
003 (5300.011.000) 11/04 06:55:36 Job was checkpointed.
	Usr 4 08:53:44, Sys 0 00:01:02  -  Run Remote Usage
		Usr 0 00:00:00, Sys 0 00:00:02  -  Run Local Usage
...
003 (5300.011.000) 11/04 09:55:39 Job was checkpointed.
	Usr 4 11:53:37, Sys 0 00:01:03  -  Run Remote Usage
		Usr 0 00:00:00, Sys 0 00:00:02  -  Run Local Usage
...
003 (5300.011.000) 11/04 12:55:38 Job was checkpointed.
	Usr 4 14:53:24, Sys 0 00:01:05  -  Run Remote Usage
		Usr 0 00:00:00, Sys 0 00:00:02  -  Run Local Usage
...
003 (5300.011.000) 11/04 15:55:42 Job was checkpointed.
	Usr 4 17:53:15, Sys 0 00:01:07  -  Run Remote Usage
		Usr 0 00:00:00, Sys 0 00:00:02  -  Run Local Usage
...
003 (5300.011.000) 11/04 18:55:42 Job was checkpointed.
	Usr 4 20:53:03, Sys 0 00:01:08  -  Run Remote Usage
		Usr 0 00:00:00, Sys 0 00:00:02  -  Run Local Usage
...
003 (5300.011.000) 11/04 21:55:44 Job was checkpointed.
	Usr 4 23:52:52, Sys 0 00:01:10  -  Run Remote Usage
		Usr 0 00:00:00, Sys 0 00:00:02  -  Run Local Usage
...
003 (5300.011.000) 11/05 00:55:43 Job was checkpointed.
	Usr 5 02:52:40, Sys 0 00:01:12  -  Run Remote Usage
		Usr 0 00:00:00, Sys 0 00:00:02  -  Run Local Usage
...
003 (5300.011.000) 11/05 03:55:47 Job was checkpointed.
	Usr 5 05:52:32, Sys 0 00:01:13  -  Run Remote Usage
		Usr 0 00:00:00, Sys 0 00:00:02  -  Run Local Usage
...
003 (5300.011.000) 11/05 06:55:49 Job was checkpointed.
	Usr 5 08:52:25, Sys 0 00:01:14  -  Run Remote Usage
		Usr 0 00:00:00, Sys 0 00:00:02  -  Run Local Usage
...
003 (5300.011.000) 11/05 09:55:49 Job was checkpointed.
	Usr 5 11:52:14, Sys 0 00:01:16  -  Run Remote Usage
		Usr 0 00:00:00, Sys 0 00:00:02  -  Run Local Usage
...
003 (5300.011.000) 11/05 12:55:49 Job was checkpointed.
	Usr 5 14:52:01, Sys 0 00:01:18  -  Run Remote Usage
		Usr 0 00:00:00, Sys 0 00:00:02  -  Run Local Usage
...
003 (5300.011.000) 11/05 15:55:52 Job was checkpointed.
	Usr 5 17:51:54, Sys 0 00:01:20  -  Run Remote Usage
		Usr 0 00:00:00, Sys 0 00:00:02  -  Run Local Usage
...
003 (5300.011.000) 11/05 18:55:55 Job was checkpointed.
	Usr 5 20:51:48, Sys 0 00:01:21  -  Run Remote Usage
		Usr 0 00:00:00, Sys 0 00:00:02  -  Run Local Usage
...
003 (5300.011.000) 11/05 21:55:56 Job was checkpointed.
	Usr 5 23:51:37, Sys 0 00:01:23  -  Run Remote Usage
		Usr 0 00:00:00, Sys 0 00:00:02  -  Run Local Usage
...
003 (5300.011.000) 11/06 00:55:57 Job was checkpointed.
	Usr 6 02:51:29, Sys 0 00:01:24  -  Run Remote Usage
		Usr 0 00:00:00, Sys 0 00:00:03  -  Run Local Usage
...
003 (5300.011.000) 11/06 03:55:59 Job was checkpointed.
	Usr 6 05:51:14, Sys 0 00:01:27  -  Run Remote Usage
		Usr 0 00:00:00, Sys 0 00:00:03  -  Run Local Usage
...
003 (5300.011.000) 11/06 06:55:59 Job was checkpointed.
	Usr 6 08:51:02, Sys 0 00:01:28  -  Run Remote Usage
		Usr 0 00:00:00, Sys 0 00:00:03  -  Run Local Usage
...
003 (5300.011.000) 11/06 09:56:03 Job was checkpointed.
	Usr 6 11:50:56, Sys 0 00:01:30  -  Run Remote Usage
		Usr 0 00:00:00, Sys 0 00:00:03  -  Run Local Usage
...
003 (5300.011.000) 11/06 12:56:03 Job was checkpointed.
	Usr 6 14:50:44, Sys 0 00:01:32  -  Run Remote Usage
		Usr 0 00:00:00, Sys 0 00:00:03  -  Run Local Usage
...
003 (5300.011.000) 11/06 15:56:04 Job was checkpointed.
	Usr 6 17:50:33, Sys 0 00:01:34  -  Run Remote Usage
		Usr 0 00:00:00, Sys 0 00:00:03  -  Run Local Usage
...
003 (5300.011.000) 11/06 18:56:03 Job was checkpointed.
	Usr 6 20:50:22, Sys 0 00:01:35  -  Run Remote Usage
		Usr 0 00:00:00, Sys 0 00:00:03  -  Run Local Usage
...
003 (5300.011.000) 11/06 21:56:05 Job was checkpointed.
	Usr 6 23:50:13, Sys 0 00:01:37  -  Run Remote Usage
		Usr 0 00:00:00, Sys 0 00:00:03  -  Run Local Usage
...
003 (5300.011.000) 11/07 00:56:09 Job was checkpointed.
	Usr 7 02:50:07, Sys 0 00:01:39  -  Run Remote Usage
		Usr 0 00:00:00, Sys 0 00:00:03  -  Run Local Usage
...
003 (5300.011.000) 11/07 03:56:12 Job was checkpointed.
	Usr 7 05:49:53, Sys 0 00:01:41  -  Run Remote Usage
		Usr 0 00:00:00, Sys 0 00:00:03  -  Run Local Usage
...
003 (5300.011.000) 11/07 06:56:13 Job was checkpointed.
	Usr 7 08:49:44, Sys 0 00:01:42  -  Run Remote Usage
		Usr 0 00:00:00, Sys 0 00:00:03  -  Run Local Usage
...
003 (5300.011.000) 11/07 09:56:15 Job was checkpointed.
	Usr 7 11:49:30, Sys 0 00:01:45  -  Run Remote Usage
		Usr 0 00:00:00, Sys 0 00:00:03  -  Run Local Usage
...
003 (5300.011.000) 11/07 12:56:18 Job was checkpointed.
	Usr 7 14:49:24, Sys 0 00:01:46  -  Run Remote Usage
		Usr 0 00:00:00, Sys 0 00:00:03  -  Run Local Usage
...
003 (5300.011.000) 11/07 15:56:17 Job was checkpointed.
	Usr 7 17:49:11, Sys 0 00:01:48  -  Run Remote Usage
		Usr 0 00:00:00, Sys 0 00:00:03  -  Run Local Usage
...
003 (5300.011.000) 11/07 18:56:17 Job was checkpointed.
	Usr 7 20:48:57, Sys 0 00:01:50  -  Run Remote Usage
		Usr 0 00:00:00, Sys 0 00:00:03  -  Run Local Usage
...
003 (5300.011.000) 11/07 21:56:17 Job was checkpointed.
	Usr 7 23:48:44, Sys 0 00:01:51  -  Run Remote Usage
		Usr 0 00:00:00, Sys 0 00:00:03  -  Run Local Usage
...
003 (5300.011.000) 11/08 00:56:18 Job was checkpointed.
	Usr 8 02:48:34, Sys 0 00:01:53  -  Run Remote Usage
		Usr 0 00:00:00, Sys 0 00:00:03  -  Run Local Usage
...
003 (5300.011.000) 11/08 03:56:20 Job was checkpointed.
	Usr 8 05:48:22, Sys 0 00:01:55  -  Run Remote Usage
		Usr 0 00:00:00, Sys 0 00:00:04  -  Run Local Usage
...
003 (5300.011.000) 11/08 06:56:23 Job was checkpointed.
	Usr 8 08:48:11, Sys 0 00:01:57  -  Run Remote Usage
		Usr 0 00:00:00, Sys 0 00:00:04  -  Run Local Usage
...
003 (5300.011.000) 11/08 09:56:22 Job was checkpointed.
	Usr 8 11:47:58, Sys 0 00:01:59  -  Run Remote Usage
		Usr 0 00:00:00, Sys 0 00:00:04  -  Run Local Usage
...
003 (5300.011.000) 11/08 12:56:23 Job was checkpointed.
	Usr 8 14:47:47, Sys 0 00:02:01  -  Run Remote Usage
		Usr 0 00:00:00, Sys 0 00:00:04  -  Run Local Usage
...
003 (5300.011.000) 11/08 15:56:27 Job was checkpointed.
	Usr 8 17:47:39, Sys 0 00:02:02  -  Run Remote Usage
		Usr 0 00:00:00, Sys 0 00:00:04  -  Run Local Usage
...
003 (5300.011.000) 11/08 18:56:30 Job was checkpointed.
	Usr 8 20:47:31, Sys 0 00:02:04  -  Run Remote Usage
		Usr 0 00:00:00, Sys 0 00:00:04  -  Run Local Usage
...
003 (5300.011.000) 11/08 21:56:32 Job was checkpointed.
	Usr 8 23:47:18, Sys 0 00:02:06  -  Run Remote Usage
		Usr 0 00:00:00, Sys 0 00:00:04  -  Run Local Usage
...
003 (5300.011.000) 11/09 00:56:33 Job was checkpointed.
	Usr 9 02:47:10, Sys 0 00:02:07  -  Run Remote Usage
		Usr 0 00:00:00, Sys 0 00:00:04  -  Run Local Usage
...
003 (5300.011.000) 11/09 03:56:35 Job was checkpointed.
	Usr 9 05:46:56, Sys 0 00:02:09  -  Run Remote Usage
		Usr 0 00:00:00, Sys 0 00:00:04  -  Run Local Usage
...
003 (5300.011.000) 11/09 06:56:37 Job was checkpointed.
	Usr 9 08:46:45, Sys 0 00:02:11  -  Run Remote Usage
		Usr 0 00:00:00, Sys 0 00:00:04  -  Run Local Usage
...
003 (5300.011.000) 11/09 09:56:40 Job was checkpointed.
	Usr 9 11:46:37, Sys 0 00:02:13  -  Run Remote Usage
		Usr 0 00:00:00, Sys 0 00:00:04  -  Run Local Usage
...
003 (5300.011.000) 11/09 12:56:40 Job was checkpointed.
	Usr 9 14:46:25, Sys 0 00:02:14  -  Run Remote Usage
		Usr 0 00:00:00, Sys 0 00:00:04  -  Run Local Usage
...
003 (5300.011.000) 11/09 15:56:40 Job was checkpointed.
	Usr 9 17:46:10, Sys 0 00:02:17  -  Run Remote Usage
		Usr 0 00:00:00, Sys 0 00:00:04  -  Run Local Usage
...
003 (5300.011.000) 11/09 18:56:39 Job was checkpointed.
	Usr 9 20:45:58, Sys 0 00:02:18  -  Run Remote Usage
		Usr 0 00:00:00, Sys 0 00:00:04  -  Run Local Usage
...
003 (5300.011.000) 11/09 21:56:39 Job was checkpointed.
	Usr 9 23:45:46, Sys 0 00:02:20  -  Run Remote Usage
		Usr 0 00:00:00, Sys 0 00:00:04  -  Run Local Usage
...
003 (5300.011.000) 11/10 00:56:43 Job was checkpointed.
	Usr 10 02:45:38, Sys 0 00:02:21  -  Run Remote Usage
		Usr 0 00:00:00, Sys 0 00:00:04  -  Run Local Usage
...
003 (5300.011.000) 11/10 03:56:45 Job was checkpointed.
	Usr 10 05:45:25, Sys 0 00:02:23  -  Run Remote Usage
		Usr 0 00:00:00, Sys 0 00:00:04  -  Run Local Usage
...
003 (5300.011.000) 11/10 06:56:45 Job was checkpointed.
	Usr 10 08:45:14, Sys 0 00:02:25  -  Run Remote Usage
		Usr 0 00:00:00, Sys 0 00:00:04  -  Run Local Usage
...
003 (5300.011.000) 11/10 09:56:47 Job was checkpointed.
	Usr 10 11:45:02, Sys 0 00:02:27  -  Run Remote Usage
		Usr 0 00:00:00, Sys 0 00:00:04  -  Run Local Usage
...
003 (5300.011.000) 11/10 12:56:51 Job was checkpointed.
	Usr 10 14:44:54, Sys 0 00:02:29  -  Run Remote Usage
		Usr 0 00:00:00, Sys 0 00:00:04  -  Run Local Usage
...
003 (5300.011.000) 11/10 15:56:55 Job was checkpointed.
	Usr 10 17:44:48, Sys 0 00:02:30  -  Run Remote Usage
		Usr 0 00:00:00, Sys 0 00:00:04  -  Run Local Usage
...
003 (5300.011.000) 11/10 18:56:54 Job was checkpointed.
	Usr 10 20:44:37, Sys 0 00:02:32  -  Run Remote Usage
		Usr 0 00:00:00, Sys 0 00:00:04  -  Run Local Usage
...
003 (5300.011.000) 11/10 21:56:58 Job was checkpointed.
	Usr 10 23:44:32, Sys 0 00:02:33  -  Run Remote Usage
		Usr 0 00:00:00, Sys 0 00:00:05  -  Run Local Usage
...
003 (5300.011.000) 11/11 00:57:00 Job was checkpointed.
	Usr 11 02:44:21, Sys 0 00:02:35  -  Run Remote Usage
		Usr 0 00:00:00, Sys 0 00:00:05  -  Run Local Usage
...
003 (5300.011.000) 11/11 03:57:03 Job was checkpointed.
	Usr 11 05:44:08, Sys 0 00:02:37  -  Run Remote Usage
		Usr 0 00:00:00, Sys 0 00:00:05  -  Run Local Usage
...
003 (5300.011.000) 11/11 06:57:02 Job was checkpointed.
	Usr 11 08:43:56, Sys 0 00:02:39  -  Run Remote Usage
		Usr 0 00:00:00, Sys 0 00:00:05  -  Run Local Usage
...
003 (5300.011.000) 11/11 09:57:04 Job was checkpointed.
	Usr 11 11:43:43, Sys 0 00:02:41  -  Run Remote Usage
		Usr 0 00:00:00, Sys 0 00:00:05  -  Run Local Usage
...
003 (5300.011.000) 11/11 12:57:07 Job was checkpointed.
	Usr 11 14:43:34, Sys 0 00:02:43  -  Run Remote Usage
		Usr 0 00:00:00, Sys 0 00:00:05  -  Run Local Usage
...
003 (5300.011.000) 11/11 15:57:08 Job was checkpointed.
	Usr 11 17:43:24, Sys 0 00:02:45  -  Run Remote Usage
		Usr 0 00:00:00, Sys 0 00:00:05  -  Run Local Usage
...
003 (5300.011.000) 11/11 18:57:08 Job was checkpointed.
	Usr 11 20:43:13, Sys 0 00:02:46  -  Run Remote Usage
		Usr 0 00:00:00, Sys 0 00:00:05  -  Run Local Usage
...
003 (5300.011.000) 11/11 21:57:12 Job was checkpointed.
	Usr 11 23:43:04, Sys 0 00:02:48  -  Run Remote Usage
		Usr 0 00:00:00, Sys 0 00:00:05  -  Run Local Usage
...
003 (5300.011.000) 11/12 00:57:12 Job was checkpointed.
	Usr 12 02:42:52, Sys 0 00:02:49  -  Run Remote Usage
		Usr 0 00:00:00, Sys 0 00:00:05  -  Run Local Usage
...
003 (5300.011.000) 11/12 03:57:12 Job was checkpointed.
	Usr 12 05:42:35, Sys 0 00:02:51  -  Run Remote Usage
		Usr 0 00:00:00, Sys 0 00:00:05  -  Run Local Usage
...
003 (5300.011.000) 11/12 06:57:14 Job was checkpointed.
	Usr 12 08:42:27, Sys 0 00:02:53  -  Run Remote Usage
		Usr 0 00:00:00, Sys 0 00:00:05  -  Run Local Usage
...
003 (5300.011.000) 11/12 09:57:17 Job was checkpointed.
	Usr 12 11:42:20, Sys 0 00:02:54  -  Run Remote Usage
		Usr 0 00:00:00, Sys 0 00:00:05  -  Run Local Usage
...
003 (5300.011.000) 11/12 12:57:19 Job was checkpointed.
	Usr 12 14:42:07, Sys 0 00:02:56  -  Run Remote Usage
		Usr 0 00:00:00, Sys 0 00:00:05  -  Run Local Usage
...
003 (5300.011.000) 11/12 15:57:19 Job was checkpointed.
	Usr 12 17:41:52, Sys 0 00:02:58  -  Run Remote Usage
		Usr 0 00:00:00, Sys 0 00:00:05  -  Run Local Usage
...
003 (5300.011.000) 11/12 18:57:22 Job was checkpointed.
	Usr 12 20:41:43, Sys 0 00:03:00  -  Run Remote Usage
		Usr 0 00:00:00, Sys 0 00:00:05  -  Run Local Usage
...
003 (5300.011.000) 11/12 21:57:22 Job was checkpointed.
	Usr 12 23:41:32, Sys 0 00:03:02  -  Run Remote Usage
		Usr 0 00:00:00, Sys 0 00:00:05  -  Run Local Usage
...
003 (5300.011.000) 11/13 00:57:25 Job was checkpointed.
	Usr 13 02:41:25, Sys 0 00:03:03  -  Run Remote Usage
		Usr 0 00:00:00, Sys 0 00:00:05  -  Run Local Usage
...
003 (5300.011.000) 11/13 03:57:26 Job was checkpointed.
	Usr 13 05:41:10, Sys 0 00:03:05  -  Run Remote Usage
		Usr 0 00:00:00, Sys 0 00:00:05  -  Run Local Usage
...
003 (5300.011.000) 11/13 06:57:29 Job was checkpointed.
	Usr 13 08:41:02, Sys 0 00:03:07  -  Run Remote Usage
		Usr 0 00:00:00, Sys 0 00:00:05  -  Run Local Usage
...
003 (5300.011.000) 11/13 09:57:31 Job was checkpointed.
	Usr 13 11:40:55, Sys 0 00:03:08  -  Run Remote Usage
		Usr 0 00:00:00, Sys 0 00:00:05  -  Run Local Usage
...
003 (5300.011.000) 11/13 12:57:32 Job was checkpointed.
	Usr 13 14:40:45, Sys 0 00:03:09  -  Run Remote Usage
		Usr 0 00:00:00, Sys 0 00:00:06  -  Run Local Usage
...
003 (5300.011.000) 11/13 15:57:33 Job was checkpointed.
	Usr 13 17:40:36, Sys 0 00:03:10  -  Run Remote Usage
		Usr 0 00:00:00, Sys 0 00:00:06  -  Run Local Usage
...
003 (5300.011.000) 11/13 18:57:35 Job was checkpointed.
	Usr 13 20:40:26, Sys 0 00:03:12  -  Run Remote Usage
		Usr 0 00:00:00, Sys 0 00:00:06  -  Run Local Usage
...
003 (5300.011.000) 11/13 21:57:36 Job was checkpointed.
	Usr 13 23:40:15, Sys 0 00:03:14  -  Run Remote Usage
		Usr 0 00:00:00, Sys 0 00:00:06  -  Run Local Usage
...
003 (5300.011.000) 11/14 00:57:37 Job was checkpointed.
	Usr 14 02:40:03, Sys 0 00:03:16  -  Run Remote Usage
		Usr 0 00:00:00, Sys 0 00:00:06  -  Run Local Usage
...
003 (5300.011.000) 11/14 03:57:38 Job was checkpointed.
	Usr 14 05:39:51, Sys 0 00:03:18  -  Run Remote Usage
		Usr 0 00:00:00, Sys 0 00:00:06  -  Run Local Usage
...
003 (5300.011.000) 11/14 06:57:41 Job was checkpointed.
	Usr 14 08:39:41, Sys 0 00:03:19  -  Run Remote Usage
		Usr 0 00:00:00, Sys 0 00:00:06  -  Run Local Usage
...
003 (5300.011.000) 11/14 09:57:44 Job was checkpointed.
	Usr 14 11:39:33, Sys 0 00:03:21  -  Run Remote Usage
		Usr 0 00:00:00, Sys 0 00:00:06  -  Run Local Usage
...
003 (5300.011.000) 11/14 12:57:47 Job was checkpointed.
	Usr 14 14:39:22, Sys 0 00:03:23  -  Run Remote Usage
		Usr 0 00:00:00, Sys 0 00:00:06  -  Run Local Usage
...
003 (5300.011.000) 11/14 15:57:50 Job was checkpointed.
	Usr 14 17:39:14, Sys 0 00:03:25  -  Run Remote Usage
		Usr 0 00:00:00, Sys 0 00:00:06  -  Run Local Usage
...
003 (5300.011.000) 11/14 18:57:51 Job was checkpointed.
	Usr 14 20:39:04, Sys 0 00:03:27  -  Run Remote Usage
		Usr 0 00:00:00, Sys 0 00:00:06  -  Run Local Usage
...
003 (5300.011.000) 11/14 21:57:52 Job was checkpointed.
	Usr 14 23:38:52, Sys 0 00:03:28  -  Run Remote Usage
		Usr 0 00:00:00, Sys 0 00:00:06  -  Run Local Usage
...
003 (5300.011.000) 11/15 00:57:54 Job was checkpointed.
	Usr 15 02:38:42, Sys 0 00:03:30  -  Run Remote Usage
		Usr 0 00:00:00, Sys 0 00:00:06  -  Run Local Usage
...
003 (5300.011.000) 11/15 03:57:54 Job was checkpointed.
	Usr 15 05:38:26, Sys 0 00:03:32  -  Run Remote Usage
		Usr 0 00:00:00, Sys 0 00:00:06  -  Run Local Usage
...
003 (5300.011.000) 11/15 06:57:57 Job was checkpointed.
	Usr 15 08:38:16, Sys 0 00:03:34  -  Run Remote Usage
		Usr 0 00:00:00, Sys 0 00:00:06  -  Run Local Usage
...
003 (5300.011.000) 11/15 09:57:59 Job was checkpointed.
	Usr 15 11:38:07, Sys 0 00:03:35  -  Run Remote Usage
		Usr 0 00:00:00, Sys 0 00:00:06  -  Run Local Usage
...
003 (5300.011.000) 11/15 12:58:03 Job was checkpointed.
	Usr 15 14:37:58, Sys 0 00:03:37  -  Run Remote Usage
		Usr 0 00:00:01, Sys 0 00:00:06  -  Run Local Usage
...
003 (5300.011.000) 11/15 15:58:03 Job was checkpointed.
	Usr 15 17:37:44, Sys 0 00:03:39  -  Run Remote Usage
		Usr 0 00:00:01, Sys 0 00:00:06  -  Run Local Usage
...
003 (5300.011.000) 11/15 18:58:06 Job was checkpointed.
	Usr 15 20:37:35, Sys 0 00:03:41  -  Run Remote Usage
		Usr 0 00:00:01, Sys 0 00:00:06  -  Run Local Usage
...
003 (5300.011.000) 11/15 21:58:05 Job was checkpointed.
	Usr 15 23:37:20, Sys 0 00:03:43  -  Run Remote Usage
		Usr 0 00:00:01, Sys 0 00:00:06  -  Run Local Usage
...
003 (5300.011.000) 11/16 00:58:09 Job was checkpointed.
	Usr 16 02:37:13, Sys 0 00:03:44  -  Run Remote Usage
		Usr 0 00:00:01, Sys 0 00:00:06  -  Run Local Usage
...
003 (5300.011.000) 11/16 03:58:08 Job was checkpointed.
	Usr 16 05:36:54, Sys 0 00:03:46  -  Run Remote Usage
		Usr 0 00:00:01, Sys 0 00:00:06  -  Run Local Usage
...
003 (5300.011.000) 11/16 06:58:09 Job was checkpointed.
	Usr 16 08:36:46, Sys 0 00:03:48  -  Run Remote Usage
		Usr 0 00:00:01, Sys 0 00:00:07  -  Run Local Usage
...
003 (5300.011.000) 11/16 09:58:10 Job was checkpointed.
	Usr 16 11:36:33, Sys 0 00:03:50  -  Run Remote Usage
		Usr 0 00:00:01, Sys 0 00:00:07  -  Run Local Usage
...
003 (5300.011.000) 11/16 12:58:14 Job was checkpointed.
	Usr 16 14:36:26, Sys 0 00:03:51  -  Run Remote Usage
		Usr 0 00:00:01, Sys 0 00:00:07  -  Run Local Usage
...
003 (5300.011.000) 11/16 15:58:16 Job was checkpointed.
	Usr 16 17:36:17, Sys 0 00:03:53  -  Run Remote Usage
		Usr 0 00:00:01, Sys 0 00:00:07  -  Run Local Usage
...
003 (5300.011.000) 11/16 18:58:16 Job was checkpointed.
	Usr 16 20:36:08, Sys 0 00:03:54  -  Run Remote Usage
		Usr 0 00:00:01, Sys 0 00:00:07  -  Run Local Usage
...
003 (5300.011.000) 11/16 21:58:19 Job was checkpointed.
	Usr 16 23:35:55, Sys 0 00:03:57  -  Run Remote Usage
		Usr 0 00:00:01, Sys 0 00:00:07  -  Run Local Usage
...
003 (5300.011.000) 11/17 00:58:22 Job was checkpointed.
	Usr 17 02:35:47, Sys 0 00:03:58  -  Run Remote Usage
		Usr 0 00:00:01, Sys 0 00:00:07  -  Run Local Usage
...
003 (5300.011.000) 11/17 03:58:22 Job was checkpointed.
	Usr 17 05:35:32, Sys 0 00:04:00  -  Run Remote Usage
		Usr 0 00:00:01, Sys 0 00:00:07  -  Run Local Usage
...
003 (5300.011.000) 11/17 06:58:25 Job was checkpointed.
	Usr 17 08:35:26, Sys 0 00:04:01  -  Run Remote Usage
		Usr 0 00:00:01, Sys 0 00:00:07  -  Run Local Usage
...
003 (5300.011.000) 11/17 09:58:25 Job was checkpointed.
	Usr 17 11:35:14, Sys 0 00:04:03  -  Run Remote Usage
		Usr 0 00:00:01, Sys 0 00:00:07  -  Run Local Usage
...
003 (5300.011.000) 11/17 12:58:29 Job was checkpointed.
	Usr 17 14:35:06, Sys 0 00:04:05  -  Run Remote Usage
		Usr 0 00:00:01, Sys 0 00:00:07  -  Run Local Usage
...
003 (5300.011.000) 11/17 15:58:32 Job was checkpointed.
	Usr 17 17:34:56, Sys 0 00:04:07  -  Run Remote Usage
		Usr 0 00:00:01, Sys 0 00:00:07  -  Run Local Usage
...
003 (5300.011.000) 11/17 18:58:35 Job was checkpointed.
	Usr 17 20:34:48, Sys 0 00:04:09  -  Run Remote Usage
		Usr 0 00:00:01, Sys 0 00:00:07  -  Run Local Usage
...
003 (5300.011.000) 11/17 21:58:36 Job was checkpointed.
	Usr 17 23:34:38, Sys 0 00:04:10  -  Run Remote Usage
		Usr 0 00:00:01, Sys 0 00:00:07  -  Run Local Usage
...
003 (5300.011.000) 11/18 00:58:36 Job was checkpointed.
	Usr 18 02:34:29, Sys 0 00:04:12  -  Run Remote Usage
		Usr 0 00:00:01, Sys 0 00:00:07  -  Run Local Usage
...
003 (5300.011.000) 11/18 03:58:41 Job was checkpointed.
	Usr 18 05:34:21, Sys 0 00:04:13  -  Run Remote Usage
		Usr 0 00:00:01, Sys 0 00:00:07  -  Run Local Usage
...
003 (5300.011.000) 11/18 06:58:40 Job was checkpointed.
	Usr 18 08:34:09, Sys 0 00:04:15  -  Run Remote Usage
		Usr 0 00:00:01, Sys 0 00:00:07  -  Run Local Usage
...
003 (5300.011.000) 11/18 09:58:40 Job was checkpointed.
	Usr 18 11:33:59, Sys 0 00:04:16  -  Run Remote Usage
		Usr 0 00:00:01, Sys 0 00:00:07  -  Run Local Usage
...
003 (5300.011.000) 11/18 12:58:39 Job was checkpointed.
	Usr 18 14:33:48, Sys 0 00:04:18  -  Run Remote Usage
		Usr 0 00:00:01, Sys 0 00:00:07  -  Run Local Usage
...
003 (5300.011.000) 11/18 15:58:43 Job was checkpointed.
	Usr 18 17:33:37, Sys 0 00:04:20  -  Run Remote Usage
		Usr 0 00:00:01, Sys 0 00:00:07  -  Run Local Usage
...
003 (5300.011.000) 11/18 18:58:44 Job was checkpointed.
	Usr 18 20:33:24, Sys 0 00:04:22  -  Run Remote Usage
		Usr 0 00:00:01, Sys 0 00:00:07  -  Run Local Usage
...
003 (5300.011.000) 11/18 21:58:48 Job was checkpointed.
	Usr 18 23:33:14, Sys 0 00:04:24  -  Run Remote Usage
		Usr 0 00:00:01, Sys 0 00:00:07  -  Run Local Usage
...
003 (5300.011.000) 11/19 00:58:49 Job was checkpointed.
	Usr 19 02:33:02, Sys 0 00:04:26  -  Run Remote Usage
		Usr 0 00:00:01, Sys 0 00:00:08  -  Run Local Usage
...
003 (5300.011.000) 11/19 03:58:52 Job was checkpointed.
	Usr 19 05:32:48, Sys 0 00:04:28  -  Run Remote Usage
		Usr 0 00:00:01, Sys 0 00:00:08  -  Run Local Usage
...
003 (5300.011.000) 11/19 06:58:54 Job was checkpointed.
	Usr 19 08:32:37, Sys 0 00:04:29  -  Run Remote Usage
		Usr 0 00:00:01, Sys 0 00:00:08  -  Run Local Usage
...
003 (5300.011.000) 11/19 09:58:55 Job was checkpointed.
	Usr 19 11:32:28, Sys 0 00:04:31  -  Run Remote Usage
		Usr 0 00:00:01, Sys 0 00:00:08  -  Run Local Usage
...
003 (5300.011.000) 11/19 12:58:58 Job was checkpointed.
	Usr 19 14:32:23, Sys 0 00:04:32  -  Run Remote Usage
		Usr 0 00:00:01, Sys 0 00:00:08  -  Run Local Usage
...
003 (5300.011.000) 11/19 15:59:00 Job was checkpointed.
	Usr 19 17:32:12, Sys 0 00:04:34  -  Run Remote Usage
		Usr 0 00:00:01, Sys 0 00:00:08  -  Run Local Usage
...
003 (5300.011.000) 11/19 18:59:00 Job was checkpointed.
	Usr 19 20:32:01, Sys 0 00:04:35  -  Run Remote Usage
		Usr 0 00:00:01, Sys 0 00:00:08  -  Run Local Usage
...
003 (5300.011.000) 11/19 21:59:03 Job was checkpointed.
	Usr 19 23:31:53, Sys 0 00:04:37  -  Run Remote Usage
		Usr 0 00:00:01, Sys 0 00:00:08  -  Run Local Usage
...
003 (5300.011.000) 11/20 00:59:05 Job was checkpointed.
	Usr 20 02:31:46, Sys 0 00:04:38  -  Run Remote Usage
		Usr 0 00:00:01, Sys 0 00:00:08  -  Run Local Usage
...
003 (5300.011.000) 11/20 03:59:06 Job was checkpointed.
	Usr 20 05:31:32, Sys 0 00:04:40  -  Run Remote Usage
		Usr 0 00:00:01, Sys 0 00:00:08  -  Run Local Usage
...
003 (5300.011.000) 11/20 06:59:09 Job was checkpointed.
	Usr 20 08:31:24, Sys 0 00:04:42  -  Run Remote Usage
		Usr 0 00:00:01, Sys 0 00:00:08  -  Run Local Usage
...
003 (5300.011.000) 11/20 09:59:09 Job was checkpointed.
	Usr 20 11:31:12, Sys 0 00:04:44  -  Run Remote Usage
		Usr 0 00:00:01, Sys 0 00:00:08  -  Run Local Usage
...
003 (5300.011.000) 11/20 12:59:12 Job was checkpointed.
	Usr 20 14:31:05, Sys 0 00:04:45  -  Run Remote Usage
		Usr 0 00:00:01, Sys 0 00:00:08  -  Run Local Usage
...
003 (5300.011.000) 11/20 15:59:14 Job was checkpointed.
	Usr 20 17:30:53, Sys 0 00:04:47  -  Run Remote Usage
		Usr 0 00:00:01, Sys 0 00:00:08  -  Run Local Usage
...
003 (5300.011.000) 11/20 18:59:14 Job was checkpointed.
	Usr 20 20:30:40, Sys 0 00:04:49  -  Run Remote Usage
		Usr 0 00:00:01, Sys 0 00:00:08  -  Run Local Usage
...
003 (5300.011.000) 11/20 21:59:17 Job was checkpointed.
	Usr 20 23:30:30, Sys 0 00:04:51  -  Run Remote Usage
		Usr 0 00:00:01, Sys 0 00:00:08  -  Run Local Usage
...
003 (5300.011.000) 11/21 00:59:18 Job was checkpointed.
	Usr 21 02:30:21, Sys 0 00:04:53  -  Run Remote Usage
		Usr 0 00:00:01, Sys 0 00:00:08  -  Run Local Usage
...
003 (5300.011.000) 11/21 03:59:19 Job was checkpointed.
	Usr 21 05:30:06, Sys 0 00:04:55  -  Run Remote Usage
		Usr 0 00:00:01, Sys 0 00:00:08  -  Run Local Usage
...
003 (5300.011.000) 11/21 06:59:22 Job was checkpointed.
	Usr 21 08:29:58, Sys 0 00:04:56  -  Run Remote Usage
		Usr 0 00:00:01, Sys 0 00:00:08  -  Run Local Usage
...
003 (5300.011.000) 11/21 09:59:22 Job was checkpointed.
	Usr 21 11:29:47, Sys 0 00:04:58  -  Run Remote Usage
		Usr 0 00:00:01, Sys 0 00:00:08  -  Run Local Usage
...
003 (5300.011.000) 11/21 12:59:25 Job was checkpointed.
	Usr 21 14:29:39, Sys 0 00:05:00  -  Run Remote Usage
		Usr 0 00:00:01, Sys 0 00:00:08  -  Run Local Usage
...
003 (5300.011.000) 11/21 15:59:27 Job was checkpointed.
	Usr 21 17:29:26, Sys 0 00:05:02  -  Run Remote Usage
		Usr 0 00:00:01, Sys 0 00:00:08  -  Run Local Usage
...
003 (5300.011.000) 11/21 18:59:29 Job was checkpointed.
	Usr 21 20:29:18, Sys 0 00:05:03  -  Run Remote Usage
		Usr 0 00:00:01, Sys 0 00:00:09  -  Run Local Usage
...
003 (5300.011.000) 11/21 21:59:31 Job was checkpointed.
	Usr 21 23:29:09, Sys 0 00:05:05  -  Run Remote Usage
		Usr 0 00:00:01, Sys 0 00:00:09  -  Run Local Usage
...
003 (5300.011.000) 11/22 00:59:33 Job was checkpointed.
	Usr 22 02:29:00, Sys 0 00:05:07  -  Run Remote Usage
		Usr 0 00:00:01, Sys 0 00:00:09  -  Run Local Usage
...
003 (5300.011.000) 11/22 03:59:35 Job was checkpointed.
	Usr 22 05:28:45, Sys 0 00:05:09  -  Run Remote Usage
		Usr 0 00:00:01, Sys 0 00:00:09  -  Run Local Usage
...
003 (5300.011.000) 11/22 06:59:37 Job was checkpointed.
	Usr 22 08:28:36, Sys 0 00:05:10  -  Run Remote Usage
		Usr 0 00:00:01, Sys 0 00:00:09  -  Run Local Usage
...
003 (5300.011.000) 11/22 09:59:36 Job was checkpointed.
	Usr 22 11:28:21, Sys 0 00:05:12  -  Run Remote Usage
		Usr 0 00:00:01, Sys 0 00:00:09  -  Run Local Usage
...
003 (5300.011.000) 11/22 12:59:39 Job was checkpointed.
	Usr 22 14:28:14, Sys 0 00:05:14  -  Run Remote Usage
		Usr 0 00:00:01, Sys 0 00:00:09  -  Run Local Usage
...
003 (5300.011.000) 11/22 15:59:42 Job was checkpointed.
	Usr 22 17:28:00, Sys 0 00:05:16  -  Run Remote Usage
		Usr 0 00:00:01, Sys 0 00:00:09  -  Run Local Usage
...
003 (5300.011.000) 11/22 18:59:45 Job was checkpointed.
	Usr 22 20:27:49, Sys 0 00:05:18  -  Run Remote Usage
		Usr 0 00:00:01, Sys 0 00:00:09  -  Run Local Usage
...
003 (5300.011.000) 11/22 21:59:45 Job was checkpointed.
	Usr 22 23:27:39, Sys 0 00:05:20  -  Run Remote Usage
		Usr 0 00:00:01, Sys 0 00:00:09  -  Run Local Usage
...
003 (5300.011.000) 11/23 00:59:48 Job was checkpointed.
	Usr 23 02:27:32, Sys 0 00:05:21  -  Run Remote Usage
		Usr 0 00:00:01, Sys 0 00:00:09  -  Run Local Usage
...
003 (5300.011.000) 11/23 03:59:51 Job was checkpointed.
	Usr 23 05:27:14, Sys 0 00:05:24  -  Run Remote Usage
		Usr 0 00:00:01, Sys 0 00:00:09  -  Run Local Usage
...
003 (5300.011.000) 11/23 06:59:53 Job was checkpointed.
	Usr 23 08:27:04, Sys 0 00:05:25  -  Run Remote Usage
		Usr 0 00:00:01, Sys 0 00:00:09  -  Run Local Usage
...
003 (5300.011.000) 11/23 09:59:56 Job was checkpointed.
	Usr 23 11:26:52, Sys 0 00:05:27  -  Run Remote Usage
		Usr 0 00:00:01, Sys 0 00:00:09  -  Run Local Usage
...
003 (5300.011.000) 11/23 12:59:57 Job was checkpointed.
	Usr 23 14:26:40, Sys 0 00:05:29  -  Run Remote Usage
		Usr 0 00:00:01, Sys 0 00:00:09  -  Run Local Usage
...
003 (5300.011.000) 11/23 16:00:01 Job was checkpointed.
	Usr 23 17:26:30, Sys 0 00:05:31  -  Run Remote Usage
		Usr 0 00:00:01, Sys 0 00:00:09  -  Run Local Usage
...
003 (5300.011.000) 11/23 19:00:03 Job was checkpointed.
	Usr 23 20:26:22, Sys 0 00:05:33  -  Run Remote Usage
		Usr 0 00:00:01, Sys 0 00:00:09  -  Run Local Usage
...
003 (5300.011.000) 11/23 22:00:03 Job was checkpointed.
	Usr 23 23:26:10, Sys 0 00:05:34  -  Run Remote Usage
		Usr 0 00:00:01, Sys 0 00:00:09  -  Run Local Usage
...
003 (5300.011.000) 11/24 01:00:04 Job was checkpointed.
	Usr 24 02:25:57, Sys 0 00:05:37  -  Run Remote Usage
		Usr 0 00:00:01, Sys 0 00:00:09  -  Run Local Usage
...
003 (5300.011.000) 11/24 04:00:03 Job was checkpointed.
	Usr 24 05:25:40, Sys 0 00:05:39  -  Run Remote Usage
		Usr 0 00:00:01, Sys 0 00:00:09  -  Run Local Usage
...
003 (5300.011.000) 11/24 07:00:06 Job was checkpointed.
	Usr 24 08:25:32, Sys 0 00:05:40  -  Run Remote Usage
		Usr 0 00:00:01, Sys 0 00:00:09  -  Run Local Usage
...
003 (5300.011.000) 11/24 10:00:08 Job was checkpointed.
	Usr 24 11:25:20, Sys 0 00:05:42  -  Run Remote Usage
		Usr 0 00:00:01, Sys 0 00:00:09  -  Run Local Usage
...
003 (5300.011.000) 11/24 13:00:09 Job was checkpointed.
	Usr 24 14:25:06, Sys 0 00:05:44  -  Run Remote Usage
		Usr 0 00:00:01, Sys 0 00:00:10  -  Run Local Usage
...
003 (5300.011.000) 11/24 16:00:11 Job was checkpointed.
	Usr 24 17:24:59, Sys 0 00:05:45  -  Run Remote Usage
		Usr 0 00:00:01, Sys 0 00:00:10  -  Run Local Usage
...
003 (5300.011.000) 11/24 19:00:13 Job was checkpointed.
	Usr 24 20:24:51, Sys 0 00:05:47  -  Run Remote Usage
		Usr 0 00:00:01, Sys 0 00:00:10  -  Run Local Usage
...
003 (5300.011.000) 11/24 22:00:13 Job was checkpointed.
	Usr 222 04:45:38, Sys 0 00:05:49  -  Run Remote Usage
		Usr 0 00:00:01, Sys 0 00:00:10  -  Run Local Usage
...
003 (5300.011.000) 11/25 01:00:15 Job was checkpointed.
	Usr 222 07:45:26, Sys 0 00:05:51  -  Run Remote Usage
		Usr 0 00:00:01, Sys 0 00:00:10  -  Run Local Usage
...
003 (5300.011.000) 11/25 04:00:15 Job was checkpointed.
	Usr 222 10:45:10, Sys 0 00:05:53  -  Run Remote Usage
		Usr 0 00:00:01, Sys 0 00:00:10  -  Run Local Usage
...
003 (5300.011.000) 11/25 07:00:17 Job was checkpointed.
	Usr 222 13:45:03, Sys 0 00:05:54  -  Run Remote Usage
		Usr 0 00:00:01, Sys 0 00:00:10  -  Run Local Usage
...
003 (5300.011.000) 11/25 10:00:18 Job was checkpointed.
	Usr 222 16:44:53, Sys 0 00:05:56  -  Run Remote Usage
		Usr 0 00:00:01, Sys 0 00:00:10  -  Run Local Usage
...
003 (5300.011.000) 11/25 13:00:21 Job was checkpointed.
	Usr 222 19:44:44, Sys 0 00:05:57  -  Run Remote Usage
		Usr 0 00:00:01, Sys 0 00:00:10  -  Run Local Usage
...
003 (5300.011.000) 11/25 16:00:21 Job was checkpointed.
	Usr 222 22:44:35, Sys 0 00:05:59  -  Run Remote Usage
		Usr 0 00:00:01, Sys 0 00:00:10  -  Run Local Usage
...
003 (5300.011.000) 11/25 19:00:23 Job was checkpointed.
	Usr 223 01:44:26, Sys 0 00:06:00  -  Run Remote Usage
		Usr 0 00:00:01, Sys 0 00:00:10  -  Run Local Usage
...
006 (5300.011.000) 11/25 22:00:24 Image size of job updated: 13841
...
003 (5300.011.000) 11/25 22:00:25 Job was checkpointed.
	Usr 223 04:44:14, Sys 0 00:06:02  -  Run Remote Usage
		Usr 0 00:00:01, Sys 0 00:00:10  -  Run Local Usage
...
003 (5300.011.000) 11/26 01:00:24 Job was checkpointed.
	Usr 223 07:44:00, Sys 0 00:06:04  -  Run Remote Usage
		Usr 0 00:00:01, Sys 0 00:00:10  -  Run Local Usage
...
003 (5300.011.000) 11/26 04:00:25 Job was checkpointed.
	Usr 223 10:43:47, Sys 0 00:06:06  -  Run Remote Usage
		Usr 0 00:00:01, Sys 0 00:00:10  -  Run Local Usage
...
003 (5300.011.000) 11/26 07:00:24 Job was checkpointed.
	Usr 223 13:43:35, Sys 0 00:06:08  -  Run Remote Usage
		Usr 0 00:00:01, Sys 0 00:00:10  -  Run Local Usage
...
003 (5300.011.000) 11/26 10:00:25 Job was checkpointed.
	Usr 223 16:43:25, Sys 0 00:06:09  -  Run Remote Usage
		Usr 0 00:00:01, Sys 0 00:00:10  -  Run Local Usage
...
003 (5300.011.000) 11/26 13:00:26 Job was checkpointed.
	Usr 223 19:43:16, Sys 0 00:06:11  -  Run Remote Usage
		Usr 0 00:00:01, Sys 0 00:00:10  -  Run Local Usage
...
003 (5300.011.000) 11/26 16:00:26 Job was checkpointed.
	Usr 223 22:43:04, Sys 0 00:06:12  -  Run Remote Usage
		Usr 0 00:00:01, Sys 0 00:00:10  -  Run Local Usage
...
003 (5300.011.000) 11/26 19:00:26 Job was checkpointed.
	Usr 224 01:42:55, Sys 0 00:06:14  -  Run Remote Usage
		Usr 0 00:00:01, Sys 0 00:00:10  -  Run Local Usage
...
003 (5300.011.000) 11/26 22:00:30 Job was checkpointed.
	Usr 224 04:42:48, Sys 0 00:06:15  -  Run Remote Usage
		Usr 0 00:00:01, Sys 0 00:00:10  -  Run Local Usage
...
003 (5300.011.000) 11/27 01:00:31 Job was checkpointed.
	Usr 224 07:42:36, Sys 0 00:06:17  -  Run Remote Usage
		Usr 0 00:00:01, Sys 0 00:00:10  -  Run Local Usage
...
003 (5300.011.000) 11/27 04:00:33 Job was checkpointed.
	Usr 224 10:42:23, Sys 0 00:06:19  -  Run Remote Usage
		Usr 0 00:00:01, Sys 0 00:00:11  -  Run Local Usage
...
003 (5300.011.000) 11/27 07:00:34 Job was checkpointed.
	Usr 224 13:42:13, Sys 0 00:06:20  -  Run Remote Usage
		Usr 0 00:00:01, Sys 0 00:00:11  -  Run Local Usage
...
003 (5300.011.000) 11/27 10:00:34 Job was checkpointed.
	Usr 224 16:42:03, Sys 0 00:06:22  -  Run Remote Usage
		Usr 0 00:00:01, Sys 0 00:00:11  -  Run Local Usage
...
003 (5300.011.000) 11/27 13:00:37 Job was checkpointed.
	Usr 224 19:41:53, Sys 0 00:06:24  -  Run Remote Usage
		Usr 0 00:00:01, Sys 0 00:00:11  -  Run Local Usage
...
003 (5300.011.000) 11/27 16:00:40 Job was checkpointed.
	Usr 224 22:41:46, Sys 0 00:06:25  -  Run Remote Usage
		Usr 0 00:00:01, Sys 0 00:00:11  -  Run Local Usage
...
003 (5300.011.000) 11/27 19:00:44 Job was checkpointed.
	Usr 225 01:41:40, Sys 0 00:06:26  -  Run Remote Usage
		Usr 0 00:00:01, Sys 0 00:00:11  -  Run Local Usage
...
003 (5300.011.000) 11/27 22:00:45 Job was checkpointed.
	Usr 225 04:41:31, Sys 0 00:06:28  -  Run Remote Usage
		Usr 0 00:00:01, Sys 0 00:00:11  -  Run Local Usage
...
003 (5300.011.000) 11/28 01:00:48 Job was checkpointed.
	Usr 225 07:41:22, Sys 0 00:06:29  -  Run Remote Usage
		Usr 0 00:00:01, Sys 0 00:00:11  -  Run Local Usage
...
003 (5300.011.000) 11/28 04:00:48 Job was checkpointed.
	Usr 225 10:41:09, Sys 0 00:06:31  -  Run Remote Usage
		Usr 0 00:00:01, Sys 0 00:00:11  -  Run Local Usage
...
003 (5300.011.000) 11/28 07:00:51 Job was checkpointed.
	Usr 225 13:41:01, Sys 0 00:06:33  -  Run Remote Usage
		Usr 0 00:00:01, Sys 0 00:00:11  -  Run Local Usage
...
003 (5300.011.000) 11/28 10:00:54 Job was checkpointed.
	Usr 225 16:40:53, Sys 0 00:06:34  -  Run Remote Usage
		Usr 0 00:00:01, Sys 0 00:00:11  -  Run Local Usage
...
003 (5300.011.000) 11/28 13:00:55 Job was checkpointed.
	Usr 225 19:40:43, Sys 0 00:06:36  -  Run Remote Usage
		Usr 0 00:00:01, Sys 0 00:00:11  -  Run Local Usage
...
003 (5300.011.000) 11/28 16:00:57 Job was checkpointed.
	Usr 225 22:40:33, Sys 0 00:06:37  -  Run Remote Usage
		Usr 0 00:00:01, Sys 0 00:00:11  -  Run Local Usage
...
003 (5300.011.000) 11/28 19:00:59 Job was checkpointed.
	Usr 226 01:40:24, Sys 0 00:06:39  -  Run Remote Usage
		Usr 0 00:00:01, Sys 0 00:00:11  -  Run Local Usage
...
003 (5300.011.000) 11/28 22:01:03 Job was checkpointed.
	Usr 226 04:40:18, Sys 0 00:06:41  -  Run Remote Usage
		Usr 0 00:00:01, Sys 0 00:00:11  -  Run Local Usage
...
003 (5300.011.000) 11/29 01:01:06 Job was checkpointed.
	Usr 226 07:40:08, Sys 0 00:06:42  -  Run Remote Usage
		Usr 0 00:00:01, Sys 0 00:00:11  -  Run Local Usage
...
003 (5300.011.000) 11/29 04:01:08 Job was checkpointed.
	Usr 226 10:39:55, Sys 0 00:06:44  -  Run Remote Usage
		Usr 0 00:00:01, Sys 0 00:00:11  -  Run Local Usage
...
003 (5300.011.000) 11/29 07:01:07 Job was checkpointed.
	Usr 226 13:39:44, Sys 0 00:06:46  -  Run Remote Usage
		Usr 0 00:00:01, Sys 0 00:00:11  -  Run Local Usage
...
003 (5300.011.000) 11/29 10:01:09 Job was checkpointed.
	Usr 226 16:39:34, Sys 0 00:06:47  -  Run Remote Usage
		Usr 0 00:00:01, Sys 0 00:00:11  -  Run Local Usage
...
003 (5300.011.000) 11/29 13:01:13 Job was checkpointed.
	Usr 226 19:39:28, Sys 0 00:06:49  -  Run Remote Usage
		Usr 0 00:00:01, Sys 0 00:00:11  -  Run Local Usage
...
003 (5300.011.000) 11/29 16:01:15 Job was checkpointed.
	Usr 226 22:39:16, Sys 0 00:06:51  -  Run Remote Usage
		Usr 0 00:00:01, Sys 0 00:00:11  -  Run Local Usage
...
003 (5300.011.000) 11/29 19:01:17 Job was checkpointed.
	Usr 227 01:39:07, Sys 0 00:06:52  -  Run Remote Usage
		Usr 0 00:00:01, Sys 0 00:00:12  -  Run Local Usage
...
003 (5300.011.000) 11/29 22:01:18 Job was checkpointed.
	Usr 227 04:38:54, Sys 0 00:06:54  -  Run Remote Usage
		Usr 0 00:00:01, Sys 0 00:00:12  -  Run Local Usage
...
003 (5300.011.000) 11/30 01:01:18 Job was checkpointed.
	Usr 227 07:38:41, Sys 0 00:06:56  -  Run Remote Usage
		Usr 0 00:00:01, Sys 0 00:00:12  -  Run Local Usage
...
003 (5300.011.000) 11/30 04:01:17 Job was checkpointed.
	Usr 227 10:38:20, Sys 0 00:06:58  -  Run Remote Usage
		Usr 0 00:00:01, Sys 0 00:00:12  -  Run Local Usage
...
003 (5300.011.000) 11/30 07:01:21 Job was checkpointed.
	Usr 227 13:38:14, Sys 0 00:07:00  -  Run Remote Usage
		Usr 0 00:00:01, Sys 0 00:00:12  -  Run Local Usage
...
003 (5300.011.000) 11/30 10:01:21 Job was checkpointed.
	Usr 227 16:38:02, Sys 0 00:07:01  -  Run Remote Usage
		Usr 0 00:00:01, Sys 0 00:00:12  -  Run Local Usage
...
003 (5300.011.000) 11/30 13:01:20 Job was checkpointed.
	Usr 227 19:37:49, Sys 0 00:07:03  -  Run Remote Usage
		Usr 0 00:00:01, Sys 0 00:00:12  -  Run Local Usage
...
003 (5300.011.000) 11/30 16:01:21 Job was checkpointed.
	Usr 227 22:37:37, Sys 0 00:07:05  -  Run Remote Usage
		Usr 0 00:00:01, Sys 0 00:00:12  -  Run Local Usage
...
003 (5300.011.000) 11/30 19:01:23 Job was checkpointed.
	Usr 228 01:37:30, Sys 0 00:07:06  -  Run Remote Usage
		Usr 0 00:00:01, Sys 0 00:00:12  -  Run Local Usage
...
003 (5300.011.000) 11/30 22:01:25 Job was checkpointed.
	Usr 228 04:37:20, Sys 0 00:07:08  -  Run Remote Usage
		Usr 0 00:00:01, Sys 0 00:00:12  -  Run Local Usage
...
003 (5300.011.000) 12/01 01:01:27 Job was checkpointed.
	Usr 228 07:37:13, Sys 0 00:07:09  -  Run Remote Usage
		Usr 0 00:00:01, Sys 0 00:00:12  -  Run Local Usage
...
003 (5300.011.000) 12/01 04:01:28 Job was checkpointed.
	Usr 228 10:37:00, Sys 0 00:07:11  -  Run Remote Usage
		Usr 0 00:00:01, Sys 0 00:00:12  -  Run Local Usage
...
003 (5300.011.000) 12/01 07:01:27 Job was checkpointed.
	Usr 228 13:36:45, Sys 0 00:07:13  -  Run Remote Usage
		Usr 0 00:00:01, Sys 0 00:00:12  -  Run Local Usage
...
003 (5300.011.000) 12/01 10:01:28 Job was checkpointed.
	Usr 228 16:36:31, Sys 0 00:07:15  -  Run Remote Usage
		Usr 0 00:00:01, Sys 0 00:00:12  -  Run Local Usage
...
003 (5300.011.000) 12/01 13:01:29 Job was checkpointed.
	Usr 228 19:36:20, Sys 0 00:07:17  -  Run Remote Usage
		Usr 0 00:00:01, Sys 0 00:00:12  -  Run Local Usage
...
003 (5300.011.000) 12/01 16:01:32 Job was checkpointed.
	Usr 228 22:36:11, Sys 0 00:07:18  -  Run Remote Usage
		Usr 0 00:00:01, Sys 0 00:00:12  -  Run Local Usage
...
003 (5300.011.000) 12/01 19:01:33 Job was checkpointed.
	Usr 229 01:36:01, Sys 0 00:07:20  -  Run Remote Usage
		Usr 0 00:00:01, Sys 0 00:00:12  -  Run Local Usage
...
003 (5300.011.000) 12/01 22:01:35 Job was checkpointed.
	Usr 229 04:35:51, Sys 0 00:07:22  -  Run Remote Usage
		Usr 0 00:00:01, Sys 0 00:00:12  -  Run Local Usage
...
003 (5300.011.000) 12/02 01:01:39 Job was checkpointed.
	Usr 229 07:35:42, Sys 0 00:07:24  -  Run Remote Usage
		Usr 0 00:00:01, Sys 0 00:00:12  -  Run Local Usage
...
003 (5300.011.000) 12/02 04:01:42 Job was checkpointed.
	Usr 229 10:35:30, Sys 0 00:07:26  -  Run Remote Usage
		Usr 0 00:00:01, Sys 0 00:00:12  -  Run Local Usage
...
003 (5300.011.000) 12/02 07:01:41 Job was checkpointed.
	Usr 229 13:35:16, Sys 0 00:07:27  -  Run Remote Usage
		Usr 0 00:00:01, Sys 0 00:00:12  -  Run Local Usage
...
003 (5300.011.000) 12/02 10:01:44 Job was checkpointed.
	Usr 229 16:35:07, Sys 0 00:07:29  -  Run Remote Usage
		Usr 0 00:00:01, Sys 0 00:00:12  -  Run Local Usage
...
003 (5300.011.000) 12/02 13:01:45 Job was checkpointed.
	Usr 229 19:34:54, Sys 0 00:07:31  -  Run Remote Usage
		Usr 0 00:00:01, Sys 0 00:00:12  -  Run Local Usage
...
003 (5300.011.000) 12/02 16:01:48 Job was checkpointed.
	Usr 229 22:34:46, Sys 0 00:07:33  -  Run Remote Usage
		Usr 0 00:00:01, Sys 0 00:00:13  -  Run Local Usage
...
003 (5300.011.000) 12/02 19:01:51 Job was checkpointed.
	Usr 230 01:34:36, Sys 0 00:07:34  -  Run Remote Usage
		Usr 0 00:00:01, Sys 0 00:00:13  -  Run Local Usage
...
003 (5300.011.000) 12/02 22:01:52 Job was checkpointed.
	Usr 230 04:34:24, Sys 0 00:07:36  -  Run Remote Usage
		Usr 0 00:00:01, Sys 0 00:00:13  -  Run Local Usage
...
003 (5300.011.000) 12/03 01:01:54 Job was checkpointed.
	Usr 230 07:34:15, Sys 0 00:07:38  -  Run Remote Usage
		Usr 0 00:00:02, Sys 0 00:00:13  -  Run Local Usage
...
003 (5300.011.000) 12/03 04:01:56 Job was checkpointed.
	Usr 230 10:34:04, Sys 0 00:07:40  -  Run Remote Usage
		Usr 0 00:00:02, Sys 0 00:00:13  -  Run Local Usage
...
003 (5300.011.000) 12/03 07:01:57 Job was checkpointed.
	Usr 230 13:33:53, Sys 0 00:07:42  -  Run Remote Usage
		Usr 0 00:00:02, Sys 0 00:00:13  -  Run Local Usage
...
003 (5300.011.000) 12/03 10:02:01 Job was checkpointed.
	Usr 230 16:33:50, Sys 0 00:07:43  -  Run Remote Usage
		Usr 0 00:00:02, Sys 0 00:00:13  -  Run Local Usage
...
003 (5300.011.000) 12/03 13:02:03 Job was checkpointed.
	Usr 230 19:33:51, Sys 0 00:07:43  -  Run Remote Usage
		Usr 0 00:00:02, Sys 0 00:00:13  -  Run Local Usage
...
003 (5300.011.000) 12/03 16:02:06 Job was checkpointed.
	Usr 230 22:33:53, Sys 0 00:07:43  -  Run Remote Usage
		Usr 0 00:00:02, Sys 0 00:00:13  -  Run Local Usage
...
003 (5300.011.000) 12/03 19:02:08 Job was checkpointed.
	Usr 231 01:33:54, Sys 0 00:07:43  -  Run Remote Usage
		Usr 0 00:00:02, Sys 0 00:00:13  -  Run Local Usage
...
003 (5300.011.000) 12/03 22:02:10 Job was checkpointed.
	Usr 231 04:33:55, Sys 0 00:07:43  -  Run Remote Usage
		Usr 0 00:00:02, Sys 0 00:00:13  -  Run Local Usage
...
003 (5300.011.000) 12/04 01:02:11 Job was checkpointed.
	Usr 231 07:33:56, Sys 0 00:07:43  -  Run Remote Usage
		Usr 0 00:00:02, Sys 0 00:00:13  -  Run Local Usage
...
003 (5300.011.000) 12/04 04:02:11 Job was checkpointed.
	Usr 231 10:33:54, Sys 0 00:07:43  -  Run Remote Usage
		Usr 0 00:00:02, Sys 0 00:00:13  -  Run Local Usage
...
003 (5300.011.000) 12/04 07:02:12 Job was checkpointed.
	Usr 231 13:33:55, Sys 0 00:07:43  -  Run Remote Usage
		Usr 0 00:00:02, Sys 0 00:00:13  -  Run Local Usage
...
003 (5300.011.000) 12/04 10:02:13 Job was checkpointed.
	Usr 231 16:33:55, Sys 0 00:07:43  -  Run Remote Usage
		Usr 0 00:00:02, Sys 0 00:00:13  -  Run Local Usage
...
003 (5300.011.000) 12/04 13:02:15 Job was checkpointed.
	Usr 231 19:33:56, Sys 0 00:07:43  -  Run Remote Usage
		Usr 0 00:00:02, Sys 0 00:00:13  -  Run Local Usage
...
003 (5300.011.000) 12/04 16:02:15 Job was checkpointed.
	Usr 231 22:33:55, Sys 0 00:07:43  -  Run Remote Usage
		Usr 0 00:00:02, Sys 0 00:00:13  -  Run Local Usage
...
003 (5300.011.000) 12/04 19:02:14 Job was checkpointed.
	Usr 232 01:33:53, Sys 0 00:07:43  -  Run Remote Usage
		Usr 0 00:00:02, Sys 0 00:00:13  -  Run Local Usage
...
003 (5300.011.000) 12/04 22:02:16 Job was checkpointed.
	Usr 232 04:33:54, Sys 0 00:07:43  -  Run Remote Usage
		Usr 0 00:00:02, Sys 0 00:00:13  -  Run Local Usage
...
003 (5300.011.000) 12/05 01:02:17 Job was checkpointed.
	Usr 232 07:33:54, Sys 0 00:07:43  -  Run Remote Usage
		Usr 0 00:00:02, Sys 0 00:00:13  -  Run Local Usage
...
003 (5300.011.000) 12/05 04:02:17 Job was checkpointed.
	Usr 232 10:33:53, Sys 0 00:07:43  -  Run Remote Usage
		Usr 0 00:00:02, Sys 0 00:00:13  -  Run Local Usage
...
003 (5300.011.000) 12/05 07:02:20 Job was checkpointed.
	Usr 232 13:33:55, Sys 0 00:07:43  -  Run Remote Usage
		Usr 0 00:00:02, Sys 0 00:00:13  -  Run Local Usage
...
004 (5300.011.000) 12/05 07:16:17 Job was evicted.
	(1) Job was checkpointed.
		Usr 232 13:47:45, Sys 0 00:07:43  -  Run Remote Usage
		Usr 0 00:00:02, Sys 0 00:00:14  -  Run Local Usage
	1116328704  -  Run Bytes Sent By Job
	4604591  -  Run Bytes Received By Job
...
001 (5300.011.000) 12/05 07:21:22 Job executing on host: <192.168.203.10:40317>
...
006 (5300.011.000) 12/05 10:21:22 Image size of job updated: 13841
...
003 (5300.011.000) 12/05 10:21:22 Job was checkpointed.
	Usr 0 02:59:56, Sys 0 00:00:00  -  Run Remote Usage
		Usr 0 00:00:00, Sys 0 00:00:00  -  Run Local Usage
...
003 (5300.011.000) 12/05 13:21:24 Job was checkpointed.
	Usr 0 05:59:57, Sys 0 00:00:00  -  Run Remote Usage
		Usr 0 00:00:00, Sys 0 00:00:00  -  Run Local Usage
...
003 (5300.011.000) 12/05 16:21:25 Job was checkpointed.
	Usr 0 08:59:54, Sys 0 00:00:00  -  Run Remote Usage
		Usr 0 00:00:00, Sys 0 00:00:00  -  Run Local Usage
...
003 (5300.011.000) 12/05 19:21:26 Job was checkpointed.
	Usr 0 11:59:52, Sys 0 00:00:01  -  Run Remote Usage
		Usr 0 00:00:00, Sys 0 00:00:00  -  Run Local Usage
...
003 (5300.011.000) 12/05 22:21:25 Job was checkpointed.
	Usr 0 14:59:50, Sys 0 00:00:01  -  Run Remote Usage
		Usr 0 00:00:00, Sys 0 00:00:00  -  Run Local Usage
...
003 (5300.011.000) 12/06 01:21:27 Job was checkpointed.
	Usr 0 17:59:51, Sys 0 00:00:01  -  Run Remote Usage
		Usr 0 00:00:00, Sys 0 00:00:00  -  Run Local Usage
...
003 (5300.011.000) 12/06 04:21:31 Job was checkpointed.
	Usr 0 20:59:53, Sys 0 00:00:01  -  Run Remote Usage
		Usr 0 00:00:00, Sys 0 00:00:00  -  Run Local Usage
...
003 (5300.011.000) 12/06 07:21:31 Job was checkpointed.
	Usr 0 23:59:51, Sys 0 00:00:01  -  Run Remote Usage
		Usr 0 00:00:00, Sys 0 00:00:00  -  Run Local Usage
...
003 (5300.011.000) 12/06 10:21:31 Job was checkpointed.
	Usr 1 02:59:50, Sys 0 00:00:01  -  Run Remote Usage
		Usr 0 00:00:00, Sys 0 00:00:00  -  Run Local Usage
...
003 (5300.011.000) 12/06 13:21:33 Job was checkpointed.
	Usr 1 05:59:51, Sys 0 00:00:01  -  Run Remote Usage
		Usr 0 00:00:00, Sys 0 00:00:00  -  Run Local Usage
...
003 (5300.011.000) 12/06 16:21:34 Job was checkpointed.
	Usr 1 08:59:51, Sys 0 00:00:01  -  Run Remote Usage
		Usr 0 00:00:00, Sys 0 00:00:00  -  Run Local Usage
...
003 (5300.011.000) 12/06 19:21:36 Job was checkpointed.
	Usr 1 11:59:51, Sys 0 00:00:01  -  Run Remote Usage
		Usr 0 00:00:00, Sys 0 00:00:00  -  Run Local Usage
...
003 (5300.011.000) 12/06 22:21:38 Job was checkpointed.
	Usr 1 14:59:52, Sys 0 00:00:01  -  Run Remote Usage
		Usr 0 00:00:00, Sys 0 00:00:00  -  Run Local Usage
...
003 (5300.011.000) 12/07 01:21:39 Job was checkpointed.
	Usr 1 17:59:52, Sys 0 00:00:01  -  Run Remote Usage
		Usr 0 00:00:00, Sys 0 00:00:00  -  Run Local Usage
...
003 (5300.011.000) 12/07 04:21:40 Job was checkpointed.
	Usr 1 20:59:51, Sys 0 00:00:01  -  Run Remote Usage
		Usr 0 00:00:00, Sys 0 00:00:00  -  Run Local Usage
...
003 (5300.011.000) 12/07 07:21:44 Job was checkpointed.
	Usr 1 23:59:54, Sys 0 00:00:01  -  Run Remote Usage
		Usr 0 00:00:00, Sys 0 00:00:00  -  Run Local Usage
...
003 (5300.011.000) 12/07 10:21:45 Job was checkpointed.
	Usr 2 02:59:54, Sys 0 00:00:01  -  Run Remote Usage
		Usr 0 00:00:00, Sys 0 00:00:01  -  Run Local Usage
...
003 (5300.011.000) 12/07 13:21:45 Job was checkpointed.
	Usr 2 05:59:53, Sys 0 00:00:01  -  Run Remote Usage
		Usr 0 00:00:00, Sys 0 00:00:01  -  Run Local Usage
...
003 (5300.011.000) 12/07 16:21:46 Job was checkpointed.
	Usr 2 08:59:53, Sys 0 00:00:01  -  Run Remote Usage
		Usr 0 00:00:00, Sys 0 00:00:01  -  Run Local Usage
...
003 (5300.011.000) 12/07 19:21:49 Job was checkpointed.
	Usr 2 11:59:55, Sys 0 00:00:01  -  Run Remote Usage
		Usr 0 00:00:00, Sys 0 00:00:01  -  Run Local Usage
...
003 (5300.011.000) 12/07 22:21:50 Job was checkpointed.
	Usr 2 14:59:53, Sys 0 00:00:02  -  Run Remote Usage
		Usr 0 00:00:00, Sys 0 00:00:01  -  Run Local Usage
...
003 (5300.011.000) 12/08 01:21:54 Job was checkpointed.
	Usr 2 17:59:56, Sys 0 00:00:02  -  Run Remote Usage
		Usr 0 00:00:00, Sys 0 00:00:01  -  Run Local Usage
...
003 (5300.011.000) 12/08 04:21:54 Job was checkpointed.
	Usr 2 20:59:55, Sys 0 00:00:02  -  Run Remote Usage
		Usr 0 00:00:00, Sys 0 00:00:01  -  Run Local Usage
...
004 (5300.011.000) 12/08 04:27:24 Job was evicted.
	(1) Job was checkpointed.
		Usr 2 21:05:23, Sys 0 00:00:02  -  Run Remote Usage
		Usr 0 00:00:00, Sys 0 00:00:01  -  Run Local Usage
	94409208  -  Run Bytes Sent By Job
	8473537  -  Run Bytes Received By Job
...
001 (5300.011.000) 12/08 04:36:13 Job executing on host: <192.168.203.4:40203>
...
006 (5300.011.000) 12/08 06:46:58 Image size of job updated: 13841
...
004 (5300.011.000) 12/08 06:46:58 Job was evicted.
	(1) Job was checkpointed.
		Usr 0 02:10:43, Sys 0 00:00:00  -  Run Remote Usage
		Usr 0 00:00:00, Sys 0 00:00:00  -  Run Local Usage
	3934024  -  Run Bytes Sent By Job
	8467879  -  Run Bytes Received By Job
...
001 (5300.011.000) 12/08 12:52:16 Job executing on host: <192.168.203.25:50120>
...
006 (5300.011.000) 12/08 12:57:13 Image size of job updated: 13841
...
004 (5300.011.000) 12/08 12:57:14 Job was evicted.
	(1) Job was checkpointed.
		Usr 0 00:04:55, Sys 0 00:00:00  -  Run Remote Usage
		Usr 0 00:00:00, Sys 0 00:00:00  -  Run Local Usage
	3934024  -  Run Bytes Sent By Job
	8467879  -  Run Bytes Received By Job
...
001 (5300.011.000) 12/09 02:26:56 Job executing on host: <192.168.203.19:37352>
...
006 (5300.011.000) 12/09 05:26:55 Image size of job updated: 13841
...
003 (5300.011.000) 12/09 05:26:55 Job was checkpointed.
	Usr 0 02:59:48, Sys 0 00:00:00  -  Run Remote Usage
		Usr 0 00:00:00, Sys 0 00:00:00  -  Run Local Usage
...
003 (5300.011.000) 12/09 08:27:00 Job was checkpointed.
	Usr 0 05:59:43, Sys 0 00:00:00  -  Run Remote Usage
		Usr 0 00:00:00, Sys 0 00:00:00  -  Run Local Usage
...
003 (5300.011.000) 12/09 11:27:04 Job was checkpointed.
	Usr 0 08:59:37, Sys 0 00:00:00  -  Run Remote Usage
		Usr 0 00:00:00, Sys 0 00:00:00  -  Run Local Usage
...
003 (5300.011.000) 12/09 14:27:08 Job was checkpointed.
	Usr 0 11:59:31, Sys 0 00:00:00  -  Run Remote Usage
		Usr 0 00:00:00, Sys 0 00:00:00  -  Run Local Usage
...
003 (5300.011.000) 12/09 17:27:13 Job was checkpointed.
	Usr 0 14:59:26, Sys 0 00:00:00  -  Run Remote Usage
		Usr 0 00:00:00, Sys 0 00:00:00  -  Run Local Usage
...
003 (5300.011.000) 12/09 20:27:15 Job was checkpointed.
	Usr 0 17:59:18, Sys 0 00:00:00  -  Run Remote Usage
		Usr 0 00:00:00, Sys 0 00:00:00  -  Run Local Usage
...
003 (5300.011.000) 12/09 23:27:16 Job was checkpointed.
	Usr 0 20:59:09, Sys 0 00:00:00  -  Run Remote Usage
		Usr 0 00:00:00, Sys 0 00:00:00  -  Run Local Usage
...
003 (5300.011.000) 12/10 02:27:20 Job was checkpointed.
	Usr 0 23:58:56, Sys 0 00:00:01  -  Run Remote Usage
		Usr 0 00:00:00, Sys 0 00:00:00  -  Run Local Usage
...
004 (5300.011.000) 12/10 03:56:49 Job was evicted.
	(1) Job was checkpointed.
		Usr 1 01:28:13, Sys 0 00:00:01  -  Run Remote Usage
		Usr 0 00:00:00, Sys 0 00:00:00  -  Run Local Usage
	35403652  -  Run Bytes Sent By Job
	8469847  -  Run Bytes Received By Job
...
001 (5300.011.000) 12/10 07:21:15 Job executing on host: <192.168.203.9:43840>
...
006 (5300.011.000) 12/10 10:21:18 Image size of job updated: 13841
...
003 (5300.011.000) 12/10 10:21:18 Job was checkpointed.
	Usr 0 03:00:00, Sys 0 00:00:00  -  Run Remote Usage
		Usr 0 00:00:00, Sys 0 00:00:00  -  Run Local Usage
...
003 (5300.011.000) 12/10 13:21:22 Job was checkpointed.
	Usr 0 06:00:01, Sys 0 00:00:00  -  Run Remote Usage
		Usr 0 00:00:00, Sys 0 00:00:00  -  Run Local Usage
...
003 (5300.011.000) 12/10 16:21:24 Job was checkpointed.
	Usr 0 09:00:01, Sys 0 00:00:00  -  Run Remote Usage
		Usr 0 00:00:00, Sys 0 00:00:00  -  Run Local Usage
...
003 (5300.011.000) 12/10 19:21:26 Job was checkpointed.
	Usr 0 12:00:01, Sys 0 00:00:00  -  Run Remote Usage
		Usr 0 00:00:00, Sys 0 00:00:00  -  Run Local Usage
...
003 (5300.011.000) 12/10 22:21:31 Job was checkpointed.
	Usr 0 15:00:04, Sys 0 00:00:00  -  Run Remote Usage
		Usr 0 00:00:00, Sys 0 00:00:00  -  Run Local Usage
...
003 (5300.011.000) 12/11 01:21:35 Job was checkpointed.
	Usr 0 18:00:06, Sys 0 00:00:00  -  Run Remote Usage
		Usr 0 00:00:00, Sys 0 00:00:00  -  Run Local Usage
...
003 (5300.011.000) 12/11 04:21:36 Job was checkpointed.
	Usr 0 21:00:04, Sys 0 00:00:00  -  Run Remote Usage
		Usr 0 00:00:00, Sys 0 00:00:00  -  Run Local Usage
...
003 (5300.011.000) 12/11 07:21:38 Job was checkpointed.
	Usr 1 00:00:04, Sys 0 00:00:00  -  Run Remote Usage
		Usr 0 00:00:00, Sys 0 00:00:00  -  Run Local Usage
...
003 (5300.011.000) 12/11 10:21:39 Job was checkpointed.
	Usr 1 03:00:03, Sys 0 00:00:00  -  Run Remote Usage
		Usr 0 00:00:00, Sys 0 00:00:00  -  Run Local Usage
...
003 (5300.011.000) 12/11 13:21:40 Job was checkpointed.
	Usr 1 06:00:02, Sys 0 00:00:00  -  Run Remote Usage
		Usr 0 00:00:00, Sys 0 00:00:00  -  Run Local Usage
...
003 (5300.011.000) 12/11 16:21:43 Job was checkpointed.
	Usr 1 09:00:03, Sys 0 00:00:00  -  Run Remote Usage
		Usr 0 00:00:00, Sys 0 00:00:00  -  Run Local Usage
...
003 (5300.011.000) 12/11 19:21:48 Job was checkpointed.
	Usr 1 12:00:06, Sys 0 00:00:00  -  Run Remote Usage
		Usr 0 00:00:00, Sys 0 00:00:00  -  Run Local Usage
...
003 (5300.011.000) 12/11 22:21:51 Job was checkpointed.
	Usr 1 15:00:06, Sys 0 00:00:00  -  Run Remote Usage
		Usr 0 00:00:00, Sys 0 00:00:00  -  Run Local Usage
...
003 (5300.011.000) 12/12 01:21:52 Job was checkpointed.
	Usr 1 18:00:05, Sys 0 00:00:00  -  Run Remote Usage
		Usr 0 00:00:00, Sys 0 00:00:00  -  Run Local Usage
...
003 (5300.011.000) 12/12 04:21:53 Job was checkpointed.
	Usr 1 21:00:04, Sys 0 00:00:00  -  Run Remote Usage
		Usr 0 00:00:00, Sys 0 00:00:00  -  Run Local Usage
...
003 (5300.011.000) 12/12 07:21:58 Job was checkpointed.
	Usr 2 00:00:06, Sys 0 00:00:00  -  Run Remote Usage
		Usr 0 00:00:00, Sys 0 00:00:01  -  Run Local Usage
...
003 (5300.011.000) 12/12 10:22:00 Job was checkpointed.
	Usr 2 03:00:06, Sys 0 00:00:00  -  Run Remote Usage
		Usr 0 00:00:00, Sys 0 00:00:01  -  Run Local Usage
...
003 (5300.011.000) 12/12 13:22:04 Job was checkpointed.
	Usr 2 06:00:01, Sys 0 00:00:00  -  Run Remote Usage
		Usr 0 00:00:00, Sys 0 00:00:01  -  Run Local Usage
...
003 (5300.011.000) 12/12 16:22:07 Job was checkpointed.
	Usr 2 08:59:52, Sys 0 00:00:00  -  Run Remote Usage
		Usr 0 00:00:00, Sys 0 00:00:01  -  Run Local Usage
...
003 (5300.011.000) 12/12 19:22:12 Job was checkpointed.
	Usr 2 11:59:47, Sys 0 00:00:00  -  Run Remote Usage
		Usr 0 00:00:00, Sys 0 00:00:01  -  Run Local Usage
...
003 (5300.011.000) 12/12 22:22:14 Job was checkpointed.
	Usr 2 14:59:38, Sys 0 00:00:00  -  Run Remote Usage
		Usr 0 00:00:00, Sys 0 00:00:01  -  Run Local Usage
...
003 (5300.011.000) 12/13 01:22:15 Job was checkpointed.
	Usr 2 17:59:28, Sys 0 00:00:00  -  Run Remote Usage
		Usr 0 00:00:00, Sys 0 00:00:01  -  Run Local Usage
...
003 (5300.011.000) 12/13 04:22:18 Job was checkpointed.
	Usr 2 20:59:20, Sys 0 00:00:00  -  Run Remote Usage
		Usr 0 00:00:00, Sys 0 00:00:01  -  Run Local Usage
...
003 (5300.011.000) 12/13 07:22:19 Job was checkpointed.
	Usr 2 23:59:11, Sys 0 00:00:01  -  Run Remote Usage
		Usr 0 00:00:00, Sys 0 00:00:01  -  Run Local Usage
...
003 (5300.011.000) 12/13 10:22:23 Job was checkpointed.
	Usr 3 02:59:04, Sys 0 00:00:01  -  Run Remote Usage
		Usr 0 00:00:00, Sys 0 00:00:01  -  Run Local Usage
...
003 (5300.011.000) 12/13 13:22:25 Job was checkpointed.
	Usr 3 05:58:57, Sys 0 00:00:01  -  Run Remote Usage
		Usr 0 00:00:00, Sys 0 00:00:01  -  Run Local Usage
...
003 (5300.011.000) 12/13 16:22:29 Job was checkpointed.
	Usr 3 08:58:50, Sys 0 00:00:01  -  Run Remote Usage
		Usr 0 00:00:00, Sys 0 00:00:01  -  Run Local Usage
...
003 (5300.011.000) 12/13 19:22:32 Job was checkpointed.
	Usr 3 11:58:46, Sys 0 00:00:01  -  Run Remote Usage
		Usr 0 00:00:00, Sys 0 00:00:01  -  Run Local Usage
...
003 (5300.011.000) 12/13 22:22:34 Job was checkpointed.
	Usr 3 14:58:36, Sys 0 00:00:01  -  Run Remote Usage
		Usr 0 00:00:00, Sys 0 00:00:01  -  Run Local Usage
...
003 (5300.011.000) 12/14 01:22:34 Job was checkpointed.
	Usr 3 17:58:22, Sys 0 00:00:02  -  Run Remote Usage
		Usr 0 00:00:00, Sys 0 00:00:01  -  Run Local Usage
...
003 (5300.011.000) 12/14 04:22:37 Job was checkpointed.
	Usr 3 20:58:15, Sys 0 00:00:02  -  Run Remote Usage
		Usr 0 00:00:00, Sys 0 00:00:01  -  Run Local Usage
...
003 (5300.011.000) 12/14 07:22:38 Job was checkpointed.
	Usr 3 23:58:07, Sys 0 00:00:02  -  Run Remote Usage
		Usr 0 00:00:00, Sys 0 00:00:02  -  Run Local Usage
...
003 (5300.011.000) 12/14 10:22:43 Job was checkpointed.
	Usr 4 02:58:03, Sys 0 00:00:02  -  Run Remote Usage
		Usr 0 00:00:00, Sys 0 00:00:02  -  Run Local Usage
...
003 (5300.011.000) 12/14 13:22:48 Job was checkpointed.
	Usr 4 05:58:00, Sys 0 00:00:02  -  Run Remote Usage
		Usr 0 00:00:00, Sys 0 00:00:02  -  Run Local Usage
...
003 (5300.011.000) 12/14 16:22:49 Job was checkpointed.
	Usr 4 08:57:50, Sys 0 00:00:02  -  Run Remote Usage
		Usr 0 00:00:00, Sys 0 00:00:02  -  Run Local Usage
...
003 (5300.011.000) 12/14 19:22:50 Job was checkpointed.
	Usr 4 11:57:41, Sys 0 00:00:02  -  Run Remote Usage
		Usr 0 00:00:00, Sys 0 00:00:02  -  Run Local Usage
...
003 (5300.011.000) 12/14 22:22:53 Job was checkpointed.
	Usr 4 14:57:35, Sys 0 00:00:02  -  Run Remote Usage
		Usr 0 00:00:00, Sys 0 00:00:02  -  Run Local Usage
...
003 (5300.011.000) 12/15 01:22:54 Job was checkpointed.
	Usr 4 17:57:21, Sys 0 00:00:03  -  Run Remote Usage
		Usr 0 00:00:00, Sys 0 00:00:02  -  Run Local Usage
...
003 (5300.011.000) 12/15 04:22:57 Job was checkpointed.
	Usr 4 20:57:15, Sys 0 00:00:03  -  Run Remote Usage
		Usr 0 00:00:00, Sys 0 00:00:02  -  Run Local Usage
...
003 (5300.011.000) 12/15 07:22:58 Job was checkpointed.
	Usr 4 23:57:06, Sys 0 00:00:03  -  Run Remote Usage
		Usr 0 00:00:00, Sys 0 00:00:02  -  Run Local Usage
...
003 (5300.011.000) 12/15 10:23:01 Job was checkpointed.
	Usr 5 02:57:00, Sys 0 00:00:03  -  Run Remote Usage
		Usr 0 00:00:00, Sys 0 00:00:02  -  Run Local Usage
...
003 (5300.011.000) 12/15 13:23:04 Job was checkpointed.
	Usr 5 05:56:53, Sys 0 00:00:03  -  Run Remote Usage
		Usr 0 00:00:00, Sys 0 00:00:02  -  Run Local Usage
...
003 (5300.011.000) 12/15 16:23:09 Job was checkpointed.
	Usr 5 08:56:49, Sys 0 00:00:03  -  Run Remote Usage
		Usr 0 00:00:00, Sys 0 00:00:02  -  Run Local Usage
...
003 (5300.011.000) 12/15 19:23:09 Job was checkpointed.
	Usr 5 11:56:38, Sys 0 00:00:03  -  Run Remote Usage
		Usr 0 00:00:00, Sys 0 00:00:02  -  Run Local Usage
...
003 (5300.011.000) 12/15 22:23:14 Job was checkpointed.
	Usr 5 14:56:33, Sys 0 00:00:03  -  Run Remote Usage
		Usr 0 00:00:00, Sys 0 00:00:02  -  Run Local Usage
...
003 (5300.011.000) 12/16 01:23:15 Job was checkpointed.
	Usr 5 17:56:21, Sys 0 00:00:04  -  Run Remote Usage
		Usr 0 00:00:00, Sys 0 00:00:02  -  Run Local Usage
...
003 (5300.011.000) 12/16 04:23:19 Job was checkpointed.
	Usr 5 20:56:16, Sys 0 00:00:04  -  Run Remote Usage
		Usr 0 00:00:00, Sys 0 00:00:02  -  Run Local Usage
...
003 (5300.011.000) 12/16 07:23:22 Job was checkpointed.
	Usr 5 23:56:11, Sys 0 00:00:04  -  Run Remote Usage
		Usr 0 00:00:00, Sys 0 00:00:03  -  Run Local Usage
...
003 (5300.011.000) 12/16 10:23:23 Job was checkpointed.
	Usr 6 02:56:03, Sys 0 00:00:04  -  Run Remote Usage
		Usr 0 00:00:00, Sys 0 00:00:03  -  Run Local Usage
...
003 (5300.011.000) 12/16 13:23:26 Job was checkpointed.
	Usr 6 05:55:57, Sys 0 00:00:04  -  Run Remote Usage
		Usr 0 00:00:00, Sys 0 00:00:03  -  Run Local Usage
...
003 (5300.011.000) 12/16 16:23:31 Job was checkpointed.
	Usr 6 08:55:52, Sys 0 00:00:04  -  Run Remote Usage
		Usr 0 00:00:00, Sys 0 00:00:03  -  Run Local Usage
...
003 (5300.011.000) 12/16 19:23:36 Job was checkpointed.
	Usr 6 11:55:47, Sys 0 00:00:04  -  Run Remote Usage
		Usr 0 00:00:00, Sys 0 00:00:03  -  Run Local Usage
...
003 (5300.011.000) 12/16 22:23:40 Job was checkpointed.
	Usr 6 14:55:44, Sys 0 00:00:04  -  Run Remote Usage
		Usr 0 00:00:00, Sys 0 00:00:03  -  Run Local Usage
...
003 (5300.011.000) 12/17 01:23:44 Job was checkpointed.
	Usr 6 17:55:35, Sys 0 00:00:05  -  Run Remote Usage
		Usr 0 00:00:00, Sys 0 00:00:03  -  Run Local Usage
...
003 (5300.011.000) 12/17 04:23:49 Job was checkpointed.
	Usr 6 20:55:31, Sys 0 00:00:05  -  Run Remote Usage
		Usr 0 00:00:00, Sys 0 00:00:03  -  Run Local Usage
...
003 (5300.011.000) 12/17 07:23:51 Job was checkpointed.
	Usr 6 23:55:23, Sys 0 00:00:05  -  Run Remote Usage
		Usr 0 00:00:00, Sys 0 00:00:03  -  Run Local Usage
...
003 (5300.011.000) 12/17 10:23:54 Job was checkpointed.
	Usr 7 02:55:16, Sys 0 00:00:05  -  Run Remote Usage
		Usr 0 00:00:00, Sys 0 00:00:03  -  Run Local Usage
...
003 (5300.011.000) 12/17 13:23:59 Job was checkpointed.
	Usr 7 05:55:11, Sys 0 00:00:05  -  Run Remote Usage
		Usr 0 00:00:00, Sys 0 00:00:03  -  Run Local Usage
...
003 (5300.011.000) 12/17 16:24:03 Job was checkpointed.
	Usr 7 08:55:06, Sys 0 00:00:05  -  Run Remote Usage
		Usr 0 00:00:00, Sys 0 00:00:03  -  Run Local Usage
...
003 (5300.011.000) 12/17 19:24:04 Job was checkpointed.
	Usr 7 11:54:55, Sys 0 00:00:05  -  Run Remote Usage
		Usr 0 00:00:00, Sys 0 00:00:03  -  Run Local Usage
...
003 (5300.011.000) 12/17 22:24:06 Job was checkpointed.
	Usr 7 14:54:47, Sys 0 00:00:05  -  Run Remote Usage
		Usr 0 00:00:00, Sys 0 00:00:03  -  Run Local Usage
...
003 (5300.011.000) 12/18 01:24:07 Job was checkpointed.
	Usr 7 17:54:36, Sys 0 00:00:06  -  Run Remote Usage
		Usr 0 00:00:00, Sys 0 00:00:03  -  Run Local Usage
...
003 (5300.011.000) 12/18 04:24:09 Job was checkpointed.
	Usr 7 20:54:27, Sys 0 00:00:06  -  Run Remote Usage
		Usr 0 00:00:00, Sys 0 00:00:03  -  Run Local Usage
...
003 (5300.011.000) 12/18 07:24:10 Job was checkpointed.
	Usr 7 23:54:19, Sys 0 00:00:06  -  Run Remote Usage
		Usr 0 00:00:00, Sys 0 00:00:04  -  Run Local Usage
...
003 (5300.011.000) 12/18 10:24:11 Job was checkpointed.
	Usr 8 02:54:11, Sys 0 00:00:06  -  Run Remote Usage
		Usr 0 00:00:00, Sys 0 00:00:04  -  Run Local Usage
...
003 (5300.011.000) 12/18 13:24:11 Job was checkpointed.
	Usr 8 05:54:01, Sys 0 00:00:06  -  Run Remote Usage
		Usr 0 00:00:00, Sys 0 00:00:04  -  Run Local Usage
...
003 (5300.011.000) 12/18 16:24:14 Job was checkpointed.
	Usr 8 08:53:56, Sys 0 00:00:06  -  Run Remote Usage
		Usr 0 00:00:00, Sys 0 00:00:04  -  Run Local Usage
...
003 (5300.011.000) 12/18 19:24:16 Job was checkpointed.
	Usr 8 11:53:50, Sys 0 00:00:06  -  Run Remote Usage
		Usr 0 00:00:00, Sys 0 00:00:04  -  Run Local Usage
...
003 (5300.011.000) 12/18 22:24:21 Job was checkpointed.
	Usr 8 14:53:47, Sys 0 00:00:06  -  Run Remote Usage
		Usr 0 00:00:00, Sys 0 00:00:04  -  Run Local Usage
...
003 (5300.011.000) 12/19 01:24:23 Job was checkpointed.
	Usr 8 17:53:37, Sys 0 00:00:07  -  Run Remote Usage
		Usr 0 00:00:00, Sys 0 00:00:04  -  Run Local Usage
...
003 (5300.011.000) 12/19 04:24:29 Job was checkpointed.
	Usr 8 20:53:35, Sys 0 00:00:07  -  Run Remote Usage
		Usr 0 00:00:00, Sys 0 00:00:04  -  Run Local Usage
...
003 (5300.011.000) 12/19 07:24:32 Job was checkpointed.
	Usr 8 23:53:30, Sys 0 00:00:07  -  Run Remote Usage
		Usr 0 00:00:00, Sys 0 00:00:04  -  Run Local Usage
...
003 (5300.011.000) 12/19 10:24:34 Job was checkpointed.
	Usr 9 02:53:23, Sys 0 00:00:07  -  Run Remote Usage
		Usr 0 00:00:00, Sys 0 00:00:04  -  Run Local Usage
...
003 (5300.011.000) 12/19 13:24:38 Job was checkpointed.
	Usr 9 05:53:19, Sys 0 00:00:07  -  Run Remote Usage
		Usr 0 00:00:00, Sys 0 00:00:04  -  Run Local Usage
...
003 (5300.011.000) 12/19 16:24:39 Job was checkpointed.
	Usr 9 08:53:11, Sys 0 00:00:07  -  Run Remote Usage
		Usr 0 00:00:00, Sys 0 00:00:04  -  Run Local Usage
...
003 (5300.011.000) 12/19 19:24:44 Job was checkpointed.
	Usr 9 11:53:08, Sys 0 00:00:07  -  Run Remote Usage
		Usr 0 00:00:00, Sys 0 00:00:04  -  Run Local Usage
...
003 (5300.011.000) 12/19 22:24:44 Job was checkpointed.
	Usr 9 14:53:00, Sys 0 00:00:07  -  Run Remote Usage
		Usr 0 00:00:00, Sys 0 00:00:04  -  Run Local Usage
...
003 (5300.011.000) 12/20 01:24:47 Job was checkpointed.
	Usr 9 17:52:51, Sys 0 00:00:08  -  Run Remote Usage
		Usr 0 00:00:00, Sys 0 00:00:04  -  Run Local Usage
...
003 (5300.011.000) 12/20 04:24:49 Job was checkpointed.
	Usr 9 20:52:43, Sys 0 00:00:08  -  Run Remote Usage
		Usr 0 00:00:00, Sys 0 00:00:04  -  Run Local Usage
...
003 (5300.011.000) 12/20 07:24:50 Job was checkpointed.
	Usr 9 23:52:35, Sys 0 00:00:08  -  Run Remote Usage
		Usr 0 00:00:00, Sys 0 00:00:04  -  Run Local Usage
...
003 (5300.011.000) 12/20 10:24:54 Job was checkpointed.
	Usr 10 02:52:30, Sys 0 00:00:08  -  Run Remote Usage
		Usr 0 00:00:00, Sys 0 00:00:05  -  Run Local Usage
...
003 (5300.011.000) 12/20 13:24:56 Job was checkpointed.
	Usr 10 05:52:25, Sys 0 00:00:08  -  Run Remote Usage
		Usr 0 00:00:00, Sys 0 00:00:05  -  Run Local Usage
...
003 (5300.011.000) 12/20 16:25:00 Job was checkpointed.
	Usr 10 08:52:21, Sys 0 00:00:08  -  Run Remote Usage
		Usr 0 00:00:00, Sys 0 00:00:05  -  Run Local Usage
...
003 (5300.011.000) 12/20 19:25:05 Job was checkpointed.
	Usr 10 11:52:20, Sys 0 00:00:08  -  Run Remote Usage
		Usr 0 00:00:00, Sys 0 00:00:05  -  Run Local Usage
...
003 (5300.011.000) 12/20 22:25:06 Job was checkpointed.
	Usr 10 14:52:10, Sys 0 00:00:08  -  Run Remote Usage
		Usr 0 00:00:00, Sys 0 00:00:05  -  Run Local Usage
...
003 (5300.011.000) 12/21 01:25:08 Job was checkpointed.
	Usr 10 17:51:59, Sys 0 00:00:09  -  Run Remote Usage
		Usr 0 00:00:00, Sys 0 00:00:05  -  Run Local Usage
...
005 (5300.011.000) 12/21 02:56:24 Job terminated.
	(1) Normal termination (return value 0)
		Usr 10 19:23:11, Sys 0 00:00:09  -  Run Remote Usage
		Usr 0 00:00:00, Sys 0 00:00:05  -  Run Local Usage
		Usr 247 10:00:11, Sys 0 00:07:55  -  Total Remote Usage
		Usr 0 00:00:02, Sys 0 00:00:20  -  Total Local Usage
	338871200  -  Run Bytes Sent By Job
	8490031  -  Run Bytes Received By Job
	1592880896  -  Total Bytes Sent By Job
	46973768  -  Total Bytes Received By Job
...
