
    ************ HN3 AF Ising Wang Landau Running ************ 

      argc: 9
      condor_exec.5304.4 -k 7 -n 0 -f 90 -s 19871 

 L=128; Flatness=0.900000;

 CurrentEnergy Correct = 38 
 CurrentEnergy Correct = -80 
 CurrentEnergy Correct = 4 
 After Initial Steps 5.73e+06, StatesLength = 159, MinEnergy = -128
 Quick_Sort Done 
 After sort, CurrentEnergy Correct = 176 
 After sort, CurrentEnergy Correct = 176 
 After sort, CurrentEnergy Correct = 176 
 logf=5.0e-01; Sweeps=6.4e+04; [minH,meanH,maxH]=[5.0e+04, 5.1e+04, 5.1e+04]
 logf=2.5e-01; Sweeps=1.6e+05; [minH,meanH,maxH]=[7.3e+04, 7.3e+04, 7.4e+04]
 logf=1.2e-01; Sweeps=3.5e+05; [minH,meanH,maxH]=[1.5e+05, 1.6e+05, 1.6e+05]
 logf=6.2e-02; Sweeps=4.9e+05; [minH,meanH,maxH]=[1.1e+05, 1.2e+05, 1.3e+05]
 logf=3.1e-02; Sweeps=6.1e+05; [minH,meanH,maxH]=[9.3e+04, 9.5e+04, 9.7e+04]
 logf=1.6e-02; Sweeps=7.1e+05; [minH,meanH,maxH]=[7.6e+04, 7.7e+04, 8.5e+04]
 logf=7.8e-03; Sweeps=2.2e+06; [minH,meanH,maxH]=[1.2e+06, 1.2e+06, 1.3e+06]
 logf=3.9e-03; Sweeps=2.9e+06; [minH,meanH,maxH]=[6.0e+05, 6.0e+05, 6.7e+05]
 logf=2.0e-03; Sweeps=3.0e+06; [minH,meanH,maxH]=[3.6e+04, 3.8e+04, 4.0e+04]
 logf=9.8e-04; Sweeps=6.8e+06; [minH,meanH,maxH]=[3.1e+06, 3.1e+06, 3.4e+06]
 logf=4.9e-04; Sweeps=9.2e+06; [minH,meanH,maxH]=[1.9e+06, 1.9e+06, 2.1e+06]
 logf=2.4e-04; Sweeps=9.5e+06; [minH,meanH,maxH]=[2.6e+05, 2.6e+05, 2.9e+05]
 logf=1.2e-04; Sweeps=9.8e+06; [minH,meanH,maxH]=[2.3e+05, 2.3e+05, 2.6e+05]
 logf=6.1e-05; Sweeps=1.0e+07; [minH,meanH,maxH]=[2.6e+05, 2.7e+05, 3.0e+05]
 logf=3.1e-05; Sweeps=1.1e+07; [minH,meanH,maxH]=[3.6e+05, 3.8e+05, 4.2e+05]
 logf=1.5e-05; Sweeps=1.1e+07; [minH,meanH,maxH]=[4.4e+05, 4.6e+05, 5.1e+05]
 logf=7.6e-06; Sweeps=1.1e+07; [minH,meanH,maxH]=[1.9e+05, 2.0e+05, 2.2e+05]
 logf=3.8e-06; Sweeps=1.2e+07; [minH,meanH,maxH]=[1.7e+05, 1.9e+05, 2.0e+05]
 logf=1.9e-06; Sweeps=1.2e+07; [minH,meanH,maxH]=[1.3e+05, 1.4e+05, 1.5e+05]
 logf=9.5e-07; Sweeps=1.3e+07; [minH,meanH,maxH]=[7.9e+05, 8.7e+05, 9.6e+05]
 logf=4.8e-07; Sweeps=1.5e+07; [minH,meanH,maxH]=[1.2e+06, 1.3e+06, 1.4e+06]
 logf=2.4e-07; Sweeps=1.5e+07; [minH,meanH,maxH]=[2.2e+05, 2.3e+05, 2.6e+05]
 logf=1.2e-07; Sweeps=1.6e+07; [minH,meanH,maxH]=[5.4e+05, 6.0e+05, 6.6e+05]
 logf=6.0e-08; Sweeps=1.6e+07; [minH,meanH,maxH]=[3.2e+05, 3.5e+05, 3.8e+05]
 logf=3.0e-08; Sweeps=1.6e+07; [minH,meanH,maxH]=[3.6e+05, 3.7e+05, 4.2e+05]
 logf=1.5e-08; Sweeps=1.7e+07; [minH,meanH,maxH]=[5.2e+05, 5.8e+05, 6.4e+05]
 logf=7.5e-09; Sweeps=1.8e+07; [minH,meanH,maxH]=[5.3e+05, 5.9e+05, 6.0e+05]

 MinState: -128; 
 MaxState: 192; 
 States Length: 159; 
 Total MC steps: 1.7881e+07;     
 Total random steps: 2.2888e+09; 
 