000 (5251.010.000) 10/24 11:17:26 Job submitted from host: <170.140.162.75:51408>
...
001 (5251.010.000) 10/24 11:17:55 Job executing on host: <192.168.203.10:40317>
...
006 (5251.010.000) 10/24 14:17:55 Image size of job updated: 11925
...
003 (5251.010.000) 10/24 14:17:55 Job was checkpointed.
	Usr 0 02:59:47, Sys 0 00:00:01  -  Run Remote Usage
		Usr 0 00:00:00, Sys 0 00:00:00  -  Run Local Usage
...
003 (5251.010.000) 10/24 17:17:59 Job was checkpointed.
	Usr 0 05:59:41, Sys 0 00:00:02  -  Run Remote Usage
		Usr 0 00:00:00, Sys 0 00:00:00  -  Run Local Usage
...
003 (5251.010.000) 10/24 20:18:03 Job was checkpointed.
	Usr 0 08:59:36, Sys 0 00:00:04  -  Run Remote Usage
		Usr 0 00:00:00, Sys 0 00:00:00  -  Run Local Usage
...
003 (5251.010.000) 10/24 23:18:02 Job was checkpointed.
	Usr 0 11:59:26, Sys 0 00:00:05  -  Run Remote Usage
		Usr 0 00:00:00, Sys 0 00:00:00  -  Run Local Usage
...
003 (5251.010.000) 10/25 02:18:03 Job was checkpointed.
	Usr 0 14:59:11, Sys 0 00:00:06  -  Run Remote Usage
		Usr 0 00:00:00, Sys 0 00:00:00  -  Run Local Usage
...
003 (5251.010.000) 10/25 05:18:06 Job was checkpointed.
	Usr 0 17:59:03, Sys 0 00:00:08  -  Run Remote Usage
		Usr 0 00:00:00, Sys 0 00:00:00  -  Run Local Usage
...
003 (5251.010.000) 10/25 08:18:06 Job was checkpointed.
	Usr 0 20:58:51, Sys 0 00:00:09  -  Run Remote Usage
		Usr 0 00:00:00, Sys 0 00:00:00  -  Run Local Usage
...
003 (5251.010.000) 10/25 11:18:09 Job was checkpointed.
	Usr 0 23:58:41, Sys 0 00:00:11  -  Run Remote Usage
		Usr 0 00:00:00, Sys 0 00:00:00  -  Run Local Usage
...
004 (5251.010.000) 10/25 13:24:01 Job was evicted.
	(1) Job was checkpointed.
		Usr 1 02:04:19, Sys 0 00:00:12  -  Run Remote Usage
		Usr 0 00:00:00, Sys 0 00:00:00  -  Run Local Usage
	17745960  -  Run Bytes Sent By Job
	4535799  -  Run Bytes Received By Job
...
001 (5251.010.000) 10/25 13:29:11 Job executing on host: <192.168.203.7:42838>
...
006 (5251.010.000) 10/25 16:29:08 Image size of job updated: 11925
...
003 (5251.010.000) 10/25 16:29:08 Job was checkpointed.
	Usr 0 02:59:48, Sys 0 00:00:00  -  Run Remote Usage
		Usr 0 00:00:00, Sys 0 00:00:00  -  Run Local Usage
...
003 (5251.010.000) 10/25 19:29:10 Job was checkpointed.
	Usr 0 05:59:39, Sys 0 00:00:00  -  Run Remote Usage
		Usr 0 00:00:00, Sys 0 00:00:00  -  Run Local Usage
...
003 (5251.010.000) 10/25 22:29:08 Job was checkpointed.
	Usr 0 08:59:22, Sys 0 00:00:00  -  Run Remote Usage
		Usr 0 00:00:00, Sys 0 00:00:00  -  Run Local Usage
...
003 (5251.010.000) 10/26 01:29:05 Job was checkpointed.
	Usr 0 11:59:09, Sys 0 00:00:00  -  Run Remote Usage
		Usr 0 00:00:00, Sys 0 00:00:00  -  Run Local Usage
...
003 (5251.010.000) 10/26 04:29:03 Job was checkpointed.
	Usr 0 14:58:58, Sys 0 00:00:01  -  Run Remote Usage
		Usr 0 00:00:00, Sys 0 00:00:00  -  Run Local Usage
...
003 (5251.010.000) 10/26 07:29:01 Job was checkpointed.
	Usr 0 17:58:46, Sys 0 00:00:01  -  Run Remote Usage
		Usr 0 00:00:00, Sys 0 00:00:00  -  Run Local Usage
...
003 (5251.010.000) 10/26 10:29:01 Job was checkpointed.
	Usr 0 20:58:37, Sys 0 00:00:01  -  Run Remote Usage
		Usr 0 00:00:00, Sys 0 00:00:00  -  Run Local Usage
...
003 (5251.010.000) 10/26 13:29:00 Job was checkpointed.
	Usr 0 23:58:30, Sys 0 00:00:01  -  Run Remote Usage
		Usr 0 00:00:00, Sys 0 00:00:00  -  Run Local Usage
...
003 (5251.010.000) 10/26 16:28:58 Job was checkpointed.
	Usr 1 02:58:17, Sys 0 00:00:01  -  Run Remote Usage
		Usr 0 00:00:00, Sys 0 00:00:00  -  Run Local Usage
...
003 (5251.010.000) 10/26 19:28:56 Job was checkpointed.
	Usr 1 05:58:07, Sys 0 00:00:01  -  Run Remote Usage
		Usr 0 00:00:00, Sys 0 00:00:00  -  Run Local Usage
...
003 (5251.010.000) 10/26 22:28:53 Job was checkpointed.
	Usr 1 08:57:48, Sys 0 00:00:02  -  Run Remote Usage
		Usr 0 00:00:00, Sys 0 00:00:00  -  Run Local Usage
...
003 (5251.010.000) 10/27 01:28:53 Job was checkpointed.
	Usr 1 11:57:39, Sys 0 00:00:02  -  Run Remote Usage
		Usr 0 00:00:00, Sys 0 00:00:00  -  Run Local Usage
...
003 (5251.010.000) 10/27 04:28:49 Job was checkpointed.
	Usr 1 14:57:29, Sys 0 00:00:02  -  Run Remote Usage
		Usr 0 00:00:00, Sys 0 00:00:00  -  Run Local Usage
...
003 (5251.010.000) 10/27 07:28:49 Job was checkpointed.
	Usr 1 17:57:18, Sys 0 00:00:02  -  Run Remote Usage
		Usr 0 00:00:00, Sys 0 00:00:00  -  Run Local Usage
...
003 (5251.010.000) 10/27 10:28:47 Job was checkpointed.
	Usr 1 20:57:05, Sys 0 00:00:02  -  Run Remote Usage
		Usr 0 00:00:00, Sys 0 00:00:00  -  Run Local Usage
...
003 (5251.010.000) 10/27 13:28:45 Job was checkpointed.
	Usr 1 23:56:54, Sys 0 00:00:02  -  Run Remote Usage
		Usr 0 00:00:00, Sys 0 00:00:00  -  Run Local Usage
...
003 (5251.010.000) 10/27 16:28:42 Job was checkpointed.
	Usr 2 02:56:43, Sys 0 00:00:02  -  Run Remote Usage
		Usr 0 00:00:00, Sys 0 00:00:00  -  Run Local Usage
...
003 (5251.010.000) 10/27 19:28:41 Job was checkpointed.
	Usr 2 05:56:34, Sys 0 00:00:02  -  Run Remote Usage
		Usr 0 00:00:00, Sys 0 00:00:00  -  Run Local Usage
...
003 (5251.010.000) 10/27 22:28:40 Job was checkpointed.
	Usr 2 08:56:19, Sys 0 00:00:03  -  Run Remote Usage
		Usr 0 00:00:00, Sys 0 00:00:00  -  Run Local Usage
...
003 (5251.010.000) 10/28 01:28:39 Job was checkpointed.
	Usr 2 11:56:09, Sys 0 00:00:03  -  Run Remote Usage
		Usr 0 00:00:00, Sys 0 00:00:00  -  Run Local Usage
...
003 (5251.010.000) 10/28 04:28:38 Job was checkpointed.
	Usr 2 14:55:58, Sys 0 00:00:03  -  Run Remote Usage
		Usr 0 00:00:00, Sys 0 00:00:00  -  Run Local Usage
...
003 (5251.010.000) 10/28 07:28:34 Job was checkpointed.
	Usr 2 17:55:45, Sys 0 00:00:03  -  Run Remote Usage
		Usr 0 00:00:00, Sys 0 00:00:00  -  Run Local Usage
...
003 (5251.010.000) 10/28 10:28:33 Job was checkpointed.
	Usr 2 20:55:35, Sys 0 00:00:03  -  Run Remote Usage
		Usr 0 00:00:00, Sys 0 00:00:00  -  Run Local Usage
...
004 (5251.010.000) 10/28 11:34:33 Job was evicted.
	(1) Job was checkpointed.
		Usr 2 22:01:28, Sys 0 00:00:03  -  Run Remote Usage
		Usr 0 00:00:00, Sys 0 00:00:00  -  Run Local Usage
	47321592  -  Run Bytes Sent By Job
	6510502  -  Run Bytes Received By Job
...
001 (5251.010.000) 10/28 11:43:23 Job executing on host: <192.168.203.14:49867>
...
006 (5251.010.000) 10/28 14:43:22 Image size of job updated: 11925
...
003 (5251.010.000) 10/28 14:43:23 Job was checkpointed.
	Usr 0 02:59:50, Sys 0 00:00:00  -  Run Remote Usage
		Usr 0 00:00:00, Sys 0 00:00:00  -  Run Local Usage
...
003 (5251.010.000) 10/28 17:43:26 Job was checkpointed.
	Usr 0 05:59:43, Sys 0 00:00:00  -  Run Remote Usage
		Usr 0 00:00:00, Sys 0 00:00:00  -  Run Local Usage
...
003 (5251.010.000) 10/28 20:43:25 Job was checkpointed.
	Usr 0 08:59:33, Sys 0 00:00:00  -  Run Remote Usage
		Usr 0 00:00:00, Sys 0 00:00:00  -  Run Local Usage
...
003 (5251.010.000) 10/28 23:43:25 Job was checkpointed.
	Usr 0 11:59:17, Sys 0 00:00:01  -  Run Remote Usage
		Usr 0 00:00:00, Sys 0 00:00:00  -  Run Local Usage
...
003 (5251.010.000) 10/29 02:43:24 Job was checkpointed.
	Usr 0 14:59:07, Sys 0 00:00:01  -  Run Remote Usage
		Usr 0 00:00:00, Sys 0 00:00:00  -  Run Local Usage
...
003 (5251.010.000) 10/29 05:43:25 Job was checkpointed.
	Usr 0 17:58:58, Sys 0 00:00:01  -  Run Remote Usage
		Usr 0 00:00:00, Sys 0 00:00:00  -  Run Local Usage
...
003 (5251.010.000) 10/29 08:43:26 Job was checkpointed.
	Usr 0 20:58:50, Sys 0 00:00:01  -  Run Remote Usage
		Usr 0 00:00:00, Sys 0 00:00:00  -  Run Local Usage
...
003 (5251.010.000) 10/29 11:43:26 Job was checkpointed.
	Usr 0 23:58:41, Sys 0 00:00:01  -  Run Remote Usage
		Usr 0 00:00:00, Sys 0 00:00:00  -  Run Local Usage
...
004 (5251.010.000) 10/29 14:17:55 Job was evicted.
	(1) Job was checkpointed.
		Usr 1 02:32:58, Sys 0 00:00:02  -  Run Remote Usage
		Usr 0 00:00:00, Sys 0 00:00:00  -  Run Local Usage
	17745792  -  Run Bytes Sent By Job
	6506812  -  Run Bytes Received By Job
...
001 (5251.010.000) 10/29 14:23:04 Job executing on host: <192.168.203.4:40203>
...
006 (5251.010.000) 10/29 17:23:06 Image size of job updated: 11925
...
003 (5251.010.000) 10/29 17:23:07 Job was checkpointed.
	Usr 0 02:59:52, Sys 0 00:00:00  -  Run Remote Usage
		Usr 0 00:00:00, Sys 0 00:00:00  -  Run Local Usage
...
003 (5251.010.000) 10/29 20:23:09 Job was checkpointed.
	Usr 0 05:59:44, Sys 0 00:00:00  -  Run Remote Usage
		Usr 0 00:00:00, Sys 0 00:00:00  -  Run Local Usage
...
003 (5251.010.000) 10/29 23:23:11 Job was checkpointed.
	Usr 0 08:59:35, Sys 0 00:00:00  -  Run Remote Usage
		Usr 0 00:00:00, Sys 0 00:00:00  -  Run Local Usage
...
003 (5251.010.000) 10/30 02:23:15 Job was checkpointed.
	Usr 0 11:59:30, Sys 0 00:00:00  -  Run Remote Usage
		Usr 0 00:00:00, Sys 0 00:00:00  -  Run Local Usage
...
003 (5251.010.000) 10/30 05:23:20 Job was checkpointed.
	Usr 0 14:59:23, Sys 0 00:00:00  -  Run Remote Usage
		Usr 0 00:00:00, Sys 0 00:00:00  -  Run Local Usage
...
003 (5251.010.000) 10/30 08:23:20 Job was checkpointed.
	Usr 0 17:59:11, Sys 0 00:00:00  -  Run Remote Usage
		Usr 0 00:00:00, Sys 0 00:00:00  -  Run Local Usage
...
003 (5251.010.000) 10/30 11:23:21 Job was checkpointed.
	Usr 0 20:59:02, Sys 0 00:00:00  -  Run Remote Usage
		Usr 0 00:00:00, Sys 0 00:00:00  -  Run Local Usage
...
003 (5251.010.000) 10/30 14:23:25 Job was checkpointed.
	Usr 0 23:58:57, Sys 0 00:00:00  -  Run Remote Usage
		Usr 0 00:00:00, Sys 0 00:00:00  -  Run Local Usage
...
003 (5251.010.000) 10/30 17:23:27 Job was checkpointed.
	Usr 1 02:58:51, Sys 0 00:00:00  -  Run Remote Usage
		Usr 0 00:00:00, Sys 0 00:00:00  -  Run Local Usage
...
003 (5251.010.000) 10/30 20:23:32 Job was checkpointed.
	Usr 1 05:58:46, Sys 0 00:00:00  -  Run Remote Usage
		Usr 0 00:00:00, Sys 0 00:00:00  -  Run Local Usage
...
003 (5251.010.000) 10/30 23:23:34 Job was checkpointed.
	Usr 1 08:58:41, Sys 0 00:00:00  -  Run Remote Usage
		Usr 0 00:00:00, Sys 0 00:00:00  -  Run Local Usage
...
003 (5251.010.000) 10/31 02:23:37 Job was checkpointed.
	Usr 1 11:58:42, Sys 0 00:00:00  -  Run Remote Usage
		Usr 0 00:00:00, Sys 0 00:00:00  -  Run Local Usage
...
003 (5251.010.000) 10/31 05:23:40 Job was checkpointed.
	Usr 1 14:58:41, Sys 0 00:00:00  -  Run Remote Usage
		Usr 0 00:00:00, Sys 0 00:00:00  -  Run Local Usage
...
003 (5251.010.000) 10/31 08:23:44 Job was checkpointed.
	Usr 1 17:58:38, Sys 0 00:00:01  -  Run Remote Usage
		Usr 0 00:00:00, Sys 0 00:00:00  -  Run Local Usage
...
003 (5251.010.000) 10/31 11:23:44 Job was checkpointed.
	Usr 1 20:58:27, Sys 0 00:00:01  -  Run Remote Usage
		Usr 0 00:00:00, Sys 0 00:00:00  -  Run Local Usage
...
003 (5251.010.000) 10/31 14:23:48 Job was checkpointed.
	Usr 1 23:58:24, Sys 0 00:00:01  -  Run Remote Usage
		Usr 0 00:00:00, Sys 0 00:00:00  -  Run Local Usage
...
003 (5251.010.000) 10/31 17:23:52 Job was checkpointed.
	Usr 2 02:58:19, Sys 0 00:00:01  -  Run Remote Usage
		Usr 0 00:00:00, Sys 0 00:00:00  -  Run Local Usage
...
003 (5251.010.000) 10/31 20:23:54 Job was checkpointed.
	Usr 2 05:58:12, Sys 0 00:00:01  -  Run Remote Usage
		Usr 0 00:00:00, Sys 0 00:00:00  -  Run Local Usage
...
003 (5251.010.000) 10/31 23:23:59 Job was checkpointed.
	Usr 2 08:58:06, Sys 0 00:00:01  -  Run Remote Usage
		Usr 0 00:00:00, Sys 0 00:00:00  -  Run Local Usage
...
003 (5251.010.000) 11/01 02:24:03 Job was checkpointed.
	Usr 2 11:57:58, Sys 0 00:00:01  -  Run Remote Usage
		Usr 0 00:00:00, Sys 0 00:00:00  -  Run Local Usage
...
003 (5251.010.000) 11/01 05:24:04 Job was checkpointed.
	Usr 2 14:57:46, Sys 0 00:00:01  -  Run Remote Usage
		Usr 0 00:00:00, Sys 0 00:00:00  -  Run Local Usage
...
003 (5251.010.000) 11/01 08:24:07 Job was checkpointed.
	Usr 2 17:57:43, Sys 0 00:00:01  -  Run Remote Usage
		Usr 0 00:00:00, Sys 0 00:00:00  -  Run Local Usage
...
003 (5251.010.000) 11/01 11:24:08 Job was checkpointed.
	Usr 2 20:57:34, Sys 0 00:00:01  -  Run Remote Usage
		Usr 0 00:00:00, Sys 0 00:00:00  -  Run Local Usage
...
003 (5251.010.000) 11/01 14:24:11 Job was checkpointed.
	Usr 2 23:57:29, Sys 0 00:00:01  -  Run Remote Usage
		Usr 0 00:00:00, Sys 0 00:00:00  -  Run Local Usage
...
003 (5251.010.000) 11/01 17:24:12 Job was checkpointed.
	Usr 3 02:57:19, Sys 0 00:00:01  -  Run Remote Usage
		Usr 0 00:00:00, Sys 0 00:00:00  -  Run Local Usage
...
003 (5251.010.000) 11/01 20:24:16 Job was checkpointed.
	Usr 3 05:57:13, Sys 0 00:00:02  -  Run Remote Usage
		Usr 0 00:00:00, Sys 0 00:00:00  -  Run Local Usage
...
003 (5251.010.000) 11/01 23:24:16 Job was checkpointed.
	Usr 3 08:57:04, Sys 0 00:00:02  -  Run Remote Usage
		Usr 0 00:00:00, Sys 0 00:00:00  -  Run Local Usage
...
003 (5251.010.000) 11/02 01:24:19 Job was checkpointed.
	Usr 3 11:57:00, Sys 0 00:00:02  -  Run Remote Usage
		Usr 0 00:00:00, Sys 0 00:00:01  -  Run Local Usage
...
003 (5251.010.000) 11/02 04:24:20 Job was checkpointed.
	Usr 3 14:56:44, Sys 0 00:00:02  -  Run Remote Usage
		Usr 0 00:00:00, Sys 0 00:00:01  -  Run Local Usage
...
003 (5251.010.000) 11/02 07:24:20 Job was checkpointed.
	Usr 3 17:56:36, Sys 0 00:00:02  -  Run Remote Usage
		Usr 0 00:00:00, Sys 0 00:00:01  -  Run Local Usage
...
003 (5251.010.000) 11/02 10:24:23 Job was checkpointed.
	Usr 3 20:56:27, Sys 0 00:00:02  -  Run Remote Usage
		Usr 0 00:00:00, Sys 0 00:00:01  -  Run Local Usage
...
003 (5251.010.000) 11/02 13:24:26 Job was checkpointed.
	Usr 3 23:56:23, Sys 0 00:00:02  -  Run Remote Usage
		Usr 0 00:00:00, Sys 0 00:00:01  -  Run Local Usage
...
003 (5251.010.000) 11/02 16:24:26 Job was checkpointed.
	Usr 4 02:56:12, Sys 0 00:00:02  -  Run Remote Usage
		Usr 0 00:00:00, Sys 0 00:00:01  -  Run Local Usage
...
003 (5251.010.000) 11/02 19:24:28 Job was checkpointed.
	Usr 4 05:56:02, Sys 0 00:00:03  -  Run Remote Usage
		Usr 0 00:00:00, Sys 0 00:00:01  -  Run Local Usage
...
003 (5251.010.000) 11/02 22:24:29 Job was checkpointed.
	Usr 4 08:55:54, Sys 0 00:00:03  -  Run Remote Usage
		Usr 0 00:00:00, Sys 0 00:00:01  -  Run Local Usage
...
003 (5251.010.000) 11/03 01:24:33 Job was checkpointed.
	Usr 4 11:55:47, Sys 0 00:00:03  -  Run Remote Usage
		Usr 0 00:00:00, Sys 0 00:00:01  -  Run Local Usage
...
003 (5251.010.000) 11/03 04:24:35 Job was checkpointed.
	Usr 4 14:55:37, Sys 0 00:00:03  -  Run Remote Usage
		Usr 0 00:00:00, Sys 0 00:00:01  -  Run Local Usage
...
003 (5251.010.000) 11/03 07:24:39 Job was checkpointed.
	Usr 4 17:55:30, Sys 0 00:00:03  -  Run Remote Usage
		Usr 0 00:00:00, Sys 0 00:00:01  -  Run Local Usage
...
003 (5251.010.000) 11/03 10:24:40 Job was checkpointed.
	Usr 4 20:55:21, Sys 0 00:00:03  -  Run Remote Usage
		Usr 0 00:00:00, Sys 0 00:00:01  -  Run Local Usage
...
003 (5251.010.000) 11/03 13:24:41 Job was checkpointed.
	Usr 4 23:55:11, Sys 0 00:00:03  -  Run Remote Usage
		Usr 0 00:00:00, Sys 0 00:00:01  -  Run Local Usage
...
003 (5251.010.000) 11/03 16:24:44 Job was checkpointed.
	Usr 5 02:55:03, Sys 0 00:00:03  -  Run Remote Usage
		Usr 0 00:00:00, Sys 0 00:00:01  -  Run Local Usage
...
003 (5251.010.000) 11/03 19:24:44 Job was checkpointed.
	Usr 5 05:54:52, Sys 0 00:00:04  -  Run Remote Usage
		Usr 0 00:00:00, Sys 0 00:00:01  -  Run Local Usage
...
003 (5251.010.000) 11/03 22:24:44 Job was checkpointed.
	Usr 5 08:54:42, Sys 0 00:00:04  -  Run Remote Usage
		Usr 0 00:00:00, Sys 0 00:00:01  -  Run Local Usage
...
003 (5251.010.000) 11/04 01:24:46 Job was checkpointed.
	Usr 5 11:54:34, Sys 0 00:00:04  -  Run Remote Usage
		Usr 0 00:00:00, Sys 0 00:00:01  -  Run Local Usage
...
006 (5251.010.000) 11/04 04:24:48 Image size of job updated: 11929
...
003 (5251.010.000) 11/04 04:24:48 Job was checkpointed.
	Usr 5 14:54:25, Sys 0 00:00:04  -  Run Remote Usage
		Usr 0 00:00:00, Sys 0 00:00:01  -  Run Local Usage
...
003 (5251.010.000) 11/04 07:24:50 Job was checkpointed.
	Usr 5 17:54:18, Sys 0 00:00:04  -  Run Remote Usage
		Usr 0 00:00:00, Sys 0 00:00:01  -  Run Local Usage
...
003 (5251.010.000) 11/04 10:24:53 Job was checkpointed.
	Usr 5 20:54:15, Sys 0 00:00:04  -  Run Remote Usage
		Usr 0 00:00:00, Sys 0 00:00:01  -  Run Local Usage
...
003 (5251.010.000) 11/04 13:24:53 Job was checkpointed.
	Usr 5 23:54:06, Sys 0 00:00:05  -  Run Remote Usage
		Usr 0 00:00:00, Sys 0 00:00:01  -  Run Local Usage
...
003 (5251.010.000) 11/04 16:24:53 Job was checkpointed.
	Usr 6 02:53:59, Sys 0 00:00:05  -  Run Remote Usage
		Usr 0 00:00:00, Sys 0 00:00:01  -  Run Local Usage
...
003 (5251.010.000) 11/04 19:24:55 Job was checkpointed.
	Usr 6 05:53:51, Sys 0 00:00:05  -  Run Remote Usage
		Usr 0 00:00:00, Sys 0 00:00:01  -  Run Local Usage
...
003 (5251.010.000) 11/04 22:24:55 Job was checkpointed.
	Usr 6 08:53:41, Sys 0 00:00:05  -  Run Remote Usage
		Usr 0 00:00:00, Sys 0 00:00:01  -  Run Local Usage
...
003 (5251.010.000) 11/05 01:24:56 Job was checkpointed.
	Usr 6 11:53:35, Sys 0 00:00:05  -  Run Remote Usage
		Usr 0 00:00:00, Sys 0 00:00:01  -  Run Local Usage
...
003 (5251.010.000) 11/05 04:25:02 Job was checkpointed.
	Usr 6 14:53:26, Sys 0 00:00:05  -  Run Remote Usage
		Usr 0 00:00:00, Sys 0 00:00:01  -  Run Local Usage
...
003 (5251.010.000) 11/05 07:25:05 Job was checkpointed.
	Usr 6 17:53:21, Sys 0 00:00:05  -  Run Remote Usage
		Usr 0 00:00:00, Sys 0 00:00:01  -  Run Local Usage
...
003 (5251.010.000) 11/05 10:25:10 Job was checkpointed.
	Usr 6 20:53:18, Sys 0 00:00:05  -  Run Remote Usage
		Usr 0 00:00:00, Sys 0 00:00:02  -  Run Local Usage
...
003 (5251.010.000) 11/05 13:25:10 Job was checkpointed.
	Usr 6 23:53:07, Sys 0 00:00:05  -  Run Remote Usage
		Usr 0 00:00:00, Sys 0 00:00:02  -  Run Local Usage
...
003 (5251.010.000) 11/05 16:25:15 Job was checkpointed.
	Usr 7 02:53:05, Sys 0 00:00:05  -  Run Remote Usage
		Usr 0 00:00:00, Sys 0 00:00:02  -  Run Local Usage
...
003 (5251.010.000) 11/05 19:25:16 Job was checkpointed.
	Usr 7 05:52:58, Sys 0 00:00:06  -  Run Remote Usage
		Usr 0 00:00:00, Sys 0 00:00:02  -  Run Local Usage
...
003 (5251.010.000) 11/05 22:25:20 Job was checkpointed.
	Usr 7 08:52:53, Sys 0 00:00:06  -  Run Remote Usage
		Usr 0 00:00:00, Sys 0 00:00:02  -  Run Local Usage
...
003 (5251.010.000) 11/06 01:25:21 Job was checkpointed.
	Usr 7 11:52:43, Sys 0 00:00:06  -  Run Remote Usage
		Usr 0 00:00:00, Sys 0 00:00:02  -  Run Local Usage
...
003 (5251.010.000) 11/06 04:25:25 Job was checkpointed.
	Usr 7 14:52:35, Sys 0 00:00:06  -  Run Remote Usage
		Usr 0 00:00:00, Sys 0 00:00:02  -  Run Local Usage
...
003 (5251.010.000) 11/06 07:25:26 Job was checkpointed.
	Usr 7 17:52:27, Sys 0 00:00:06  -  Run Remote Usage
		Usr 0 00:00:00, Sys 0 00:00:02  -  Run Local Usage
...
003 (5251.010.000) 11/06 10:25:26 Job was checkpointed.
	Usr 7 20:52:16, Sys 0 00:00:06  -  Run Remote Usage
		Usr 0 00:00:00, Sys 0 00:00:02  -  Run Local Usage
...
003 (5251.010.000) 11/06 13:25:28 Job was checkpointed.
	Usr 7 23:52:09, Sys 0 00:00:06  -  Run Remote Usage
		Usr 0 00:00:00, Sys 0 00:00:02  -  Run Local Usage
...
003 (5251.010.000) 11/06 16:25:28 Job was checkpointed.
	Usr 8 02:51:59, Sys 0 00:00:06  -  Run Remote Usage
		Usr 0 00:00:00, Sys 0 00:00:02  -  Run Local Usage
...
003 (5251.010.000) 11/06 19:25:29 Job was checkpointed.
	Usr 8 05:51:51, Sys 0 00:00:06  -  Run Remote Usage
		Usr 0 00:00:00, Sys 0 00:00:02  -  Run Local Usage
...
003 (5251.010.000) 11/06 22:25:32 Job was checkpointed.
	Usr 8 08:51:44, Sys 0 00:00:06  -  Run Remote Usage
		Usr 0 00:00:00, Sys 0 00:00:02  -  Run Local Usage
...
003 (5251.010.000) 11/07 01:25:35 Job was checkpointed.
	Usr 8 11:51:37, Sys 0 00:00:06  -  Run Remote Usage
		Usr 0 00:00:00, Sys 0 00:00:02  -  Run Local Usage
...
003 (5251.010.000) 11/07 04:25:37 Job was checkpointed.
	Usr 8 14:51:29, Sys 0 00:00:07  -  Run Remote Usage
		Usr 0 00:00:00, Sys 0 00:00:02  -  Run Local Usage
...
003 (5251.010.000) 11/07 07:25:39 Job was checkpointed.
	Usr 8 17:51:22, Sys 0 00:00:07  -  Run Remote Usage
		Usr 0 00:00:00, Sys 0 00:00:02  -  Run Local Usage
...
003 (5251.010.000) 11/07 10:25:42 Job was checkpointed.
	Usr 8 20:51:16, Sys 0 00:00:07  -  Run Remote Usage
		Usr 0 00:00:00, Sys 0 00:00:02  -  Run Local Usage
...
003 (5251.010.000) 11/07 13:25:46 Job was checkpointed.
	Usr 8 23:51:11, Sys 0 00:00:07  -  Run Remote Usage
		Usr 0 00:00:00, Sys 0 00:00:02  -  Run Local Usage
...
003 (5251.010.000) 11/07 16:25:48 Job was checkpointed.
	Usr 9 02:51:05, Sys 0 00:00:07  -  Run Remote Usage
		Usr 0 00:00:00, Sys 0 00:00:02  -  Run Local Usage
...
003 (5251.010.000) 11/07 19:25:49 Job was checkpointed.
	Usr 9 05:50:56, Sys 0 00:00:07  -  Run Remote Usage
		Usr 0 00:00:00, Sys 0 00:00:02  -  Run Local Usage
...
003 (5251.010.000) 11/07 22:25:50 Job was checkpointed.
	Usr 9 08:50:49, Sys 0 00:00:07  -  Run Remote Usage
		Usr 0 00:00:00, Sys 0 00:00:02  -  Run Local Usage
...
003 (5251.010.000) 11/08 01:25:51 Job was checkpointed.
	Usr 9 11:50:42, Sys 0 00:00:07  -  Run Remote Usage
		Usr 0 00:00:00, Sys 0 00:00:02  -  Run Local Usage
...
003 (5251.010.000) 11/08 04:25:56 Job was checkpointed.
	Usr 9 14:50:34, Sys 0 00:00:08  -  Run Remote Usage
		Usr 0 00:00:00, Sys 0 00:00:02  -  Run Local Usage
...
003 (5251.010.000) 11/08 07:25:58 Job was checkpointed.
	Usr 9 17:50:27, Sys 0 00:00:08  -  Run Remote Usage
		Usr 0 00:00:00, Sys 0 00:00:02  -  Run Local Usage
...
003 (5251.010.000) 11/08 10:26:02 Job was checkpointed.
	Usr 9 20:50:21, Sys 0 00:00:08  -  Run Remote Usage
		Usr 0 00:00:00, Sys 0 00:00:02  -  Run Local Usage
...
003 (5251.010.000) 11/08 13:26:03 Job was checkpointed.
	Usr 9 23:50:12, Sys 0 00:00:08  -  Run Remote Usage
		Usr 0 00:00:00, Sys 0 00:00:02  -  Run Local Usage
...
003 (5251.010.000) 11/08 16:26:06 Job was checkpointed.
	Usr 10 02:50:06, Sys 0 00:00:08  -  Run Remote Usage
		Usr 0 00:00:00, Sys 0 00:00:02  -  Run Local Usage
...
003 (5251.010.000) 11/08 19:26:07 Job was checkpointed.
	Usr 10 05:49:59, Sys 0 00:00:08  -  Run Remote Usage
		Usr 0 00:00:00, Sys 0 00:00:03  -  Run Local Usage
...
003 (5251.010.000) 11/08 22:26:11 Job was checkpointed.
	Usr 10 08:49:54, Sys 0 00:00:08  -  Run Remote Usage
		Usr 0 00:00:00, Sys 0 00:00:03  -  Run Local Usage
...
003 (5251.010.000) 11/09 01:26:11 Job was checkpointed.
	Usr 10 11:49:44, Sys 0 00:00:08  -  Run Remote Usage
		Usr 0 00:00:00, Sys 0 00:00:03  -  Run Local Usage
...
003 (5251.010.000) 11/09 04:26:11 Job was checkpointed.
	Usr 10 14:49:29, Sys 0 00:00:09  -  Run Remote Usage
		Usr 0 00:00:00, Sys 0 00:00:03  -  Run Local Usage
...
003 (5251.010.000) 11/09 07:26:14 Job was checkpointed.
	Usr 10 17:49:25, Sys 0 00:00:09  -  Run Remote Usage
		Usr 0 00:00:00, Sys 0 00:00:03  -  Run Local Usage
...
003 (5251.010.000) 11/09 10:26:16 Job was checkpointed.
	Usr 10 20:49:18, Sys 0 00:00:09  -  Run Remote Usage
		Usr 0 00:00:00, Sys 0 00:00:03  -  Run Local Usage
...
003 (5251.010.000) 11/09 13:26:17 Job was checkpointed.
	Usr 10 23:49:10, Sys 0 00:00:09  -  Run Remote Usage
		Usr 0 00:00:00, Sys 0 00:00:03  -  Run Local Usage
...
003 (5251.010.000) 11/09 16:26:19 Job was checkpointed.
	Usr 11 02:49:04, Sys 0 00:00:09  -  Run Remote Usage
		Usr 0 00:00:00, Sys 0 00:00:03  -  Run Local Usage
...
003 (5251.010.000) 11/09 19:26:19 Job was checkpointed.
	Usr 11 05:48:55, Sys 0 00:00:09  -  Run Remote Usage
		Usr 0 00:00:00, Sys 0 00:00:03  -  Run Local Usage
...
003 (5251.010.000) 11/09 22:26:22 Job was checkpointed.
	Usr 11 08:48:49, Sys 0 00:00:09  -  Run Remote Usage
		Usr 0 00:00:00, Sys 0 00:00:03  -  Run Local Usage
...
003 (5251.010.000) 11/10 01:26:26 Job was checkpointed.
	Usr 11 11:48:43, Sys 0 00:00:09  -  Run Remote Usage
		Usr 0 00:00:00, Sys 0 00:00:03  -  Run Local Usage
...
003 (5251.010.000) 11/10 04:26:27 Job was checkpointed.
	Usr 11 14:48:31, Sys 0 00:00:09  -  Run Remote Usage
		Usr 0 00:00:00, Sys 0 00:00:03  -  Run Local Usage
...
003 (5251.010.000) 11/10 07:26:29 Job was checkpointed.
	Usr 11 17:48:23, Sys 0 00:00:10  -  Run Remote Usage
		Usr 0 00:00:00, Sys 0 00:00:03  -  Run Local Usage
...
003 (5251.010.000) 11/10 10:26:32 Job was checkpointed.
	Usr 11 20:48:18, Sys 0 00:00:10  -  Run Remote Usage
		Usr 0 00:00:00, Sys 0 00:00:03  -  Run Local Usage
...
003 (5251.010.000) 11/10 13:26:33 Job was checkpointed.
	Usr 11 23:48:08, Sys 0 00:00:10  -  Run Remote Usage
		Usr 0 00:00:00, Sys 0 00:00:03  -  Run Local Usage
...
003 (5251.010.000) 11/10 16:26:37 Job was checkpointed.
	Usr 12 02:48:03, Sys 0 00:00:10  -  Run Remote Usage
		Usr 0 00:00:00, Sys 0 00:00:03  -  Run Local Usage
...
003 (5251.010.000) 11/10 19:26:37 Job was checkpointed.
	Usr 12 05:47:53, Sys 0 00:00:10  -  Run Remote Usage
		Usr 0 00:00:00, Sys 0 00:00:03  -  Run Local Usage
...
003 (5251.010.000) 11/10 22:26:42 Job was checkpointed.
	Usr 12 08:47:46, Sys 0 00:00:10  -  Run Remote Usage
		Usr 0 00:00:00, Sys 0 00:00:03  -  Run Local Usage
...
003 (5251.010.000) 11/11 01:26:46 Job was checkpointed.
	Usr 12 11:47:42, Sys 0 00:00:10  -  Run Remote Usage
		Usr 0 00:00:00, Sys 0 00:00:03  -  Run Local Usage
...
003 (5251.010.000) 11/11 04:26:49 Job was checkpointed.
	Usr 12 14:47:33, Sys 0 00:00:10  -  Run Remote Usage
		Usr 0 00:00:00, Sys 0 00:00:03  -  Run Local Usage
...
003 (5251.010.000) 11/11 07:26:52 Job was checkpointed.
	Usr 12 17:47:28, Sys 0 00:00:10  -  Run Remote Usage
		Usr 0 00:00:00, Sys 0 00:00:03  -  Run Local Usage
...
003 (5251.010.000) 11/11 10:26:54 Job was checkpointed.
	Usr 12 20:47:20, Sys 0 00:00:11  -  Run Remote Usage
		Usr 0 00:00:00, Sys 0 00:00:03  -  Run Local Usage
...
003 (5251.010.000) 11/11 13:26:58 Job was checkpointed.
	Usr 12 23:47:15, Sys 0 00:00:11  -  Run Remote Usage
		Usr 0 00:00:00, Sys 0 00:00:03  -  Run Local Usage
...
003 (5251.010.000) 11/11 16:27:02 Job was checkpointed.
	Usr 13 02:47:07, Sys 0 00:00:11  -  Run Remote Usage
		Usr 0 00:00:00, Sys 0 00:00:03  -  Run Local Usage
...
003 (5251.010.000) 11/11 19:27:06 Job was checkpointed.
	Usr 13 05:47:01, Sys 0 00:00:11  -  Run Remote Usage
		Usr 0 00:00:00, Sys 0 00:00:03  -  Run Local Usage
...
003 (5251.010.000) 11/11 22:27:10 Job was checkpointed.
	Usr 13 08:46:56, Sys 0 00:00:11  -  Run Remote Usage
		Usr 0 00:00:00, Sys 0 00:00:03  -  Run Local Usage
...
003 (5251.010.000) 11/12 01:27:11 Job was checkpointed.
	Usr 13 11:46:48, Sys 0 00:00:11  -  Run Remote Usage
		Usr 0 00:00:00, Sys 0 00:00:03  -  Run Local Usage
...
003 (5251.010.000) 11/12 04:27:15 Job was checkpointed.
	Usr 13 14:46:39, Sys 0 00:00:11  -  Run Remote Usage
		Usr 0 00:00:00, Sys 0 00:00:03  -  Run Local Usage
...
003 (5251.010.000) 11/12 07:27:16 Job was checkpointed.
	Usr 13 17:46:32, Sys 0 00:00:11  -  Run Remote Usage
		Usr 0 00:00:00, Sys 0 00:00:03  -  Run Local Usage
...
003 (5251.010.000) 11/12 10:27:21 Job was checkpointed.
	Usr 13 20:46:24, Sys 0 00:00:11  -  Run Remote Usage
		Usr 0 00:00:00, Sys 0 00:00:03  -  Run Local Usage
...
003 (5251.010.000) 11/12 13:27:21 Job was checkpointed.
	Usr 13 23:46:17, Sys 0 00:00:11  -  Run Remote Usage
		Usr 0 00:00:00, Sys 0 00:00:03  -  Run Local Usage
...
003 (5251.010.000) 11/12 16:27:22 Job was checkpointed.
	Usr 14 02:46:07, Sys 0 00:00:12  -  Run Remote Usage
		Usr 0 00:00:00, Sys 0 00:00:03  -  Run Local Usage
...
003 (5251.010.000) 11/12 19:27:24 Job was checkpointed.
	Usr 14 05:46:00, Sys 0 00:00:12  -  Run Remote Usage
		Usr 0 00:00:00, Sys 0 00:00:04  -  Run Local Usage
...
003 (5251.010.000) 11/12 22:27:27 Job was checkpointed.
	Usr 14 08:45:56, Sys 0 00:00:12  -  Run Remote Usage
		Usr 0 00:00:00, Sys 0 00:00:04  -  Run Local Usage
...
003 (5251.010.000) 11/13 01:27:32 Job was checkpointed.
	Usr 14 11:45:54, Sys 0 00:00:12  -  Run Remote Usage
		Usr 0 00:00:00, Sys 0 00:00:04  -  Run Local Usage
...
003 (5251.010.000) 11/13 04:27:32 Job was checkpointed.
	Usr 14 14:45:38, Sys 0 00:00:13  -  Run Remote Usage
		Usr 0 00:00:00, Sys 0 00:00:04  -  Run Local Usage
...
003 (5251.010.000) 11/13 07:27:35 Job was checkpointed.
	Usr 14 17:45:33, Sys 0 00:00:13  -  Run Remote Usage
		Usr 0 00:00:00, Sys 0 00:00:04  -  Run Local Usage
...
003 (5251.010.000) 11/13 10:27:35 Job was checkpointed.
	Usr 14 20:45:21, Sys 0 00:00:13  -  Run Remote Usage
		Usr 0 00:00:00, Sys 0 00:00:04  -  Run Local Usage
...
003 (5251.010.000) 11/13 13:27:39 Job was checkpointed.
	Usr 14 23:45:15, Sys 0 00:00:13  -  Run Remote Usage
		Usr 0 00:00:00, Sys 0 00:00:04  -  Run Local Usage
...
003 (5251.010.000) 11/13 16:27:44 Job was checkpointed.
	Usr 15 02:45:12, Sys 0 00:00:14  -  Run Remote Usage
		Usr 0 00:00:00, Sys 0 00:00:04  -  Run Local Usage
...
003 (5251.010.000) 11/13 19:27:47 Job was checkpointed.
	Usr 15 05:45:07, Sys 0 00:00:14  -  Run Remote Usage
		Usr 0 00:00:00, Sys 0 00:00:04  -  Run Local Usage
...
003 (5251.010.000) 11/13 22:27:51 Job was checkpointed.
	Usr 15 08:45:01, Sys 0 00:00:14  -  Run Remote Usage
		Usr 0 00:00:00, Sys 0 00:00:04  -  Run Local Usage
...
003 (5251.010.000) 11/14 01:27:52 Job was checkpointed.
	Usr 15 11:44:53, Sys 0 00:00:14  -  Run Remote Usage
		Usr 0 00:00:00, Sys 0 00:00:04  -  Run Local Usage
...
003 (5251.010.000) 11/14 04:27:53 Job was checkpointed.
	Usr 15 14:44:41, Sys 0 00:00:14  -  Run Remote Usage
		Usr 0 00:00:00, Sys 0 00:00:04  -  Run Local Usage
...
003 (5251.010.000) 11/14 07:27:53 Job was checkpointed.
	Usr 15 17:44:34, Sys 0 00:00:14  -  Run Remote Usage
		Usr 0 00:00:00, Sys 0 00:00:04  -  Run Local Usage
...
003 (5251.010.000) 11/14 10:27:55 Job was checkpointed.
	Usr 15 20:44:28, Sys 0 00:00:14  -  Run Remote Usage
		Usr 0 00:00:00, Sys 0 00:00:04  -  Run Local Usage
...
003 (5251.010.000) 11/14 13:27:56 Job was checkpointed.
	Usr 15 23:44:19, Sys 0 00:00:14  -  Run Remote Usage
		Usr 0 00:00:00, Sys 0 00:00:04  -  Run Local Usage
...
003 (5251.010.000) 11/14 16:27:56 Job was checkpointed.
	Usr 16 02:44:11, Sys 0 00:00:14  -  Run Remote Usage
		Usr 0 00:00:00, Sys 0 00:00:04  -  Run Local Usage
...
003 (5251.010.000) 11/14 19:27:58 Job was checkpointed.
	Usr 16 05:44:04, Sys 0 00:00:15  -  Run Remote Usage
		Usr 0 00:00:00, Sys 0 00:00:04  -  Run Local Usage
...
003 (5251.010.000) 11/14 22:27:59 Job was checkpointed.
	Usr 16 08:43:58, Sys 0 00:00:15  -  Run Remote Usage
		Usr 0 00:00:00, Sys 0 00:00:04  -  Run Local Usage
...
003 (5251.010.000) 11/15 01:28:00 Job was checkpointed.
	Usr 16 11:43:51, Sys 0 00:00:15  -  Run Remote Usage
		Usr 0 00:00:00, Sys 0 00:00:04  -  Run Local Usage
...
003 (5251.010.000) 11/15 04:28:02 Job was checkpointed.
	Usr 16 14:43:41, Sys 0 00:00:15  -  Run Remote Usage
		Usr 0 00:00:00, Sys 0 00:00:04  -  Run Local Usage
...
003 (5251.010.000) 11/15 07:28:04 Job was checkpointed.
	Usr 16 17:43:31, Sys 0 00:00:15  -  Run Remote Usage
		Usr 0 00:00:00, Sys 0 00:00:04  -  Run Local Usage
...
003 (5251.010.000) 11/15 10:28:06 Job was checkpointed.
	Usr 16 20:43:24, Sys 0 00:00:15  -  Run Remote Usage
		Usr 0 00:00:00, Sys 0 00:00:04  -  Run Local Usage
...
003 (5251.010.000) 11/15 13:28:08 Job was checkpointed.
	Usr 16 23:43:15, Sys 0 00:00:15  -  Run Remote Usage
		Usr 0 00:00:00, Sys 0 00:00:04  -  Run Local Usage
...
003 (5251.010.000) 11/15 16:28:09 Job was checkpointed.
	Usr 17 02:43:06, Sys 0 00:00:16  -  Run Remote Usage
		Usr 0 00:00:00, Sys 0 00:00:04  -  Run Local Usage
...
003 (5251.010.000) 11/15 19:28:13 Job was checkpointed.
	Usr 17 05:43:00, Sys 0 00:00:16  -  Run Remote Usage
		Usr 0 00:00:00, Sys 0 00:00:04  -  Run Local Usage
...
003 (5251.010.000) 11/15 22:28:17 Job was checkpointed.
	Usr 17 08:42:55, Sys 0 00:00:16  -  Run Remote Usage
		Usr 0 00:00:01, Sys 0 00:00:04  -  Run Local Usage
...
003 (5251.010.000) 11/16 01:28:22 Job was checkpointed.
	Usr 17 11:42:50, Sys 0 00:00:16  -  Run Remote Usage
		Usr 0 00:00:01, Sys 0 00:00:04  -  Run Local Usage
...
003 (5251.010.000) 11/16 04:28:26 Job was checkpointed.
	Usr 17 14:42:39, Sys 0 00:00:16  -  Run Remote Usage
		Usr 0 00:00:01, Sys 0 00:00:04  -  Run Local Usage
...
003 (5251.010.000) 11/16 07:28:29 Job was checkpointed.
	Usr 17 17:42:33, Sys 0 00:00:17  -  Run Remote Usage
		Usr 0 00:00:01, Sys 0 00:00:04  -  Run Local Usage
...
003 (5251.010.000) 11/16 10:28:31 Job was checkpointed.
	Usr 17 20:42:26, Sys 0 00:00:17  -  Run Remote Usage
		Usr 0 00:00:01, Sys 0 00:00:04  -  Run Local Usage
...
003 (5251.010.000) 11/16 13:28:33 Job was checkpointed.
	Usr 17 23:42:19, Sys 0 00:00:17  -  Run Remote Usage
		Usr 0 00:00:01, Sys 0 00:00:04  -  Run Local Usage
...
003 (5251.010.000) 11/16 16:28:37 Job was checkpointed.
	Usr 18 02:42:14, Sys 0 00:00:17  -  Run Remote Usage
		Usr 0 00:00:01, Sys 0 00:00:04  -  Run Local Usage
...
003 (5251.010.000) 11/16 19:28:37 Job was checkpointed.
	Usr 18 05:42:06, Sys 0 00:00:17  -  Run Remote Usage
		Usr 0 00:00:01, Sys 0 00:00:05  -  Run Local Usage
...
003 (5251.010.000) 11/16 22:28:42 Job was checkpointed.
	Usr 18 08:42:02, Sys 0 00:00:17  -  Run Remote Usage
		Usr 0 00:00:01, Sys 0 00:00:05  -  Run Local Usage
...
003 (5251.010.000) 11/17 01:28:46 Job was checkpointed.
	Usr 18 11:41:58, Sys 0 00:00:17  -  Run Remote Usage
		Usr 0 00:00:01, Sys 0 00:00:05  -  Run Local Usage
...
003 (5251.010.000) 11/17 04:28:46 Job was checkpointed.
	Usr 18 14:41:45, Sys 0 00:00:17  -  Run Remote Usage
		Usr 0 00:00:01, Sys 0 00:00:05  -  Run Local Usage
...
003 (5251.010.000) 11/17 07:28:49 Job was checkpointed.
	Usr 18 17:41:38, Sys 0 00:00:17  -  Run Remote Usage
		Usr 0 00:00:01, Sys 0 00:00:05  -  Run Local Usage
...
003 (5251.010.000) 11/17 10:28:50 Job was checkpointed.
	Usr 18 20:41:27, Sys 0 00:00:17  -  Run Remote Usage
		Usr 0 00:00:01, Sys 0 00:00:05  -  Run Local Usage
...
003 (5251.010.000) 11/17 13:28:51 Job was checkpointed.
	Usr 18 23:41:20, Sys 0 00:00:18  -  Run Remote Usage
		Usr 0 00:00:01, Sys 0 00:00:05  -  Run Local Usage
...
003 (5251.010.000) 11/17 16:28:56 Job was checkpointed.
	Usr 19 02:41:14, Sys 0 00:00:18  -  Run Remote Usage
		Usr 0 00:00:01, Sys 0 00:00:05  -  Run Local Usage
...
003 (5251.010.000) 11/17 19:28:57 Job was checkpointed.
	Usr 19 05:41:07, Sys 0 00:00:18  -  Run Remote Usage
		Usr 0 00:00:01, Sys 0 00:00:05  -  Run Local Usage
...
003 (5251.010.000) 11/17 22:29:00 Job was checkpointed.
	Usr 19 08:41:00, Sys 0 00:00:18  -  Run Remote Usage
		Usr 0 00:00:01, Sys 0 00:00:05  -  Run Local Usage
...
003 (5251.010.000) 11/18 01:29:01 Job was checkpointed.
	Usr 19 11:40:51, Sys 0 00:00:18  -  Run Remote Usage
		Usr 0 00:00:01, Sys 0 00:00:05  -  Run Local Usage
...
003 (5251.010.000) 11/18 04:29:01 Job was checkpointed.
	Usr 19 14:40:38, Sys 0 00:00:18  -  Run Remote Usage
		Usr 0 00:00:01, Sys 0 00:00:05  -  Run Local Usage
...
003 (5251.010.000) 11/18 07:29:06 Job was checkpointed.
	Usr 19 17:40:33, Sys 0 00:00:18  -  Run Remote Usage
		Usr 0 00:00:01, Sys 0 00:00:05  -  Run Local Usage
...
003 (5251.010.000) 11/18 10:29:06 Job was checkpointed.
	Usr 19 20:40:24, Sys 0 00:00:18  -  Run Remote Usage
		Usr 0 00:00:01, Sys 0 00:00:05  -  Run Local Usage
...
003 (5251.010.000) 11/18 13:29:08 Job was checkpointed.
	Usr 19 23:40:16, Sys 0 00:00:18  -  Run Remote Usage
		Usr 0 00:00:01, Sys 0 00:00:05  -  Run Local Usage
...
003 (5251.010.000) 11/18 16:29:08 Job was checkpointed.
	Usr 20 02:40:06, Sys 0 00:00:19  -  Run Remote Usage
		Usr 0 00:00:01, Sys 0 00:00:05  -  Run Local Usage
...
003 (5251.010.000) 11/18 19:29:11 Job was checkpointed.
	Usr 20 05:39:59, Sys 0 00:00:19  -  Run Remote Usage
		Usr 0 00:00:01, Sys 0 00:00:05  -  Run Local Usage
...
003 (5251.010.000) 11/18 22:29:12 Job was checkpointed.
	Usr 20 08:39:51, Sys 0 00:00:19  -  Run Remote Usage
		Usr 0 00:00:01, Sys 0 00:00:05  -  Run Local Usage
...
003 (5251.010.000) 11/19 01:29:12 Job was checkpointed.
	Usr 20 11:39:42, Sys 0 00:00:19  -  Run Remote Usage
		Usr 0 00:00:01, Sys 0 00:00:05  -  Run Local Usage
...
003 (5251.010.000) 11/19 04:29:16 Job was checkpointed.
	Usr 20 14:39:34, Sys 0 00:00:19  -  Run Remote Usage
		Usr 0 00:00:01, Sys 0 00:00:05  -  Run Local Usage
...
003 (5251.010.000) 11/19 07:29:19 Job was checkpointed.
	Usr 20 17:39:26, Sys 0 00:00:19  -  Run Remote Usage
		Usr 0 00:00:01, Sys 0 00:00:05  -  Run Local Usage
...
003 (5251.010.000) 11/19 10:29:22 Job was checkpointed.
	Usr 20 20:39:21, Sys 0 00:00:20  -  Run Remote Usage
		Usr 0 00:00:01, Sys 0 00:00:05  -  Run Local Usage
...
003 (5251.010.000) 11/19 13:29:23 Job was checkpointed.
	Usr 20 23:39:13, Sys 0 00:00:20  -  Run Remote Usage
		Usr 0 00:00:01, Sys 0 00:00:05  -  Run Local Usage
...
003 (5251.010.000) 11/19 16:29:24 Job was checkpointed.
	Usr 21 02:39:05, Sys 0 00:00:20  -  Run Remote Usage
		Usr 0 00:00:01, Sys 0 00:00:05  -  Run Local Usage
...
003 (5251.010.000) 11/19 19:29:26 Job was checkpointed.
	Usr 21 05:38:58, Sys 0 00:00:20  -  Run Remote Usage
		Usr 0 00:00:01, Sys 0 00:00:05  -  Run Local Usage
...
003 (5251.010.000) 11/19 22:29:28 Job was checkpointed.
	Usr 21 08:38:54, Sys 0 00:00:20  -  Run Remote Usage
		Usr 0 00:00:01, Sys 0 00:00:05  -  Run Local Usage
...
003 (5251.010.000) 11/20 01:29:29 Job was checkpointed.
	Usr 21 11:38:44, Sys 0 00:00:20  -  Run Remote Usage
		Usr 0 00:00:01, Sys 0 00:00:05  -  Run Local Usage
...
003 (5251.010.000) 11/20 04:29:34 Job was checkpointed.
	Usr 21 14:38:35, Sys 0 00:00:20  -  Run Remote Usage
		Usr 0 00:00:01, Sys 0 00:00:05  -  Run Local Usage
...
003 (5251.010.000) 11/20 07:29:35 Job was checkpointed.
	Usr 21 17:38:27, Sys 0 00:00:20  -  Run Remote Usage
		Usr 0 00:00:01, Sys 0 00:00:05  -  Run Local Usage
...
003 (5251.010.000) 11/20 10:29:39 Job was checkpointed.
	Usr 21 20:38:21, Sys 0 00:00:20  -  Run Remote Usage
		Usr 0 00:00:01, Sys 0 00:00:05  -  Run Local Usage
...
003 (5251.010.000) 11/20 13:29:41 Job was checkpointed.
	Usr 21 23:38:15, Sys 0 00:00:21  -  Run Remote Usage
		Usr 0 00:00:01, Sys 0 00:00:05  -  Run Local Usage
...
003 (5251.010.000) 11/20 16:29:43 Job was checkpointed.
	Usr 22 02:38:09, Sys 0 00:00:21  -  Run Remote Usage
		Usr 0 00:00:01, Sys 0 00:00:05  -  Run Local Usage
...
003 (5251.010.000) 11/20 19:29:46 Job was checkpointed.
	Usr 22 05:38:02, Sys 0 00:00:21  -  Run Remote Usage
		Usr 0 00:00:01, Sys 0 00:00:06  -  Run Local Usage
...
003 (5251.010.000) 11/20 22:29:49 Job was checkpointed.
	Usr 22 08:37:55, Sys 0 00:00:21  -  Run Remote Usage
		Usr 0 00:00:01, Sys 0 00:00:06  -  Run Local Usage
...
003 (5251.010.000) 11/21 01:29:51 Job was checkpointed.
	Usr 22 11:37:48, Sys 0 00:00:21  -  Run Remote Usage
		Usr 0 00:00:01, Sys 0 00:00:06  -  Run Local Usage
...
003 (5251.010.000) 11/21 04:29:55 Job was checkpointed.
	Usr 22 14:37:39, Sys 0 00:00:21  -  Run Remote Usage
		Usr 0 00:00:01, Sys 0 00:00:06  -  Run Local Usage
...
003 (5251.010.000) 11/21 07:29:55 Job was checkpointed.
	Usr 22 17:37:28, Sys 0 00:00:21  -  Run Remote Usage
		Usr 0 00:00:01, Sys 0 00:00:06  -  Run Local Usage
...
003 (5251.010.000) 11/21 10:29:56 Job was checkpointed.
	Usr 22 20:37:20, Sys 0 00:00:21  -  Run Remote Usage
		Usr 0 00:00:01, Sys 0 00:00:06  -  Run Local Usage
...
003 (5251.010.000) 11/21 13:30:00 Job was checkpointed.
	Usr 22 23:37:13, Sys 0 00:00:21  -  Run Remote Usage
		Usr 0 00:00:01, Sys 0 00:00:06  -  Run Local Usage
...
003 (5251.010.000) 11/21 16:30:01 Job was checkpointed.
	Usr 23 02:37:03, Sys 0 00:00:22  -  Run Remote Usage
		Usr 0 00:00:01, Sys 0 00:00:06  -  Run Local Usage
...
003 (5251.010.000) 11/21 19:30:04 Job was checkpointed.
	Usr 23 05:36:58, Sys 0 00:00:22  -  Run Remote Usage
		Usr 0 00:00:01, Sys 0 00:00:06  -  Run Local Usage
...
003 (5251.010.000) 11/21 22:30:05 Job was checkpointed.
	Usr 23 08:36:49, Sys 0 00:00:22  -  Run Remote Usage
		Usr 0 00:00:01, Sys 0 00:00:06  -  Run Local Usage
...
003 (5251.010.000) 11/22 01:30:10 Job was checkpointed.
	Usr 23 11:36:44, Sys 0 00:00:22  -  Run Remote Usage
		Usr 0 00:00:01, Sys 0 00:00:06  -  Run Local Usage
...
003 (5251.010.000) 11/22 04:30:13 Job was checkpointed.
	Usr 23 14:36:37, Sys 0 00:00:22  -  Run Remote Usage
		Usr 0 00:00:01, Sys 0 00:00:06  -  Run Local Usage
...
003 (5251.010.000) 11/22 07:30:14 Job was checkpointed.
	Usr 23 17:36:28, Sys 0 00:00:22  -  Run Remote Usage
		Usr 0 00:00:01, Sys 0 00:00:06  -  Run Local Usage
...
003 (5251.010.000) 11/22 10:30:14 Job was checkpointed.
	Usr 23 20:36:17, Sys 0 00:00:22  -  Run Remote Usage
		Usr 0 00:00:01, Sys 0 00:00:06  -  Run Local Usage
...
003 (5251.010.000) 11/22 13:30:14 Job was checkpointed.
	Usr 23 23:36:09, Sys 0 00:00:22  -  Run Remote Usage
		Usr 0 00:00:01, Sys 0 00:00:06  -  Run Local Usage
...
003 (5251.010.000) 11/22 16:30:19 Job was checkpointed.
	Usr 24 02:36:04, Sys 0 00:00:23  -  Run Remote Usage
		Usr 0 00:00:01, Sys 0 00:00:06  -  Run Local Usage
...
003 (5251.010.000) 11/22 19:30:20 Job was checkpointed.
	Usr 24 05:35:55, Sys 0 00:00:23  -  Run Remote Usage
		Usr 0 00:00:01, Sys 0 00:00:06  -  Run Local Usage
...
003 (5251.010.000) 11/22 22:30:20 Job was checkpointed.
	Usr 24 08:35:46, Sys 0 00:00:23  -  Run Remote Usage
		Usr 0 00:00:01, Sys 0 00:00:06  -  Run Local Usage
...
003 (5251.010.000) 11/23 01:30:24 Job was checkpointed.
	Usr 24 11:35:42, Sys 0 00:00:23  -  Run Remote Usage
		Usr 0 00:00:01, Sys 0 00:00:06  -  Run Local Usage
...
003 (5251.010.000) 11/23 04:30:27 Job was checkpointed.
	Usr 24 14:35:29, Sys 0 00:00:23  -  Run Remote Usage
		Usr 0 00:00:01, Sys 0 00:00:06  -  Run Local Usage
...
005 (5251.010.000) 11/23 05:19:32 Job terminated.
	(1) Normal termination (return value 0)
		Usr 24 15:24:31, Sys 0 00:00:23  -  Run Remote Usage
		Usr 0 00:00:01, Sys 0 00:00:06  -  Run Local Usage
		Usr 29 18:03:16, Sys 0 00:00:40  -  Total Remote Usage
		Usr 0 00:00:01, Sys 0 00:00:06  -  Total Local Usage
	389633760  -  Run Bytes Sent By Job
	6554310  -  Run Bytes Received By Job
	472447104  -  Total Bytes Sent By Job
	24107422  -  Total Bytes Received By Job
...
