
    ************ HN3 AF Ising Wang Landau Running ************ 

      argc: 9
      condor_exec.5304.5 -k 8 -n 0 -f 90 -s 19872 

 L=256; Flatness=0.900000;

 CurrentEnergy Correct = -82 
 CurrentEnergy Correct = -72 
 CurrentEnergy Correct = 186 
 After Initial Steps 2.62e+07, StatesLength = 317, MinEnergy = -252
 Quick_Sort Done 
 After sort, CurrentEnergy Correct = -28 
 After sort, CurrentEnergy Correct = -108 
 After sort, CurrentEnergy Correct = 64 
 New State: -254: coming; StatesLength 318
 New State: -254 added to list; Min State: -254; CurrentState = -254
 

 logf=5.0e-01; Sweeps=7.0e+05; [minH,meanH,maxH]=[3.2e+05, 3.4e+05, 3.8e+05]
 logf=2.5e-01; Sweeps=2.3e+06; [minH,meanH,maxH]=[1.3e+06, 1.3e+06, 1.4e+06]
 logf=1.2e-01; Sweeps=4.4e+06; [minH,meanH,maxH]=[1.6e+06, 1.6e+06, 1.7e+06]
 logf=6.2e-02; Sweeps=4.9e+06; [minH,meanH,maxH]=[4.6e+05, 4.7e+05, 5.2e+05]
 logf=3.1e-02; Sweeps=7.0e+06; [minH,meanH,maxH]=[1.6e+06, 1.7e+06, 1.7e+06]
 New State: -256: coming; StatesLength 319
 New State: -256 added to list; Min State: -256; CurrentState = -256
 

 logf=1.2e-01; Sweeps=1.3e+07; [minH,meanH,maxH]=[4.5e+06, 4.9e+06, 4.9e+06]
 logf=6.2e-02; Sweeps=2.5e+07; [minH,meanH,maxH]=[9.1e+06, 9.4e+06, 1.0e+07]
 logf=3.1e-02; Sweeps=4.2e+07; [minH,meanH,maxH]=[1.3e+07, 1.3e+07, 1.5e+07]
 logf=1.6e-02; Sweeps=4.4e+07; [minH,meanH,maxH]=[2.2e+06, 2.3e+06, 2.5e+06]
 logf=7.8e-03; Sweeps=6.3e+07; [minH,meanH,maxH]=[1.5e+07, 1.5e+07, 1.7e+07]
 logf=3.9e-03; Sweeps=6.5e+07; [minH,meanH,maxH]=[1.5e+06, 1.6e+06, 1.8e+06]
 logf=2.0e-03; Sweeps=6.7e+07; [minH,meanH,maxH]=[1.2e+06, 1.3e+06, 1.3e+06]
 logf=9.8e-04; Sweeps=7.0e+07; [minH,meanH,maxH]=[2.2e+06, 2.3e+06, 2.5e+06]
 logf=4.9e-04; Sweeps=8.5e+07; [minH,meanH,maxH]=[1.2e+07, 1.2e+07, 1.4e+07]
 logf=2.4e-04; Sweeps=1.0e+08; [minH,meanH,maxH]=[1.5e+07, 1.5e+07, 1.7e+07]
 logf=1.2e-04; Sweeps=1.1e+08; [minH,meanH,maxH]=[9.3e+05, 9.4e+05, 1.0e+06]
 logf=6.1e-05; Sweeps=1.1e+08; [minH,meanH,maxH]=[7.4e+05, 7.6e+05, 8.1e+05]
 logf=3.1e-05; Sweeps=1.1e+08; [minH,meanH,maxH]=[1.3e+06, 1.3e+06, 1.4e+06]
 logf=1.5e-05; Sweeps=1.1e+08; [minH,meanH,maxH]=[3.0e+06, 3.0e+06, 3.3e+06]
 logf=7.6e-06; Sweeps=1.2e+08; [minH,meanH,maxH]=[8.4e+06, 8.5e+06, 9.4e+06]
 logf=3.8e-06; Sweeps=1.3e+08; [minH,meanH,maxH]=[6.9e+06, 7.3e+06, 8.1e+06]
 logf=1.9e-06; Sweeps=1.4e+08; [minH,meanH,maxH]=[5.3e+06, 5.3e+06, 5.9e+06]
 logf=9.5e-07; Sweeps=1.4e+08; [minH,meanH,maxH]=[5.2e+05, 5.7e+05, 6.4e+05]
 logf=4.8e-07; Sweeps=1.4e+08; [minH,meanH,maxH]=[3.4e+06, 3.6e+06, 4.0e+06]
 logf=2.4e-07; Sweeps=1.6e+08; [minH,meanH,maxH]=[1.3e+07, 1.3e+07, 1.4e+07]
 logf=1.2e-07; Sweeps=1.6e+08; [minH,meanH,maxH]=[9.6e+05, 1.0e+06, 1.1e+06]
 logf=6.0e-08; Sweeps=1.6e+08; [minH,meanH,maxH]=[8.6e+05, 9.5e+05, 1.0e+06]
 logf=3.0e-08; Sweeps=1.6e+08; [minH,meanH,maxH]=[1.6e+06, 1.8e+06, 1.9e+06]
 logf=1.5e-08; Sweeps=1.9e+08; [minH,meanH,maxH]=[1.5e+07, 1.7e+07, 1.7e+07]
 logf=7.5e-09; Sweeps=2.1e+08; [minH,meanH,maxH]=[1.5e+07, 1.7e+07, 1.7e+07]

 MinState: -256; 
 MaxState: 384; 
 States Length: 319; 
 Total MC steps: 2.1265e+08;     
 Total random steps: 5.4439e+10; 
 