
    ************ HN3 AF Ising Simulated Annealing Running ************ 

      argc: 11
      condor_exec.5251.0 -k 3 -n 103 -r 1000 -i 10 -s 19871      L = 8


      *************  Repetition 32 Iteration 9  ************ 
      Starting T=10.07; schedule = 1.95e-06; 
      Temp_now = 1.01e+01; Ending T=0.0010;
      Starting State = 12;  StartingMag = 8; 
      After Init, CurrentEnergy = -2;  CurrentMag = 2;
      MinStateFouend = -8; MinMagFound = -8
      After all, CurrentEnergy = -8;  CurrentMag = 0;
      MinStateFouend = -8; MinMagFound = -8


      *************  Repetition 52 Iteration 3  ************ 
      Starting T=10.07; schedule = 1.25e-04; 
      Temp_now = 1.01e+01; Ending T=0.0010;
      Starting State = 12;  StartingMag = 8; 
      After Init, CurrentEnergy = -4;  CurrentMag = 0;
      MinStateFouend = -8; MinMagFound = -8
      After all, CurrentEnergy = -8;  CurrentMag = 0;
      MinStateFouend = -8; MinMagFound = -8


      *************  Repetition 54 Iteration 5  ************ 
      Starting T=10.07; schedule = 3.13e-05; 
      Temp_now = 1.01e+01; Ending T=0.0010;
      Starting State = 12;  StartingMag = 8; 
      After Init, CurrentEnergy = -2;  CurrentMag = -2;
      MinStateFouend = -8; MinMagFound = -8
      After all, CurrentEnergy = -8;  CurrentMag = 0;
      MinStateFouend = -8; MinMagFound = -8


      *************  Repetition 119 Iteration 5  ************ 
      Starting T=10.07; schedule = 3.13e-05; 
      Temp_now = 1.01e+01; Ending T=0.0010;
      Starting State = 12;  StartingMag = 8; 
      After Init, CurrentEnergy = 0;  CurrentMag = 0;
      MinStateFouend = -8; MinMagFound = -8
      After all, CurrentEnergy = -8;  CurrentMag = 0;
      MinStateFouend = -8; MinMagFound = -8


      *************  Repetition 209 Iteration 1  ************ 
      Starting T=10.07; schedule = 5.00e-04; 
      Temp_now = 1.01e+01; Ending T=0.0010;
      Starting State = 12;  StartingMag = 8; 
      After Init, CurrentEnergy = -4;  CurrentMag = 0;
      MinStateFouend = -8; MinMagFound = -8
      After all, CurrentEnergy = -8;  CurrentMag = 0;
      MinStateFouend = -8; MinMagFound = -8


      *************  Repetition 295 Iteration 0  ************ 
      Starting T=10.07; schedule = 1.00e-03; 
      Temp_now = 1.01e+01; Ending T=0.0010;
      Starting State = 12;  StartingMag = 8; 
      After Init, CurrentEnergy = -2;  CurrentMag = 2;
      MinStateFouend = -8; MinMagFound = -8
      After all, CurrentEnergy = -8;  CurrentMag = 0;
      MinStateFouend = -8; MinMagFound = -8


      *************  Repetition 310 Iteration 9  ************ 
      Starting T=10.07; schedule = 1.95e-06; 
      Temp_now = 1.01e+01; Ending T=0.0010;
      Starting State = 12;  StartingMag = 8; 
      After Init, CurrentEnergy = -6;  CurrentMag = 2;
      MinStateFouend = -8; MinMagFound = -8
      After all, CurrentEnergy = -8;  CurrentMag = 0;
      MinStateFouend = -8; MinMagFound = -8


      *************  Repetition 318 Iteration 4  ************ 
      Starting T=10.07; schedule = 6.25e-05; 
      Temp_now = 1.01e+01; Ending T=0.0010;
      Starting State = 12;  StartingMag = 8; 
      After Init, CurrentEnergy = 4;  CurrentMag = -4;
      MinStateFouend = -8; MinMagFound = -8
      After all, CurrentEnergy = -8;  CurrentMag = 0;
      MinStateFouend = -8; MinMagFound = -8


      *************  Repetition 405 Iteration 3  ************ 
      Starting T=10.07; schedule = 1.25e-04; 
      Temp_now = 1.01e+01; Ending T=0.0010;
      Starting State = 12;  StartingMag = 8; 
      After Init, CurrentEnergy = 0;  CurrentMag = 0;
      MinStateFouend = -8; MinMagFound = -8
      After all, CurrentEnergy = -8;  CurrentMag = 0;
      MinStateFouend = -8; MinMagFound = -8


      *************  Repetition 422 Iteration 0  ************ 
      Starting T=10.07; schedule = 1.00e-03; 
      Temp_now = 1.01e+01; Ending T=0.0010;
      Starting State = 12;  StartingMag = 8; 
      After Init, CurrentEnergy = -2;  CurrentMag = -2;
      MinStateFouend = -8; MinMagFound = -8
      After all, CurrentEnergy = -8;  CurrentMag = 0;
      MinStateFouend = -8; MinMagFound = -8


      *************  Repetition 591 Iteration 9  ************ 
      Starting T=10.07; schedule = 1.95e-06; 
      Temp_now = 1.01e+01; Ending T=0.0010;
      Starting State = 12;  StartingMag = 8; 
      After Init, CurrentEnergy = -2;  CurrentMag = 2;
      MinStateFouend = -8; MinMagFound = -8
      After all, CurrentEnergy = -8;  CurrentMag = 0;
      MinStateFouend = -8; MinMagFound = -8


      *************  Repetition 708 Iteration 8  ************ 
      Starting T=10.07; schedule = 3.91e-06; 
      Temp_now = 1.01e+01; Ending T=0.0010;
      Starting State = 12;  StartingMag = 8; 
      After Init, CurrentEnergy = -6;  CurrentMag = 2;
      MinStateFouend = -8; MinMagFound = -8
      After all, CurrentEnergy = -8;  CurrentMag = 0;
      MinStateFouend = -8; MinMagFound = -8


      *************  Repetition 763 Iteration 5  ************ 
      Starting T=10.07; schedule = 3.13e-05; 
      Temp_now = 1.01e+01; Ending T=0.0010;
      Starting State = 12;  StartingMag = 8; 
      After Init, CurrentEnergy = -2;  CurrentMag = 2;
      MinStateFouend = -8; MinMagFound = -8
      After all, CurrentEnergy = -8;  CurrentMag = 0;
      MinStateFouend = -8; MinMagFound = -8


      *************  Repetition 774 Iteration 7  ************ 
      Starting T=10.07; schedule = 7.81e-06; 
      Temp_now = 1.01e+01; Ending T=0.0010;
      Starting State = 12;  StartingMag = 8; 
      After Init, CurrentEnergy = 0;  CurrentMag = 0;
      MinStateFouend = -8; MinMagFound = -8
      After all, CurrentEnergy = -8;  CurrentMag = 0;
      MinStateFouend = -8; MinMagFound = -8


      *************  Repetition 799 Iteration 1  ************ 
      Starting T=10.07; schedule = 5.00e-04; 
      Temp_now = 1.01e+01; Ending T=0.0010;
      Starting State = 12;  StartingMag = 8; 
      After Init, CurrentEnergy = 4;  CurrentMag = 0;
      MinStateFouend = -8; MinMagFound = -8
      After all, CurrentEnergy = -8;  CurrentMag = 0;
      MinStateFouend = -8; MinMagFound = -8


      *************  Repetition 998 Iteration 2  ************ 
      Starting T=10.07; schedule = 2.50e-04; 
      Temp_now = 1.01e+01; Ending T=0.0010;
      Starting State = 12;  StartingMag = 8; 
      After Init, CurrentEnergy = -6;  CurrentMag = -2;
      MinStateFouend = -8; MinMagFound = -8
      After all, CurrentEnergy = -8;  CurrentMag = 0;
      MinStateFouend = -8; MinMagFound = -8
