
    ************ HN3 AF Ising Wang Landau Running ************ 

      argc: 9
      condor_exec.5309.3 -k 12 -n 0 -f 80 -s 19874 

 L=4096; Flatness=0.800000;

 CurrentEnergy Correct = 296 
 CurrentEnergy Correct = -140 
 CurrentEnergy Correct = 166 
 After Initial Steps 1.01e+10, StatesLength = 5038, MinEnergy = -4002
 Quick_Sort Done 
 After sort, CurrentEnergy Correct = -256 
 After sort, CurrentEnergy Correct = -256 
 After sort, CurrentEnergy Correct = -256 
 New State: 6038: coming; StatesLength 5039
 New State: 6038 added to list; Min State: -4002; CurrentState = 6038
 

 New State: 6040: coming; StatesLength 5040
 New State: 6040 added to list; Min State: -4002; CurrentState = 6040
 

 New State: -4004: coming; StatesLength 5041
 New State: -4004 added to list; Min State: -4004; CurrentState = -4004
 

 New State: -4006: coming; StatesLength 5042
 New State: -4006 added to list; Min State: -4006; CurrentState = -4006
 

 New State: -4008: coming; StatesLength 5043
 New State: -4008 added to list; Min State: -4008; CurrentState = -4008
 

 New State: -4010: coming; StatesLength 5044
 New State: -4010 added to list; Min State: -4010; CurrentState = -4010
 

 New State: -4012: coming; StatesLength 5045
 New State: -4012 added to list; Min State: -4012; CurrentState = -4012
 

 New State: -4014: coming; StatesLength 5046
 New State: -4014 added to list; Min State: -4014; CurrentState = -4014
 

 New State: -4016: coming; StatesLength 5047
 New State: -4016 added to list; Min State: -4016; CurrentState = -4016
 

 New State: -4018: coming; StatesLength 5048
 New State: -4018 added to list; Min State: -4018; CurrentState = -4018
 

 New State: -4020: coming; StatesLength 5049
 New State: -4020 added to list; Min State: -4020; CurrentState = -4020
 

 New State: -4022: coming; StatesLength 5050
 New State: -4022 added to list; Min State: -4022; CurrentState = -4022
 

 New State: 6044: coming; StatesLength 5051
 New State: 6044 added to list; Min State: -4022; CurrentState = 6044
 

 New State: 6046: coming; StatesLength 5052
 New State: 6046 added to list; Min State: -4022; CurrentState = 6046
 

 New State: 6050: coming; StatesLength 5053
 New State: 6050 added to list; Min State: -4022; CurrentState = 6050
 

 New State: 6052: coming; StatesLength 5054
 New State: 6052 added to list; Min State: -4022; CurrentState = 6052
 

 New State: 6056: coming; StatesLength 5055
 New State: 6056 added to list; Min State: -4022; CurrentState = 6056
 

 New State: 6058: coming; StatesLength 5056
 New State: 6058 added to list; Min State: -4022; CurrentState = 6058
 

 New State: 6062: coming; StatesLength 5057
 New State: 6062 added to list; Min State: -4022; CurrentState = 6062
 

 New State: 6064: coming; StatesLength 5058
 New State: 6064 added to list; Min State: -4022; CurrentState = 6064
 

 New State: 6068: coming; StatesLength 5059
 New State: 6068 added to list; Min State: -4022; CurrentState = 6068
 

 New State: 6070: coming; StatesLength 5060
 New State: 6070 added to list; Min State: -4022; CurrentState = 6070
 

 New State: 6074: coming; StatesLength 5061
 New State: 6074 added to list; Min State: -4022; CurrentState = 6074
 

 New State: 6076: coming; StatesLength 5062
 New State: 6076 added to list; Min State: -4022; CurrentState = 6076
 

 New State: 6080: coming; StatesLength 5063
 New State: 6080 added to list; Min State: -4022; CurrentState = 6080
 

 New State: 6082: coming; StatesLength 5064
 New State: 6082 added to list; Min State: -4022; CurrentState = 6082
 

 New State: 6086: coming; StatesLength 5065
 New State: 6086 added to list; Min State: -4022; CurrentState = 6086
 

 New State: 6092: coming; StatesLength 5066
 New State: 6092 added to list; Min State: -4022; CurrentState = 6092
 

 New State: 6088: coming; StatesLength 5067
 New State: 6088 added to list; Min State: -4022; CurrentState = 6088
 

 New State: 6094: coming; StatesLength 5068
 New State: 6094 added to list; Min State: -4022; CurrentState = 6094
 

 New State: 6098: coming; StatesLength 5069
 New State: 6098 added to list; Min State: -4022; CurrentState = 6098
 

 New State: 6100: coming; StatesLength 5070
 New State: 6100 added to list; Min State: -4022; CurrentState = 6100
 

 New State: 6104: coming; StatesLength 5071
 New State: 6104 added to list; Min State: -4022; CurrentState = 6104
 

 New State: 6106: coming; StatesLength 5072
 New State: 6106 added to list; Min State: -4022; CurrentState = 6106
 

 New State: -4024: coming; StatesLength 5073
 New State: -4024 added to list; Min State: -4024; CurrentState = -4024
 

 New State: -4026: coming; StatesLength 5074
 New State: -4026 added to list; Min State: -4026; CurrentState = -4026
 

 New State: -4028: coming; StatesLength 5075
 New State: -4028 added to list; Min State: -4028; CurrentState = -4028
 

 New State: -4030: coming; StatesLength 5076
 New State: -4030 added to list; Min State: -4030; CurrentState = -4030
 

 New State: -4032: coming; StatesLength 5077
 New State: -4032 added to list; Min State: -4032; CurrentState = -4032
 

 New State: -4034: coming; StatesLength 5078
 New State: -4034 added to list; Min State: -4034; CurrentState = -4034
 

 New State: -4036: coming; StatesLength 5079
 New State: -4036 added to list; Min State: -4036; CurrentState = -4036
 

 New State: -4038: coming; StatesLength 5080
 New State: -4038 added to list; Min State: -4038; CurrentState = -4038
 

 New State: -4040: coming; StatesLength 5081
 New State: -4040 added to list; Min State: -4040; CurrentState = -4040
 

 New State: -4042: coming; StatesLength 5082
 New State: -4042 added to list; Min State: -4042; CurrentState = -4042
 

 New State: -4044: coming; StatesLength 5083
 New State: -4044 added to list; Min State: -4044; CurrentState = -4044
 

 New State: -4046: coming; StatesLength 5084
 New State: -4046 added to list; Min State: -4046; CurrentState = -4046
 

 New State: -4048: coming; StatesLength 5085
 New State: -4048 added to list; Min State: -4048; CurrentState = -4048
 

 New State: -4050: coming; StatesLength 5086
 New State: -4050 added to list; Min State: -4050; CurrentState = -4050
 

 New State: -4052: coming; StatesLength 5087
 New State: -4052 added to list; Min State: -4052; CurrentState = -4052
 

 New State: -4054: coming; StatesLength 5088
 New State: -4054 added to list; Min State: -4054; CurrentState = -4054
 

 New State: 6110: coming; StatesLength 5089
 New State: 6110 added to list; Min State: -4054; CurrentState = 6110
 

 New State: 6112: coming; StatesLength 5090
 New State: 6112 added to list; Min State: -4054; CurrentState = 6112
 

 New State: 6116: coming; StatesLength 5091
 New State: 6116 added to list; Min State: -4054; CurrentState = 6116
 

 New State: 6118: coming; StatesLength 5092
 New State: 6118 added to list; Min State: -4054; CurrentState = 6118
 

 New State: -4056: coming; StatesLength 5093
 New State: -4056 added to list; Min State: -4056; CurrentState = -4056
 

 New State: -4058: coming; StatesLength 5094
 New State: -4058 added to list; Min State: -4058; CurrentState = -4058
 

 New State: -4060: coming; StatesLength 5095
 New State: -4060 added to list; Min State: -4060; CurrentState = -4060
 

 New State: -4062: coming; StatesLength 5096
 New State: -4062 added to list; Min State: -4062; CurrentState = -4062
 

 New State: -4064: coming; StatesLength 5097
 New State: -4064 added to list; Min State: -4064; CurrentState = -4064
 

 New State: -4066: coming; StatesLength 5098
 New State: -4066 added to list; Min State: -4066; CurrentState = -4066
 

 New State: 6122: coming; StatesLength 5099
 New State: 6122 added to list; Min State: -4066; CurrentState = 6122
 

 New State: 6124: coming; StatesLength 5100
 New State: 6124 added to list; Min State: -4066; CurrentState = 6124
 

 New State: 6128: coming; StatesLength 5101
 New State: 6128 added to list; Min State: -4066; CurrentState = 6128
 

 New State: 6130: coming; StatesLength 5102
 New State: 6130 added to list; Min State: -4066; CurrentState = 6130
 

 New State: -4068: coming; StatesLength 5103
 New State: -4068 added to list; Min State: -4068; CurrentState = -4068
 

 New State: -4070: