
    ************ HN3 AF Ising Simulated Annealing Running ************ 

      argc: 11
      condor_exec.5251.1 -k 4 -n 104 -r 1000 -i 10 -s 19872      L = 16


      *************  Repetition 78 Iteration 6  ************ 
      Starting T=10.07; schedule = 1.56e-05; 
      Temp_now = 1.01e+01; Ending T=0.0010;
      Starting State = 24;  StartingMag = 16; 
      After Init, CurrentEnergy = 0;  CurrentMag = 4;
      MinStateFouend = -16; MinMagFound = -16
      After all, CurrentEnergy = -16;  CurrentMag = 0;
      MinStateFouend = -16; MinMagFound = -16


      *************  Repetition 101 Iteration 1  ************ 
      Starting T=10.07; schedule = 5.00e-04; 
      Temp_now = 1.01e+01; Ending T=0.0010;
      Starting State = 24;  StartingMag = 16; 
      After Init, CurrentEnergy = -6;  CurrentMag = 2;
      MinStateFouend = -16; MinMagFound = -14
      After all, CurrentEnergy = -16;  CurrentMag = 0;
      MinStateFouend = -16; MinMagFound = -14


      *************  Repetition 120 Iteration 6  ************ 
      Starting T=10.07; schedule = 1.56e-05; 
      Temp_now = 1.01e+01; Ending T=0.0010;
      Starting State = 24;  StartingMag = 16; 
      After Init, CurrentEnergy = -10;  CurrentMag = -2;
      MinStateFouend = -16; MinMagFound = -14
      After all, CurrentEnergy = -16;  CurrentMag = 0;
      MinStateFouend = -16; MinMagFound = -16


      *************  Repetition 123 Iteration 3  ************ 
      Starting T=10.07; schedule = 1.25e-04; 
      Temp_now = 1.01e+01; Ending T=0.0010;
      Starting State = 24;  StartingMag = 16; 
      After Init, CurrentEnergy = -2;  CurrentMag = 2;
      MinStateFouend = -16; MinMagFound = -14
      After all, CurrentEnergy = -16;  CurrentMag = 0;
      MinStateFouend = -16; MinMagFound = -16


      *************  Repetition 148 Iteration 9  ************ 
      Starting T=10.07; schedule = 1.95e-06; 
      Temp_now = 1.01e+01; Ending T=0.0010;
      Starting State = 24;  StartingMag = 16; 
      After Init, CurrentEnergy = -6;  CurrentMag = -6;
      MinStateFouend = -16; MinMagFound = -14
      After all, CurrentEnergy = -16;  CurrentMag = 0;
      MinStateFouend = -16; MinMagFound = -16


      *************  Repetition 282 Iteration 6  ************ 
      Starting T=10.07; schedule = 1.56e-05; 
      Temp_now = 1.01e+01; Ending T=0.0010;
      Starting State = 24;  StartingMag = 16; 
      After Init, CurrentEnergy = 8;  CurrentMag = 4;
      MinStateFouend = -16; MinMagFound = -14
      After all, CurrentEnergy = -16;  CurrentMag = 0;
      MinStateFouend = -16; MinMagFound = -16


      *************  Repetition 284 Iteration 3  ************ 
      Starting T=10.07; schedule = 1.25e-04; 
      Temp_now = 1.01e+01; Ending T=0.0010;
      Starting State = 24;  StartingMag = 16; 
      After Init, CurrentEnergy = -6;  CurrentMag = -2;
      MinStateFouend = -16; MinMagFound = -14
      After all, CurrentEnergy = -16;  CurrentMag = 0;
      MinStateFouend = -16; MinMagFound = -14


      *************  Repetition 298 Iteration 6  ************ 
      Starting T=10.07; schedule = 1.56e-05; 
      Temp_now = 1.01e+01; Ending T=0.0010;
      Starting State = 24;  StartingMag = 16; 
      After Init, CurrentEnergy = -8;  CurrentMag = 0;
      MinStateFouend = -16; MinMagFound = -14
      After all, CurrentEnergy = -16;  CurrentMag = 0;
      MinStateFouend = -16; MinMagFound = -16


      *************  Repetition 426 Iteration 6  ************ 
      Starting T=10.07; schedule = 1.56e-05; 
      Temp_now = 1.01e+01; Ending T=0.0010;
      Starting State = 24;  StartingMag = 16; 
      After Init, CurrentEnergy = -2;  CurrentMag = 2;
      MinStateFouend = -16; MinMagFound = -14
      After all, CurrentEnergy = -16;  CurrentMag = 0;
      MinStateFouend = -16; MinMagFound = -16


      *************  Repetition 462 Iteration 8  ************ 
      Starting T=10.07; schedule = 3.91e-06; 
      Temp_now = 1.01e+01; Ending T=0.0010;
      Starting State = 24;  StartingMag = 16; 
      After Init, CurrentEnergy = -6;  CurrentMag = -6;
      MinStateFouend = -16; MinMagFound = -14
      After all, CurrentEnergy = -16;  CurrentMag = 0;
      MinStateFouend = -16; MinMagFound = -16


      *************  Repetition 468 Iteration 0  ************ 
      Starting T=10.07; schedule = 1.00e-03; 
      Temp_now = 1.01e+01; Ending T=0.0010;
      Starting State = 24;  StartingMag = 16; 
      After Init, CurrentEnergy = 2;  CurrentMag = 2;
      MinStateFouend = -16; MinMagFound = -16
      After all, CurrentEnergy = -16;  CurrentMag = 0;
      MinStateFouend = -16; MinMagFound = -16


      *************  Repetition 544 Iteration 2  ************ 
      Starting T=10.07; schedule = 2.50e-04; 
      Temp_now = 1.01e+01; Ending T=0.0010;
      Starting State = 24;  StartingMag = 16; 
      After Init, CurrentEnergy = -4;  CurrentMag = -4;
      MinStateFouend = -16; MinMagFound = -16
      After all, CurrentEnergy = -16;  CurrentMag = 0;
      MinStateFouend = -16; MinMagFound = -16


      *************  Repetition 611 Iteration 7  ************ 
      Starting T=10.07; schedule = 7.81e-06; 
      Temp_now = 1.01e+01; Ending T=0.0010;
      Starting State = 24;  StartingMag = 16; 
      After Init, CurrentEnergy = 0;  CurrentMag = 0;
      MinStateFouend = -16; MinMagFound = -14
      After all, CurrentEnergy = -16;  CurrentMag = 0;
      MinStateFouend = -16; MinMagFound = -16


      *************  Repetition 634 Iteration 0  ************ 
      Starting T=10.07; schedule = 1.00e-03; 
      Temp_now = 1.01e+01; Ending T=0.0010;
      Starting State = 24;  StartingMag = 16; 
      After Init, CurrentEnergy = -6;  CurrentMag = -2;
      MinStateFouend = -16; MinMagFound = -14
      After all, CurrentEnergy = -16;  CurrentMag = 0;
      MinStateFouend = -16; MinMagFound = -14


      *************  Repetition 694 Iteration 3  ************ 
      Starting T=10.07; schedule = 1.25e-04; 
      Temp_now = 1.01e+01; Ending T=0.0010;
      Starting State = 24;  StartingMag = 16; 
      After Init, CurrentEnergy = 12;  CurrentMag = -12;
      MinStateFouend = -16; MinMagFound = -14
      After all, CurrentEnergy = -16;  CurrentMag = 0;
      MinStateFouend = -16; MinMagFound = -14


      *************  Repetition 695 Iteration 6  ************ 
      Starting T=10.07; schedule = 1.56e-05; 
      Temp_now = 1.01e+01; Ending T=0.0010;
      Starting State = 24;  StartingMag = 16; 
      After Init, CurrentEnergy = -4;  CurrentMag = 4;
      MinStateFouend = -16; MinMagFound = -14
      After all, CurrentEnergy = -16;  CurrentMag = 0;
      MinStateFouend = -16; MinMagFound = -16


      *************  Repetition 708 Iteration 3  ************ 
      Starting T=10.07; schedule = 1.25e-04; 
      Temp_now = 1.01e+01; Ending T=0.0010;
      Starting State = 24;  StartingMag = 16; 
      After Init, CurrentEnergy = -4;  CurrentMag = 0;
      MinStateFouend = -16; MinMagFound = -16
      After all, CurrentEnergy = -16;  CurrentMag = 0;
      MinStateFouend = -16; MinMagFound = -16


      *************  Repetition 951 Iteration 7  ************ 
      Starting T=10.07; schedule = 7.81e-06; 
      Temp_now = 1.01e+01; Ending T=0.0010;
      Starting State = 24;  StartingMag = 16; 
      After Init, CurrentEnergy = -2;  CurrentMag = -2;
      MinStateFouend = -16; MinMagFound = -14
      After all, CurrentEnergy = -16;  CurrentMag = 0;
      MinStateFouend = -16; MinMagFound = -16


      *************  Repetition 963 Iteration 8  ************ 
      Starting T=10.07; schedule = 3.91e-06; 
      Temp_now = 1.01e+01; Ending T=0.0010;
      Starting State = 24;  StartingMag = 16; 
      After Init, CurrentEnergy = -4;  CurrentMag = 0;
      MinStateFouend = -16; MinMagFound = -16
      After all, CurrentEnergy = -16;  CurrentMag = 0;
      MinStateFouend = -16; MinMagFound = -16
