000 (5304.008.000) 11/07 11:45:16 Job submitted from host: <170.140.162.75:51408>
...
001 (5304.008.000) 11/07 11:49:46 Job executing on host: <192.168.203.7:42838>
...
006 (5304.008.000) 11/07 14:49:45 Image size of job updated: 10821
...
003 (5304.008.000) 11/07 14:49:45 Job was checkpointed.
	Usr 0 02:59:50, Sys 0 00:00:00  -  Run Remote Usage
		Usr 0 00:00:00, Sys 0 00:00:00  -  Run Local Usage
...
003 (5304.008.000) 11/07 17:49:43 Job was checkpointed.
	Usr 0 05:59:37, Sys 0 00:00:00  -  Run Remote Usage
		Usr 0 00:00:00, Sys 0 00:00:00  -  Run Local Usage
...
003 (5304.008.000) 11/07 20:49:40 Job was checkpointed.
	Usr 0 08:59:25, Sys 0 00:00:00  -  Run Remote Usage
		Usr 0 00:00:00, Sys 0 00:00:00  -  Run Local Usage
...
003 (5304.008.000) 11/07 23:49:36 Job was checkpointed.
	Usr 0 11:59:08, Sys 0 00:00:00  -  Run Remote Usage
		Usr 0 00:00:00, Sys 0 00:00:00  -  Run Local Usage
...
003 (5304.008.000) 11/08 02:49:35 Job was checkpointed.
	Usr 0 14:58:57, Sys 0 00:00:00  -  Run Remote Usage
		Usr 0 00:00:00, Sys 0 00:00:00  -  Run Local Usage
...
003 (5304.008.000) 11/08 05:49:31 Job was checkpointed.
	Usr 0 17:58:43, Sys 0 00:00:00  -  Run Remote Usage
		Usr 0 00:00:00, Sys 0 00:00:00  -  Run Local Usage
...
006 (5304.008.000) 11/08 08:49:29 Image size of job updated: 10825
...
003 (5304.008.000) 11/08 08:49:29 Job was checkpointed.
	Usr 0 20:58:30, Sys 0 00:00:00  -  Run Remote Usage
		Usr 0 00:00:00, Sys 0 00:00:00  -  Run Local Usage
...
003 (5304.008.000) 11/08 11:49:29 Job was checkpointed.
	Usr 0 23:58:22, Sys 0 00:00:01  -  Run Remote Usage
		Usr 0 00:00:00, Sys 0 00:00:00  -  Run Local Usage
...
003 (5304.008.000) 11/08 14:49:28 Job was checkpointed.
	Usr 1 02:58:11, Sys 0 00:00:01  -  Run Remote Usage
		Usr 0 00:00:00, Sys 0 00:00:00  -  Run Local Usage
...
003 (5304.008.000) 11/08 17:49:24 Job was checkpointed.
	Usr 1 05:57:57, Sys 0 00:00:01  -  Run Remote Usage
		Usr 0 00:00:00, Sys 0 00:00:00  -  Run Local Usage
...
003 (5304.008.000) 11/08 20:49:23 Job was checkpointed.
	Usr 1 08:57:43, Sys 0 00:00:01  -  Run Remote Usage
		Usr 0 00:00:00, Sys 0 00:00:00  -  Run Local Usage
...
003 (5304.008.000) 11/08 23:49:20 Job was checkpointed.
	Usr 1 11:57:28, Sys 0 00:00:02  -  Run Remote Usage
		Usr 0 00:00:00, Sys 0 00:00:00  -  Run Local Usage
...
003 (5304.008.000) 11/09 02:49:17 Job was checkpointed.
	Usr 1 14:57:16, Sys 0 00:00:02  -  Run Remote Usage
		Usr 0 00:00:00, Sys 0 00:00:00  -  Run Local Usage
...
003 (5304.008.000) 11/09 05:49:15 Job was checkpointed.
	Usr 1 17:57:05, Sys 0 00:00:02  -  Run Remote Usage
		Usr 0 00:00:00, Sys 0 00:00:00  -  Run Local Usage
...
003 (5304.008.000) 11/09 08:49:13 Job was checkpointed.
	Usr 1 20:56:54, Sys 0 00:00:02  -  Run Remote Usage
		Usr 0 00:00:00, Sys 0 00:00:00  -  Run Local Usage
...
004 (5304.008.000) 11/09 11:34:12 Job was evicted.
	(0) Job was not checkpointed.
		Usr 0 00:00:00, Sys 0 00:00:00  -  Run Remote Usage
		Usr 0 00:00:00, Sys 0 00:00:00  -  Run Local Usage
	12659954  -  Run Bytes Sent By Job
	4528892  -  Run Bytes Received By Job
...
009 (5304.008.000) 11/09 11:34:13 Job was aborted by the user.
	via condor_rm (by user Xiang)
...
