000 (5304.000.000) 11/07 11:45:16 Job submitted from host: <170.140.162.75:51408>
...
001 (5304.000.000) 11/07 11:45:23 Job executing on host: <192.168.203.14:49867>
...
005 (5304.000.000) 11/07 11:45:26 Job terminated.
	(1) Normal termination (return value 0)
		Usr 0 00:00:02, Sys 0 00:00:00  -  Run Remote Usage
		Usr 0 00:00:00, Sys 0 00:00:00  -  Run Local Usage
		Usr 0 00:00:02, Sys 0 00:00:00  -  Total Remote Usage
		Usr 0 00:00:00, Sys 0 00:00:00  -  Total Local Usage
	3941  -  Run Bytes Sent By Job
	4525381  -  Run Bytes Received By Job
	3941  -  Total Bytes Sent By Job
	4525381  -  Total Bytes Received By Job
...
000 (5309.000.000) 11/09 11:39:55 Job submitted from host: <170.140.162.75:51408>
...
001 (5309.000.000) 11/09 13:36:52 Job executing on host: <192.168.203.7:42838>
...
006 (5309.000.000) 11/09 16:36:48 Image size of job updated: 10725
...
003 (5309.000.000) 11/09 16:36:48 Job was checkpointed.
	Usr 0 02:59:44, Sys 0 00:00:00  -  Run Remote Usage
		Usr 0 00:00:00, Sys 0 00:00:00  -  Run Local Usage
...
003 (5309.000.000) 11/09 19:36:45 Job was checkpointed.
	Usr 0 05:59:31, Sys 0 00:00:00  -  Run Remote Usage
		Usr 0 00:00:00, Sys 0 00:00:00  -  Run Local Usage
...
003 (5309.000.000) 11/09 22:36:44 Job was checkpointed.
	Usr 0 08:59:16, Sys 0 00:00:00  -  Run Remote Usage
		Usr 0 00:00:00, Sys 0 00:00:00  -  Run Local Usage
...
003 (5309.000.000) 11/10 01:36:41 Job was checkpointed.
	Usr 0 11:59:05, Sys 0 00:00:00  -  Run Remote Usage
		Usr 0 00:00:00, Sys 0 00:00:00  -  Run Local Usage
...
003 (5309.000.000) 11/10 04:36:40 Job was checkpointed.
	Usr 0 14:58:54, Sys 0 00:00:00  -  Run Remote Usage
		Usr 0 00:00:00, Sys 0 00:00:00  -  Run Local Usage
...
003 (5309.000.000) 11/10 07:36:38 Job was checkpointed.
	Usr 0 17:58:42, Sys 0 00:00:00  -  Run Remote Usage
		Usr 0 00:00:00, Sys 0 00:00:00  -  Run Local Usage
...
003 (5309.000.000) 11/10 10:36:37 Job was checkpointed.
	Usr 0 20:58:33, Sys 0 00:00:00  -  Run Remote Usage
		Usr 0 00:00:00, Sys 0 00:00:00  -  Run Local Usage
...
003 (5309.000.000) 11/10 13:36:34 Job was checkpointed.
	Usr 0 23:58:22, Sys 0 00:00:00  -  Run Remote Usage
		Usr 0 00:00:00, Sys 0 00:00:00  -  Run Local Usage
...
003 (5309.000.000) 11/10 16:36:34 Job was checkpointed.
	Usr 1 02:58:13, Sys 0 00:00:01  -  Run Remote Usage
		Usr 0 00:00:00, Sys 0 00:00:00  -  Run Local Usage
...
003 (5309.000.000) 11/10 19:36:32 Job was checkpointed.
	Usr 1 05:58:02, Sys 0 00:00:01  -  Run Remote Usage
		Usr 0 00:00:00, Sys 0 00:00:00  -  Run Local Usage
...
003 (5309.000.000) 11/10 22:36:31 Job was checkpointed.
	Usr 1 08:57:49, Sys 0 00:00:01  -  Run Remote Usage
		Usr 0 00:00:00, Sys 0 00:00:00  -  Run Local Usage
...
003 (5309.000.000) 11/11 01:36:29 Job was checkpointed.
	Usr 1 11:57:37, Sys 0 00:00:01  -  Run Remote Usage
		Usr 0 00:00:00, Sys 0 00:00:00  -  Run Local Usage
...
003 (5309.000.000) 11/11 04:36:29 Job was checkpointed.
	Usr 1 14:57:26, Sys 0 00:00:01  -  Run Remote Usage
		Usr 0 00:00:00, Sys 0 00:00:00  -  Run Local Usage
...
003 (5309.000.000) 11/11 07:36:29 Job was checkpointed.
	Usr 1 17:57:16, Sys 0 00:00:01  -  Run Remote Usage
		Usr 0 00:00:00, Sys 0 00:00:00  -  Run Local Usage
...
003 (5309.000.000) 11/11 10:36:29 Job was checkpointed.
	Usr 1 20:57:08, Sys 0 00:00:01  -  Run Remote Usage
		Usr 0 00:00:00, Sys 0 00:00:00  -  Run Local Usage
...
003 (5309.000.000) 11/11 13:36:27 Job was checkpointed.
	Usr 1 23:57:00, Sys 0 00:00:01  -  Run Remote Usage
		Usr 0 00:00:00, Sys 0 00:00:00  -  Run Local Usage
...
003 (5309.000.000) 11/11 16:36:26 Job was checkpointed.
	Usr 2 02:56:51, Sys 0 00:00:01  -  Run Remote Usage
		Usr 0 00:00:00, Sys 0 00:00:00  -  Run Local Usage
...
003 (5309.000.000) 11/11 19:36:23 Job was checkpointed.
	Usr 2 05:56:39, Sys 0 00:00:02  -  Run Remote Usage
		Usr 0 00:00:00, Sys 0 00:00:00  -  Run Local Usage
...
003 (5309.000.000) 11/11 22:36:20 Job was checkpointed.
	Usr 2 08:56:25, Sys 0 00:00:02  -  Run Remote Usage
		Usr 0 00:00:00, Sys 0 00:00:00  -  Run Local Usage
...
003 (5309.000.000) 11/12 01:36:16 Job was checkpointed.
	Usr 2 11:56:15, Sys 0 00:00:02  -  Run Remote Usage
		Usr 0 00:00:00, Sys 0 00:00:00  -  Run Local Usage
...
003 (5309.000.000) 11/12 04:36:15 Job was checkpointed.
	Usr 2 14:56:06, Sys 0 00:00:02  -  Run Remote Usage
		Usr 0 00:00:00, Sys 0 00:00:00  -  Run Local Usage
...
003 (5309.000.000) 11/12 07:36:12 Job was checkpointed.
	Usr 2 17:55:55, Sys 0 00:00:02  -  Run Remote Usage
		Usr 0 00:00:00, Sys 0 00:00:00  -  Run Local Usage
...
003 (5309.000.000) 11/12 10:36:09 Job was checkpointed.
	Usr 2 20:55:43, Sys 0 00:00:02  -  Run Remote Usage
		Usr 0 00:00:00, Sys 0 00:00:00  -  Run Local Usage
...
003 (5309.000.000) 11/12 13:36:06 Job was checkpointed.
	Usr 2 23:55:33, Sys 0 00:00:02  -  Run Remote Usage
		Usr 0 00:00:00, Sys 0 00:00:00  -  Run Local Usage
...
003 (5309.000.000) 11/12 16:36:07 Job was checkpointed.
	Usr 3 02:55:25, Sys 0 00:00:02  -  Run Remote Usage
		Usr 0 00:00:00, Sys 0 00:00:00  -  Run Local Usage
...
003 (5309.000.000) 11/12 19:36:05 Job was checkpointed.
	Usr 3 05:55:14, Sys 0 00:00:03  -  Run Remote Usage
		Usr 0 00:00:00, Sys 0 00:00:00  -  Run Local Usage
...
003 (5309.000.000) 11/12 22:36:05 Job was checkpointed.
	Usr 3 08:54:59, Sys 0 00:00:03  -  Run Remote Usage
		Usr 0 00:00:00, Sys 0 00:00:00  -  Run Local Usage
...
005 (5309.000.000) 11/12 23:39:34 Job terminated.
	(1) Normal termination (return value 0)
		Usr 3 09:58:24, Sys 0 00:00:03  -  Run Remote Usage
		Usr 0 00:00:00, Sys 0 00:00:00  -  Run Local Usage
		Usr 3 09:58:24, Sys 0 00:00:03  -  Total Remote Usage
		Usr 0 00:00:00, Sys 0 00:00:00  -  Total Local Usage
	20081982  -  Run Bytes Sent By Job
	4532083  -  Run Bytes Received By Job
	20081982  -  Total Bytes Sent By Job
	4532083  -  Total Bytes Received By Job
...
