000 (5304.007.000) 11/07 11:45:16 Job submitted from host: <170.140.162.75:51408>
...
001 (5304.007.000) 11/07 11:46:03 Job executing on host: <192.168.203.7:42838>
...
006 (5304.007.000) 11/07 14:46:00 Image size of job updated: 10757
...
003 (5304.007.000) 11/07 14:46:00 Job was checkpointed.
	Usr 0 02:59:49, Sys 0 00:00:00  -  Run Remote Usage
		Usr 0 00:00:00, Sys 0 00:00:00  -  Run Local Usage
...
003 (5304.007.000) 11/07 17:45:58 Job was checkpointed.
	Usr 0 05:59:40, Sys 0 00:00:00  -  Run Remote Usage
		Usr 0 00:00:00, Sys 0 00:00:00  -  Run Local Usage
...
003 (5304.007.000) 11/07 20:45:55 Job was checkpointed.
	Usr 0 08:59:27, Sys 0 00:00:00  -  Run Remote Usage
		Usr 0 00:00:00, Sys 0 00:00:00  -  Run Local Usage
...
003 (5304.007.000) 11/07 23:45:51 Job was checkpointed.
	Usr 0 11:59:11, Sys 0 00:00:00  -  Run Remote Usage
		Usr 0 00:00:00, Sys 0 00:00:00  -  Run Local Usage
...
003 (5304.007.000) 11/08 02:45:50 Job was checkpointed.
	Usr 0 14:59:00, Sys 0 00:00:00  -  Run Remote Usage
		Usr 0 00:00:00, Sys 0 00:00:00  -  Run Local Usage
...
003 (5304.007.000) 11/08 05:45:50 Job was checkpointed.
	Usr 0 17:58:53, Sys 0 00:00:00  -  Run Remote Usage
		Usr 0 00:00:00, Sys 0 00:00:00  -  Run Local Usage
...
003 (5304.007.000) 11/08 08:45:50 Job was checkpointed.
	Usr 0 20:58:42, Sys 0 00:00:01  -  Run Remote Usage
		Usr 0 00:00:00, Sys 0 00:00:00  -  Run Local Usage
...
003 (5304.007.000) 11/08 11:45:49 Job was checkpointed.
	Usr 0 23:58:31, Sys 0 00:00:01  -  Run Remote Usage
		Usr 0 00:00:00, Sys 0 00:00:00  -  Run Local Usage
...
003 (5304.007.000) 11/08 14:45:47 Job was checkpointed.
	Usr 1 02:58:22, Sys 0 00:00:01  -  Run Remote Usage
		Usr 0 00:00:00, Sys 0 00:00:00  -  Run Local Usage
...
003 (5304.007.000) 11/08 17:45:44 Job was checkpointed.
	Usr 1 05:58:11, Sys 0 00:00:01  -  Run Remote Usage
		Usr 0 00:00:00, Sys 0 00:00:00  -  Run Local Usage
...
003 (5304.007.000) 11/08 20:45:43 Job was checkpointed.
	Usr 1 08:58:04, Sys 0 00:00:01  -  Run Remote Usage
		Usr 0 00:00:00, Sys 0 00:00:00  -  Run Local Usage
...
003 (5304.007.000) 11/08 23:45:42 Job was checkpointed.
	Usr 1 11:57:47, Sys 0 00:00:01  -  Run Remote Usage
		Usr 0 00:00:00, Sys 0 00:00:00  -  Run Local Usage
...
003 (5304.007.000) 11/09 02:45:41 Job was checkpointed.
	Usr 1 14:57:39, Sys 0 00:00:01  -  Run Remote Usage
		Usr 0 00:00:00, Sys 0 00:00:00  -  Run Local Usage
...
003 (5304.007.000) 11/09 05:45:40 Job was checkpointed.
	Usr 1 17:57:29, Sys 0 00:00:01  -  Run Remote Usage
		Usr 0 00:00:00, Sys 0 00:00:00  -  Run Local Usage
...
003 (5304.007.000) 11/09 08:45:38 Job was checkpointed.
	Usr 1 20:57:18, Sys 0 00:00:02  -  Run Remote Usage
		Usr 0 00:00:00, Sys 0 00:00:00  -  Run Local Usage
...
004 (5304.007.000) 11/09 11:34:12 Job was evicted.
	(0) Job was not checkpointed.
		Usr 0 00:00:00, Sys 0 00:00:00  -  Run Remote Usage
		Usr 0 00:00:00, Sys 0 00:00:00  -  Run Local Usage
	11635802  -  Run Bytes Sent By Job
	4528797  -  Run Bytes Received By Job
...
009 (5304.007.000) 11/09 11:34:13 Job was aborted by the user.
	via condor_rm (by user Xiang)
...
