000 (5304.002.000) 11/07 11:45:16 Job submitted from host: <170.140.162.75:51408>
...
001 (5304.002.000) 11/07 11:45:29 Job executing on host: <192.168.203.7:42838>
...
005 (5304.002.000) 11/07 11:49:43 Job terminated.
	(1) Normal termination (return value 0)
		Usr 0 00:04:13, Sys 0 00:00:00  -  Run Remote Usage
		Usr 0 00:00:00, Sys 0 00:00:00  -  Run Local Usage
		Usr 0 00:04:13, Sys 0 00:00:00  -  Total Remote Usage
		Usr 0 00:00:00, Sys 0 00:00:00  -  Total Local Usage
	4791  -  Run Bytes Sent By Job
	4525381  -  Run Bytes Received By Job
	4791  -  Total Bytes Sent By Job
	4525381  -  Total Bytes Received By Job
...
000 (5309.002.000) 11/09 11:39:55 Job submitted from host: <170.140.162.75:51408>
...
001 (5309.002.000) 11/10 08:05:03 Job executing on host: <192.168.203.9:60425>
...
006 (5309.002.000) 11/10 11:05:04 Image size of job updated: 10821
...
003 (5309.002.000) 11/10 11:05:05 Job was checkpointed.
	Usr 0 02:59:50, Sys 0 00:00:00  -  Run Remote Usage
		Usr 0 00:00:00, Sys 0 00:00:00  -  Run Local Usage
...
003 (5309.002.000) 11/10 14:05:07 Job was checkpointed.
	Usr 0 05:59:41, Sys 0 00:00:00  -  Run Remote Usage
		Usr 0 00:00:00, Sys 0 00:00:00  -  Run Local Usage
...
003 (5309.002.000) 11/10 17:05:10 Job was checkpointed.
	Usr 0 08:59:30, Sys 0 00:00:00  -  Run Remote Usage
		Usr 0 00:00:00, Sys 0 00:00:00  -  Run Local Usage
...
003 (5309.002.000) 11/10 20:05:12 Job was checkpointed.
	Usr 0 11:59:20, Sys 0 00:00:00  -  Run Remote Usage
		Usr 0 00:00:00, Sys 0 00:00:00  -  Run Local Usage
...
003 (5309.002.000) 11/10 23:05:17 Job was checkpointed.
	Usr 0 14:59:16, Sys 0 00:00:00  -  Run Remote Usage
		Usr 0 00:00:00, Sys 0 00:00:00  -  Run Local Usage
...
003 (5309.002.000) 11/11 02:05:18 Job was checkpointed.
	Usr 0 17:59:04, Sys 0 00:00:00  -  Run Remote Usage
		Usr 0 00:00:00, Sys 0 00:00:00  -  Run Local Usage
...
003 (5309.002.000) 11/11 05:05:22 Job was checkpointed.
	Usr 0 20:58:59, Sys 0 00:00:00  -  Run Remote Usage
		Usr 0 00:00:00, Sys 0 00:00:00  -  Run Local Usage
...
003 (5309.002.000) 11/11 08:05:24 Job was checkpointed.
	Usr 0 23:58:51, Sys 0 00:00:00  -  Run Remote Usage
		Usr 0 00:00:00, Sys 0 00:00:00  -  Run Local Usage
...
003 (5309.002.000) 11/11 11:05:29 Job was checkpointed.
	Usr 1 02:58:46, Sys 0 00:00:00  -  Run Remote Usage
		Usr 0 00:00:00, Sys 0 00:00:00  -  Run Local Usage
...
003 (5309.002.000) 11/11 14:05:31 Job was checkpointed.
	Usr 1 05:58:38, Sys 0 00:00:01  -  Run Remote Usage
		Usr 0 00:00:00, Sys 0 00:00:00  -  Run Local Usage
...
003 (5309.002.000) 11/11 17:05:32 Job was checkpointed.
	Usr 1 08:58:29, Sys 0 00:00:01  -  Run Remote Usage
		Usr 0 00:00:00, Sys 0 00:00:00  -  Run Local Usage
...
003 (5309.002.000) 11/11 20:05:36 Job was checkpointed.
	Usr 1 11:58:21, Sys 0 00:00:01  -  Run Remote Usage
		Usr 0 00:00:00, Sys 0 00:00:00  -  Run Local Usage
...
003 (5309.002.000) 11/11 23:05:39 Job was checkpointed.
	Usr 1 14:58:12, Sys 0 00:00:01  -  Run Remote Usage
		Usr 0 00:00:00, Sys 0 00:00:00  -  Run Local Usage
...
003 (5309.002.000) 11/12 02:05:44 Job was checkpointed.
	Usr 1 17:58:02, Sys 0 00:00:01  -  Run Remote Usage
		Usr 0 00:00:00, Sys 0 00:00:00  -  Run Local Usage
...
003 (5309.002.000) 11/12 05:05:44 Job was checkpointed.
	Usr 1 20:57:53, Sys 0 00:00:01  -  Run Remote Usage
		Usr 0 00:00:00, Sys 0 00:00:00  -  Run Local Usage
...
003 (5309.002.000) 11/12 08:05:46 Job was checkpointed.
	Usr 1 23:57:44, Sys 0 00:00:01  -  Run Remote Usage
		Usr 0 00:00:00, Sys 0 00:00:00  -  Run Local Usage
...
003 (5309.002.000) 11/12 11:05:48 Job was checkpointed.
	Usr 2 02:57:33, Sys 0 00:00:01  -  Run Remote Usage
		Usr 0 00:00:00, Sys 0 00:00:00  -  Run Local Usage
...
003 (5309.002.000) 11/12 14:05:49 Job was checkpointed.
	Usr 2 05:57:24, Sys 0 00:00:01  -  Run Remote Usage
		Usr 0 00:00:00, Sys 0 00:00:00  -  Run Local Usage
...
003 (5309.002.000) 11/12 17:05:50 Job was checkpointed.
	Usr 2 08:57:13, Sys 0 00:00:01  -  Run Remote Usage
		Usr 0 00:00:00, Sys 0 00:00:00  -  Run Local Usage
...
003 (5309.002.000) 11/12 20:05:53 Job was checkpointed.
	Usr 2 11:57:04, Sys 0 00:00:02  -  Run Remote Usage
		Usr 0 00:00:00, Sys 0 00:00:00  -  Run Local Usage
...
003 (5309.002.000) 11/12 23:05:56 Job was checkpointed.
	Usr 2 14:56:57, Sys 0 00:00:02  -  Run Remote Usage
		Usr 0 00:00:00, Sys 0 00:00:00  -  Run Local Usage
...
003 (5309.002.000) 11/13 02:06:00 Job was checkpointed.
	Usr 2 17:56:50, Sys 0 00:00:02  -  Run Remote Usage
		Usr 0 00:00:00, Sys 0 00:00:00  -  Run Local Usage
...
003 (5309.002.000) 11/13 05:06:04 Job was checkpointed.
	Usr 2 20:56:44, Sys 0 00:00:02  -  Run Remote Usage
		Usr 0 00:00:00, Sys 0 00:00:00  -  Run Local Usage
...
003 (5309.002.000) 11/13 08:06:07 Job was checkpointed.
	Usr 2 23:56:37, Sys 0 00:00:02  -  Run Remote Usage
		Usr 0 00:00:00, Sys 0 00:00:00  -  Run Local Usage
...
003 (5309.002.000) 11/13 11:06:13 Job was checkpointed.
	Usr 3 02:56:31, Sys 0 00:00:02  -  Run Remote Usage
		Usr 0 00:00:00, Sys 0 00:00:00  -  Run Local Usage
...
003 (5309.002.000) 11/13 14:06:17 Job was checkpointed.
	Usr 3 05:56:25, Sys 0 00:00:02  -  Run Remote Usage
		Usr 0 00:00:00, Sys 0 00:00:00  -  Run Local Usage
...
003 (5309.002.000) 11/13 17:06:18 Job was checkpointed.
	Usr 3 08:56:18, Sys 0 00:00:02  -  Run Remote Usage
		Usr 0 00:00:00, Sys 0 00:00:00  -  Run Local Usage
...
003 (5309.002.000) 11/13 20:06:21 Job was checkpointed.
	Usr 3 11:56:11, Sys 0 00:00:02  -  Run Remote Usage
		Usr 0 00:00:00, Sys 0 00:00:00  -  Run Local Usage
...
003 (5309.002.000) 11/13 23:06:24 Job was checkpointed.
	Usr 3 14:56:03, Sys 0 00:00:02  -  Run Remote Usage
		Usr 0 00:00:00, Sys 0 00:00:00  -  Run Local Usage
...
003 (5309.002.000) 11/14 02:06:27 Job was checkpointed.
	Usr 3 17:55:52, Sys 0 00:00:03  -  Run Remote Usage
		Usr 0 00:00:00, Sys 0 00:00:00  -  Run Local Usage
...
003 (5309.002.000) 11/14 05:06:31 Job was checkpointed.
	Usr 3 20:55:43, Sys 0 00:00:03  -  Run Remote Usage
		Usr 0 00:00:00, Sys 0 00:00:00  -  Run Local Usage
...
003 (5309.002.000) 11/14 08:06:33 Job was checkpointed.
	Usr 3 23:55:35, Sys 0 00:00:03  -  Run Remote Usage
		Usr 0 00:00:00, Sys 0 00:00:00  -  Run Local Usage
...
003 (5309.002.000) 11/14 11:06:37 Job was checkpointed.
	Usr 4 02:55:29, Sys 0 00:00:03  -  Run Remote Usage
		Usr 0 00:00:00, Sys 0 00:00:00  -  Run Local Usage
...
003 (5309.002.000) 11/14 14:06:38 Job was checkpointed.
	Usr 4 05:55:20, Sys 0 00:00:03  -  Run Remote Usage
		Usr 0 00:00:00, Sys 0 00:00:00  -  Run Local Usage
...
003 (5309.002.000) 11/14 17:06:40 Job was checkpointed.
	Usr 4 08:55:13, Sys 0 00:00:03  -  Run Remote Usage
		Usr 0 00:00:00, Sys 0 00:00:00  -  Run Local Usage
...
003 (5309.002.000) 11/14 20:06:44 Job was checkpointed.
	Usr 4 11:55:06, Sys 0 00:00:03  -  Run Remote Usage
		Usr 0 00:00:00, Sys 0 00:00:00  -  Run Local Usage
...
003 (5309.002.000) 11/14 23:06:47 Job was checkpointed.
	Usr 4 14:54:59, Sys 0 00:00:03  -  Run Remote Usage
		Usr 0 00:00:00, Sys 0 00:00:00  -  Run Local Usage
...
003 (5309.002.000) 11/15 02:06:48 Job was checkpointed.
	Usr 4 17:54:48, Sys 0 00:00:04  -  Run Remote Usage
		Usr 0 00:00:00, Sys 0 00:00:00  -  Run Local Usage
...
003 (5309.002.000) 11/15 05:06:49 Job was checkpointed.
	Usr 4 20:54:38, Sys 0 00:00:04  -  Run Remote Usage
		Usr 0 00:00:00, Sys 0 00:00:00  -  Run Local Usage
...
003 (5309.002.000) 11/15 08:06:53 Job was checkpointed.
	Usr 4 23:54:33, Sys 0 00:00:04  -  Run Remote Usage
		Usr 0 00:00:00, Sys 0 00:00:00  -  Run Local Usage
...
003 (5309.002.000) 11/15 11:06:58 Job was checkpointed.
	Usr 5 02:54:29, Sys 0 00:00:04  -  Run Remote Usage
		Usr 0 00:00:00, Sys 0 00:00:00  -  Run Local Usage
...
003 (5309.002.000) 11/15 14:06:59 Job was checkpointed.
	Usr 5 05:54:20, Sys 0 00:00:04  -  Run Remote Usage
		Usr 0 00:00:00, Sys 0 00:00:00  -  Run Local Usage
...
003 (5309.002.000) 11/15 17:07:01 Job was checkpointed.
	Usr 5 08:54:11, Sys 0 00:00:04  -  Run Remote Usage
		Usr 0 00:00:00, Sys 0 00:00:00  -  Run Local Usage
...
003 (5309.002.000) 11/15 20:07:06 Job was checkpointed.
	Usr 5 11:54:05, Sys 0 00:00:04  -  Run Remote Usage
		Usr 0 00:00:00, Sys 0 00:00:00  -  Run Local Usage
...
003 (5309.002.000) 11/15 23:07:08 Job was checkpointed.
	Usr 5 14:53:56, Sys 0 00:00:04  -  Run Remote Usage
		Usr 0 00:00:00, Sys 0 00:00:00  -  Run Local Usage
...
003 (5309.002.000) 11/16 02:07:09 Job was checkpointed.
	Usr 5 17:53:39, Sys 0 00:00:04  -  Run Remote Usage
		Usr 0 00:00:00, Sys 0 00:00:01  -  Run Local Usage
...
003 (5309.002.000) 11/16 05:07:12 Job was checkpointed.
	Usr 5 20:53:31, Sys 0 00:00:05  -  Run Remote Usage
		Usr 0 00:00:00, Sys 0 00:00:01  -  Run Local Usage
...
003 (5309.002.000) 11/16 08:07:15 Job was checkpointed.
	Usr 5 23:53:22, Sys 0 00:00:05  -  Run Remote Usage
		Usr 0 00:00:00, Sys 0 00:00:01  -  Run Local Usage
...
003 (5309.002.000) 11/16 11:07:16 Job was checkpointed.
	Usr 6 02:53:15, Sys 0 00:00:05  -  Run Remote Usage
		Usr 0 00:00:00, Sys 0 00:00:01  -  Run Local Usage
...
003 (5309.002.000) 11/16 14:07:20 Job was checkpointed.
	Usr 6 05:53:07, Sys 0 00:00:05  -  Run Remote Usage
		Usr 0 00:00:00, Sys 0 00:00:01  -  Run Local Usage
...
003 (5309.002.000) 11/16 17:07:23 Job was checkpointed.
	Usr 6 08:52:56, Sys 0 00:00:05  -  Run Remote Usage
		Usr 0 00:00:00, Sys 0 00:00:01  -  Run Local Usage
...
003 (5309.002.000) 11/16 20:07:25 Job was checkpointed.
	Usr 6 11:52:47, Sys 0 00:00:05  -  Run Remote Usage
		Usr 0 00:00:00, Sys 0 00:00:01  -  Run Local Usage
...
003 (5309.002.000) 11/16 23:07:27 Job was checkpointed.
	Usr 6 14:52:39, Sys 0 00:00:05  -  Run Remote Usage
		Usr 0 00:00:00, Sys 0 00:00:01  -  Run Local Usage
...
003 (5309.002.000) 11/17 02:07:31 Job was checkpointed.
	Usr 6 17:52:29, Sys 0 00:00:05  -  Run Remote Usage
		Usr 0 00:00:00, Sys 0 00:00:01  -  Run Local Usage
...
003 (5309.002.000) 11/17 05:07:33 Job was checkpointed.
	Usr 6 20:52:20, Sys 0 00:00:05  -  Run Remote Usage
		Usr 0 00:00:00, Sys 0 00:00:01  -  Run Local Usage
...
003 (5309.002.000) 11/17 08:07:35 Job was checkpointed.
	Usr 6 23:52:12, Sys 0 00:00:06  -  Run Remote Usage
		Usr 0 00:00:00, Sys 0 00:00:01  -  Run Local Usage
...
003 (5309.002.000) 11/17 11:07:37 Job was checkpointed.
	Usr 7 02:52:06, Sys 0 00:00:06  -  Run Remote Usage
		Usr 0 00:00:00, Sys 0 00:00:01  -  Run Local Usage
...
003 (5309.002.000) 11/17 14:07:40 Job was checkpointed.
	Usr 7 05:51:57, Sys 0 00:00:06  -  Run Remote Usage
		Usr 0 00:00:00, Sys 0 00:00:01  -  Run Local Usage
...
003 (5309.002.000) 11/17 17:07:43 Job was checkpointed.
	Usr 7 08:51:50, Sys 0 00:00:06  -  Run Remote Usage
		Usr 0 00:00:00, Sys 0 00:00:01  -  Run Local Usage
...
003 (5309.002.000) 11/17 20:07:46 Job was checkpointed.
	Usr 7 11:51:42, Sys 0 00:00:06  -  Run Remote Usage
		Usr 0 00:00:00, Sys 0 00:00:01  -  Run Local Usage
...
003 (5309.002.000) 11/17 23:07:48 Job was checkpointed.
	Usr 7 14:51:32, Sys 0 00:00:06  -  Run Remote Usage
		Usr 0 00:00:00, Sys 0 00:00:01  -  Run Local Usage
...
003 (5309.002.000) 11/18 02:07:53 Job was checkpointed.
	Usr 7 17:51:25, Sys 0 00:00:06  -  Run Remote Usage
		Usr 0 00:00:00, Sys 0 00:00:01  -  Run Local Usage
...
003 (5309.002.000) 11/18 05:07:57 Job was checkpointed.
	Usr 7 20:51:16, Sys 0 00:00:06  -  Run Remote Usage
		Usr 0 00:00:00, Sys 0 00:00:01  -  Run Local Usage
...
003 (5309.002.000) 11/18 08:08:00 Job was checkpointed.
	Usr 7 23:51:09, Sys 0 00:00:06  -  Run Remote Usage
		Usr 0 00:00:00, Sys 0 00:00:01  -  Run Local Usage
...
003 (5309.002.000) 11/18 11:08:05 Job was checkpointed.
	Usr 8 02:51:01, Sys 0 00:00:07  -  Run Remote Usage
		Usr 0 00:00:00, Sys 0 00:00:01  -  Run Local Usage
...
003 (5309.002.000) 11/18 14:08:06 Job was checkpointed.
	Usr 8 05:50:52, Sys 0 00:00:07  -  Run Remote Usage
		Usr 0 00:00:00, Sys 0 00:00:01  -  Run Local Usage
...
003 (5309.002.000) 11/18 17:08:07 Job was checkpointed.
	Usr 8 08:50:41, Sys 0 00:00:07  -  Run Remote Usage
		Usr 0 00:00:00, Sys 0 00:00:01  -  Run Local Usage
...
003 (5309.002.000) 11/18 20:08:09 Job was checkpointed.
	Usr 8 11:50:33, Sys 0 00:00:07  -  Run Remote Usage
		Usr 0 00:00:00, Sys 0 00:00:01  -  Run Local Usage
...
003 (5309.002.000) 11/18 23:08:10 Job was checkpointed.
	Usr 8 14:50:23, Sys 0 00:00:07  -  Run Remote Usage
		Usr 0 00:00:00, Sys 0 00:00:01  -  Run Local Usage
...
003 (5309.002.000) 11/19 02:08:13 Job was checkpointed.
	Usr 8 17:50:10, Sys 0 00:00:07  -  Run Remote Usage
		Usr 0 00:00:00, Sys 0 00:00:01  -  Run Local Usage
...
003 (5309.002.000) 11/19 05:08:17 Job was checkpointed.
	Usr 8 20:50:03, Sys 0 00:00:07  -  Run Remote Usage
		Usr 0 00:00:00, Sys 0 00:00:01  -  Run Local Usage
...
003 (5309.002.000) 11/19 08:08:21 Job was checkpointed.
	Usr 8 23:49:58, Sys 0 00:00:07  -  Run Remote Usage
		Usr 0 00:00:00, Sys 0 00:00:01  -  Run Local Usage
...
003 (5309.002.000) 11/19 11:08:24 Job was checkpointed.
	Usr 9 02:49:53, Sys 0 00:00:07  -  Run Remote Usage
		Usr 0 00:00:00, Sys 0 00:00:01  -  Run Local Usage
...
003 (5309.002.000) 11/19 14:08:28 Job was checkpointed.
	Usr 9 05:49:48, Sys 0 00:00:08  -  Run Remote Usage
		Usr 0 00:00:00, Sys 0 00:00:01  -  Run Local Usage
...
003 (5309.002.000) 11/19 17:08:30 Job was checkpointed.
	Usr 9 08:49:39, Sys 0 00:00:08  -  Run Remote Usage
		Usr 0 00:00:00, Sys 0 00:00:01  -  Run Local Usage
...
003 (5309.002.000) 11/19 20:08:33 Job was checkpointed.
	Usr 9 11:49:30, Sys 0 00:00:08  -  Run Remote Usage
		Usr 0 00:00:00, Sys 0 00:00:01  -  Run Local Usage
...
003 (5309.002.000) 11/19 23:08:36 Job was checkpointed.
	Usr 9 14:49:22, Sys 0 00:00:08  -  Run Remote Usage
		Usr 0 00:00:00, Sys 0 00:00:01  -  Run Local Usage
...
003 (5309.002.000) 11/20 02:08:41 Job was checkpointed.
	Usr 9 17:49:15, Sys 0 00:00:08  -  Run Remote Usage
		Usr 0 00:00:00, Sys 0 00:00:01  -  Run Local Usage
...
003 (5309.002.000) 11/20 05:08:46 Job was checkpointed.
	Usr 9 20:49:09, Sys 0 00:00:08  -  Run Remote Usage
		Usr 0 00:00:00, Sys 0 00:00:01  -  Run Local Usage
...
003 (5309.002.000) 11/20 08:08:47 Job was checkpointed.
	Usr 9 23:49:01, Sys 0 00:00:08  -  Run Remote Usage
		Usr 0 00:00:00, Sys 0 00:00:01  -  Run Local Usage
...
003 (5309.002.000) 11/20 11:08:53 Job was checkpointed.
	Usr 10 02:48:57, Sys 0 00:00:08  -  Run Remote Usage
		Usr 0 00:00:00, Sys 0 00:00:01  -  Run Local Usage
...
003 (5309.002.000) 11/20 14:08:55 Job was checkpointed.
	Usr 10 05:48:46, Sys 0 00:00:08  -  Run Remote Usage
		Usr 0 00:00:00, Sys 0 00:00:01  -  Run Local Usage
...
003 (5309.002.000) 11/20 17:08:59 Job was checkpointed.
	Usr 10 08:48:38, Sys 0 00:00:09  -  Run Remote Usage
		Usr 0 00:00:00, Sys 0 00:00:01  -  Run Local Usage
...
003 (5309.002.000) 11/20 20:09:01 Job was checkpointed.
	Usr 10 11:48:28, Sys 0 00:00:09  -  Run Remote Usage
		Usr 0 00:00:00, Sys 0 00:00:01  -  Run Local Usage
...
003 (5309.002.000) 11/20 23:09:04 Job was checkpointed.
	Usr 10 14:48:21, Sys 0 00:00:09  -  Run Remote Usage
		Usr 0 00:00:00, Sys 0 00:00:01  -  Run Local Usage
...
003 (5309.002.000) 11/21 02:09:08 Job was checkpointed.
	Usr 10 17:48:10, Sys 0 00:00:10  -  Run Remote Usage
		Usr 0 00:00:00, Sys 0 00:00:01  -  Run Local Usage
...
003 (5309.002.000) 11/21 05:09:10 Job was checkpointed.
	Usr 10 20:48:01, Sys 0 00:00:10  -  Run Remote Usage
		Usr 0 00:00:00, Sys 0 00:00:01  -  Run Local Usage
...
003 (5309.002.000) 11/21 08:09:15 Job was checkpointed.
	Usr 10 23:47:57, Sys 0 00:00:10  -  Run Remote Usage
		Usr 0 00:00:00, Sys 0 00:00:01  -  Run Local Usage
...
003 (5309.002.000) 11/21 11:09:15 Job was checkpointed.
	Usr 11 02:47:43, Sys 0 00:00:10  -  Run Remote Usage
		Usr 0 00:00:00, Sys 0 00:00:01  -  Run Local Usage
...
003 (5309.002.000) 11/21 14:09:18 Job was checkpointed.
	Usr 11 05:47:36, Sys 0 00:00:10  -  Run Remote Usage
		Usr 0 00:00:00, Sys 0 00:00:01  -  Run Local Usage
...
003 (5309.002.000) 11/21 17:09:19 Job was checkpointed.
	Usr 11 08:47:26, Sys 0 00:00:10  -  Run Remote Usage
		Usr 0 00:00:00, Sys 0 00:00:01  -  Run Local Usage
...
003 (5309.002.000) 11/21 20:09:20 Job was checkpointed.
	Usr 11 11:47:16, Sys 0 00:00:10  -  Run Remote Usage
		Usr 0 00:00:00, Sys 0 00:00:01  -  Run Local Usage
...
003 (5309.002.000) 11/21 23:09:21 Job was checkpointed.
	Usr 11 14:47:07, Sys 0 00:00:10  -  Run Remote Usage
		Usr 0 00:00:00, Sys 0 00:00:01  -  Run Local Usage
...
003 (5309.002.000) 11/22 02:09:25 Job was checkpointed.
	Usr 11 17:46:59, Sys 0 00:00:10  -  Run Remote Usage
		Usr 0 00:00:00, Sys 0 00:00:01  -  Run Local Usage
...
003 (5309.002.000) 11/22 05:09:28 Job was checkpointed.
	Usr 11 20:46:53, Sys 0 00:00:10  -  Run Remote Usage
		Usr 0 00:00:00, Sys 0 00:00:02  -  Run Local Usage
...
003 (5309.002.000) 11/22 08:09:30 Job was checkpointed.
	Usr 11 23:46:41, Sys 0 00:00:10  -  Run Remote Usage
		Usr 0 00:00:00, Sys 0 00:00:02  -  Run Local Usage
...
003 (5309.002.000) 11/22 11:09:31 Job was checkpointed.
	Usr 12 02:46:31, Sys 0 00:00:11  -  Run Remote Usage
		Usr 0 00:00:00, Sys 0 00:00:02  -  Run Local Usage
...
003 (5309.002.000) 11/22 14:09:35 Job was checkpointed.
	Usr 12 05:46:24, Sys 0 00:00:11  -  Run Remote Usage
		Usr 0 00:00:00, Sys 0 00:00:02  -  Run Local Usage
...
003 (5309.002.000) 11/22 17:09:39 Job was checkpointed.
	Usr 12 08:46:19, Sys 0 00:00:11  -  Run Remote Usage
		Usr 0 00:00:00, Sys 0 00:00:02  -  Run Local Usage
...
003 (5309.002.000) 11/22 20:09:43 Job was checkpointed.
	Usr 12 11:46:12, Sys 0 00:00:11  -  Run Remote Usage
		Usr 0 00:00:00, Sys 0 00:00:02  -  Run Local Usage
...
003 (5309.002.000) 11/22 23:09:45 Job was checkpointed.
	Usr 12 14:46:01, Sys 0 00:00:11  -  Run Remote Usage
		Usr 0 00:00:00, Sys 0 00:00:02  -  Run Local Usage
...
003 (5309.002.000) 11/23 02:09:51 Job was checkpointed.
	Usr 12 17:45:54, Sys 0 00:00:11  -  Run Remote Usage
		Usr 0 00:00:00, Sys 0 00:00:02  -  Run Local Usage
...
003 (5309.002.000) 11/23 05:09:53 Job was checkpointed.
	Usr 12 20:45:46, Sys 0 00:00:11  -  Run Remote Usage
		Usr 0 00:00:00, Sys 0 00:00:02  -  Run Local Usage
...
003 (5309.002.000) 11/23 08:09:58 Job was checkpointed.
	Usr 12 23:45:41, Sys 0 00:00:11  -  Run Remote Usage
		Usr 0 00:00:00, Sys 0 00:00:02  -  Run Local Usage
...
003 (5309.002.000) 11/23 11:10:00 Job was checkpointed.
	Usr 13 02:45:31, Sys 0 00:00:12  -  Run Remote Usage
		Usr 0 00:00:00, Sys 0 00:00:02  -  Run Local Usage
...
003 (5309.002.000) 11/23 14:10:05 Job was checkpointed.
	Usr 13 05:45:27, Sys 0 00:00:12  -  Run Remote Usage
		Usr 0 00:00:00, Sys 0 00:00:02  -  Run Local Usage
...
003 (5309.002.000) 11/23 17:10:08 Job was checkpointed.
	Usr 13 08:45:19, Sys 0 00:00:12  -  Run Remote Usage
		Usr 0 00:00:00, Sys 0 00:00:02  -  Run Local Usage
...
003 (5309.002.000) 11/23 20:10:10 Job was checkpointed.
	Usr 13 11:45:11, Sys 0 00:00:12  -  Run Remote Usage
		Usr 0 00:00:00, Sys 0 00:00:02  -  Run Local Usage
...
003 (5309.002.000) 11/23 23:10:12 Job was checkpointed.
	Usr 13 14:45:01, Sys 0 00:00:12  -  Run Remote Usage
		Usr 0 00:00:00, Sys 0 00:00:02  -  Run Local Usage
...
003 (5309.002.000) 11/24 02:10:17 Job was checkpointed.
	Usr 13 17:44:51, Sys 0 00:00:12  -  Run Remote Usage
		Usr 0 00:00:00, Sys 0 00:00:02  -  Run Local Usage
...
003 (5309.002.000) 11/24 05:10:19 Job was checkpointed.
	Usr 13 20:44:42, Sys 0 00:00:12  -  Run Remote Usage
		Usr 0 00:00:00, Sys 0 00:00:02  -  Run Local Usage
...
003 (5309.002.000) 11/24 08:10:19 Job was checkpointed.
	Usr 13 23:44:32, Sys 0 00:00:12  -  Run Remote Usage
		Usr 0 00:00:00, Sys 0 00:00:02  -  Run Local Usage
...
003 (5309.002.000) 11/24 11:10:20 Job was checkpointed.
	Usr 14 02:44:21, Sys 0 00:00:12  -  Run Remote Usage
		Usr 0 00:00:00, Sys 0 00:00:02  -  Run Local Usage
...
003 (5309.002.000) 11/24 14:10:22 Job was checkpointed.
	Usr 14 05:44:13, Sys 0 00:00:12  -  Run Remote Usage
		Usr 0 00:00:00, Sys 0 00:00:02  -  Run Local Usage
...
003 (5309.002.000) 11/24 17:10:25 Job was checkpointed.
	Usr 14 08:44:05, Sys 0 00:00:12  -  Run Remote Usage
		Usr 0 00:00:00, Sys 0 00:00:02  -  Run Local Usage
...
003 (5309.002.000) 11/24 20:10:26 Job was checkpointed.
	Usr 14 11:43:57, Sys 0 00:00:13  -  Run Remote Usage
		Usr 0 00:00:00, Sys 0 00:00:02  -  Run Local Usage
...
003 (5309.002.000) 11/24 23:10:30 Job was checkpointed.
	Usr 14 14:43:51, Sys 0 00:00:13  -  Run Remote Usage
		Usr 0 00:00:00, Sys 0 00:00:02  -  Run Local Usage
...
003 (5309.002.000) 11/25 02:10:33 Job was checkpointed.
	Usr 14 17:43:40, Sys 0 00:00:13  -  Run Remote Usage
		Usr 0 00:00:00, Sys 0 00:00:02  -  Run Local Usage
...
003 (5309.002.000) 11/25 05:10:37 Job was checkpointed.
	Usr 14 20:43:38, Sys 0 00:00:13  -  Run Remote Usage
		Usr 0 00:00:00, Sys 0 00:00:02  -  Run Local Usage
...
003 (5309.002.000) 11/25 08:10:41 Job was checkpointed.
	Usr 14 23:43:31, Sys 0 00:00:13  -  Run Remote Usage
		Usr 0 00:00:00, Sys 0 00:00:02  -  Run Local Usage
...
003 (5309.002.000) 11/25 11:10:46 Job was checkpointed.
	Usr 15 02:43:26, Sys 0 00:00:13  -  Run Remote Usage
		Usr 0 00:00:00, Sys 0 00:00:02  -  Run Local Usage
...
003 (5309.002.000) 11/25 14:10:47 Job was checkpointed.
	Usr 15 05:43:16, Sys 0 00:00:13  -  Run Remote Usage
		Usr 0 00:00:00, Sys 0 00:00:02  -  Run Local Usage
...
003 (5309.002.000) 11/25 17:10:48 Job was checkpointed.
	Usr 15 08:43:06, Sys 0 00:00:13  -  Run Remote Usage
		Usr 0 00:00:00, Sys 0 00:00:02  -  Run Local Usage
...
003 (5309.002.000) 11/25 20:10:49 Job was checkpointed.
	Usr 15 11:42:56, Sys 0 00:00:14  -  Run Remote Usage
		Usr 0 00:00:00, Sys 0 00:00:02  -  Run Local Usage
...
003 (5309.002.000) 11/25 23:10:54 Job was checkpointed.
	Usr 15 14:42:51, Sys 0 00:00:14  -  Run Remote Usage
		Usr 0 00:00:00, Sys 0 00:00:02  -  Run Local Usage
...
003 (5309.002.000) 11/26 02:10:56 Job was checkpointed.
	Usr 15 17:42:38, Sys 0 00:00:14  -  Run Remote Usage
		Usr 0 00:00:00, Sys 0 00:00:02  -  Run Local Usage
...
003 (5309.002.000) 11/26 05:10:59 Job was checkpointed.
	Usr 15 20:42:29, Sys 0 00:00:14  -  Run Remote Usage
		Usr 0 00:00:00, Sys 0 00:00:02  -  Run Local Usage
...
003 (5309.002.000) 11/26 08:11:02 Job was checkpointed.
	Usr 15 23:42:21, Sys 0 00:00:14  -  Run Remote Usage
		Usr 0 00:00:00, Sys 0 00:00:02  -  Run Local Usage
...
003 (5309.002.000) 11/26 11:11:03 Job was checkpointed.
	Usr 16 02:42:12, Sys 0 00:00:14  -  Run Remote Usage
		Usr 0 00:00:00, Sys 0 00:00:02  -  Run Local Usage
...
003 (5309.002.000) 11/26 14:11:07 Job was checkpointed.
	Usr 16 05:42:07, Sys 0 00:00:14  -  Run Remote Usage
		Usr 0 00:00:00, Sys 0 00:00:02  -  Run Local Usage
...
003 (5309.002.000) 11/26 17:11:12 Job was checkpointed.
	Usr 16 08:41:59, Sys 0 00:00:14  -  Run Remote Usage
		Usr 0 00:00:00, Sys 0 00:00:02  -  Run Local Usage
...
003 (5309.002.000) 11/26 20:11:14 Job was checkpointed.
	Usr 16 11:41:53, Sys 0 00:00:14  -  Run Remote Usage
		Usr 0 00:00:00, Sys 0 00:00:02  -  Run Local Usage
...
003 (5309.002.000) 11/26 23:11:17 Job was checkpointed.
	Usr 16 14:41:48, Sys 0 00:00:14  -  Run Remote Usage
		Usr 0 00:00:00, Sys 0 00:00:02  -  Run Local Usage
...
003 (5309.002.000) 11/27 02:11:22 Job was checkpointed.
	Usr 16 17:41:39, Sys 0 00:00:15  -  Run Remote Usage
		Usr 0 00:00:00, Sys 0 00:00:02  -  Run Local Usage
...
003 (5309.002.000) 11/27 05:11:23 Job was checkpointed.
	Usr 16 20:41:30, Sys 0 00:00:15  -  Run Remote Usage
		Usr 0 00:00:00, Sys 0 00:00:02  -  Run Local Usage
...
003 (5309.002.000) 11/27 08:11:23 Job was checkpointed.
	Usr 16 23:41:20, Sys 0 00:00:15  -  Run Remote Usage
		Usr 0 00:00:00, Sys 0 00:00:02  -  Run Local Usage
...
003 (5309.002.000) 11/27 11:11:27 Job was checkpointed.
	Usr 17 02:41:12, Sys 0 00:00:15  -  Run Remote Usage
		Usr 0 00:00:00, Sys 0 00:00:02  -  Run Local Usage
...
003 (5309.002.000) 11/27 14:11:28 Job was checkpointed.
	Usr 17 05:41:02, Sys 0 00:00:15  -  Run Remote Usage
		Usr 0 00:00:00, Sys 0 00:00:02  -  Run Local Usage
...
003 (5309.002.000) 11/27 17:11:31 Job was checkpointed.
	Usr 17 08:40:58, Sys 0 00:00:15  -  Run Remote Usage
		Usr 0 00:00:00, Sys 0 00:00:02  -  Run Local Usage
...
003 (5309.002.000) 11/27 20:11:34 Job was checkpointed.
	Usr 17 11:40:52, Sys 0 00:00:15  -  Run Remote Usage
		Usr 0 00:00:00, Sys 0 00:00:02  -  Run Local Usage
...
003 (5309.002.000) 11/27 23:11:35 Job was checkpointed.
	Usr 17 14:40:42, Sys 0 00:00:15  -  Run Remote Usage
		Usr 0 00:00:00, Sys 0 00:00:02  -  Run Local Usage
...
003 (5309.002.000) 11/28 02:11:38 Job was checkpointed.
	Usr 17 17:40:29, Sys 0 00:00:16  -  Run Remote Usage
		Usr 0 00:00:00, Sys 0 00:00:03  -  Run Local Usage
...
003 (5309.002.000) 11/28 05:11:41 Job was checkpointed.
	Usr 17 20:40:22, Sys 0 00:00:16  -  Run Remote Usage
		Usr 0 00:00:00, Sys 0 00:00:03  -  Run Local Usage
...
003 (5309.002.000) 11/28 08:11:43 Job was checkpointed.
	Usr 17 23:40:13, Sys 0 00:00:16  -  Run Remote Usage
		Usr 0 00:00:00, Sys 0 00:00:03  -  Run Local Usage
...
003 (5309.002.000) 11/28 11:11:44 Job was checkpointed.
	Usr 18 02:40:06, Sys 0 00:00:16  -  Run Remote Usage
		Usr 0 00:00:00, Sys 0 00:00:03  -  Run Local Usage
...
003 (5309.002.000) 11/28 14:11:46 Job was checkpointed.
	Usr 18 05:39:59, Sys 0 00:00:16  -  Run Remote Usage
		Usr 0 00:00:00, Sys 0 00:00:03  -  Run Local Usage
...
003 (5309.002.000) 11/28 17:11:46 Job was checkpointed.
	Usr 18 08:39:49, Sys 0 00:00:16  -  Run Remote Usage
		Usr 0 00:00:00, Sys 0 00:00:03  -  Run Local Usage
...
003 (5309.002.000) 11/28 20:11:49 Job was checkpointed.
	Usr 18 11:39:41, Sys 0 00:00:16  -  Run Remote Usage
		Usr 0 00:00:00, Sys 0 00:00:03  -  Run Local Usage
...
003 (5309.002.000) 11/28 23:11:54 Job was checkpointed.
	Usr 18 14:39:36, Sys 0 00:00:16  -  Run Remote Usage
		Usr 0 00:00:00, Sys 0 00:00:03  -  Run Local Usage
...
003 (5309.002.000) 11/29 02:11:57 Job was checkpointed.
	Usr 18 17:39:27, Sys 0 00:00:17  -  Run Remote Usage
		Usr 0 00:00:00, Sys 0 00:00:03  -  Run Local Usage
...
003 (5309.002.000) 11/29 05:12:01 Job was checkpointed.
	Usr 18 20:39:20, Sys 0 00:00:17  -  Run Remote Usage
		Usr 0 00:00:00, Sys 0 00:00:03  -  Run Local Usage
...
003 (5309.002.000) 11/29 08:12:03 Job was checkpointed.
	Usr 18 23:39:12, Sys 0 00:00:17  -  Run Remote Usage
		Usr 0 00:00:00, Sys 0 00:00:03  -  Run Local Usage
...
003 (5309.002.000) 11/29 11:12:05 Job was checkpointed.
	Usr 19 02:39:04, Sys 0 00:00:17  -  Run Remote Usage
		Usr 0 00:00:00, Sys 0 00:00:03  -  Run Local Usage
...
003 (5309.002.000) 11/29 14:12:05 Job was checkpointed.
	Usr 19 05:38:54, Sys 0 00:00:17  -  Run Remote Usage
		Usr 0 00:00:00, Sys 0 00:00:03  -  Run Local Usage
...
003 (5309.002.000) 11/29 17:12:09 Job was checkpointed.
	Usr 19 08:38:47, Sys 0 00:00:17  -  Run Remote Usage
		Usr 0 00:00:01, Sys 0 00:00:03  -  Run Local Usage
...
003 (5309.002.000) 11/29 20:12:12 Job was checkpointed.
	Usr 19 11:38:39, Sys 0 00:00:17  -  Run Remote Usage
		Usr 0 00:00:01, Sys 0 00:00:03  -  Run Local Usage
...
003 (5309.002.000) 11/29 23:12:14 Job was checkpointed.
	Usr 19 14:38:31, Sys 0 00:00:17  -  Run Remote Usage
		Usr 0 00:00:01, Sys 0 00:00:03  -  Run Local Usage
...
003 (5309.002.000) 11/30 02:12:17 Job was checkpointed.
	Usr 19 17:38:21, Sys 0 00:00:18  -  Run Remote Usage
		Usr 0 00:00:01, Sys 0 00:00:03  -  Run Local Usage
...
003 (5309.002.000) 11/30 05:12:20 Job was checkpointed.
	Usr 19 20:38:15, Sys 0 00:00:18  -  Run Remote Usage
		Usr 0 00:00:01, Sys 0 00:00:03  -  Run Local Usage
...
003 (5309.002.000) 11/30 08:12:20 Job was checkpointed.
	Usr 19 23:38:05, Sys 0 00:00:18  -  Run Remote Usage
		Usr 0 00:00:01, Sys 0 00:00:03  -  Run Local Usage
...
003 (5309.002.000) 11/30 11:12:23 Job was checkpointed.
	Usr 20 02:38:00, Sys 0 00:00:18  -  Run Remote Usage
		Usr 0 00:00:01, Sys 0 00:00:03  -  Run Local Usage
...
003 (5309.002.000) 11/30 14:12:25 Job was checkpointed.
	Usr 20 05:37:51, Sys 0 00:00:18  -  Run Remote Usage
		Usr 0 00:00:01, Sys 0 00:00:03  -  Run Local Usage
...
003 (5309.002.000) 11/30 17:12:28 Job was checkpointed.
	Usr 20 08:37:43, Sys 0 00:00:18  -  Run Remote Usage
		Usr 0 00:00:01, Sys 0 00:00:03  -  Run Local Usage
...
003 (5309.002.000) 11/30 20:12:31 Job was checkpointed.
	Usr 20 11:37:35, Sys 0 00:00:18  -  Run Remote Usage
		Usr 0 00:00:01, Sys 0 00:00:03  -  Run Local Usage
...
003 (5309.002.000) 11/30 23:12:34 Job was checkpointed.
	Usr 20 14:37:25, Sys 0 00:00:18  -  Run Remote Usage
		Usr 0 00:00:01, Sys 0 00:00:03  -  Run Local Usage
...
003 (5309.002.000) 12/01 02:12:37 Job was checkpointed.
	Usr 20 17:37:16, Sys 0 00:00:19  -  Run Remote Usage
		Usr 0 00:00:01, Sys 0 00:00:03  -  Run Local Usage
...
003 (5309.002.000) 12/01 05:12:37 Job was checkpointed.
	Usr 20 20:37:03, Sys 0 00:00:19  -  Run Remote Usage
		Usr 0 00:00:01, Sys 0 00:00:03  -  Run Local Usage
...
003 (5309.002.000) 12/01 08:12:41 Job was checkpointed.
	Usr 20 23:36:57, Sys 0 00:00:19  -  Run Remote Usage
		Usr 0 00:00:01, Sys 0 00:00:03  -  Run Local Usage
...
003 (5309.002.000) 12/01 11:12:46 Job was checkpointed.
	Usr 21 02:36:50, Sys 0 00:00:19  -  Run Remote Usage
		Usr 0 00:00:01, Sys 0 00:00:03  -  Run Local Usage
...
003 (5309.002.000) 12/01 14:12:48 Job was checkpointed.
	Usr 21 05:36:41, Sys 0 00:00:19  -  Run Remote Usage
		Usr 0 00:00:01, Sys 0 00:00:03  -  Run Local Usage
...
003 (5309.002.000) 12/01 17:12:51 Job was checkpointed.
	Usr 21 08:36:35, Sys 0 00:00:19  -  Run Remote Usage
		Usr 0 00:00:01, Sys 0 00:00:03  -  Run Local Usage
...
003 (5309.002.000) 12/01 20:12:53 Job was checkpointed.
	Usr 21 11:36:25, Sys 0 00:00:19  -  Run Remote Usage
		Usr 0 00:00:01, Sys 0 00:00:03  -  Run Local Usage
...
003 (5309.002.000) 12/01 23:12:57 Job was checkpointed.
	Usr 21 14:36:19, Sys 0 00:00:19  -  Run Remote Usage
		Usr 0 00:00:01, Sys 0 00:00:03  -  Run Local Usage
...
003 (5309.002.000) 12/02 02:13:01 Job was checkpointed.
	Usr 21 17:36:07, Sys 0 00:00:19  -  Run Remote Usage
		Usr 0 00:00:01, Sys 0 00:00:03  -  Run Local Usage
...
003 (5309.002.000) 12/02 05:13:04 Job was checkpointed.
	Usr 21 20:35:58, Sys 0 00:00:19  -  Run Remote Usage
		Usr 0 00:00:01, Sys 0 00:00:03  -  Run Local Usage
...
003 (5309.002.000) 12/02 08:13:06 Job was checkpointed.
	Usr 21 23:35:50, Sys 0 00:00:19  -  Run Remote Usage
		Usr 0 00:00:01, Sys 0 00:00:03  -  Run Local Usage
...
003 (5309.002.000) 12/02 11:13:06 Job was checkpointed.
	Usr 22 02:35:39, Sys 0 00:00:20  -  Run Remote Usage
		Usr 0 00:00:01, Sys 0 00:00:03  -  Run Local Usage
...
003 (5309.002.000) 12/02 14:13:09 Job was checkpointed.
	Usr 22 05:35:32, Sys 0 00:00:20  -  Run Remote Usage
		Usr 0 00:00:01, Sys 0 00:00:03  -  Run Local Usage
...
003 (5309.002.000) 12/02 17:13:10 Job was checkpointed.
	Usr 22 08:35:22, Sys 0 00:00:20  -  Run Remote Usage
		Usr 0 00:00:01, Sys 0 00:00:03  -  Run Local Usage
...
003 (5309.002.000) 12/02 20:13:10 Job was checkpointed.
	Usr 22 11:35:12, Sys 0 00:00:20  -  Run Remote Usage
		Usr 0 00:00:01, Sys 0 00:00:03  -  Run Local Usage
...
003 (5309.002.000) 12/02 23:13:14 Job was checkpointed.
	Usr 22 14:35:06, Sys 0 00:00:20  -  Run Remote Usage
		Usr 0 00:00:01, Sys 0 00:00:03  -  Run Local Usage
...
003 (5309.002.000) 12/03 02:13:15 Job was checkpointed.
	Usr 22 17:34:52, Sys 0 00:00:20  -  Run Remote Usage
		Usr 0 00:00:01, Sys 0 00:00:03  -  Run Local Usage
...
003 (5309.002.000) 12/03 05:13:16 Job was checkpointed.
	Usr 22 20:34:42, Sys 0 00:00:20  -  Run Remote Usage
		Usr 0 00:00:01, Sys 0 00:00:03  -  Run Local Usage
...
003 (5309.002.000) 12/03 08:13:18 Job was checkpointed.
	Usr 22 23:34:34, Sys 0 00:00:20  -  Run Remote Usage
		Usr 0 00:00:01, Sys 0 00:00:03  -  Run Local Usage
...
003 (5309.002.000) 12/03 11:13:20 Job was checkpointed.
	Usr 23 02:34:25, Sys 0 00:00:20  -  Run Remote Usage
		Usr 0 00:00:01, Sys 0 00:00:03  -  Run Local Usage
...
003 (5309.002.000) 12/03 14:13:26 Job was checkpointed.
	Usr 23 05:34:19, Sys 0 00:00:20  -  Run Remote Usage
		Usr 0 00:00:01, Sys 0 00:00:03  -  Run Local Usage
...
003 (5309.002.000) 12/03 17:13:28 Job was checkpointed.
	Usr 23 08:34:09, Sys 0 00:00:21  -  Run Remote Usage
		Usr 0 00:00:01, Sys 0 00:00:03  -  Run Local Usage
...
003 (5309.002.000) 12/03 20:13:30 Job was checkpointed.
	Usr 23 11:34:02, Sys 0 00:00:21  -  Run Remote Usage
		Usr 0 00:00:01, Sys 0 00:00:03  -  Run Local Usage
...
003 (5309.002.000) 12/03 23:13:33 Job was checkpointed.
	Usr 23 14:33:54, Sys 0 00:00:21  -  Run Remote Usage
		Usr 0 00:00:01, Sys 0 00:00:03  -  Run Local Usage
...
003 (5309.002.000) 12/04 02:13:34 Job was checkpointed.
	Usr 23 17:33:42, Sys 0 00:00:21  -  Run Remote Usage
		Usr 0 00:00:01, Sys 0 00:00:04  -  Run Local Usage
...
003 (5309.002.000) 12/04 05:13:35 Job was checkpointed.
	Usr 23 20:33:34, Sys 0 00:00:21  -  Run Remote Usage
		Usr 0 00:00:01, Sys 0 00:00:04  -  Run Local Usage
...
003 (5309.002.000) 12/04 08:13:36 Job was checkpointed.
	Usr 23 23:33:23, Sys 0 00:00:21  -  Run Remote Usage
		Usr 0 00:00:01, Sys 0 00:00:04  -  Run Local Usage
...
003 (5309.002.000) 12/04 11:13:37 Job was checkpointed.
	Usr 24 02:33:12, Sys 0 00:00:21  -  Run Remote Usage
		Usr 0 00:00:01, Sys 0 00:00:04  -  Run Local Usage
...
003 (5309.002.000) 12/04 14:13:38 Job was checkpointed.
	Usr 24 05:33:02, Sys 0 00:00:21  -  Run Remote Usage
		Usr 0 00:00:01, Sys 0 00:00:04  -  Run Local Usage
...
003 (5309.002.000) 12/04 17:13:39 Job was checkpointed.
	Usr 24 08:32:53, Sys 0 00:00:21  -  Run Remote Usage
		Usr 0 00:00:01, Sys 0 00:00:04  -  Run Local Usage
...
003 (5309.002.000) 12/04 20:13:42 Job was checkpointed.
	Usr 24 11:32:43, Sys 0 00:00:21  -  Run Remote Usage
		Usr 0 00:00:01, Sys 0 00:00:04  -  Run Local Usage
...
003 (5309.002.000) 12/04 23:13:42 Job was checkpointed.
	Usr 24 14:32:32, Sys 0 00:00:22  -  Run Remote Usage
		Usr 0 00:00:01, Sys 0 00:00:04  -  Run Local Usage
...
003 (5309.002.000) 12/05 02:13:44 Job was checkpointed.
	Usr 24 17:32:17, Sys 0 00:00:23  -  Run Remote Usage
		Usr 0 00:00:01, Sys 0 00:00:04  -  Run Local Usage
...
003 (5309.002.000) 12/05 05:13:49 Job was checkpointed.
	Usr 222 01:53:10, Sys 0 00:00:23  -  Run Remote Usage
		Usr 0 00:00:01, Sys 0 00:00:04  -  Run Local Usage
...
004 (5309.002.000) 12/05 07:16:12 Job was evicted.
	(1) Job was checkpointed.
		Usr 222 03:55:23, Sys 0 00:00:23  -  Run Remote Usage
		Usr 0 00:00:01, Sys 0 00:00:04  -  Run Local Usage
	168245248  -  Run Bytes Sent By Job
	4574082  -  Run Bytes Received By Job
...
001 (5309.002.000) 12/05 07:46:31 Job executing on host: <192.168.203.18:44059>
...
006 (5309.002.000) 12/05 10:46:29 Image size of job updated: 10821
...
003 (5309.002.000) 12/05 10:46:29 Job was checkpointed.
	Usr 0 02:59:50, Sys 0 00:00:00  -  Run Remote Usage
		Usr 0 00:00:00, Sys 0 00:00:00  -  Run Local Usage
...
003 (5309.002.000) 12/05 13:46:30 Job was checkpointed.
	Usr 0 05:59:40, Sys 0 00:00:01  -  Run Remote Usage
		Usr 0 00:00:00, Sys 0 00:00:00  -  Run Local Usage
...
003 (5309.002.000) 12/05 16:46:29 Job was checkpointed.
	Usr 0 08:59:30, Sys 0 00:00:02  -  Run Remote Usage
		Usr 0 00:00:00, Sys 0 00:00:00  -  Run Local Usage
...
003 (5309.002.000) 12/05 19:46:33 Job was checkpointed.
	Usr 0 11:59:24, Sys 0 00:00:03  -  Run Remote Usage
		Usr 0 00:00:00, Sys 0 00:00:00  -  Run Local Usage
...
003 (5309.002.000) 12/05 22:46:35 Job was checkpointed.
	Usr 0 14:59:17, Sys 0 00:00:04  -  Run Remote Usage
		Usr 0 00:00:00, Sys 0 00:00:00  -  Run Local Usage
...
003 (5309.002.000) 12/06 01:46:37 Job was checkpointed.
	Usr 0 17:59:10, Sys 0 00:00:05  -  Run Remote Usage
		Usr 0 00:00:00, Sys 0 00:00:00  -  Run Local Usage
...
003 (5309.002.000) 12/06 04:46:36 Job was checkpointed.
	Usr 0 20:58:54, Sys 0 00:00:07  -  Run Remote Usage
		Usr 0 00:00:00, Sys 0 00:00:00  -  Run Local Usage
...
003 (5309.002.000) 12/06 07:46:36 Job was checkpointed.
	Usr 0 23:58:45, Sys 0 00:00:07  -  Run Remote Usage
		Usr 0 00:00:00, Sys 0 00:00:00  -  Run Local Usage
...
003 (5309.002.000) 12/06 10:46:38 Job was checkpointed.
	Usr 1 02:58:41, Sys 0 00:00:08  -  Run Remote Usage
		Usr 0 00:00:00, Sys 0 00:00:00  -  Run Local Usage
...
003 (5309.002.000) 12/06 13:46:42 Job was checkpointed.
	Usr 1 05:58:37, Sys 0 00:00:09  -  Run Remote Usage
		Usr 0 00:00:00, Sys 0 00:00:00  -  Run Local Usage
...
003 (5309.002.000) 12/06 16:46:46 Job was checkpointed.
	Usr 1 08:58:31, Sys 0 00:00:10  -  Run Remote Usage
		Usr 0 00:00:00, Sys 0 00:00:00  -  Run Local Usage
...
003 (5309.002.000) 12/06 19:46:47 Job was checkpointed.
	Usr 1 11:58:23, Sys 0 00:00:10  -  Run Remote Usage
		Usr 0 00:00:00, Sys 0 00:00:00  -  Run Local Usage
...
003 (5309.002.000) 12/06 22:46:47 Job was checkpointed.
	Usr 1 14:58:11, Sys 0 00:00:11  -  Run Remote Usage
		Usr 0 00:00:00, Sys 0 00:00:00  -  Run Local Usage
...
003 (5309.002.000) 12/07 01:46:48 Job was checkpointed.
	Usr 1 17:58:03, Sys 0 00:00:12  -  Run Remote Usage
		Usr 0 00:00:00, Sys 0 00:00:00  -  Run Local Usage
...
003 (5309.002.000) 12/07 04:46:48 Job was checkpointed.
	Usr 1 20:57:50, Sys 0 00:00:14  -  Run Remote Usage
		Usr 0 00:00:00, Sys 0 00:00:00  -  Run Local Usage
...
003 (5309.002.000) 12/07 07:46:51 Job was checkpointed.
	Usr 1 23:57:44, Sys 0 00:00:15  -  Run Remote Usage
		Usr 0 00:00:00, Sys 0 00:00:00  -  Run Local Usage
...
003 (5309.002.000) 12/07 10:46:54 Job was checkpointed.
	Usr 2 02:57:37, Sys 0 00:00:16  -  Run Remote Usage
		Usr 0 00:00:00, Sys 0 00:00:00  -  Run Local Usage
...
003 (5309.002.000) 12/07 13:46:57 Job was checkpointed.
	Usr 2 05:57:31, Sys 0 00:00:16  -  Run Remote Usage
		Usr 0 00:00:00, Sys 0 00:00:00  -  Run Local Usage
...
003 (5309.002.000) 12/07 16:46:58 Job was checkpointed.
	Usr 2 08:57:20, Sys 0 00:00:17  -  Run Remote Usage
		Usr 0 00:00:00, Sys 0 00:00:00  -  Run Local Usage
...
006 (5309.002.000) 12/07 19:47:00 Image size of job updated: 10825
...
003 (5309.002.000) 12/07 19:47:00 Job was checkpointed.
	Usr 2 11:57:12, Sys 0 00:00:19  -  Run Remote Usage
		Usr 0 00:00:00, Sys 0 00:00:00  -  Run Local Usage
...
003 (5309.002.000) 12/07 22:47:02 Job was checkpointed.
	Usr 2 14:57:05, Sys 0 00:00:19  -  Run Remote Usage
		Usr 0 00:00:00, Sys 0 00:00:00  -  Run Local Usage
...
003 (5309.002.000) 12/08 01:47:04 Job was checkpointed.
	Usr 2 17:56:58, Sys 0 00:00:20  -  Run Remote Usage
		Usr 0 00:00:00, Sys 0 00:00:00  -  Run Local Usage
...
004 (5309.002.000) 12/08 04:27:24 Job was evicted.
	(1) Job was checkpointed.
		Usr 2 20:37:06, Sys 0 00:00:21  -  Run Remote Usage
		Usr 0 00:00:00, Sys 0 00:00:00  -  Run Local Usage
	19369084  -  Run Bytes Sent By Job
	5371338  -  Run Bytes Received By Job
...
001 (5309.002.000) 12/08 04:36:25 Job executing on host: <192.168.203.27:52550>
...
006 (5309.002.000) 12/08 07:32:33 Image size of job updated: 10825
...
004 (5309.002.000) 12/08 07:32:33 Job was evicted.
	(1) Job was checkpointed.
		Usr 0 02:56:06, Sys 0 00:00:00  -  Run Remote Usage
		Usr 0 00:00:00, Sys 0 00:00:00  -  Run Local Usage
	845640  -  Run Bytes Sent By Job
	5369949  -  Run Bytes Received By Job
...
001 (5309.002.000) 12/09 02:27:09 Job executing on host: <192.168.203.9:43840>
...
006 (5309.002.000) 12/09 05:27:10 Image size of job updated: 10825
...
003 (5309.002.000) 12/09 05:27:10 Job was checkpointed.
	Usr 0 02:59:50, Sys 0 00:00:00  -  Run Remote Usage
		Usr 0 00:00:00, Sys 0 00:00:00  -  Run Local Usage
...
003 (5309.002.000) 12/09 08:27:13 Job was checkpointed.
	Usr 0 05:59:43, Sys 0 00:00:00  -  Run Remote Usage
		Usr 0 00:00:00, Sys 0 00:00:00  -  Run Local Usage
...
003 (5309.002.000) 12/09 11:27:18 Job was checkpointed.
	Usr 0 08:59:38, Sys 0 00:00:00  -  Run Remote Usage
		Usr 0 00:00:00, Sys 0 00:00:00  -  Run Local Usage
...
003 (5309.002.000) 12/09 14:27:24 Job was checkpointed.
	Usr 0 11:59:33, Sys 0 00:00:00  -  Run Remote Usage
		Usr 0 00:00:00, Sys 0 00:00:00  -  Run Local Usage
...
003 (5309.002.000) 12/09 17:27:27 Job was checkpointed.
	Usr 0 14:59:25, Sys 0 00:00:00  -  Run Remote Usage
		Usr 0 00:00:00, Sys 0 00:00:00  -  Run Local Usage
...
003 (5309.002.000) 12/09 20:27:32 Job was checkpointed.
	Usr 0 17:59:21, Sys 0 00:00:00  -  Run Remote Usage
		Usr 0 00:00:00, Sys 0 00:00:00  -  Run Local Usage
...
003 (5309.002.000) 12/09 23:27:34 Job was checkpointed.
	Usr 0 20:59:14, Sys 0 00:00:00  -  Run Remote Usage
		Usr 0 00:00:00, Sys 0 00:00:00  -  Run Local Usage
...
003 (5309.002.000) 12/10 02:27:39 Job was checkpointed.
	Usr 0 23:59:03, Sys 0 00:00:00  -  Run Remote Usage
		Usr 0 00:00:00, Sys 0 00:00:00  -  Run Local Usage
...
004 (5309.002.000) 12/10 03:56:49 Job was evicted.
	(1) Job was checkpointed.
		Usr 1 01:28:01, Sys 0 00:00:00  -  Run Remote Usage
		Usr 0 00:00:00, Sys 0 00:00:00  -  Run Local Usage
	7608192  -  Run Bytes Sent By Job
	5371909  -  Run Bytes Received By Job
...
001 (5309.002.000) 12/10 07:52:53 Job executing on host: <170.140.162.75:39705>
...
006 (5309.002.000) 12/10 08:35:52 Image size of job updated: 10825
...
004 (5309.002.000) 12/10 08:35:53 Job was evicted.
	(1) Job was checkpointed.
		Usr 0 00:42:20, Sys 0 00:00:03  -  Run Remote Usage
		Usr 0 00:00:00, Sys 0 00:00:00  -  Run Local Usage
	845640  -  Run Bytes Sent By Job
	5369949  -  Run Bytes Received By Job
...
001 (5309.002.000) 12/10 09:00:21 Job executing on host: <170.140.162.75:39705>
...
006 (5309.002.000) 12/10 10:35:08 Image size of job updated: 10825
...
004 (5309.002.000) 12/10 10:35:08 Job was evicted.
	(1) Job was checkpointed.
		Usr 0 01:33:23, Sys 0 00:00:08  -  Run Remote Usage
		Usr 0 00:00:00, Sys 0 00:00:00  -  Run Local Usage
	845640  -  Run Bytes Sent By Job
	5369949  -  Run Bytes Received By Job
...
001 (5309.002.000) 12/10 10:36:09 Job executing on host: <192.168.203.24:44663>
...
006 (5309.002.000) 12/10 13:36:12 Image size of job updated: 10825
...
003 (5309.002.000) 12/10 13:36:12 Job was checkpointed.
	Usr 0 02:59:52, Sys 0 00:00:00  -  Run Remote Usage
		Usr 0 00:00:00, Sys 0 00:00:00  -  Run Local Usage
...
003 (5309.002.000) 12/10 16:36:15 Job was checkpointed.
	Usr 0 05:59:45, Sys 0 00:00:00  -  Run Remote Usage
		Usr 0 00:00:00, Sys 0 00:00:00  -  Run Local Usage
...
003 (5309.002.000) 12/10 19:36:17 Job was checkpointed.
	Usr 0 08:59:31, Sys 0 00:00:00  -  Run Remote Usage
		Usr 0 00:00:00, Sys 0 00:00:00  -  Run Local Usage
...
003 (5309.002.000) 12/10 22:36:23 Job was checkpointed.
	Usr 0 11:59:28, Sys 0 00:00:00  -  Run Remote Usage
		Usr 0 00:00:00, Sys 0 00:00:00  -  Run Local Usage
...
003 (5309.002.000) 12/11 01:36:28 Job was checkpointed.
	Usr 0 14:59:22, Sys 0 00:00:00  -  Run Remote Usage
		Usr 0 00:00:00, Sys 0 00:00:00  -  Run Local Usage
...
003 (5309.002.000) 12/11 04:36:30 Job was checkpointed.
	Usr 0 17:59:14, Sys 0 00:00:01  -  Run Remote Usage
		Usr 0 00:00:00, Sys 0 00:00:00  -  Run Local Usage
...
003 (5309.002.000) 12/11 07:36:33 Job was checkpointed.
	Usr 0 20:59:08, Sys 0 00:00:01  -  Run Remote Usage
		Usr 0 00:00:00, Sys 0 00:00:00  -  Run Local Usage
...
003 (5309.002.000) 12/11 10:36:35 Job was checkpointed.
	Usr 0 23:59:00, Sys 0 00:00:01  -  Run Remote Usage
		Usr 0 00:00:00, Sys 0 00:00:00  -  Run Local Usage
...
003 (5309.002.000) 12/11 13:36:41 Job was checkpointed.
	Usr 1 02:58:56, Sys 0 00:00:01  -  Run Remote Usage
		Usr 0 00:00:00, Sys 0 00:00:00  -  Run Local Usage
...
004 (5309.002.000) 12/11 14:17:35 Job was evicted.
	(1) Job was checkpointed.
		Usr 1 03:39:48, Sys 0 00:00:01  -  Run Remote Usage
		Usr 0 00:00:00, Sys 0 00:00:00  -  Run Local Usage
	8453511  -  Run Bytes Sent By Job
	5372154  -  Run Bytes Received By Job
...
001 (5309.002.000) 12/11 14:22:41 Job executing on host: <192.168.203.24:44663>
...
006 (5309.002.000) 12/11 15:18:58 Image size of job updated: 10825
...
004 (5309.002.000) 12/11 15:18:58 Job was evicted.
	(1) Job was checkpointed.
		Usr 0 00:56:14, Sys 0 00:00:00  -  Run Remote Usage
		Usr 0 00:00:00, Sys 0 00:00:00  -  Run Local Usage
	845640  -  Run Bytes Sent By Job
	5369949  -  Run Bytes Received By Job
...
001 (5309.002.000) 12/11 15:24:04 Job executing on host: <192.168.203.24:44663>
...
006 (5309.002.000) 12/11 15:51:00 Image size of job updated: 10825
...
004 (5309.002.000) 12/11 15:51:00 Job was evicted.
	(1) Job was checkpointed.
		Usr 0 00:26:54, Sys 0 00:00:00  -  Run Remote Usage
		Usr 0 00:00:00, Sys 0 00:00:00  -  Run Local Usage
	845640  -  Run Bytes Sent By Job
	5369949  -  Run Bytes Received By Job
...
001 (5309.002.000) 12/11 15:56:06 Job executing on host: <192.168.203.24:44663>
...
006 (5309.002.000) 12/11 18:56:10 Image size of job updated: 10825
...
003 (5309.002.000) 12/11 18:56:10 Job was checkpointed.
	Usr 0 02:59:50, Sys 0 00:00:00  -  Run Remote Usage
		Usr 0 00:00:00, Sys 0 00:00:00  -  Run Local Usage
...
004 (5309.002.000) 12/11 19:32:15 Job was evicted.
	(1) Job was checkpointed.
		Usr 0 03:35:51, Sys 0 00:00:00  -  Run Remote Usage
		Usr 0 00:00:00, Sys 0 00:00:00  -  Run Local Usage
	1690959  -  Run Bytes Sent By Job
	5370194  -  Run Bytes Received By Job
...
001 (5309.002.000) 12/11 19:57:22 Job executing on host: <170.140.162.75:39705>
...
006 (5309.002.000) 12/11 22:57:26 Image size of job updated: 10825
...
003 (5309.002.000) 12/11 22:57:26 Job was checkpointed.
	Usr 0 02:56:48, Sys 0 00:00:15  -  Run Remote Usage
		Usr 0 00:00:00, Sys 0 00:00:00  -  Run Local Usage
...
003 (5309.002.000) 12/12 01:57:31 Job was checkpointed.
	Usr 0 05:55:12, Sys 0 00:00:37  -  Run Remote Usage
		Usr 0 00:00:00, Sys 0 00:00:00  -  Run Local Usage
...
003 (5309.002.000) 12/12 04:57:36 Job was checkpointed.
	Usr 0 08:52:39, Sys 0 00:00:55  -  Run Remote Usage
		Usr 0 00:00:00, Sys 0 00:00:00  -  Run Local Usage
...
003 (5309.002.000) 12/12 07:57:41 Job was checkpointed.
	Usr 0 11:49:55, Sys 0 00:01:12  -  Run Remote Usage
		Usr 0 00:00:00, Sys 0 00:00:00  -  Run Local Usage
...
004 (5309.002.000) 12/12 09:54:22 Job was evicted.
	(1) Job was checkpointed.
		Usr 0 13:44:56, Sys 0 00:01:22  -  Run Remote Usage
		Usr 0 00:00:00, Sys 0 00:00:00  -  Run Local Usage
	4226916  -  Run Bytes Sent By Job
	5370929  -  Run Bytes Received By Job
...
001 (5309.002.000) 12/12 10:00:15 Job executing on host: <192.168.203.9:43840>
...
006 (5309.002.000) 12/12 13:00:18 Image size of job updated: 10825
...
003 (5309.002.000) 12/12 13:00:18 Job was checkpointed.
	Usr 0 02:59:50, Sys 0 00:00:00  -  Run Remote Usage
		Usr 0 00:00:00, Sys 0 00:00:00  -  Run Local Usage
...
003 (5309.002.000) 12/12 16:00:21 Job was checkpointed.
	Usr 0 05:59:43, Sys 0 00:00:00  -  Run Remote Usage
		Usr 0 00:00:00, Sys 0 00:00:00  -  Run Local Usage
...
003 (5309.002.000) 12/12 19:00:25 Job was checkpointed.
	Usr 0 08:59:36, Sys 0 00:00:00  -  Run Remote Usage
		Usr 0 00:00:00, Sys 0 00:00:00  -  Run Local Usage
...
003 (5309.002.000) 12/12 22:00:26 Job was checkpointed.
	Usr 0 11:59:24, Sys 0 00:00:00  -  Run Remote Usage
		Usr 0 00:00:00, Sys 0 00:00:00  -  Run Local Usage
...
003 (5309.002.000) 12/13 01:00:32 Job was checkpointed.
	Usr 0 14:59:12, Sys 0 00:00:00  -  Run Remote Usage
		Usr 0 00:00:00, Sys 0 00:00:00  -  Run Local Usage
...
003 (5309.002.000) 12/13 04:00:36 Job was checkpointed.
	Usr 0 17:59:04, Sys 0 00:00:00  -  Run Remote Usage
		Usr 0 00:00:00, Sys 0 00:00:00  -  Run Local Usage
...
003 (5309.002.000) 12/13 07:00:41 Job was checkpointed.
	Usr 0 20:58:58, Sys 0 00:00:00  -  Run Remote Usage
		Usr 0 00:00:00, Sys 0 00:00:00  -  Run Local Usage
...
003 (5309.002.000) 12/13 10:00:42 Job was checkpointed.
	Usr 0 23:58:49, Sys 0 00:00:00  -  Run Remote Usage
		Usr 0 00:00:00, Sys 0 00:00:00  -  Run Local Usage
...
003 (5309.002.000) 12/13 13:00:44 Job was checkpointed.
	Usr 1 02:58:37, Sys 0 00:00:01  -  Run Remote Usage
		Usr 0 00:00:00, Sys 0 00:00:00  -  Run Local Usage
...
003 (5309.002.000) 12/13 16:00:47 Job was checkpointed.
	Usr 1 05:58:29, Sys 0 00:00:01  -  Run Remote Usage
		Usr 0 00:00:00, Sys 0 00:00:00  -  Run Local Usage
...
003 (5309.002.000) 12/13 19:00:52 Job was checkpointed.
	Usr 1 08:58:19, Sys 0 00:00:01  -  Run Remote Usage
		Usr 0 00:00:00, Sys 0 00:00:00  -  Run Local Usage
...
003 (5309.002.000) 12/13 22:00:57 Job was checkpointed.
	Usr 1 11:58:13, Sys 0 00:00:01  -  Run Remote Usage
		Usr 0 00:00:00, Sys 0 00:00:00  -  Run Local Usage
...
003 (5309.002.000) 12/14 01:00:58 Job was checkpointed.
	Usr 1 14:57:55, Sys 0 00:00:01  -  Run Remote Usage
		Usr 0 00:00:00, Sys 0 00:00:00  -  Run Local Usage
...
003 (5309.002.000) 12/14 04:01:00 Job was checkpointed.
	Usr 1 17:57:45, Sys 0 00:00:01  -  Run Remote Usage
		Usr 0 00:00:00, Sys 0 00:00:00  -  Run Local Usage
...
003 (5309.002.000) 12/14 07:01:03 Job was checkpointed.
	Usr 1 20:57:34, Sys 0 00:00:02  -  Run Remote Usage
		Usr 0 00:00:00, Sys 0 00:00:00  -  Run Local Usage
...
003 (5309.002.000) 12/14 10:01:06 Job was checkpointed.
	Usr 1 23:57:25, Sys 0 00:00:02  -  Run Remote Usage
		Usr 0 00:00:00, Sys 0 00:00:00  -  Run Local Usage
...
003 (5309.002.000) 12/14 13:01:06 Job was checkpointed.
	Usr 2 02:57:13, Sys 0 00:00:02  -  Run Remote Usage
		Usr 0 00:00:00, Sys 0 00:00:00  -  Run Local Usage
...
003 (5309.002.000) 12/14 16:01:11 Job was checkpointed.
	Usr 2 05:57:06, Sys 0 00:00:02  -  Run Remote Usage
		Usr 0 00:00:00, Sys 0 00:00:00  -  Run Local Usage
...
003 (5309.002.000) 12/14 19:01:13 Job was checkpointed.
	Usr 2 08:56:56, Sys 0 00:00:02  -  Run Remote Usage
		Usr 0 00:00:00, Sys 0 00:00:00  -  Run Local Usage
...
003 (5309.002.000) 12/14 22:01:16 Job was checkpointed.
	Usr 2 11:56:47, Sys 0 00:00:02  -  Run Remote Usage
		Usr 0 00:00:00, Sys 0 00:00:00  -  Run Local Usage
...
003 (5309.002.000) 12/15 01:01:18 Job was checkpointed.
	Usr 2 14:56:34, Sys 0 00:00:02  -  Run Remote Usage
		Usr 0 00:00:00, Sys 0 00:00:00  -  Run Local Usage
...
003 (5309.002.000) 12/15 04:01:20 Job was checkpointed.
	Usr 2 17:56:24, Sys 0 00:00:02  -  Run Remote Usage
		Usr 0 00:00:00, Sys 0 00:00:00  -  Run Local Usage
...
003 (5309.002.000) 12/15 07:01:25 Job was checkpointed.
	Usr 2 20:56:16, Sys 0 00:00:03  -  Run Remote Usage
		Usr 0 00:00:00, Sys 0 00:00:00  -  Run Local Usage
...
003 (5309.002.000) 12/15 10:01:29 Job was checkpointed.
	Usr 2 23:56:04, Sys 0 00:00:03  -  Run Remote Usage
		Usr 0 00:00:00, Sys 0 00:00:00  -  Run Local Usage
...
003 (5309.002.000) 12/15 13:01:32 Job was checkpointed.
	Usr 3 02:55:54, Sys 0 00:00:03  -  Run Remote Usage
		Usr 0 00:00:00, Sys 0 00:00:00  -  Run Local Usage
...
003 (5309.002.000) 12/15 16:01:33 Job was checkpointed.
	Usr 3 05:55:43, Sys 0 00:00:03  -  Run Remote Usage
		Usr 0 00:00:00, Sys 0 00:00:00  -  Run Local Usage
...
003 (5309.002.000) 12/15 19:01:34 Job was checkpointed.
	Usr 3 08:55:30, Sys 0 00:00:03  -  Run Remote Usage
		Usr 0 00:00:00, Sys 0 00:00:00  -  Run Local Usage
...
003 (5309.002.000) 12/15 22:01:34 Job was checkpointed.
	Usr 3 11:55:18, Sys 0 00:00:03  -  Run Remote Usage
		Usr 0 00:00:00, Sys 0 00:00:00  -  Run Local Usage
...
003 (5309.002.000) 12/16 01:01:37 Job was checkpointed.
	Usr 3 14:55:06, Sys 0 00:00:03  -  Run Remote Usage
		Usr 0 00:00:00, Sys 0 00:00:00  -  Run Local Usage
...
003 (5309.002.000) 12/16 04:01:41 Job was checkpointed.
	Usr 3 17:54:58, Sys 0 00:00:04  -  Run Remote Usage
		Usr 0 00:00:00, Sys 0 00:00:00  -  Run Local Usage
...
003 (5309.002.000) 12/16 07:01:44 Job was checkpointed.
	Usr 3 20:54:48, Sys 0 00:00:04  -  Run Remote Usage
		Usr 0 00:00:00, Sys 0 00:00:00  -  Run Local Usage
...
003 (5309.002.000) 12/16 10:01:47 Job was checkpointed.
	Usr 3 23:54:38, Sys 0 00:00:04  -  Run Remote Usage
		Usr 0 00:00:00, Sys 0 00:00:00  -  Run Local Usage
...
003 (5309.002.000) 12/16 13:01:50 Job was checkpointed.
	Usr 4 02:54:29, Sys 0 00:00:04  -  Run Remote Usage
		Usr 0 00:00:00, Sys 0 00:00:00  -  Run Local Usage
...
003 (5309.002.000) 12/16 16:01:54 Job was checkpointed.
	Usr 4 05:54:21, Sys 0 00:00:04  -  Run Remote Usage
		Usr 0 00:00:00, Sys 0 00:00:00  -  Run Local Usage
...
003 (5309.002.000) 12/16 19:01:55 Job was checkpointed.
	Usr 4 08:54:09, Sys 0 00:00:04  -  Run Remote Usage
		Usr 0 00:00:00, Sys 0 00:00:00  -  Run Local Usage
...
003 (5309.002.000) 12/16 22:02:00 Job was checkpointed.
	Usr 4 11:54:01, Sys 0 00:00:04  -  Run Remote Usage
		Usr 0 00:00:00, Sys 0 00:00:00  -  Run Local Usage
...
003 (5309.002.000) 12/17 01:02:02 Job was checkpointed.
	Usr 4 14:53:48, Sys 0 00:00:05  -  Run Remote Usage
		Usr 0 00:00:00, Sys 0 00:00:00  -  Run Local Usage
...
003 (5309.002.000) 12/17 04:02:05 Job was checkpointed.
	Usr 4 17:53:39, Sys 0 00:00:05  -  Run Remote Usage
		Usr 0 00:00:00, Sys 0 00:00:00  -  Run Local Usage
...
003 (5309.002.000) 12/17 07:02:08 Job was checkpointed.
	Usr 4 20:53:30, Sys 0 00:00:05  -  Run Remote Usage
		Usr 0 00:00:00, Sys 0 00:00:00  -  Run Local Usage
...
003 (5309.002.000) 12/17 10:02:12 Job was checkpointed.
	Usr 4 23:53:23, Sys 0 00:00:05  -  Run Remote Usage
		Usr 0 00:00:00, Sys 0 00:00:00  -  Run Local Usage
...
003 (5309.002.000) 12/17 13:02:13 Job was checkpointed.
	Usr 5 02:53:10, Sys 0 00:00:05  -  Run Remote Usage
		Usr 0 00:00:00, Sys 0 00:00:00  -  Run Local Usage
...
003 (5309.002.000) 12/17 16:02:18 Job was checkpointed.
	Usr 5 05:53:03, Sys 0 00:00:05  -  Run Remote Usage
		Usr 0 00:00:00, Sys 0 00:00:00  -  Run Local Usage
...
003 (5309.002.000) 12/17 19:02:22 Job was checkpointed.
	Usr 5 08:52:56, Sys 0 00:00:05  -  Run Remote Usage
		Usr 0 00:00:00, Sys 0 00:00:00  -  Run Local Usage
...
003 (5309.002.000) 12/17 22:02:25 Job was checkpointed.
	Usr 5 11:52:47, Sys 0 00:00:05  -  Run Remote Usage
		Usr 0 00:00:00, Sys 0 00:00:00  -  Run Local Usage
...
003 (5309.002.000) 12/18 01:02:26 Job was checkpointed.
	Usr 5 14:52:32, Sys 0 00:00:06  -  Run Remote Usage
		Usr 0 00:00:00, Sys 0 00:00:01  -  Run Local Usage
...
003 (5309.002.000) 12/18 04:02:31 Job was checkpointed.
	Usr 5 17:52:28, Sys 0 00:00:06  -  Run Remote Usage
		Usr 0 00:00:00, Sys 0 00:00:01  -  Run Local Usage
...
003 (5309.002.000) 12/18 07:02:36 Job was checkpointed.
	Usr 5 20:52:19, Sys 0 00:00:06  -  Run Remote Usage
		Usr 0 00:00:00, Sys 0 00:00:01  -  Run Local Usage
...
003 (5309.002.000) 12/18 10:02:38 Job was checkpointed.
	Usr 5 23:52:09, Sys 0 00:00:06  -  Run Remote Usage
		Usr 0 00:00:00, Sys 0 00:00:01  -  Run Local Usage
...
003 (5309.002.000) 12/18 13:02:40 Job was checkpointed.
	Usr 6 02:51:57, Sys 0 00:00:06  -  Run Remote Usage
		Usr 0 00:00:00, Sys 0 00:00:01  -  Run Local Usage
...
003 (5309.002.000) 12/18 16:02:43 Job was checkpointed.
	Usr 6 05:51:45, Sys 0 00:00:06  -  Run Remote Usage
		Usr 0 00:00:00, Sys 0 00:00:01  -  Run Local Usage
...
003 (5309.002.000) 12/18 19:02:45 Job was checkpointed.
	Usr 6 08:51:34, Sys 0 00:00:06  -  Run Remote Usage
		Usr 0 00:00:00, Sys 0 00:00:01  -  Run Local Usage
...
003 (5309.002.000) 12/18 22:02:49 Job was checkpointed.
	Usr 6 11:51:22, Sys 0 00:00:07  -  Run Remote Usage
		Usr 0 00:00:00, Sys 0 00:00:01  -  Run Local Usage
...
003 (5309.002.000) 12/19 01:02:51 Job was checkpointed.
	Usr 6 14:51:02, Sys 0 00:00:08  -  Run Remote Usage
		Usr 0 00:00:00, Sys 0 00:00:01  -  Run Local Usage
...
003 (5309.002.000) 12/19 04:02:52 Job was checkpointed.
	Usr 6 17:50:49, Sys 0 00:00:08  -  Run Remote Usage
		Usr 0 00:00:00, Sys 0 00:00:01  -  Run Local Usage
...
003 (5309.002.000) 12/19 07:02:54 Job was checkpointed.
	Usr 6 20:50:39, Sys 0 00:00:08  -  Run Remote Usage
		Usr 0 00:00:00, Sys 0 00:00:01  -  Run Local Usage
...
003 (5309.002.000) 12/19 10:02:59 Job was checkpointed.
	Usr 6 23:50:31, Sys 0 00:00:08  -  Run Remote Usage
		Usr 0 00:00:00, Sys 0 00:00:01  -  Run Local Usage
...
003 (5309.002.000) 12/19 13:03:03 Job was checkpointed.
	Usr 7 02:50:20, Sys 0 00:00:08  -  Run Remote Usage
		Usr 0 00:00:00, Sys 0 00:00:01  -  Run Local Usage
...
003 (5309.002.000) 12/19 16:03:03 Job was checkpointed.
	Usr 7 05:50:08, Sys 0 00:00:08  -  Run Remote Usage
		Usr 0 00:00:00, Sys 0 00:00:01  -  Run Local Usage
...
003 (5309.002.000) 12/19 19:03:06 Job was checkpointed.
	Usr 7 08:49:58, Sys 0 00:00:09  -  Run Remote Usage
		Usr 0 00:00:00, Sys 0 00:00:01  -  Run Local Usage
...
003 (5309.002.000) 12/19 22:03:07 Job was checkpointed.
	Usr 7 11:49:45, Sys 0 00:00:09  -  Run Remote Usage
		Usr 0 00:00:00, Sys 0 00:00:01  -  Run Local Usage
...
003 (5309.002.000) 12/20 01:03:09 Job was checkpointed.
	Usr 7 14:49:30, Sys 0 00:00:09  -  Run Remote Usage
		Usr 0 00:00:00, Sys 0 00:00:01  -  Run Local Usage
...
003 (5309.002.000) 12/20 04:03:12 Job was checkpointed.
	Usr 7 17:49:20, Sys 0 00:00:09  -  Run Remote Usage
		Usr 0 00:00:00, Sys 0 00:00:01  -  Run Local Usage
...
003 (5309.002.000) 12/20 07:03:17 Job was checkpointed.
	Usr 7 20:49:11, Sys 0 00:00:09  -  Run Remote Usage
		Usr 0 00:00:00, Sys 0 00:00:01  -  Run Local Usage
...
003 (5309.002.000) 12/20 10:03:17 Job was checkpointed.
	Usr 7 23:48:58, Sys 0 00:00:09  -  Run Remote Usage
		Usr 0 00:00:00, Sys 0 00:00:01  -  Run Local Usage
...
003 (5309.002.000) 12/20 13:03:20 Job was checkpointed.
	Usr 8 02:48:47, Sys 0 00:00:09  -  Run Remote Usage
		Usr 0 00:00:00, Sys 0 00:00:01  -  Run Local Usage
...
003 (5309.002.000) 12/20 16:03:24 Job was checkpointed.
	Usr 8 05:48:37, Sys 0 00:00:10  -  Run Remote Usage
		Usr 0 00:00:00, Sys 0 00:00:01  -  Run Local Usage
...
003 (5309.002.000) 12/20 19:03:24 Job was checkpointed.
	Usr 8 08:48:24, Sys 0 00:00:10  -  Run Remote Usage
		Usr 0 00:00:00, Sys 0 00:00:01  -  Run Local Usage
...
003 (5309.002.000) 12/20 22:03:28 Job was checkpointed.
	Usr 8 11:48:14, Sys 0 00:00:10  -  Run Remote Usage
		Usr 0 00:00:00, Sys 0 00:00:01  -  Run Local Usage
...
003 (5309.002.000) 12/21 01:03:30 Job was checkpointed.
	Usr 8 14:47:54, Sys 0 00:00:10  -  Run Remote Usage
		Usr 0 00:00:00, Sys 0 00:00:01  -  Run Local Usage
...
003 (5309.002.000) 12/21 04:03:33 Job was checkpointed.
	Usr 8 17:47:48, Sys 0 00:00:10  -  Run Remote Usage
		Usr 0 00:00:00, Sys 0 00:00:01  -  Run Local Usage
...
003 (5309.002.000) 12/21 07:03:35 Job was checkpointed.
	Usr 8 20:47:48, Sys 0 00:00:10  -  Run Remote Usage
		Usr 0 00:00:00, Sys 0 00:00:01  -  Run Local Usage
...
003 (5309.002.000) 12/21 10:03:38 Job was checkpointed.
	Usr 8 23:47:49, Sys 0 00:00:10  -  Run Remote Usage
		Usr 0 00:00:00, Sys 0 00:00:01  -  Run Local Usage
...
003 (5309.002.000) 12/21 13:03:38 Job was checkpointed.
	Usr 9 02:47:48, Sys 0 00:00:10  -  Run Remote Usage
		Usr 0 00:00:00, Sys 0 00:00:01  -  Run Local Usage
...
003 (5309.002.000) 12/21 16:03:39 Job was checkpointed.
	Usr 9 05:47:47, Sys 0 00:00:10  -  Run Remote Usage
		Usr 0 00:00:00, Sys 0 00:00:01  -  Run Local Usage
...
003 (5309.002.000) 12/21 19:03:40 Job was checkpointed.
	Usr 9 08:47:46, Sys 0 00:00:10  -  Run Remote Usage
		Usr 0 00:00:00, Sys 0 00:00:01  -  Run Local Usage
...
003 (5309.002.000) 12/21 22:03:40 Job was checkpointed.
	Usr 9 11:47:45, Sys 0 00:00:10  -  Run Remote Usage
		Usr 0 00:00:00, Sys 0 00:00:01  -  Run Local Usage
...
003 (5309.002.000) 12/22 01:03:44 Job was checkpointed.
	Usr 9 14:47:47, Sys 0 00:00:10  -  Run Remote Usage
		Usr 0 00:00:00, Sys 0 00:00:01  -  Run Local Usage
...
003 (5309.002.000) 12/22 04:03:48 Job was checkpointed.
	Usr 9 17:47:49, Sys 0 00:00:10  -  Run Remote Usage
		Usr 0 00:00:00, Sys 0 00:00:01  -  Run Local Usage
...
003 (5309.002.000) 12/22 07:03:52 Job was checkpointed.
	Usr 9 20:47:52, Sys 0 00:00:10  -  Run Remote Usage
		Usr 0 00:00:00, Sys 0 00:00:01  -  Run Local Usage
...
003 (5309.002.000) 12/22 10:03:56 Job was checkpointed.
	Usr 9 23:47:54, Sys 0 00:00:10  -  Run Remote Usage
		Usr 0 00:00:00, Sys 0 00:00:01  -  Run Local Usage
...
003 (5309.002.000) 12/22 13:03:57 Job was checkpointed.
	Usr 10 02:47:53, Sys 0 00:00:10  -  Run Remote Usage
		Usr 0 00:00:00, Sys 0 00:00:01  -  Run Local Usage
...
003 (5309.002.000) 12/22 16:03:58 Job was checkpointed.
	Usr 10 05:47:53, Sys 0 00:00:10  -  Run Remote Usage
		Usr 0 00:00:00, Sys 0 00:00:01  -  Run Local Usage
...
003 (5309.002.000) 12/22 19:03:59 Job was checkpointed.
	Usr 10 08:47:52, Sys 0 00:00:10  -  Run Remote Usage
		Usr 0 00:00:00, Sys 0 00:00:01  -  Run Local Usage
...
003 (5309.002.000) 12/22 22:04:01 Job was checkpointed.
	Usr 10 11:47:52, Sys 0 00:00:10  -  Run Remote Usage
		Usr 0 00:00:00, Sys 0 00:00:01  -  Run Local Usage
...
003 (5309.002.000) 12/23 01:04:05 Job was checkpointed.
	Usr 10 14:47:55, Sys 0 00:00:10  -  Run Remote Usage
		Usr 0 00:00:00, Sys 0 00:00:01  -  Run Local Usage
...
003 (5309.002.000) 12/23 04:04:10 Job was checkpointed.
	Usr 10 17:47:58, Sys 0 00:00:10  -  Run Remote Usage
		Usr 0 00:00:00, Sys 0 00:00:01  -  Run Local Usage
...
003 (5309.002.000) 12/23 07:04:15 Job was checkpointed.
	Usr 10 20:48:01, Sys 0 00:00:10  -  Run Remote Usage
		Usr 0 00:00:00, Sys 0 00:00:01  -  Run Local Usage
...
003 (5309.002.000) 12/23 10:04:15 Job was checkpointed.
	Usr 10 23:48:00, Sys 0 00:00:10  -  Run Remote Usage
		Usr 0 00:00:00, Sys 0 00:00:02  -  Run Local Usage
...
003 (5309.002.000) 12/23 13:04:17 Job was checkpointed.
	Usr 11 02:48:00, Sys 0 00:00:10  -  Run Remote Usage
		Usr 0 00:00:00, Sys 0 00:00:02  -  Run Local Usage
...
003 (5309.002.000) 12/23 16:04:22 Job was checkpointed.
	Usr 11 05:48:03, Sys 0 00:00:10  -  Run Remote Usage
		Usr 0 00:00:00, Sys 0 00:00:02  -  Run Local Usage
...
003 (5309.002.000) 12/23 19:04:23 Job was checkpointed.
	Usr 11 08:48:02, Sys 0 00:00:10  -  Run Remote Usage
		Usr 0 00:00:00, Sys 0 00:00:02  -  Run Local Usage
...
003 (5309.002.000) 12/23 22:04:25 Job was checkpointed.
	Usr 11 11:48:03, Sys 0 00:00:10  -  Run Remote Usage
		Usr 0 00:00:00, Sys 0 00:00:02  -  Run Local Usage
...
003 (5309.002.000) 12/24 01:04:26 Job was checkpointed.
	Usr 11 14:48:02, Sys 0 00:00:10  -  Run Remote Usage
		Usr 0 00:00:00, Sys 0 00:00:02  -  Run Local Usage
...
003 (5309.002.000) 12/24 04:04:27 Job was checkpointed.
	Usr 11 17:48:02, Sys 0 00:00:10  -  Run Remote Usage
		Usr 0 00:00:00, Sys 0 00:00:02  -  Run Local Usage
...
003 (5309.002.000) 12/24 07:04:30 Job was checkpointed.
	Usr 11 20:48:03, Sys 0 00:00:10  -  Run Remote Usage
		Usr 0 00:00:00, Sys 0 00:00:02  -  Run Local Usage
...
003 (5309.002.000) 12/24 10:04:35 Job was checkpointed.
	Usr 11 23:48:06, Sys 0 00:00:10  -  Run Remote Usage
		Usr 0 00:00:00, Sys 0 00:00:02  -  Run Local Usage
...
003 (5309.002.000) 12/24 13:04:38 Job was checkpointed.
	Usr 12 02:48:08, Sys 0 00:00:10  -  Run Remote Usage
		Usr 0 00:00:00, Sys 0 00:00:02  -  Run Local Usage
...
003 (5309.002.000) 12/24 16:04:40 Job was checkpointed.
	Usr 12 05:48:08, Sys 0 00:00:10  -  Run Remote Usage
		Usr 0 00:00:00, Sys 0 00:00:02  -  Run Local Usage
...
003 (5309.002.000) 12/24 19:04:41 Job was checkpointed.
	Usr 12 08:48:07, Sys 0 00:00:10  -  Run Remote Usage
		Usr 0 00:00:00, Sys 0 00:00:02  -  Run Local Usage
...
003 (5309.002.000) 12/24 22:04:41 Job was checkpointed.
	Usr 12 11:48:06, Sys 0 00:00:10  -  Run Remote Usage
		Usr 0 00:00:00, Sys 0 00:00:02  -  Run Local Usage
...
003 (5309.002.000) 12/25 01:04:45 Job was checkpointed.
	Usr 12 14:48:08, Sys 0 00:00:10  -  Run Remote Usage
		Usr 0 00:00:00, Sys 0 00:00:02  -  Run Local Usage
...
003 (5309.002.000) 12/25 04:04:51 Job was checkpointed.
	Usr 12 17:48:12, Sys 0 00:00:10  -  Run Remote Usage
		Usr 0 00:00:00, Sys 0 00:00:02  -  Run Local Usage
...
003 (5309.002.000) 12/25 07:04:52 Job was checkpointed.
	Usr 12 20:48:12, Sys 0 00:00:10  -  Run Remote Usage
		Usr 0 00:00:00, Sys 0 00:00:02  -  Run Local Usage
...
003 (5309.002.000) 12/25 10:04:54 Job was checkpointed.
	Usr 12 23:48:12, Sys 0 00:00:10  -  Run Remote Usage
		Usr 0 00:00:00, Sys 0 00:00:02  -  Run Local Usage
...
003 (5309.002.000) 12/25 13:04:56 Job was checkpointed.
	Usr 13 02:48:12, Sys 0 00:00:10  -  Run Remote Usage
		Usr 0 00:00:00, Sys 0 00:00:02  -  Run Local Usage
...
003 (5309.002.000) 12/25 16:04:58 Job was checkpointed.
	Usr 13 05:48:12, Sys 0 00:00:10  -  Run Remote Usage
		Usr 0 00:00:00, Sys 0 00:00:02  -  Run Local Usage
...
003 (5309.002.000) 12/25 19:04:58 Job was checkpointed.
	Usr 13 08:48:11, Sys 0 00:00:10  -  Run Remote Usage
		Usr 0 00:00:00, Sys 0 00:00:02  -  Run Local Usage
...
003 (5309.002.000) 12/25 22:05:00 Job was checkpointed.
	Usr 13 11:48:11, Sys 0 00:00:10  -  Run Remote Usage
		Usr 0 00:00:00, Sys 0 00:00:02  -  Run Local Usage
...
003 (5309.002.000) 12/26 01:05:02 Job was checkpointed.
	Usr 13 14:48:12, Sys 0 00:00:10  -  Run Remote Usage
		Usr 0 00:00:00, Sys 0 00:00:02  -  Run Local Usage
...
003 (5309.002.000) 12/26 04:05:07 Job was checkpointed.
	Usr 13 17:48:15, Sys 0 00:00:10  -  Run Remote Usage
		Usr 0 00:00:00, Sys 0 00:00:02  -  Run Local Usage
...
003 (5309.002.000) 12/26 07:05:10 Job was checkpointed.
	Usr 13 20:48:16, Sys 0 00:00:10  -  Run Remote Usage
		Usr 0 00:00:00, Sys 0 00:00:02  -  Run Local Usage
...
003 (5309.002.000) 12/26 10:05:14 Job was checkpointed.
	Usr 13 23:48:19, Sys 0 00:00:10  -  Run Remote Usage
		Usr 0 00:00:00, Sys 0 00:00:02  -  Run Local Usage
...
003 (5309.002.000) 12/26 13:05:19 Job was checkpointed.
	Usr 14 02:48:22, Sys 0 00:00:10  -  Run Remote Usage
		Usr 0 00:00:00, Sys 0 00:00:02  -  Run Local Usage
...
003 (5309.002.000) 12/26 16:05:22 Job was checkpointed.
	Usr 14 05:48:23, Sys 0 00:00:10  -  Run Remote Usage
		Usr 0 00:00:00, Sys 0 00:00:02  -  Run Local Usage
...
003 (5309.002.000) 12/26 19:05:25 Job was checkpointed.
	Usr 14 08:48:25, Sys 0 00:00:10  -  Run Remote Usage
		Usr 0 00:00:00, Sys 0 00:00:02  -  Run Local Usage
...
003 (5309.002.000) 12/26 22:05:29 Job was checkpointed.
	Usr 14 11:48:27, Sys 0 00:00:10  -  Run Remote Usage
		Usr 0 00:00:00, Sys 0 00:00:02  -  Run Local Usage
...
003 (5309.002.000) 12/27 01:05:33 Job was checkpointed.
	Usr 14 14:48:28, Sys 0 00:00:11  -  Run Remote Usage
		Usr 0 00:00:00, Sys 0 00:00:02  -  Run Local Usage
...
003 (5309.002.000) 12/27 04:05:37 Job was checkpointed.
	Usr 14 17:48:31, Sys 0 00:00:11  -  Run Remote Usage
		Usr 0 00:00:00, Sys 0 00:00:02  -  Run Local Usage
...
003 (5309.002.000) 12/27 07:05:39 Job was checkpointed.
	Usr 14 20:48:31, Sys 0 00:00:11  -  Run Remote Usage
		Usr 0 00:00:00, Sys 0 00:00:02  -  Run Local Usage
...
003 (5309.002.000) 12/27 10:05:43 Job was checkpointed.
	Usr 14 23:48:33, Sys 0 00:00:11  -  Run Remote Usage
		Usr 0 00:00:00, Sys 0 00:00:02  -  Run Local Usage
...
003 (5309.002.000) 12/27 13:05:44 Job was checkpointed.
	Usr 15 02:48:33, Sys 0 00:00:11  -  Run Remote Usage
		Usr 0 00:00:00, Sys 0 00:00:02  -  Run Local Usage
...
003 (5309.002.000) 12/27 16:05:46 Job was checkpointed.
	Usr 15 05:48:33, Sys 0 00:00:11  -  Run Remote Usage
		Usr 0 00:00:00, Sys 0 00:00:02  -  Run Local Usage
...
003 (5309.002.000) 12/27 19:05:51 Job was checkpointed.
	Usr 15 08:48:36, Sys 0 00:00:11  -  Run Remote Usage
		Usr 0 00:00:00, Sys 0 00:00:02  -  Run Local Usage
...
003 (5309.002.000) 12/27 22:05:51 Job was checkpointed.
	Usr 15 11:48:35, Sys 0 00:00:11  -  Run Remote Usage
		Usr 0 00:00:00, Sys 0 00:00:02  -  Run Local Usage
...
003 (5309.002.000) 12/28 01:05:53 Job was checkpointed.
	Usr 15 14:48:35, Sys 0 00:00:11  -  Run Remote Usage
		Usr 0 00:00:00, Sys 0 00:00:02  -  Run Local Usage
...
003 (5309.002.000) 12/28 04:05:57 Job was checkpointed.
	Usr 15 17:48:37, Sys 0 00:00:11  -  Run Remote Usage
		Usr 0 00:00:00, Sys 0 00:00:02  -  Run Local Usage
...
003 (5309.002.000) 12/28 07:06:01 Job was checkpointed.
	Usr 15 20:48:40, Sys 0 00:00:11  -  Run Remote Usage
		Usr 0 00:00:00, Sys 0 00:00:02  -  Run Local Usage
...
003 (5309.002.000) 12/28 10:06:03 Job was checkpointed.
	Usr 15 23:48:40, Sys 0 00:00:11  -  Run Remote Usage
		Usr 0 00:00:00, Sys 0 00:00:02  -  Run Local Usage
...
003 (5309.002.000) 12/28 13:06:08 Job was checkpointed.
	Usr 16 02:48:43, Sys 0 00:00:11  -  Run Remote Usage
		Usr 0 00:00:00, Sys 0 00:00:02  -  Run Local Usage
...
003 (5309.002.000) 12/28 16:06:08 Job was checkpointed.
	Usr 16 05:48:42, Sys 0 00:00:11  -  Run Remote Usage
		Usr 0 00:00:00, Sys 0 00:00:02  -  Run Local Usage
...
003 (5309.002.000) 12/28 19:06:13 Job was checkpointed.
	Usr 16 08:48:45, Sys 0 00:00:11  -  Run Remote Usage
		Usr 0 00:00:00, Sys 0 00:00:03  -  Run Local Usage
...
003 (5309.002.000) 12/28 22:06:17 Job was checkpointed.
	Usr 16 11:48:47, Sys 0 00:00:11  -  Run Remote Usage
		Usr 0 00:00:00, Sys 0 00:00:03  -  Run Local Usage
...
003 (5309.002.000) 12/29 01:06:21 Job was checkpointed.
	Usr 16 14:48:50, Sys 0 00:00:11  -  Run Remote Usage
		Usr 0 00:00:00, Sys 0 00:00:03  -  Run Local Usage
...
003 (5309.002.000) 12/29 04:06:23 Job was checkpointed.
	Usr 16 17:48:50, Sys 0 00:00:11  -  Run Remote Usage
		Usr 0 00:00:00, Sys 0 00:00:03  -  Run Local Usage
...
