000 (5304.003.000) 11/07 11:45:16 Job submitted from host: <170.140.162.75:51408>
...
001 (5304.003.000) 11/07 11:45:31 Job executing on host: <192.168.203.9:60425>
...
005 (5304.003.000) 11/07 11:53:54 Job terminated.
	(1) Normal termination (return value 0)
		Usr 0 00:08:22, Sys 0 00:00:00  -  Run Remote Usage
		Usr 0 00:00:00, Sys 0 00:00:00  -  Run Local Usage
		Usr 0 00:08:22, Sys 0 00:00:00  -  Total Remote Usage
		Usr 0 00:00:00, Sys 0 00:00:00  -  Total Local Usage
	5908  -  Run Bytes Sent By Job
	4525381  -  Run Bytes Received By Job
	5908  -  Total Bytes Sent By Job
	4525381  -  Total Bytes Received By Job
...
000 (5309.003.000) 11/09 11:39:55 Job submitted from host: <170.140.162.75:51408>
...
001 (5309.003.000) 11/12 23:39:38 Job executing on host: <192.168.203.7:42838>
...
006 (5309.003.000) 11/13 02:39:33 Image size of job updated: 10949
...
003 (5309.003.000) 11/13 02:39:34 Job was checkpointed.
	Usr 0 02:59:43, Sys 0 00:00:00  -  Run Remote Usage
		Usr 0 00:00:00, Sys 0 00:00:00  -  Run Local Usage
...
003 (5309.003.000) 11/13 05:39:30 Job was checkpointed.
	Usr 0 05:59:33, Sys 0 00:00:00  -  Run Remote Usage
		Usr 0 00:00:00, Sys 0 00:00:00  -  Run Local Usage
...
003 (5309.003.000) 11/13 08:39:26 Job was checkpointed.
	Usr 0 08:59:19, Sys 0 00:00:00  -  Run Remote Usage
		Usr 0 00:00:00, Sys 0 00:00:00  -  Run Local Usage
...
003 (5309.003.000) 11/13 11:39:24 Job was checkpointed.
	Usr 0 11:59:07, Sys 0 00:00:00  -  Run Remote Usage
		Usr 0 00:00:00, Sys 0 00:00:00  -  Run Local Usage
...
006 (5309.003.000) 11/13 14:39:22 Image size of job updated: 10953
...
003 (5309.003.000) 11/13 14:39:22 Job was checkpointed.
	Usr 0 14:58:57, Sys 0 00:00:00  -  Run Remote Usage
		Usr 0 00:00:00, Sys 0 00:00:00  -  Run Local Usage
...
003 (5309.003.000) 11/13 17:39:18 Job was checkpointed.
	Usr 0 17:58:46, Sys 0 00:00:00  -  Run Remote Usage
		Usr 0 00:00:00, Sys 0 00:00:00  -  Run Local Usage
...
003 (5309.003.000) 11/13 20:39:17 Job was checkpointed.
	Usr 0 20:58:39, Sys 0 00:00:00  -  Run Remote Usage
		Usr 0 00:00:00, Sys 0 00:00:00  -  Run Local Usage
...
003 (5309.003.000) 11/13 23:39:17 Job was checkpointed.
	Usr 0 23:58:27, Sys 0 00:00:01  -  Run Remote Usage
		Usr 0 00:00:00, Sys 0 00:00:00  -  Run Local Usage
...
003 (5309.003.000) 11/14 02:39:13 Job was checkpointed.
	Usr 1 02:58:13, Sys 0 00:00:01  -  Run Remote Usage
		Usr 0 00:00:00, Sys 0 00:00:00  -  Run Local Usage
...
003 (5309.003.000) 11/14 05:39:09 Job was checkpointed.
	Usr 1 05:58:01, Sys 0 00:00:01  -  Run Remote Usage
		Usr 0 00:00:00, Sys 0 00:00:00  -  Run Local Usage
...
003 (5309.003.000) 11/14 08:39:08 Job was checkpointed.
	Usr 1 08:57:49, Sys 0 00:00:01  -  Run Remote Usage
		Usr 0 00:00:00, Sys 0 00:00:00  -  Run Local Usage
...
003 (5309.003.000) 11/14 11:39:05 Job was checkpointed.
	Usr 1 11:57:37, Sys 0 00:00:01  -  Run Remote Usage
		Usr 0 00:00:00, Sys 0 00:00:00  -  Run Local Usage
...
003 (5309.003.000) 11/14 14:39:05 Job was checkpointed.
	Usr 1 14:57:28, Sys 0 00:00:01  -  Run Remote Usage
		Usr 0 00:00:00, Sys 0 00:00:00  -  Run Local Usage
...
003 (5309.003.000) 11/14 17:39:02 Job was checkpointed.
	Usr 1 17:57:16, Sys 0 00:00:01  -  Run Remote Usage
		Usr 0 00:00:00, Sys 0 00:00:00  -  Run Local Usage
...
003 (5309.003.000) 11/14 20:38:58 Job was checkpointed.
	Usr 1 20:57:04, Sys 0 00:00:01  -  Run Remote Usage
		Usr 0 00:00:00, Sys 0 00:00:00  -  Run Local Usage
...
003 (5309.003.000) 11/14 23:38:55 Job was checkpointed.
	Usr 1 23:56:50, Sys 0 00:00:02  -  Run Remote Usage
		Usr 0 00:00:00, Sys 0 00:00:00  -  Run Local Usage
...
003 (5309.003.000) 11/15 02:38:54 Job was checkpointed.
	Usr 2 02:56:40, Sys 0 00:00:02  -  Run Remote Usage
		Usr 0 00:00:00, Sys 0 00:00:00  -  Run Local Usage
...
003 (5309.003.000) 11/15 05:38:52 Job was checkpointed.
	Usr 2 05:56:30, Sys 0 00:00:02  -  Run Remote Usage
		Usr 0 00:00:00, Sys 0 00:00:00  -  Run Local Usage
...
003 (5309.003.000) 11/15 08:38:53 Job was checkpointed.
	Usr 2 08:56:22, Sys 0 00:00:02  -  Run Remote Usage
		Usr 0 00:00:00, Sys 0 00:00:00  -  Run Local Usage
...
003 (5309.003.000) 11/15 11:38:50 Job was checkpointed.
	Usr 2 11:56:10, Sys 0 00:00:02  -  Run Remote Usage
		Usr 0 00:00:00, Sys 0 00:00:00  -  Run Local Usage
...
003 (5309.003.000) 11/15 14:38:48 Job was checkpointed.
	Usr 2 14:56:00, Sys 0 00:00:02  -  Run Remote Usage
		Usr 0 00:00:00, Sys 0 00:00:00  -  Run Local Usage
...
003 (5309.003.000) 11/15 17:38:44 Job was checkpointed.
	Usr 2 17:55:47, Sys 0 00:00:02  -  Run Remote Usage
		Usr 0 00:00:00, Sys 0 00:00:00  -  Run Local Usage
...
003 (5309.003.000) 11/15 20:38:41 Job was checkpointed.
	Usr 2 20:55:36, Sys 0 00:00:02  -  Run Remote Usage
		Usr 0 00:00:00, Sys 0 00:00:00  -  Run Local Usage
...
003 (5309.003.000) 11/15 23:38:38 Job was checkpointed.
	Usr 2 23:55:19, Sys 0 00:00:03  -  Run Remote Usage
		Usr 0 00:00:00, Sys 0 00:00:00  -  Run Local Usage
...
003 (5309.003.000) 11/16 02:38:34 Job was checkpointed.
	Usr 3 02:55:08, Sys 0 00:00:03  -  Run Remote Usage
		Usr 0 00:00:00, Sys 0 00:00:00  -  Run Local Usage
...
003 (5309.003.000) 11/16 05:38:32 Job was checkpointed.
	Usr 3 05:54:57, Sys 0 00:00:03  -  Run Remote Usage
		Usr 0 00:00:00, Sys 0 00:00:00  -  Run Local Usage
...
003 (5309.003.000) 11/16 08:38:32 Job was checkpointed.
	Usr 3 08:54:47, Sys 0 00:00:03  -  Run Remote Usage
		Usr 0 00:00:00, Sys 0 00:00:00  -  Run Local Usage
...
003 (5309.003.000) 11/16 11:38:28 Job was checkpointed.
	Usr 3 11:54:35, Sys 0 00:00:03  -  Run Remote Usage
		Usr 0 00:00:00, Sys 0 00:00:00  -  Run Local Usage
...
003 (5309.003.000) 11/16 14:38:28 Job was checkpointed.
	Usr 3 14:54:26, Sys 0 00:00:03  -  Run Remote Usage
		Usr 0 00:00:00, Sys 0 00:00:00  -  Run Local Usage
...
003 (5309.003.000) 11/16 17:38:28 Job was checkpointed.
	Usr 3 17:54:17, Sys 0 00:00:03  -  Run Remote Usage
		Usr 0 00:00:00, Sys 0 00:00:00  -  Run Local Usage
...
003 (5309.003.000) 11/16 20:38:27 Job was checkpointed.
	Usr 3 20:54:06, Sys 0 00:00:03  -  Run Remote Usage
		Usr 0 00:00:00, Sys 0 00:00:00  -  Run Local Usage
...
003 (5309.003.000) 11/16 23:38:24 Job was checkpointed.
	Usr 3 23:53:50, Sys 0 00:00:04  -  Run Remote Usage
		Usr 0 00:00:00, Sys 0 00:00:00  -  Run Local Usage
...
003 (5309.003.000) 11/17 02:38:23 Job was checkpointed.
	Usr 4 02:53:40, Sys 0 00:00:04  -  Run Remote Usage
		Usr 0 00:00:00, Sys 0 00:00:00  -  Run Local Usage
...
003 (5309.003.000) 11/17 05:38:21 Job was checkpointed.
	Usr 4 05:53:29, Sys 0 00:00:04  -  Run Remote Usage
		Usr 0 00:00:00, Sys 0 00:00:00  -  Run Local Usage
...
003 (5309.003.000) 11/17 08:38:18 Job was checkpointed.
	Usr 4 08:53:15, Sys 0 00:00:04  -  Run Remote Usage
		Usr 0 00:00:00, Sys 0 00:00:00  -  Run Local Usage
...
003 (5309.003.000) 11/17 11:38:16 Job was checkpointed.
	Usr 4 11:53:04, Sys 0 00:00:04  -  Run Remote Usage
		Usr 0 00:00:00, Sys 0 00:00:00  -  Run Local Usage
...
003 (5309.003.000) 11/17 14:38:16 Job was checkpointed.
	Usr 4 14:52:56, Sys 0 00:00:04  -  Run Remote Usage
		Usr 0 00:00:00, Sys 0 00:00:00  -  Run Local Usage
...
003 (5309.003.000) 11/17 17:38:11 Job was checkpointed.
	Usr 4 17:52:41, Sys 0 00:00:04  -  Run Remote Usage
		Usr 0 00:00:00, Sys 0 00:00:00  -  Run Local Usage
...
003 (5309.003.000) 11/17 20:38:10 Job was checkpointed.
	Usr 4 20:52:31, Sys 0 00:00:04  -  Run Remote Usage
		Usr 0 00:00:00, Sys 0 00:00:00  -  Run Local Usage
...
003 (5309.003.000) 11/17 23:38:09 Job was checkpointed.
	Usr 4 23:52:18, Sys 0 00:00:05  -  Run Remote Usage
		Usr 0 00:00:00, Sys 0 00:00:00  -  Run Local Usage
...
003 (5309.003.000) 11/18 02:38:09 Job was checkpointed.
	Usr 5 02:52:08, Sys 0 00:00:05  -  Run Remote Usage
		Usr 0 00:00:00, Sys 0 00:00:01  -  Run Local Usage
...
003 (5309.003.000) 11/18 05:38:07 Job was checkpointed.
	Usr 5 05:51:58, Sys 0 00:00:05  -  Run Remote Usage
		Usr 0 00:00:00, Sys 0 00:00:01  -  Run Local Usage
...
003 (5309.003.000) 11/18 08:38:05 Job was checkpointed.
	Usr 5 08:51:48, Sys 0 00:00:05  -  Run Remote Usage
		Usr 0 00:00:00, Sys 0 00:00:01  -  Run Local Usage
...
003 (5309.003.000) 11/18 11:38:06 Job was checkpointed.
	Usr 5 11:51:39, Sys 0 00:00:05  -  Run Remote Usage
		Usr 0 00:00:00, Sys 0 00:00:01  -  Run Local Usage
...
003 (5309.003.000) 11/18 14:38:01 Job was checkpointed.
	Usr 5 14:51:27, Sys 0 00:00:05  -  Run Remote Usage
		Usr 0 00:00:00, Sys 0 00:00:01  -  Run Local Usage
...
003 (5309.003.000) 11/18 17:37:59 Job was checkpointed.
	Usr 5 17:51:18, Sys 0 00:00:05  -  Run Remote Usage
		Usr 0 00:00:00, Sys 0 00:00:01  -  Run Local Usage
...
003 (5309.003.000) 11/18 20:37:57 Job was checkpointed.
	Usr 5 20:51:06, Sys 0 00:00:05  -  Run Remote Usage
		Usr 0 00:00:00, Sys 0 00:00:01  -  Run Local Usage
...
003 (5309.003.000) 11/18 23:37:55 Job was checkpointed.
	Usr 5 23:50:52, Sys 0 00:00:06  -  Run Remote Usage
		Usr 0 00:00:00, Sys 0 00:00:01  -  Run Local Usage
...
003 (5309.003.000) 11/19 02:37:51 Job was checkpointed.
	Usr 6 02:50:38, Sys 0 00:00:06  -  Run Remote Usage
		Usr 0 00:00:00, Sys 0 00:00:01  -  Run Local Usage
...
003 (5309.003.000) 11/19 05:37:49 Job was checkpointed.
	Usr 6 05:50:25, Sys 0 00:00:06  -  Run Remote Usage
		Usr 0 00:00:00, Sys 0 00:00:01  -  Run Local Usage
...
003 (5309.003.000) 11/19 08:37:49 Job was checkpointed.
	Usr 6 08:50:16, Sys 0 00:00:06  -  Run Remote Usage
		Usr 0 00:00:00, Sys 0 00:00:01  -  Run Local Usage
...
003 (5309.003.000) 11/19 11:37:45 Job was checkpointed.
	Usr 6 11:50:00, Sys 0 00:00:06  -  Run Remote Usage
		Usr 0 00:00:00, Sys 0 00:00:01  -  Run Local Usage
...
003 (5309.003.000) 11/19 14:37:42 Job was checkpointed.
	Usr 6 14:49:48, Sys 0 00:00:06  -  Run Remote Usage
		Usr 0 00:00:00, Sys 0 00:00:01  -  Run Local Usage
...
003 (5309.003.000) 11/19 17:37:40 Job was checkpointed.
	Usr 6 17:49:35, Sys 0 00:00:06  -  Run Remote Usage
		Usr 0 00:00:00, Sys 0 00:00:01  -  Run Local Usage
...
003 (5309.003.000) 11/19 20:37:39 Job was checkpointed.
	Usr 6 20:49:26, Sys 0 00:00:06  -  Run Remote Usage
		Usr 0 00:00:00, Sys 0 00:00:01  -  Run Local Usage
...
003 (5309.003.000) 11/19 23:37:35 Job was checkpointed.
	Usr 6 23:49:09, Sys 0 00:00:08  -  Run Remote Usage
		Usr 0 00:00:00, Sys 0 00:00:01  -  Run Local Usage
...
003 (5309.003.000) 11/20 02:37:34 Job was checkpointed.
	Usr 7 02:48:57, Sys 0 00:00:08  -  Run Remote Usage
		Usr 0 00:00:00, Sys 0 00:00:01  -  Run Local Usage
...
003 (5309.003.000) 11/20 05:37:31 Job was checkpointed.
	Usr 7 05:48:46, Sys 0 00:00:08  -  Run Remote Usage
		Usr 0 00:00:00, Sys 0 00:00:01  -  Run Local Usage
...
003 (5309.003.000) 11/20 08:37:28 Job was checkpointed.
	Usr 7 08:48:35, Sys 0 00:00:08  -  Run Remote Usage
		Usr 0 00:00:00, Sys 0 00:00:01  -  Run Local Usage
...
003 (5309.003.000) 11/20 11:37:25 Job was checkpointed.
	Usr 7 11:48:23, Sys 0 00:00:08  -  Run Remote Usage
		Usr 0 00:00:00, Sys 0 00:00:01  -  Run Local Usage
...
003 (5309.003.000) 11/20 14:37:24 Job was checkpointed.
	Usr 7 14:48:13, Sys 0 00:00:08  -  Run Remote Usage
		Usr 0 00:00:00, Sys 0 00:00:01  -  Run Local Usage
...
003 (5309.003.000) 11/20 17:37:24 Job was checkpointed.
	Usr 7 17:48:04, Sys 0 00:00:08  -  Run Remote Usage
		Usr 0 00:00:00, Sys 0 00:00:01  -  Run Local Usage
...
003 (5309.003.000) 11/20 20:37:20 Job was checkpointed.
	Usr 7 20:47:51, Sys 0 00:00:08  -  Run Remote Usage
		Usr 0 00:00:00, Sys 0 00:00:01  -  Run Local Usage
...
003 (5309.003.000) 11/20 23:37:20 Job was checkpointed.
	Usr 7 23:47:40, Sys 0 00:00:09  -  Run Remote Usage
		Usr 0 00:00:00, Sys 0 00:00:01  -  Run Local Usage
...
003 (5309.003.000) 11/21 02:37:19 Job was checkpointed.
	Usr 8 02:47:31, Sys 0 00:00:09  -  Run Remote Usage
		Usr 0 00:00:00, Sys 0 00:00:01  -  Run Local Usage
...
003 (5309.003.000) 11/21 05:37:16 Job was checkpointed.
	Usr 8 05:47:21, Sys 0 00:00:09  -  Run Remote Usage
		Usr 0 00:00:00, Sys 0 00:00:01  -  Run Local Usage
...
003 (5309.003.000) 11/21 08:37:14 Job was checkpointed.
	Usr 8 08:47:09, Sys 0 00:00:09  -  Run Remote Usage
		Usr 0 00:00:00, Sys 0 00:00:01  -  Run Local Usage
...
003 (5309.003.000) 11/21 11:37:14 Job was checkpointed.
	Usr 8 11:47:01, Sys 0 00:00:09  -  Run Remote Usage
		Usr 0 00:00:00, Sys 0 00:00:01  -  Run Local Usage
...
003 (5309.003.000) 11/21 14:37:15 Job was checkpointed.
	Usr 8 14:46:51, Sys 0 00:00:09  -  Run Remote Usage
		Usr 0 00:00:00, Sys 0 00:00:01  -  Run Local Usage
...
003 (5309.003.000) 11/21 17:37:14 Job was checkpointed.
	Usr 8 17:46:40, Sys 0 00:00:09  -  Run Remote Usage
		Usr 0 00:00:00, Sys 0 00:00:01  -  Run Local Usage
...
003 (5309.003.000) 11/21 20:37:15 Job was checkpointed.
	Usr 8 20:46:33, Sys 0 00:00:09  -  Run Remote Usage
		Usr 0 00:00:00, Sys 0 00:00:01  -  Run Local Usage
...
003 (5309.003.000) 11/21 23:37:12 Job was checkpointed.
	Usr 8 23:46:19, Sys 0 00:00:10  -  Run Remote Usage
		Usr 0 00:00:00, Sys 0 00:00:01  -  Run Local Usage
...
003 (5309.003.000) 11/22 02:37:12 Job was checkpointed.
	Usr 9 02:46:08, Sys 0 00:00:10  -  Run Remote Usage
		Usr 0 00:00:00, Sys 0 00:00:01  -  Run Local Usage
...
003 (5309.003.000) 11/22 05:37:10 Job was checkpointed.
	Usr 9 05:45:57, Sys 0 00:00:10  -  Run Remote Usage
		Usr 0 00:00:00, Sys 0 00:00:01  -  Run Local Usage
...
003 (5309.003.000) 11/22 08:37:10 Job was checkpointed.
	Usr 9 08:45:48, Sys 0 00:00:10  -  Run Remote Usage
		Usr 0 00:00:00, Sys 0 00:00:01  -  Run Local Usage
...
003 (5309.003.000) 11/22 11:37:05 Job was checkpointed.
	Usr 9 11:45:34, Sys 0 00:00:10  -  Run Remote Usage
		Usr 0 00:00:00, Sys 0 00:00:01  -  Run Local Usage
...
003 (5309.003.000) 11/22 14:37:04 Job was checkpointed.
	Usr 9 14:45:24, Sys 0 00:00:10  -  Run Remote Usage
		Usr 0 00:00:00, Sys 0 00:00:01  -  Run Local Usage
...
003 (5309.003.000) 11/22 17:37:00 Job was checkpointed.
	Usr 9 17:45:12, Sys 0 00:00:10  -  Run Remote Usage
		Usr 0 00:00:00, Sys 0 00:00:01  -  Run Local Usage
...
003 (5309.003.000) 11/22 20:36:56 Job was checkpointed.
	Usr 9 20:44:58, Sys 0 00:00:10  -  Run Remote Usage
		Usr 0 00:00:00, Sys 0 00:00:01  -  Run Local Usage
...
003 (5309.003.000) 11/22 23:36:54 Job was checkpointed.
	Usr 9 23:44:44, Sys 0 00:00:11  -  Run Remote Usage
		Usr 0 00:00:00, Sys 0 00:00:01  -  Run Local Usage
...
003 (5309.003.000) 11/23 02:36:55 Job was checkpointed.
	Usr 10 02:44:36, Sys 0 00:00:11  -  Run Remote Usage
		Usr 0 00:00:00, Sys 0 00:00:01  -  Run Local Usage
...
003 (5309.003.000) 11/23 05:36:53 Job was checkpointed.
	Usr 10 05:44:27, Sys 0 00:00:11  -  Run Remote Usage
		Usr 0 00:00:00, Sys 0 00:00:01  -  Run Local Usage
...
003 (5309.003.000) 11/23 08:36:52 Job was checkpointed.
	Usr 10 08:44:16, Sys 0 00:00:11  -  Run Remote Usage
		Usr 0 00:00:00, Sys 0 00:00:01  -  Run Local Usage
...
003 (5309.003.000) 11/23 11:36:49 Job was checkpointed.
	Usr 10 11:44:05, Sys 0 00:00:11  -  Run Remote Usage
		Usr 0 00:00:00, Sys 0 00:00:01  -  Run Local Usage
...
003 (5309.003.000) 11/23 14:36:48 Job was checkpointed.
	Usr 10 14:43:55, Sys 0 00:00:11  -  Run Remote Usage
		Usr 0 00:00:00, Sys 0 00:00:01  -  Run Local Usage
...
003 (5309.003.000) 11/23 17:36:47 Job was checkpointed.
	Usr 10 17:43:46, Sys 0 00:00:11  -  Run Remote Usage
		Usr 0 00:00:00, Sys 0 00:00:01  -  Run Local Usage
...
003 (5309.003.000) 11/23 20:36:47 Job was checkpointed.
	Usr 10 20:43:36, Sys 0 00:00:12  -  Run Remote Usage
		Usr 0 00:00:00, Sys 0 00:00:02  -  Run Local Usage
...
003 (5309.003.000) 11/23 23:36:47 Job was checkpointed.
	Usr 10 23:43:26, Sys 0 00:00:12  -  Run Remote Usage
		Usr 0 00:00:00, Sys 0 00:00:02  -  Run Local Usage
...
003 (5309.003.000) 11/24 02:36:44 Job was checkpointed.
	Usr 11 02:43:13, Sys 0 00:00:12  -  Run Remote Usage
		Usr 0 00:00:00, Sys 0 00:00:02  -  Run Local Usage
...
003 (5309.003.000) 11/24 05:36:44 Job was checkpointed.
	Usr 11 05:43:03, Sys 0 00:00:12  -  Run Remote Usage
		Usr 0 00:00:00, Sys 0 00:00:02  -  Run Local Usage
...
003 (5309.003.000) 11/24 08:36:40 Job was checkpointed.
	Usr 11 08:42:48, Sys 0 00:00:12  -  Run Remote Usage
		Usr 0 00:00:00, Sys 0 00:00:02  -  Run Local Usage
...
003 (5309.003.000) 11/24 11:36:37 Job was checkpointed.
	Usr 11 11:42:38, Sys 0 00:00:12  -  Run Remote Usage
		Usr 0 00:00:00, Sys 0 00:00:02  -  Run Local Usage
...
003 (5309.003.000) 11/24 14:36:36 Job was checkpointed.
	Usr 11 14:42:28, Sys 0 00:00:12  -  Run Remote Usage
		Usr 0 00:00:00, Sys 0 00:00:02  -  Run Local Usage
...
003 (5309.003.000) 11/24 17:36:35 Job was checkpointed.
	Usr 11 17:42:18, Sys 0 00:00:12  -  Run Remote Usage
		Usr 0 00:00:00, Sys 0 00:00:02  -  Run Local Usage
...
003 (5309.003.000) 11/24 20:36:31 Job was checkpointed.
	Usr 11 20:42:04, Sys 0 00:00:13  -  Run Remote Usage
		Usr 0 00:00:00, Sys 0 00:00:02  -  Run Local Usage
...
003 (5309.003.000) 11/24 23:36:29 Job was checkpointed.
	Usr 11 23:41:50, Sys 0 00:00:13  -  Run Remote Usage
		Usr 0 00:00:00, Sys 0 00:00:02  -  Run Local Usage
...
003 (5309.003.000) 11/25 02:36:28 Job was checkpointed.
	Usr 12 02:41:39, Sys 0 00:00:13  -  Run Remote Usage
		Usr 0 00:00:00, Sys 0 00:00:02  -  Run Local Usage
...
003 (5309.003.000) 11/25 05:36:24 Job was checkpointed.
	Usr 12 05:41:27, Sys 0 00:00:13  -  Run Remote Usage
		Usr 0 00:00:00, Sys 0 00:00:02  -  Run Local Usage
...
003 (5309.003.000) 11/25 08:36:23 Job was checkpointed.
	Usr 12 08:41:16, Sys 0 00:00:13  -  Run Remote Usage
		Usr 0 00:00:00, Sys 0 00:00:02  -  Run Local Usage
...
003 (5309.003.000) 11/25 11:36:21 Job was checkpointed.
	Usr 12 11:41:07, Sys 0 00:00:13  -  Run Remote Usage
		Usr 0 00:00:00, Sys 0 00:00:02  -  Run Local Usage
...
003 (5309.003.000) 11/25 14:36:20 Job was checkpointed.
	Usr 12 14:40:56, Sys 0 00:00:13  -  Run Remote Usage
		Usr 0 00:00:00, Sys 0 00:00:02  -  Run Local Usage
...
003 (5309.003.000) 11/25 17:36:18 Job was checkpointed.
	Usr 12 17:40:44, Sys 0 00:00:13  -  Run Remote Usage
		Usr 0 00:00:00, Sys 0 00:00:02  -  Run Local Usage
...
003 (5309.003.000) 11/25 20:36:17 Job was checkpointed.
	Usr 12 20:40:36, Sys 0 00:00:13  -  Run Remote Usage
		Usr 0 00:00:00, Sys 0 00:00:02  -  Run Local Usage
...
003 (5309.003.000) 11/25 23:36:16 Job was checkpointed.
	Usr 12 23:40:24, Sys 0 00:00:14  -  Run Remote Usage
		Usr 0 00:00:00, Sys 0 00:00:02  -  Run Local Usage
...
003 (5309.003.000) 11/26 02:36:17 Job was checkpointed.
	Usr 13 02:40:17, Sys 0 00:00:14  -  Run Remote Usage
		Usr 0 00:00:00, Sys 0 00:00:02  -  Run Local Usage
...
003 (5309.003.000) 11/26 05:36:14 Job was checkpointed.
	Usr 13 05:40:05, Sys 0 00:00:14  -  Run Remote Usage
		Usr 0 00:00:00, Sys 0 00:00:02  -  Run Local Usage
...
003 (5309.003.000) 11/26 08:36:14 Job was checkpointed.
	Usr 13 08:39:54, Sys 0 00:00:14  -  Run Remote Usage
		Usr 0 00:00:00, Sys 0 00:00:02  -  Run Local Usage
...
003 (5309.003.000) 11/26 11:36:13 Job was checkpointed.
	Usr 13 11:39:46, Sys 0 00:00:14  -  Run Remote Usage
		Usr 0 00:00:00, Sys 0 00:00:02  -  Run Local Usage
...
003 (5309.003.000) 11/26 14:36:12 Job was checkpointed.
	Usr 13 14:39:37, Sys 0 00:00:14  -  Run Remote Usage
		Usr 0 00:00:00, Sys 0 00:00:02  -  Run Local Usage
...
003 (5309.003.000) 11/26 17:36:10 Job was checkpointed.
	Usr 13 17:39:27, Sys 0 00:00:14  -  Run Remote Usage
		Usr 0 00:00:00, Sys 0 00:00:02  -  Run Local Usage
...
003 (5309.003.000) 11/26 20:36:10 Job was checkpointed.
	Usr 13 20:39:20, Sys 0 00:00:14  -  Run Remote Usage
		Usr 0 00:00:00, Sys 0 00:00:02  -  Run Local Usage
...
003 (5309.003.000) 11/26 23:36:07 Job was checkpointed.
	Usr 13 23:39:01, Sys 0 00:00:15  -  Run Remote Usage
		Usr 0 00:00:00, Sys 0 00:00:02  -  Run Local Usage
...
003 (5309.003.000) 11/27 02:36:06 Job was checkpointed.
	Usr 14 02:38:51, Sys 0 00:00:16  -  Run Remote Usage
		Usr 0 00:00:00, Sys 0 00:00:02  -  Run Local Usage
...
003 (5309.003.000) 11/27 05:36:05 Job was checkpointed.
	Usr 14 05:38:40, Sys 0 00:00:16  -  Run Remote Usage
		Usr 0 00:00:00, Sys 0 00:00:02  -  Run Local Usage
...
003 (5309.003.000) 11/27 08:36:01 Job was checkpointed.
	Usr 14 08:38:28, Sys 0 00:00:16  -  Run Remote Usage
		Usr 0 00:00:00, Sys 0 00:00:02  -  Run Local Usage
...
003 (5309.003.000) 11/27 11:35:57 Job was checkpointed.
	Usr 14 11:38:17, Sys 0 00:00:16  -  Run Remote Usage
		Usr 0 00:00:00, Sys 0 00:00:02  -  Run Local Usage
...
003 (5309.003.000) 11/27 14:35:55 Job was checkpointed.
	Usr 14 14:38:07, Sys 0 00:00:16  -  Run Remote Usage
		Usr 0 00:00:00, Sys 0 00:00:02  -  Run Local Usage
...
003 (5309.003.000) 11/27 17:35:53 Job was checkpointed.
	Usr 14 17:37:56, Sys 0 00:00:16  -  Run Remote Usage
		Usr 0 00:00:00, Sys 0 00:00:02  -  Run Local Usage
...
003 (5309.003.000) 11/27 20:35:53 Job was checkpointed.
	Usr 14 20:37:44, Sys 0 00:00:16  -  Run Remote Usage
		Usr 0 00:00:00, Sys 0 00:00:02  -  Run Local Usage
...
003 (5309.003.000) 11/27 23:35:51 Job was checkpointed.
	Usr 14 23:37:31, Sys 0 00:00:17  -  Run Remote Usage
		Usr 0 00:00:00, Sys 0 00:00:02  -  Run Local Usage
...
003 (5309.003.000) 11/28 02:35:50 Job was checkpointed.
	Usr 15 02:37:22, Sys 0 00:00:17  -  Run Remote Usage
		Usr 0 00:00:00, Sys 0 00:00:02  -  Run Local Usage
...
003 (5309.003.000) 11/28 05:35:46 Job was checkpointed.
	Usr 15 05:37:10, Sys 0 00:00:17  -  Run Remote Usage
		Usr 0 00:00:00, Sys 0 00:00:02  -  Run Local Usage
...
003 (5309.003.000) 11/28 08:35:46 Job was checkpointed.
	Usr 15 08:36:59, Sys 0 00:00:17  -  Run Remote Usage
		Usr 0 00:00:00, Sys 0 00:00:02  -  Run Local Usage
...
003 (5309.003.000) 11/28 11:35:43 Job was checkpointed.
	Usr 15 11:36:47, Sys 0 00:00:17  -  Run Remote Usage
		Usr 0 00:00:00, Sys 0 00:00:02  -  Run Local Usage
...
003 (5309.003.000) 11/28 14:35:39 Job was checkpointed.
	Usr 15 14:36:33, Sys 0 00:00:17  -  Run Remote Usage
		Usr 0 00:00:00, Sys 0 00:00:02  -  Run Local Usage
...
003 (5309.003.000) 11/28 17:35:36 Job was checkpointed.
	Usr 15 17:36:23, Sys 0 00:00:17  -  Run Remote Usage
		Usr 0 00:00:00, Sys 0 00:00:02  -  Run Local Usage
...
003 (5309.003.000) 11/28 20:35:36 Job was checkpointed.
	Usr 15 20:36:14, Sys 0 00:00:17  -  Run Remote Usage
		Usr 0 00:00:00, Sys 0 00:00:02  -  Run Local Usage
...
003 (5309.003.000) 11/28 23:35:34 Job was checkpointed.
	Usr 15 23:36:00, Sys 0 00:00:17  -  Run Remote Usage
		Usr 0 00:00:00, Sys 0 00:00:02  -  Run Local Usage
...
003 (5309.003.000) 11/29 02:35:34 Job was checkpointed.
	Usr 16 02:35:51, Sys 0 00:00:17  -  Run Remote Usage
		Usr 0 00:00:00, Sys 0 00:00:02  -  Run Local Usage
...
003 (5309.003.000) 11/29 05:35:32 Job was checkpointed.
	Usr 16 05:35:42, Sys 0 00:00:18  -  Run Remote Usage
		Usr 0 00:00:00, Sys 0 00:00:02  -  Run Local Usage
...
003 (5309.003.000) 11/29 08:35:32 Job was checkpointed.
	Usr 16 08:35:32, Sys 0 00:00:18  -  Run Remote Usage
		Usr 0 00:00:00, Sys 0 00:00:03  -  Run Local Usage
...
003 (5309.003.000) 11/29 11:35:30 Job was checkpointed.
	Usr 16 11:35:19, Sys 0 00:00:18  -  Run Remote Usage
		Usr 0 00:00:00, Sys 0 00:00:03  -  Run Local Usage
...
003 (5309.003.000) 11/29 14:35:26 Job was checkpointed.
	Usr 16 14:35:05, Sys 0 00:00:18  -  Run Remote Usage
		Usr 0 00:00:00, Sys 0 00:00:03  -  Run Local Usage
...
003 (5309.003.000) 11/29 17:35:26 Job was checkpointed.
	Usr 16 17:34:54, Sys 0 00:00:18  -  Run Remote Usage
		Usr 0 00:00:00, Sys 0 00:00:03  -  Run Local Usage
...
003 (5309.003.000) 11/29 20:35:25 Job was checkpointed.
	Usr 16 20:34:45, Sys 0 00:00:18  -  Run Remote Usage
		Usr 0 00:00:00, Sys 0 00:00:03  -  Run Local Usage
...
003 (5309.003.000) 11/29 23:35:21 Job was checkpointed.
	Usr 16 23:34:28, Sys 0 00:00:19  -  Run Remote Usage
		Usr 0 00:00:00, Sys 0 00:00:03  -  Run Local Usage
...
003 (5309.003.000) 11/30 02:35:21 Job was checkpointed.
	Usr 17 02:34:20, Sys 0 00:00:19  -  Run Remote Usage
		Usr 0 00:00:00, Sys 0 00:00:03  -  Run Local Usage
...
003 (5309.003.000) 11/30 05:35:21 Job was checkpointed.
	Usr 17 05:34:12, Sys 0 00:00:19  -  Run Remote Usage
		Usr 0 00:00:00, Sys 0 00:00:03  -  Run Local Usage
...
003 (5309.003.000) 11/30 08:35:19 Job was checkpointed.
	Usr 17 08:34:01, Sys 0 00:00:19  -  Run Remote Usage
		Usr 0 00:00:00, Sys 0 00:00:03  -  Run Local Usage
...
003 (5309.003.000) 11/30 11:35:18 Job was checkpointed.
	Usr 17 11:33:49, Sys 0 00:00:19  -  Run Remote Usage
		Usr 0 00:00:00, Sys 0 00:00:03  -  Run Local Usage
...
003 (5309.003.000) 11/30 14:35:14 Job was checkpointed.
	Usr 17 14:33:37, Sys 0 00:00:19  -  Run Remote Usage
		Usr 0 00:00:00, Sys 0 00:00:03  -  Run Local Usage
...
003 (5309.003.000) 11/30 17:35:11 Job was checkpointed.
	Usr 17 17:33:25, Sys 0 00:00:19  -  Run Remote Usage
		Usr 0 00:00:00, Sys 0 00:00:03  -  Run Local Usage
...
003 (5309.003.000) 11/30 20:35:07 Job was checkpointed.
	Usr 17 20:33:13, Sys 0 00:00:19  -  Run Remote Usage
		Usr 0 00:00:00, Sys 0 00:00:03  -  Run Local Usage
...
003 (5309.003.000) 11/30 23:35:05 Job was checkpointed.
	Usr 17 23:32:59, Sys 0 00:00:20  -  Run Remote Usage
		Usr 0 00:00:00, Sys 0 00:00:03  -  Run Local Usage
...
003 (5309.003.000) 12/01 02:35:05 Job was checkpointed.
	Usr 18 02:32:53, Sys 0 00:00:20  -  Run Remote Usage
		Usr 0 00:00:00, Sys 0 00:00:03  -  Run Local Usage
...
003 (5309.003.000) 12/01 05:35:04 Job was checkpointed.
	Usr 18 05:32:42, Sys 0 00:00:20  -  Run Remote Usage
		Usr 0 00:00:00, Sys 0 00:00:03  -  Run Local Usage
...
003 (5309.003.000) 12/01 08:35:03 Job was checkpointed.
	Usr 18 08:32:33, Sys 0 00:00:20  -  Run Remote Usage
		Usr 0 00:00:00, Sys 0 00:00:03  -  Run Local Usage
...
003 (5309.003.000) 12/01 11:35:01 Job was checkpointed.
	Usr 18 11:32:22, Sys 0 00:00:20  -  Run Remote Usage
		Usr 0 00:00:00, Sys 0 00:00:03  -  Run Local Usage
...
003 (5309.003.000) 12/01 14:34:58 Job was checkpointed.
	Usr 18 14:32:10, Sys 0 00:00:20  -  Run Remote Usage
		Usr 0 00:00:00, Sys 0 00:00:03  -  Run Local Usage
...
003 (5309.003.000) 12/01 17:34:56 Job was checkpointed.
	Usr 18 17:32:00, Sys 0 00:00:20  -  Run Remote Usage
		Usr 0 00:00:00, Sys 0 00:00:03  -  Run Local Usage
...
003 (5309.003.000) 12/01 20:34:55 Job was checkpointed.
	Usr 18 20:31:48, Sys 0 00:00:20  -  Run Remote Usage
		Usr 0 00:00:00, Sys 0 00:00:03  -  Run Local Usage
...
003 (5309.003.000) 12/01 23:34:54 Job was checkpointed.
	Usr 18 23:31:37, Sys 0 00:00:21  -  Run Remote Usage
		Usr 0 00:00:01, Sys 0 00:00:03  -  Run Local Usage
...
003 (5309.003.000) 12/02 02:34:50 Job was checkpointed.
	Usr 19 02:31:24, Sys 0 00:00:21  -  Run Remote Usage
		Usr 0 00:00:01, Sys 0 00:00:03  -  Run Local Usage
...
003 (5309.003.000) 12/02 05:34:48 Job was checkpointed.
	Usr 19 05:31:13, Sys 0 00:00:21  -  Run Remote Usage
		Usr 0 00:00:01, Sys 0 00:00:03  -  Run Local Usage
...
003 (5309.003.000) 12/02 08:34:48 Job was checkpointed.
	Usr 19 08:31:05, Sys 0 00:00:21  -  Run Remote Usage
		Usr 0 00:00:01, Sys 0 00:00:03  -  Run Local Usage
...
003 (5309.003.000) 12/02 11:34:47 Job was checkpointed.
	Usr 19 11:30:54, Sys 0 00:00:21  -  Run Remote Usage
		Usr 0 00:00:01, Sys 0 00:00:03  -  Run Local Usage
...
003 (5309.003.000) 12/02 14:34:45 Job was checkpointed.
	Usr 19 14:30:44, Sys 0 00:00:21  -  Run Remote Usage
		Usr 0 00:00:01, Sys 0 00:00:03  -  Run Local Usage
...
003 (5309.003.000) 12/02 17:34:42 Job was checkpointed.
	Usr 19 17:30:33, Sys 0 00:00:21  -  Run Remote Usage
		Usr 0 00:00:01, Sys 0 00:00:03  -  Run Local Usage
...
003 (5309.003.000) 12/02 20:34:39 Job was checkpointed.
	Usr 19 20:30:22, Sys 0 00:00:21  -  Run Remote Usage
		Usr 0 00:00:01, Sys 0 00:00:03  -  Run Local Usage
...
003 (5309.003.000) 12/02 23:34:38 Job was checkpointed.
	Usr 19 23:30:09, Sys 0 00:00:22  -  Run Remote Usage
		Usr 0 00:00:01, Sys 0 00:00:03  -  Run Local Usage
...
003 (5309.003.000) 12/03 02:34:35 Job was checkpointed.
	Usr 20 02:29:58, Sys 0 00:00:22  -  Run Remote Usage
		Usr 0 00:00:01, Sys 0 00:00:03  -  Run Local Usage
...
003 (5309.003.000) 12/03 05:34:35 Job was checkpointed.
	Usr 20 05:29:49, Sys 0 00:00:22  -  Run Remote Usage
		Usr 0 00:00:01, Sys 0 00:00:03  -  Run Local Usage
...
003 (5309.003.000) 12/03 08:34:32 Job was checkpointed.
	Usr 20 08:29:37, Sys 0 00:00:22  -  Run Remote Usage
		Usr 0 00:00:01, Sys 0 00:00:03  -  Run Local Usage
...
003 (5309.003.000) 12/03 11:34:31 Job was checkpointed.
	Usr 20 11:29:25, Sys 0 00:00:22  -  Run Remote Usage
		Usr 0 00:00:01, Sys 0 00:00:03  -  Run Local Usage
...
003 (5309.003.000) 12/03 14:34:27 Job was checkpointed.
	Usr 20 14:29:10, Sys 0 00:00:22  -  Run Remote Usage
		Usr 0 00:00:01, Sys 0 00:00:03  -  Run Local Usage
...
003 (5309.003.000) 12/03 17:34:24 Job was checkpointed.
	Usr 20 17:28:58, Sys 0 00:00:22  -  Run Remote Usage
		Usr 0 00:00:01, Sys 0 00:00:03  -  Run Local Usage
...
003 (5309.003.000) 12/03 20:34:22 Job was checkpointed.
	Usr 20 20:28:43, Sys 0 00:00:22  -  Run Remote Usage
		Usr 0 00:00:01, Sys 0 00:00:03  -  Run Local Usage
...
003 (5309.003.000) 12/03 23:34:18 Job was checkpointed.
	Usr 20 23:28:22, Sys 0 00:00:24  -  Run Remote Usage
		Usr 0 00:00:01, Sys 0 00:00:03  -  Run Local Usage
...
003 (5309.003.000) 12/04 02:34:15 Job was checkpointed.
	Usr 21 02:28:12, Sys 0 00:00:24  -  Run Remote Usage
		Usr 0 00:00:01, Sys 0 00:00:03  -  Run Local Usage
...
003 (5309.003.000) 12/04 05:34:14 Job was checkpointed.
	Usr 21 05:28:04, Sys 0 00:00:24  -  Run Remote Usage
		Usr 0 00:00:01, Sys 0 00:00:03  -  Run Local Usage
...
003 (5309.003.000) 12/04 08:34:12 Job was checkpointed.
	Usr 21 08:27:50, Sys 0 00:00:24  -  Run Remote Usage
		Usr 0 00:00:01, Sys 0 00:00:03  -  Run Local Usage
...
003 (5309.003.000) 12/04 11:34:11 Job was checkpointed.
	Usr 21 11:27:41, Sys 0 00:00:24  -  Run Remote Usage
		Usr 0 00:00:01, Sys 0 00:00:03  -  Run Local Usage
...
003 (5309.003.000) 12/04 14:34:07 Job was checkpointed.
	Usr 21 14:27:28, Sys 0 00:00:24  -  Run Remote Usage
		Usr 0 00:00:01, Sys 0 00:00:03  -  Run Local Usage
...
003 (5309.003.000) 12/04 17:34:06 Job was checkpointed.
	Usr 21 17:27:17, Sys 0 00:00:24  -  Run Remote Usage
		Usr 0 00:00:01, Sys 0 00:00:04  -  Run Local Usage
...
003 (5309.003.000) 12/04 20:34:02 Job was checkpointed.
	Usr 21 20:27:06, Sys 0 00:00:25  -  Run Remote Usage
		Usr 0 00:00:01, Sys 0 00:00:04  -  Run Local Usage
...
003 (5309.003.000) 12/04 23:33:58 Job was checkpointed.
	Usr 21 23:26:49, Sys 0 00:00:25  -  Run Remote Usage
		Usr 0 00:00:01, Sys 0 00:00:04  -  Run Local Usage
...
003 (5309.003.000) 12/05 02:33:57 Job was checkpointed.
	Usr 22 02:26:41, Sys 0 00:00:25  -  Run Remote Usage
		Usr 0 00:00:01, Sys 0 00:00:04  -  Run Local Usage
...
003 (5309.003.000) 12/05 05:33:55 Job was checkpointed.
	Usr 22 05:26:30, Sys 0 00:00:25  -  Run Remote Usage
		Usr 0 00:00:01, Sys 0 00:00:04  -  Run Local Usage
...
004 (5309.003.000) 12/05 07:16:12 Job was evicted.
	(1) Job was checkpointed.
		Usr 22 07:08:40, Sys 0 00:00:25  -  Run Remote Usage
		Usr 0 00:00:01, Sys 0 00:00:04  -  Run Local Usage
	174766736  -  Run Bytes Sent By Job
	4569127  -  Run Bytes Received By Job
...
001 (5309.003.000) 12/05 07:46:33 Job executing on host: <192.168.203.27:52550>
...
006 (5309.003.000) 12/05 10:46:33 Image size of job updated: 10953
...
003 (5309.003.000) 12/05 10:46:33 Job was checkpointed.
	Usr 0 02:59:51, Sys 0 00:00:00  -  Run Remote Usage
		Usr 0 00:00:00, Sys 0 00:00:00  -  Run Local Usage
...
003 (5309.003.000) 12/05 13:46:33 Job was checkpointed.
	Usr 0 05:59:33, Sys 0 00:00:00  -  Run Remote Usage
		Usr 0 00:00:00, Sys 0 00:00:00  -  Run Local Usage
...
003 (5309.003.000) 12/05 16:46:34 Job was checkpointed.
	Usr 0 08:59:18, Sys 0 00:00:01  -  Run Remote Usage
		Usr 0 00:00:00, Sys 0 00:00:00  -  Run Local Usage
...
003 (5309.003.000) 12/05 19:46:34 Job was checkpointed.
	Usr 0 11:59:02, Sys 0 00:00:01  -  Run Remote Usage
		Usr 0 00:00:00, Sys 0 00:00:00  -  Run Local Usage
...
003 (5309.003.000) 12/05 22:46:36 Job was checkpointed.
	Usr 0 14:58:50, Sys 0 00:00:02  -  Run Remote Usage
		Usr 0 00:00:00, Sys 0 00:00:00  -  Run Local Usage
...
003 (5309.003.000) 12/06 01:46:39 Job was checkpointed.
	Usr 0 17:58:37, Sys 0 00:00:02  -  Run Remote Usage
		Usr 0 00:00:00, Sys 0 00:00:00  -  Run Local Usage
...
003 (5309.003.000) 12/06 04:46:40 Job was checkpointed.
	Usr 0 20:58:25, Sys 0 00:00:03  -  Run Remote Usage
		Usr 0 00:00:00, Sys 0 00:00:00  -  Run Local Usage
...
003 (5309.003.000) 12/06 07:46:44 Job was checkpointed.
	Usr 0 23:58:13, Sys 0 00:00:03  -  Run Remote Usage
		Usr 0 00:00:00, Sys 0 00:00:00  -  Run Local Usage
...
003 (5309.003.000) 12/06 10:46:45 Job was checkpointed.
	Usr 1 02:57:55, Sys 0 00:00:04  -  Run Remote Usage
		Usr 0 00:00:00, Sys 0 00:00:00  -  Run Local Usage
...
003 (5309.003.000) 12/06 13:46:49 Job was checkpointed.
	Usr 1 05:57:41, Sys 0 00:00:04  -  Run Remote Usage
		Usr 0 00:00:00, Sys 0 00:00:00  -  Run Local Usage
...
003 (5309.003.000) 12/06 16:46:50 Job was checkpointed.
	Usr 1 08:57:27, Sys 0 00:00:05  -  Run Remote Usage
		Usr 0 00:00:00, Sys 0 00:00:00  -  Run Local Usage
...
003 (5309.003.000) 12/06 19:46:52 Job was checkpointed.
	Usr 1 11:57:11, Sys 0 00:00:05  -  Run Remote Usage
		Usr 0 00:00:00, Sys 0 00:00:00  -  Run Local Usage
...
003 (5309.003.000) 12/06 22:46:53 Job was checkpointed.
	Usr 1 14:56:54, Sys 0 00:00:06  -  Run Remote Usage
		Usr 0 00:00:00, Sys 0 00:00:00  -  Run Local Usage
...
003 (5309.003.000) 12/07 01:46:56 Job was checkpointed.
	Usr 1 17:56:40, Sys 0 00:00:06  -  Run Remote Usage
		Usr 0 00:00:00, Sys 0 00:00:00  -  Run Local Usage
...
003 (5309.003.000) 12/07 04:46:56 Job was checkpointed.
	Usr 1 20:56:25, Sys 0 00:00:07  -  Run Remote Usage
		Usr 0 00:00:00, Sys 0 00:00:00  -  Run Local Usage
...
003 (5309.003.000) 12/07 07:47:00 Job was checkpointed.
	Usr 1 23:56:12, Sys 0 00:00:07  -  Run Remote Usage
		Usr 0 00:00:00, Sys 0 00:00:00  -  Run Local Usage
...
003 (5309.003.000) 12/07 10:47:02 Job was checkpointed.
	Usr 2 02:55:59, Sys 0 00:00:08  -  Run Remote Usage
		Usr 0 00:00:00, Sys 0 00:00:00  -  Run Local Usage
...
003 (5309.003.000) 12/07 13:47:03 Job was checkpointed.
	Usr 2 05:55:45, Sys 0 00:00:08  -  Run Remote Usage
		Usr 0 00:00:00, Sys 0 00:00:00  -  Run Local Usage
...
003 (5309.003.000) 12/07 16:47:05 Job was checkpointed.
	Usr 2 08:55:33, Sys 0 00:00:09  -  Run Remote Usage
		Usr 0 00:00:00, Sys 0 00:00:00  -  Run Local Usage
...
003 (5309.003.000) 12/07 19:47:08 Job was checkpointed.
	Usr 2 11:55:21, Sys 0 00:00:09  -  Run Remote Usage
		Usr 0 00:00:00, Sys 0 00:00:00  -  Run Local Usage
...
003 (5309.003.000) 12/07 22:47:10 Job was checkpointed.
	Usr 2 14:55:10, Sys 0 00:00:09  -  Run Remote Usage
		Usr 0 00:00:00, Sys 0 00:00:00  -  Run Local Usage
...
003 (5309.003.000) 12/08 01:47:12 Job was checkpointed.
	Usr 2 17:54:54, Sys 0 00:00:10  -  Run Remote Usage
		Usr 0 00:00:00, Sys 0 00:00:00  -  Run Local Usage
...
004 (5309.003.000) 12/08 04:27:25 Job was evicted.
	(1) Job was checkpointed.
		Usr 2 20:34:47, Sys 0 00:00:11  -  Run Remote Usage
		Usr 0 00:00:00, Sys 0 00:00:00  -  Run Local Usage
	22457316  -  Run Bytes Sent By Job
	5506411  -  Run Bytes Received By Job
...
001 (5309.003.000) 12/08 04:36:27 Job executing on host: <192.168.203.27:52550>
...
006 (5309.003.000) 12/08 07:32:33 Image size of job updated: 10953
...
004 (5309.003.000) 12/08 07:32:33 Job was evicted.
	(1) Job was checkpointed.
		Usr 0 02:56:03, Sys 0 00:00:00  -  Run Remote Usage
		Usr 0 00:00:00, Sys 0 00:00:00  -  Run Local Usage
	976712  -  Run Bytes Sent By Job
	5501021  -  Run Bytes Received By Job
...
001 (5309.003.000) 12/09 02:27:11 Job executing on host: <192.168.203.10:40317>
...
006 (5309.003.000) 12/09 05:27:14 Image size of job updated: 10953
...
003 (5309.003.000) 12/09 05:27:14 Job was checkpointed.
	Usr 0 03:00:02, Sys 0 00:00:00  -  Run Remote Usage
		Usr 0 00:00:00, Sys 0 00:00:00  -  Run Local Usage
...
003 (5309.003.000) 12/09 08:27:13 Job was checkpointed.
	Usr 0 06:00:00, Sys 0 00:00:00  -  Run Remote Usage
		Usr 0 00:00:00, Sys 0 00:00:00  -  Run Local Usage
...
003 (5309.003.000) 12/09 11:27:16 Job was checkpointed.
	Usr 0 09:00:02, Sys 0 00:00:00  -  Run Remote Usage
		Usr 0 00:00:00, Sys 0 00:00:00  -  Run Local Usage
...
003 (5309.003.000) 12/09 14:27:16 Job was checkpointed.
	Usr 0 12:00:00, Sys 0 00:00:00  -  Run Remote Usage
		Usr 0 00:00:00, Sys 0 00:00:00  -  Run Local Usage
...
003 (5309.003.000) 12/09 17:27:15 Job was checkpointed.
	Usr 0 14:59:58, Sys 0 00:00:00  -  Run Remote Usage
		Usr 0 00:00:00, Sys 0 00:00:00  -  Run Local Usage
...
003 (5309.003.000) 12/09 20:27:16 Job was checkpointed.
	Usr 0 17:59:58, Sys 0 00:00:00  -  Run Remote Usage
		Usr 0 00:00:00, Sys 0 00:00:00  -  Run Local Usage
...
003 (5309.003.000) 12/09 23:27:20 Job was checkpointed.
	Usr 0 21:00:02, Sys 0 00:00:00  -  Run Remote Usage
		Usr 0 00:00:00, Sys 0 00:00:00  -  Run Local Usage
...
003 (5309.003.000) 12/10 02:27:22 Job was checkpointed.
	Usr 1 00:00:03, Sys 0 00:00:00  -  Run Remote Usage
		Usr 0 00:00:00, Sys 0 00:00:00  -  Run Local Usage
...
004 (5309.003.000) 12/10 03:56:45 Job was evicted.
	(1) Job was checkpointed.
		Usr 1 01:29:23, Sys 0 00:00:00  -  Run Remote Usage
		Usr 0 00:00:00, Sys 0 00:00:00  -  Run Local Usage
	8787840  -  Run Bytes Sent By Job
	5502981  -  Run Bytes Received By Job
...
001 (5309.003.000) 12/11 05:26:39 Job executing on host: <170.140.162.75:39705>
...
006 (5309.003.000) 12/11 08:26:40 Image size of job updated: 10953
...
003 (5309.003.000) 12/11 08:26:40 Job was checkpointed.
	Usr 0 02:57:17, Sys 0 00:00:18  -  Run Remote Usage
		Usr 0 00:00:00, Sys 0 00:00:00  -  Run Local Usage
...
004 (5309.003.000) 12/11 09:55:07 Job was evicted.
	(1) Job was checkpointed.
		Usr 0 04:24:28, Sys 0 00:00:27  -  Run Remote Usage
		Usr 0 00:00:00, Sys 0 00:00:00  -  Run Local Usage
	1953103  -  Run Bytes Sent By Job
	5501266  -  Run Bytes Received By Job
...
001 (5309.003.000) 12/11 10:01:34 Job executing on host: <192.168.203.18:44059>
...
006 (5309.003.000) 12/11 13:01:33 Image size of job updated: 10953
...
003 (5309.003.000) 12/11 13:01:33 Job was checkpointed.
	Usr 0 02:59:57, Sys 0 00:00:00  -  Run Remote Usage
		Usr 0 00:00:00, Sys 0 00:00:00  -  Run Local Usage
...
003 (5309.003.000) 12/11 16:01:35 Job was checkpointed.
	Usr 0 05:59:59, Sys 0 00:00:00  -  Run Remote Usage
		Usr 0 00:00:00, Sys 0 00:00:00  -  Run Local Usage
...
003 (5309.003.000) 12/11 19:01:35 Job was checkpointed.
	Usr 0 08:59:57, Sys 0 00:00:00  -  Run Remote Usage
		Usr 0 00:00:00, Sys 0 00:00:00  -  Run Local Usage
...
003 (5309.003.000) 12/11 22:01:35 Job was checkpointed.
	Usr 0 11:59:56, Sys 0 00:00:00  -  Run Remote Usage
		Usr 0 00:00:00, Sys 0 00:00:00  -  Run Local Usage
...
003 (5309.003.000) 12/12 01:01:38 Job was checkpointed.
	Usr 0 14:59:59, Sys 0 00:00:00  -  Run Remote Usage
		Usr 0 00:00:00, Sys 0 00:00:00  -  Run Local Usage
...
003 (5309.003.000) 12/12 04:01:37 Job was checkpointed.
	Usr 0 17:59:57, Sys 0 00:00:00  -  Run Remote Usage
		Usr 0 00:00:00, Sys 0 00:00:00  -  Run Local Usage
...
003 (5309.003.000) 12/12 07:01:37 Job was checkpointed.
	Usr 0 20:59:56, Sys 0 00:00:00  -  Run Remote Usage
		Usr 0 00:00:00, Sys 0 00:00:00  -  Run Local Usage
...
003 (5309.003.000) 12/12 10:01:39 Job was checkpointed.
	Usr 0 23:59:58, Sys 0 00:00:00  -  Run Remote Usage
		Usr 0 00:00:00, Sys 0 00:00:00  -  Run Local Usage
...
003 (5309.003.000) 12/12 13:01:41 Job was checkpointed.
	Usr 1 02:59:59, Sys 0 00:00:00  -  Run Remote Usage
		Usr 0 00:00:00, Sys 0 00:00:00  -  Run Local Usage
...
003 (5309.003.000) 12/12 16:01:41 Job was checkpointed.
	Usr 1 05:59:58, Sys 0 00:00:00  -  Run Remote Usage
		Usr 0 00:00:00, Sys 0 00:00:00  -  Run Local Usage
...
003 (5309.003.000) 12/12 19:01:45 Job was checkpointed.
	Usr 1 09:00:01, Sys 0 00:00:00  -  Run Remote Usage
		Usr 0 00:00:00, Sys 0 00:00:00  -  Run Local Usage
...
003 (5309.003.000) 12/12 22:01:46 Job was checkpointed.
	Usr 1 12:00:01, Sys 0 00:00:00  -  Run Remote Usage
		Usr 0 00:00:00, Sys 0 00:00:00  -  Run Local Usage
...
003 (5309.003.000) 12/13 01:01:49 Job was checkpointed.
	Usr 1 15:00:03, Sys 0 00:00:00  -  Run Remote Usage
		Usr 0 00:00:00, Sys 0 00:00:00  -  Run Local Usage
...
003 (5309.003.000) 12/13 04:01:51 Job was checkpointed.
	Usr 1 18:00:04, Sys 0 00:00:00  -  Run Remote Usage
		Usr 0 00:00:00, Sys 0 00:00:00  -  Run Local Usage
...
003 (5309.003.000) 12/13 07:01:50 Job was checkpointed.
	Usr 1 21:00:03, Sys 0 00:00:00  -  Run Remote Usage
		Usr 0 00:00:00, Sys 0 00:00:00  -  Run Local Usage
...
003 (5309.003.000) 12/13 10:01:52 Job was checkpointed.
	Usr 2 00:00:04, Sys 0 00:00:00  -  Run Remote Usage
		Usr 0 00:00:00, Sys 0 00:00:00  -  Run Local Usage
...
003 (5309.003.000) 12/13 13:01:56 Job was checkpointed.
	Usr 2 03:00:07, Sys 0 00:00:00  -  Run Remote Usage
		Usr 0 00:00:00, Sys 0 00:00:00  -  Run Local Usage
...
003 (5309.003.000) 12/13 16:01:57 Job was checkpointed.
	Usr 2 06:00:07, Sys 0 00:00:00  -  Run Remote Usage
		Usr 0 00:00:00, Sys 0 00:00:00  -  Run Local Usage
...
003 (5309.003.000) 12/13 19:01:56 Job was checkpointed.
	Usr 2 09:00:06, Sys 0 00:00:00  -  Run Remote Usage
		Usr 0 00:00:00, Sys 0 00:00:00  -  Run Local Usage
...
003 (5309.003.000) 12/13 22:01:58 Job was checkpointed.
	Usr 2 12:00:07, Sys 0 00:00:00  -  Run Remote Usage
		Usr 0 00:00:00, Sys 0 00:00:00  -  Run Local Usage
...
003 (5309.003.000) 12/14 01:02:01 Job was checkpointed.
	Usr 2 15:00:10, Sys 0 00:00:00  -  Run Remote Usage
		Usr 0 00:00:00, Sys 0 00:00:00  -  Run Local Usage
...
003 (5309.003.000) 12/14 04:02:02 Job was checkpointed.
	Usr 2 18:00:10, Sys 0 00:00:00  -  Run Remote Usage
		Usr 0 00:00:00, Sys 0 00:00:00  -  Run Local Usage
...
003 (5309.003.000) 12/14 07:02:04 Job was checkpointed.
	Usr 2 21:00:10, Sys 0 00:00:00  -  Run Remote Usage
		Usr 0 00:00:00, Sys 0 00:00:00  -  Run Local Usage
...
003 (5309.003.000) 12/14 10:02:08 Job was checkpointed.
	Usr 3 00:00:14, Sys 0 00:00:00  -  Run Remote Usage
		Usr 0 00:00:00, Sys 0 00:00:00  -  Run Local Usage
...
003 (5309.003.000) 12/14 13:02:11 Job was checkpointed.
	Usr 3 03:00:17, Sys 0 00:00:00  -  Run Remote Usage
		Usr 0 00:00:00, Sys 0 00:00:00  -  Run Local Usage
...
003 (5309.003.000) 12/14 16:02:12 Job was checkpointed.
	Usr 3 06:00:17, Sys 0 00:00:00  -  Run Remote Usage
		Usr 0 00:00:00, Sys 0 00:00:00  -  Run Local Usage
...
003 (5309.003.000) 12/14 19:02:11 Job was checkpointed.
	Usr 3 09:00:16, Sys 0 00:00:00  -  Run Remote Usage
		Usr 0 00:00:00, Sys 0 00:00:00  -  Run Local Usage
...
003 (5309.003.000) 12/14 22:02:15 Job was checkpointed.
	Usr 3 12:00:19, Sys 0 00:00:00  -  Run Remote Usage
		Usr 0 00:00:00, Sys 0 00:00:00  -  Run Local Usage
...
003 (5309.003.000) 12/15 01:02:17 Job was checkpointed.
	Usr 3 15:00:20, Sys 0 00:00:00  -  Run Remote Usage
		Usr 0 00:00:00, Sys 0 00:00:00  -  Run Local Usage
...
003 (5309.003.000) 12/15 04:02:16 Job was checkpointed.
	Usr 3 18:00:19, Sys 0 00:00:00  -  Run Remote Usage
		Usr 0 00:00:00, Sys 0 00:00:00  -  Run Local Usage
...
003 (5309.003.000) 12/15 07:02:19 Job was checkpointed.
	Usr 3 21:00:22, Sys 0 00:00:00  -  Run Remote Usage
		Usr 0 00:00:00, Sys 0 00:00:00  -  Run Local Usage
...
003 (5309.003.000) 12/15 10:02:23 Job was checkpointed.
	Usr 4 00:00:25, Sys 0 00:00:00  -  Run Remote Usage
		Usr 0 00:00:00, Sys 0 00:00:00  -  Run Local Usage
...
003 (5309.003.000) 12/15 13:02:26 Job was checkpointed.
	Usr 4 03:00:27, Sys 0 00:00:00  -  Run Remote Usage
		Usr 0 00:00:00, Sys 0 00:00:00  -  Run Local Usage
...
003 (5309.003.000) 12/15 16:02:28 Job was checkpointed.
	Usr 4 06:00:29, Sys 0 00:00:00  -  Run Remote Usage
		Usr 0 00:00:00, Sys 0 00:00:00  -  Run Local Usage
...
003 (5309.003.000) 12/15 19:02:30 Job was checkpointed.
	Usr 4 09:00:30, Sys 0 00:00:00  -  Run Remote Usage
		Usr 0 00:00:00, Sys 0 00:00:00  -  Run Local Usage
...
003 (5309.003.000) 12/15 22:02:33 Job was checkpointed.
	Usr 4 12:00:33, Sys 0 00:00:00  -  Run Remote Usage
		Usr 0 00:00:00, Sys 0 00:00:00  -  Run Local Usage
...
003 (5309.003.000) 12/16 01:02:37 Job was checkpointed.
	Usr 4 15:00:37, Sys 0 00:00:00  -  Run Remote Usage
		Usr 0 00:00:00, Sys 0 00:00:00  -  Run Local Usage
...
003 (5309.003.000) 12/16 04:02:39 Job was checkpointed.
	Usr 4 18:00:38, Sys 0 00:00:00  -  Run Remote Usage
		Usr 0 00:00:00, Sys 0 00:00:00  -  Run Local Usage
...
003 (5309.003.000) 12/16 07:02:40 Job was checkpointed.
	Usr 4 21:00:39, Sys 0 00:00:00  -  Run Remote Usage
		Usr 0 00:00:00, Sys 0 00:00:00  -  Run Local Usage
...
003 (5309.003.000) 12/16 10:02:41 Job was checkpointed.
	Usr 5 00:00:39, Sys 0 00:00:00  -  Run Remote Usage
		Usr 0 00:00:00, Sys 0 00:00:01  -  Run Local Usage
...
003 (5309.003.000) 12/16 13:02:43 Job was checkpointed.
	Usr 5 03:00:40, Sys 0 00:00:00  -  Run Remote Usage
		Usr 0 00:00:00, Sys 0 00:00:01  -  Run Local Usage
...
003 (5309.003.000) 12/16 16:02:45 Job was checkpointed.
	Usr 5 06:00:42, Sys 0 00:00:00  -  Run Remote Usage
		Usr 0 00:00:00, Sys 0 00:00:01  -  Run Local Usage
...
003 (5309.003.000) 12/16 19:02:44 Job was checkpointed.
	Usr 5 09:00:40, Sys 0 00:00:00  -  Run Remote Usage
		Usr 0 00:00:00, Sys 0 00:00:01  -  Run Local Usage
...
003 (5309.003.000) 12/16 22:02:44 Job was checkpointed.
	Usr 5 12:00:40, Sys 0 00:00:00  -  Run Remote Usage
		Usr 0 00:00:00, Sys 0 00:00:01  -  Run Local Usage
...
003 (5309.003.000) 12/17 01:02:45 Job was checkpointed.
	Usr 5 15:00:41, Sys 0 00:00:00  -  Run Remote Usage
		Usr 0 00:00:00, Sys 0 00:00:01  -  Run Local Usage
...
003 (5309.003.000) 12/17 04:02:49 Job was checkpointed.
	Usr 5 18:00:44, Sys 0 00:00:00  -  Run Remote Usage
		Usr 0 00:00:00, Sys 0 00:00:01  -  Run Local Usage
...
003 (5309.003.000) 12/17 07:02:53 Job was checkpointed.
	Usr 5 21:00:47, Sys 0 00:00:00  -  Run Remote Usage
		Usr 0 00:00:00, Sys 0 00:00:01  -  Run Local Usage
...
003 (5309.003.000) 12/17 10:02:55 Job was checkpointed.
	Usr 6 00:00:49, Sys 0 00:00:00  -  Run Remote Usage
		Usr 0 00:00:00, Sys 0 00:00:01  -  Run Local Usage
...
003 (5309.003.000) 12/17 13:02:55 Job was checkpointed.
	Usr 6 03:00:48, Sys 0 00:00:00  -  Run Remote Usage
		Usr 0 00:00:00, Sys 0 00:00:01  -  Run Local Usage
...
003 (5309.003.000) 12/17 16:02:59 Job was checkpointed.
	Usr 6 06:00:52, Sys 0 00:00:00  -  Run Remote Usage
		Usr 0 00:00:00, Sys 0 00:00:01  -  Run Local Usage
...
003 (5309.003.000) 12/17 19:03:02 Job was checkpointed.
	Usr 6 09:00:55, Sys 0 00:00:00  -  Run Remote Usage
		Usr 0 00:00:00, Sys 0 00:00:01  -  Run Local Usage
...
003 (5309.003.000) 12/17 22:03:03 Job was checkpointed.
	Usr 6 12:00:55, Sys 0 00:00:00  -  Run Remote Usage
		Usr 0 00:00:00, Sys 0 00:00:01  -  Run Local Usage
...
003 (5309.003.000) 12/18 01:03:04 Job was checkpointed.
	Usr 6 15:00:55, Sys 0 00:00:00  -  Run Remote Usage
		Usr 0 00:00:00, Sys 0 00:00:01  -  Run Local Usage
...
003 (5309.003.000) 12/18 04:03:05 Job was checkpointed.
	Usr 6 18:00:56, Sys 0 00:00:00  -  Run Remote Usage
		Usr 0 00:00:00, Sys 0 00:00:01  -  Run Local Usage
...
003 (5309.003.000) 12/18 07:03:06 Job was checkpointed.
	Usr 6 21:00:56, Sys 0 00:00:00  -  Run Remote Usage
		Usr 0 00:00:00, Sys 0 00:00:01  -  Run Local Usage
...
003 (5309.003.000) 12/18 10:03:07 Job was checkpointed.
	Usr 7 00:00:56, Sys 0 00:00:00  -  Run Remote Usage
		Usr 0 00:00:00, Sys 0 00:00:01  -  Run Local Usage
...
003 (5309.003.000) 12/18 13:03:08 Job was checkpointed.
	Usr 7 03:00:57, Sys 0 00:00:00  -  Run Remote Usage
		Usr 0 00:00:00, Sys 0 00:00:01  -  Run Local Usage
...
003 (5309.003.000) 12/18 16:03:11 Job was checkpointed.
	Usr 7 06:01:00, Sys 0 00:00:00  -  Run Remote Usage
		Usr 0 00:00:00, Sys 0 00:00:01  -  Run Local Usage
...
003 (5309.003.000) 12/18 19:03:14 Job was checkpointed.
	Usr 7 09:01:02, Sys 0 00:00:00  -  Run Remote Usage
		Usr 0 00:00:00, Sys 0 00:00:01  -  Run Local Usage
...
003 (5309.003.000) 12/18 22:03:14 Job was checkpointed.
	Usr 7 12:01:02, Sys 0 00:00:00  -  Run Remote Usage
		Usr 0 00:00:00, Sys 0 00:00:01  -  Run Local Usage
...
003 (5309.003.000) 12/19 01:03:16 Job was checkpointed.
	Usr 7 15:01:03, Sys 0 00:00:00  -  Run Remote Usage
		Usr 0 00:00:00, Sys 0 00:00:01  -  Run Local Usage
...
003 (5309.003.000) 12/19 04:03:19 Job was checkpointed.
	Usr 7 18:01:06, Sys 0 00:00:00  -  Run Remote Usage
		Usr 0 00:00:00, Sys 0 00:00:01  -  Run Local Usage
...
003 (5309.003.000) 12/19 07:03:19 Job was checkpointed.
	Usr 7 21:01:05, Sys 0 00:00:00  -  Run Remote Usage
		Usr 0 00:00:00, Sys 0 00:00:01  -  Run Local Usage
...
003 (5309.003.000) 12/19 10:03:22 Job was checkpointed.
	Usr 8 00:01:07, Sys 0 00:00:00  -  Run Remote Usage
		Usr 0 00:00:00, Sys 0 00:00:01  -  Run Local Usage
...
003 (5309.003.000) 12/19 13:03:24 Job was checkpointed.
	Usr 8 03:01:10, Sys 0 00:00:00  -  Run Remote Usage
		Usr 0 00:00:00, Sys 0 00:00:01  -  Run Local Usage
...
003 (5309.003.000) 12/19 16:03:26 Job was checkpointed.
	Usr 8 06:01:11, Sys 0 00:00:00  -  Run Remote Usage
		Usr 0 00:00:00, Sys 0 00:00:01  -  Run Local Usage
...
003 (5309.003.000) 12/19 19:03:26 Job was checkpointed.
	Usr 8 09:01:10, Sys 0 00:00:00  -  Run Remote Usage
		Usr 0 00:00:00, Sys 0 00:00:01  -  Run Local Usage
...
003 (5309.003.000) 12/19 22:03:29 Job was checkpointed.
	Usr 8 12:01:13, Sys 0 00:00:00  -  Run Remote Usage
		Usr 0 00:00:00, Sys 0 00:00:01  -  Run Local Usage
...
003 (5309.003.000) 12/20 01:03:30 Job was checkpointed.
	Usr 8 15:01:13, Sys 0 00:00:00  -  Run Remote Usage
		Usr 0 00:00:00, Sys 0 00:00:01  -  Run Local Usage
...
003 (5309.003.000) 12/20 04:03:34 Job was checkpointed.
	Usr 8 18:01:16, Sys 0 00:00:00  -  Run Remote Usage
		Usr 0 00:00:00, Sys 0 00:00:01  -  Run Local Usage
...
003 (5309.003.000) 12/20 07:03:36 Job was checkpointed.
	Usr 8 21:01:18, Sys 0 00:00:00  -  Run Remote Usage
		Usr 0 00:00:00, Sys 0 00:00:01  -  Run Local Usage
...
003 (5309.003.000) 12/20 10:03:35 Job was checkpointed.
	Usr 9 00:01:17, Sys 0 00:00:00  -  Run Remote Usage
		Usr 0 00:00:00, Sys 0 00:00:01  -  Run Local Usage
...
003 (5309.003.000) 12/20 13:03:39 Job was checkpointed.
	Usr 9 03:01:20, Sys 0 00:00:00  -  Run Remote Usage
		Usr 0 00:00:00, Sys 0 00:00:01  -  Run Local Usage
...
003 (5309.003.000) 12/20 16:03:43 Job was checkpointed.
	Usr 9 06:01:23, Sys 0 00:00:00  -  Run Remote Usage
		Usr 0 00:00:00, Sys 0 00:00:01  -  Run Local Usage
...
003 (5309.003.000) 12/20 19:03:42 Job was checkpointed.
	Usr 9 09:01:22, Sys 0 00:00:00  -  Run Remote Usage
		Usr 0 00:00:00, Sys 0 00:00:01  -  Run Local Usage
...
003 (5309.003.000) 12/20 22:03:43 Job was checkpointed.
	Usr 9 12:01:22, Sys 0 00:00:00  -  Run Remote Usage
		Usr 0 00:00:00, Sys 0 00:00:01  -  Run Local Usage
...
003 (5309.003.000) 12/21 01:03:44 Job was checkpointed.
	Usr 9 15:01:22, Sys 0 00:00:00  -  Run Remote Usage
		Usr 0 00:00:00, Sys 0 00:00:01  -  Run Local Usage
...
003 (5309.003.000) 12/21 04:03:46 Job was checkpointed.
	Usr 9 18:01:25, Sys 0 00:00:00  -  Run Remote Usage
		Usr 0 00:00:00, Sys 0 00:00:01  -  Run Local Usage
...
003 (5309.003.000) 12/21 07:03:46 Job was checkpointed.
	Usr 9 21:01:24, Sys 0 00:00:00  -  Run Remote Usage
		Usr 0 00:00:00, Sys 0 00:00:01  -  Run Local Usage
...
003 (5309.003.000) 12/21 10:03:50 Job was checkpointed.
	Usr 10 00:01:27, Sys 0 00:00:00  -  Run Remote Usage
		Usr 0 00:00:00, Sys 0 00:00:01  -  Run Local Usage
...
003 (5309.003.000) 12/21 13:03:51 Job was checkpointed.
	Usr 10 03:01:28, Sys 0 00:00:00  -  Run Remote Usage
		Usr 0 00:00:00, Sys 0 00:00:02  -  Run Local Usage
...
003 (5309.003.000) 12/21 16:03:52 Job was checkpointed.
	Usr 10 06:01:28, Sys 0 00:00:00  -  Run Remote Usage
		Usr 0 00:00:00, Sys 0 00:00:02  -  Run Local Usage
...
003 (5309.003.000) 12/21 19:03:53 Job was checkpointed.
	Usr 10 09:01:28, Sys 0 00:00:00  -  Run Remote Usage
		Usr 0 00:00:00, Sys 0 00:00:02  -  Run Local Usage
...
003 (5309.003.000) 12/21 22:03:55 Job was checkpointed.
	Usr 10 12:01:31, Sys 0 00:00:00  -  Run Remote Usage
		Usr 0 00:00:00, Sys 0 00:00:02  -  Run Local Usage
...
003 (5309.003.000) 12/22 01:03:59 Job was checkpointed.
	Usr 10 15:01:34, Sys 0 00:00:00  -  Run Remote Usage
		Usr 0 00:00:00, Sys 0 00:00:02  -  Run Local Usage
...
003 (5309.003.000) 12/22 04:03:59 Job was checkpointed.
	Usr 10 18:01:33, Sys 0 00:00:00  -  Run Remote Usage
		Usr 0 00:00:00, Sys 0 00:00:02  -  Run Local Usage
...
003 (5309.003.000) 12/22 07:04:00 Job was checkpointed.
	Usr 10 21:01:34, Sys 0 00:00:00  -  Run Remote Usage
		Usr 0 00:00:00, Sys 0 00:00:02  -  Run Local Usage
...
003 (5309.003.000) 12/22 10:04:00 Job was checkpointed.
	Usr 11 00:01:33, Sys 0 00:00:00  -  Run Remote Usage
		Usr 0 00:00:00, Sys 0 00:00:02  -  Run Local Usage
...
003 (5309.003.000) 12/22 13:04:03 Job was checkpointed.
	Usr 11 03:01:35, Sys 0 00:00:00  -  Run Remote Usage
		Usr 0 00:00:00, Sys 0 00:00:02  -  Run Local Usage
...
003 (5309.003.000) 12/22 16:04:02 Job was checkpointed.
	Usr 11 06:01:35, Sys 0 00:00:00  -  Run Remote Usage
		Usr 0 00:00:00, Sys 0 00:00:02  -  Run Local Usage
...
003 (5309.003.000) 12/22 19:04:04 Job was checkpointed.
	Usr 11 09:01:36, Sys 0 00:00:00  -  Run Remote Usage
		Usr 0 00:00:00, Sys 0 00:00:02  -  Run Local Usage
...
003 (5309.003.000) 12/22 22:04:05 Job was checkpointed.
	Usr 11 12:01:36, Sys 0 00:00:00  -  Run Remote Usage
		Usr 0 00:00:00, Sys 0 00:00:02  -  Run Local Usage
...
003 (5309.003.000) 12/23 01:04:05 Job was checkpointed.
	Usr 11 15:01:36, Sys 0 00:00:00  -  Run Remote Usage
		Usr 0 00:00:00, Sys 0 00:00:02  -  Run Local Usage
...
003 (5309.003.000) 12/23 04:04:07 Job was checkpointed.
	Usr 11 18:01:37, Sys 0 00:00:00  -  Run Remote Usage
		Usr 0 00:00:00, Sys 0 00:00:02  -  Run Local Usage
...
003 (5309.003.000) 12/23 07:04:08 Job was checkpointed.
	Usr 11 21:01:37, Sys 0 00:00:00  -  Run Remote Usage
		Usr 0 00:00:00, Sys 0 00:00:02  -  Run Local Usage
...
003 (5309.003.000) 12/23 10:04:07 Job was checkpointed.
	Usr 12 00:01:37, Sys 0 00:00:00  -  Run Remote Usage
		Usr 0 00:00:00, Sys 0 00:00:02  -  Run Local Usage
...
003 (5309.003.000) 12/23 13:04:07 Job was checkpointed.
	Usr 12 03:01:36, Sys 0 00:00:00  -  Run Remote Usage
		Usr 0 00:00:00, Sys 0 00:00:02  -  Run Local Usage
...
003 (5309.003.000) 12/23 16:04:07 Job was checkpointed.
	Usr 12 06:01:35, Sys 0 00:00:00  -  Run Remote Usage
		Usr 0 00:00:00, Sys 0 00:00:02  -  Run Local Usage
...
003 (5309.003.000) 12/23 19:04:10 Job was checkpointed.
	Usr 12 09:01:38, Sys 0 00:00:00  -  Run Remote Usage
		Usr 0 00:00:00, Sys 0 00:00:02  -  Run Local Usage
...
003 (5309.003.000) 12/23 22:04:11 Job was checkpointed.
	Usr 12 12:01:38, Sys 0 00:00:00  -  Run Remote Usage
		Usr 0 00:00:00, Sys 0 00:00:02  -  Run Local Usage
...
003 (5309.003.000) 12/24 01:04:15 Job was checkpointed.
	Usr 12 15:01:41, Sys 0 00:00:00  -  Run Remote Usage
		Usr 0 00:00:00, Sys 0 00:00:02  -  Run Local Usage
...
003 (5309.003.000) 12/24 04:04:18 Job was checkpointed.
	Usr 12 18:01:45, Sys 0 00:00:00  -  Run Remote Usage
		Usr 0 00:00:00, Sys 0 00:00:02  -  Run Local Usage
...
003 (5309.003.000) 12/24 07:04:18 Job was checkpointed.
	Usr 12 21:01:44, Sys 0 00:00:00  -  Run Remote Usage
		Usr 0 00:00:00, Sys 0 00:00:02  -  Run Local Usage
...
003 (5309.003.000) 12/24 10:04:18 Job was checkpointed.
	Usr 13 00:01:43, Sys 0 00:00:00  -  Run Remote Usage
		Usr 0 00:00:00, Sys 0 00:00:02  -  Run Local Usage
...
003 (5309.003.000) 12/24 13:04:17 Job was checkpointed.
	Usr 13 03:01:42, Sys 0 00:00:00  -  Run Remote Usage
		Usr 0 00:00:00, Sys 0 00:00:02  -  Run Local Usage
...
003 (5309.003.000) 12/24 16:04:19 Job was checkpointed.
	Usr 13 06:01:43, Sys 0 00:00:00  -  Run Remote Usage
		Usr 0 00:00:00, Sys 0 00:00:02  -  Run Local Usage
...
003 (5309.003.000) 12/24 19:04:19 Job was checkpointed.
	Usr 13 09:01:42, Sys 0 00:00:00  -  Run Remote Usage
		Usr 0 00:00:00, Sys 0 00:00:02  -  Run Local Usage
...
003 (5309.003.000) 12/24 22:04:20 Job was checkpointed.
	Usr 13 12:01:43, Sys 0 00:00:00  -  Run Remote Usage
		Usr 0 00:00:00, Sys 0 00:00:02  -  Run Local Usage
...
003 (5309.003.000) 12/25 01:04:20 Job was checkpointed.
	Usr 13 15:01:43, Sys 0 00:00:00  -  Run Remote Usage
		Usr 0 00:00:00, Sys 0 00:00:02  -  Run Local Usage
...
003 (5309.003.000) 12/25 04:04:24 Job was checkpointed.
	Usr 13 18:01:46, Sys 0 00:00:00  -  Run Remote Usage
		Usr 0 00:00:00, Sys 0 00:00:02  -  Run Local Usage
...
003 (5309.003.000) 12/25 07:04:25 Job was checkpointed.
	Usr 13 21:01:47, Sys 0 00:00:00  -  Run Remote Usage
		Usr 0 00:00:00, Sys 0 00:00:02  -  Run Local Usage
...
003 (5309.003.000) 12/25 10:04:26 Job was checkpointed.
	Usr 14 00:01:47, Sys 0 00:00:00  -  Run Remote Usage
		Usr 0 00:00:00, Sys 0 00:00:02  -  Run Local Usage
...
003 (5309.003.000) 12/25 13:04:26 Job was checkpointed.
	Usr 14 03:01:46, Sys 0 00:00:00  -  Run Remote Usage
		Usr 0 00:00:00, Sys 0 00:00:02  -  Run Local Usage
...
003 (5309.003.000) 12/25 16:04:27 Job was checkpointed.
	Usr 14 06:01:48, Sys 0 00:00:00  -  Run Remote Usage
		Usr 0 00:00:00, Sys 0 00:00:02  -  Run Local Usage
...
003 (5309.003.000) 12/25 19:04:29 Job was checkpointed.
	Usr 14 09:01:49, Sys 0 00:00:00  -  Run Remote Usage
		Usr 0 00:00:00, Sys 0 00:00:02  -  Run Local Usage
...
003 (5309.003.000) 12/25 22:04:29 Job was checkpointed.
	Usr 14 12:01:48, Sys 0 00:00:00  -  Run Remote Usage
		Usr 0 00:00:00, Sys 0 00:00:02  -  Run Local Usage
...
003 (5309.003.000) 12/26 01:04:32 Job was checkpointed.
	Usr 14 15:01:51, Sys 0 00:00:00  -  Run Remote Usage
		Usr 0 00:00:00, Sys 0 00:00:02  -  Run Local Usage
...
003 (5309.003.000) 12/26 04:04:33 Job was checkpointed.
	Usr 14 18:01:51, Sys 0 00:00:00  -  Run Remote Usage
		Usr 0 00:00:00, Sys 0 00:00:02  -  Run Local Usage
...
003 (5309.003.000) 12/26 07:04:37 Job was checkpointed.
	Usr 14 21:01:54, Sys 0 00:00:00  -  Run Remote Usage
		Usr 0 00:00:00, Sys 0 00:00:02  -  Run Local Usage
...
003 (5309.003.000) 12/26 10:04:37 Job was checkpointed.
	Usr 15 00:01:54, Sys 0 00:00:00  -  Run Remote Usage
		Usr 0 00:00:00, Sys 0 00:00:02  -  Run Local Usage
...
003 (5309.003.000) 12/26 13:04:40 Job was checkpointed.
	Usr 15 03:01:56, Sys 0 00:00:00  -  Run Remote Usage
		Usr 0 00:00:00, Sys 0 00:00:02  -  Run Local Usage
...
003 (5309.003.000) 12/26 16:04:42 Job was checkpointed.
	Usr 15 06:01:58, Sys 0 00:00:00  -  Run Remote Usage
		Usr 0 00:00:00, Sys 0 00:00:03  -  Run Local Usage
...
003 (5309.003.000) 12/26 19:04:43 Job was checkpointed.
	Usr 15 09:01:59, Sys 0 00:00:00  -  Run Remote Usage
		Usr 0 00:00:00, Sys 0 00:00:03  -  Run Local Usage
...
003 (5309.003.000) 12/26 22:04:45 Job was checkpointed.
	Usr 15 12:02:00, Sys 0 00:00:00  -  Run Remote Usage
		Usr 0 00:00:00, Sys 0 00:00:03  -  Run Local Usage
...
003 (5309.003.000) 12/27 01:04:48 Job was checkpointed.
	Usr 15 15:02:02, Sys 0 00:00:00  -  Run Remote Usage
		Usr 0 00:00:00, Sys 0 00:00:03  -  Run Local Usage
...
003 (5309.003.000) 12/27 04:04:48 Job was checkpointed.
	Usr 15 18:02:02, Sys 0 00:00:00  -  Run Remote Usage
		Usr 0 00:00:00, Sys 0 00:00:03  -  Run Local Usage
...
003 (5309.003.000) 12/27 07:04:48 Job was checkpointed.
	Usr 15 21:02:01, Sys 0 00:00:00  -  Run Remote Usage
		Usr 0 00:00:00, Sys 0 00:00:03  -  Run Local Usage
...
003 (5309.003.000) 12/27 10:04:48 Job was checkpointed.
	Usr 16 00:02:01, Sys 0 00:00:00  -  Run Remote Usage
		Usr 0 00:00:00, Sys 0 00:00:03  -  Run Local Usage
...
003 (5309.003.000) 12/27 13:04:48 Job was checkpointed.
	Usr 16 03:02:01, Sys 0 00:00:00  -  Run Remote Usage
		Usr 0 00:00:00, Sys 0 00:00:03  -  Run Local Usage
...
003 (5309.003.000) 12/27 16:04:52 Job was checkpointed.
	Usr 16 06:02:04, Sys 0 00:00:00  -  Run Remote Usage
		Usr 0 00:00:00, Sys 0 00:00:03  -  Run Local Usage
...
003 (5309.003.000) 12/27 19:04:52 Job was checkpointed.
	Usr 16 09:02:03, Sys 0 00:00:00  -  Run Remote Usage
		Usr 0 00:00:00, Sys 0 00:00:03  -  Run Local Usage
...
003 (5309.003.000) 12/27 22:04:52 Job was checkpointed.
	Usr 16 12:02:03, Sys 0 00:00:00  -  Run Remote Usage
		Usr 0 00:00:00, Sys 0 00:00:03  -  Run Local Usage
...
003 (5309.003.000) 12/28 01:04:55 Job was checkpointed.
	Usr 16 15:02:05, Sys 0 00:00:00  -  Run Remote Usage
		Usr 0 00:00:00, Sys 0 00:00:03  -  Run Local Usage
...
003 (5309.003.000) 12/28 04:04:57 Job was checkpointed.
	Usr 16 18:02:07, Sys 0 00:00:00  -  Run Remote Usage
		Usr 0 00:00:00, Sys 0 00:00:03  -  Run Local Usage
...
003 (5309.003.000) 12/28 07:04:57 Job was checkpointed.
	Usr 16 21:02:07, Sys 0 00:00:00  -  Run Remote Usage
		Usr 0 00:00:00, Sys 0 00:00:03  -  Run Local Usage
...
003 (5309.003.000) 12/28 10:05:01 Job was checkpointed.
	Usr 17 00:02:10, Sys 0 00:00:00  -  Run Remote Usage
		Usr 0 00:00:00, Sys 0 00:00:03  -  Run Local Usage
...
003 (5309.003.000) 12/28 13:05:02 Job was checkpointed.
	Usr 17 03:02:10, Sys 0 00:00:00  -  Run Remote Usage
		Usr 0 00:00:00, Sys 0 00:00:03  -  Run Local Usage
...
003 (5309.003.000) 12/28 16:05:01 Job was checkpointed.
	Usr 17 06:02:09, Sys 0 00:00:00  -  Run Remote Usage
		Usr 0 00:00:00, Sys 0 00:00:03  -  Run Local Usage
...
003 (5309.003.000) 12/28 19:05:05 Job was checkpointed.
	Usr 17 09:02:12, Sys 0 00:00:00  -  Run Remote Usage
		Usr 0 00:00:00, Sys 0 00:00:03  -  Run Local Usage
...
003 (5309.003.000) 12/28 22:05:06 Job was checkpointed.
	Usr 17 12:02:12, Sys 0 00:00:00  -  Run Remote Usage
		Usr 0 00:00:00, Sys 0 00:00:03  -  Run Local Usage
...
003 (5309.003.000) 12/29 01:05:05 Job was checkpointed.
	Usr 17 15:02:12, Sys 0 00:00:00  -  Run Remote Usage
		Usr 0 00:00:00, Sys 0 00:00:03  -  Run Local Usage
...
003 (5309.003.000) 12/29 04:05:07 Job was checkpointed.
	Usr 17 18:02:13, Sys 0 00:00:00  -  Run Remote Usage
		Usr 0 00:00:00, Sys 0 00:00:03  -  Run Local Usage
...
