000 (5304.006.000) 11/07 11:45:16 Job submitted from host: <170.140.162.75:51408>
...
001 (5304.006.000) 11/07 11:45:37 Job executing on host: <192.168.203.14:49867>
...
006 (5304.006.000) 11/07 14:45:39 Image size of job updated: 10725
...
003 (5304.006.000) 11/07 14:45:39 Job was checkpointed.
	Usr 0 02:59:53, Sys 0 00:00:00  -  Run Remote Usage
		Usr 0 00:00:00, Sys 0 00:00:00  -  Run Local Usage
...
003 (5304.006.000) 11/07 17:45:38 Job was checkpointed.
	Usr 0 05:59:43, Sys 0 00:00:00  -  Run Remote Usage
		Usr 0 00:00:00, Sys 0 00:00:00  -  Run Local Usage
...
003 (5304.006.000) 11/07 20:45:38 Job was checkpointed.
	Usr 0 08:59:33, Sys 0 00:00:00  -  Run Remote Usage
		Usr 0 00:00:00, Sys 0 00:00:00  -  Run Local Usage
...
003 (5304.006.000) 11/07 23:45:37 Job was checkpointed.
	Usr 0 11:59:17, Sys 0 00:00:01  -  Run Remote Usage
		Usr 0 00:00:00, Sys 0 00:00:00  -  Run Local Usage
...
003 (5304.006.000) 11/08 02:45:38 Job was checkpointed.
	Usr 0 14:59:09, Sys 0 00:00:01  -  Run Remote Usage
		Usr 0 00:00:00, Sys 0 00:00:00  -  Run Local Usage
...
003 (5304.006.000) 11/08 05:45:38 Job was checkpointed.
	Usr 0 17:59:00, Sys 0 00:00:01  -  Run Remote Usage
		Usr 0 00:00:00, Sys 0 00:00:00  -  Run Local Usage
...
003 (5304.006.000) 11/08 08:45:40 Job was checkpointed.
	Usr 0 20:58:54, Sys 0 00:00:01  -  Run Remote Usage
		Usr 0 00:00:00, Sys 0 00:00:00  -  Run Local Usage
...
003 (5304.006.000) 11/08 11:45:39 Job was checkpointed.
	Usr 0 23:58:44, Sys 0 00:00:01  -  Run Remote Usage
		Usr 0 00:00:00, Sys 0 00:00:00  -  Run Local Usage
...
003 (5304.006.000) 11/08 14:45:39 Job was checkpointed.
	Usr 1 02:58:35, Sys 0 00:00:01  -  Run Remote Usage
		Usr 0 00:00:00, Sys 0 00:00:00  -  Run Local Usage
...
003 (5304.006.000) 11/08 17:45:39 Job was checkpointed.
	Usr 1 05:58:26, Sys 0 00:00:01  -  Run Remote Usage
		Usr 0 00:00:00, Sys 0 00:00:00  -  Run Local Usage
...
003 (5304.006.000) 11/08 20:45:40 Job was checkpointed.
	Usr 1 08:58:18, Sys 0 00:00:02  -  Run Remote Usage
		Usr 0 00:00:00, Sys 0 00:00:00  -  Run Local Usage
...
003 (5304.006.000) 11/08 23:45:40 Job was checkpointed.
	Usr 1 11:57:56, Sys 0 00:00:03  -  Run Remote Usage
		Usr 0 00:00:00, Sys 0 00:00:00  -  Run Local Usage
...
003 (5304.006.000) 11/09 02:45:39 Job was checkpointed.
	Usr 1 14:57:46, Sys 0 00:00:03  -  Run Remote Usage
		Usr 0 00:00:00, Sys 0 00:00:00  -  Run Local Usage
...
003 (5304.006.000) 11/09 05:45:41 Job was checkpointed.
	Usr 1 17:57:39, Sys 0 00:00:03  -  Run Remote Usage
		Usr 0 00:00:00, Sys 0 00:00:00  -  Run Local Usage
...
003 (5304.006.000) 11/09 08:45:41 Job was checkpointed.
	Usr 1 20:57:31, Sys 0 00:00:03  -  Run Remote Usage
		Usr 0 00:00:00, Sys 0 00:00:00  -  Run Local Usage
...
004 (5304.006.000) 11/09 11:34:12 Job was evicted.
	(0) Job was not checkpointed.
		Usr 0 00:00:00, Sys 0 00:00:00  -  Run Remote Usage
		Usr 0 00:00:00, Sys 0 00:00:00  -  Run Local Usage
	11144282  -  Run Bytes Sent By Job
	4528796  -  Run Bytes Received By Job
...
009 (5304.006.000) 11/09 11:34:13 Job was aborted by the user.
	via condor_rm (by user Xiang)
...
