000 (5298.003.000) 10/28 11:34:03 Job submitted from host: <170.140.162.75:51408>
...
001 (5298.003.000) 10/28 11:34:19 Job executing on host: <192.168.203.10:40317>
...
006 (5298.003.000) 10/28 14:34:19 Image size of job updated: 11177
...
003 (5298.003.000) 10/28 14:34:19 Job was checkpointed.
	Usr 0 02:59:51, Sys 0 00:00:00  -  Run Remote Usage
		Usr 0 00:00:00, Sys 0 00:00:00  -  Run Local Usage
...
003 (5298.003.000) 10/28 17:34:19 Job was checkpointed.
	Usr 0 05:59:40, Sys 0 00:00:01  -  Run Remote Usage
		Usr 0 00:00:00, Sys 0 00:00:00  -  Run Local Usage
...
003 (5298.003.000) 10/28 20:34:22 Job was checkpointed.
	Usr 0 08:59:34, Sys 0 00:00:02  -  Run Remote Usage
		Usr 0 00:00:00, Sys 0 00:00:00  -  Run Local Usage
...
006 (5298.003.000) 10/28 23:34:24 Image size of job updated: 11181
...
003 (5298.003.000) 10/28 23:34:24 Job was checkpointed.
	Usr 0 11:59:27, Sys 0 00:00:03  -  Run Remote Usage
		Usr 0 00:00:00, Sys 0 00:00:00  -  Run Local Usage
...
003 (5298.003.000) 10/29 02:34:28 Job was checkpointed.
	Usr 0 14:59:20, Sys 0 00:00:04  -  Run Remote Usage
		Usr 0 00:00:00, Sys 0 00:00:00  -  Run Local Usage
...
003 (5298.003.000) 10/29 05:34:28 Job was checkpointed.
	Usr 0 17:59:08, Sys 0 00:00:05  -  Run Remote Usage
		Usr 0 00:00:00, Sys 0 00:00:00  -  Run Local Usage
...
003 (5298.003.000) 10/29 08:34:29 Job was checkpointed.
	Usr 0 20:58:58, Sys 0 00:00:06  -  Run Remote Usage
		Usr 0 00:00:00, Sys 0 00:00:00  -  Run Local Usage
...
003 (5298.003.000) 10/29 11:34:30 Job was checkpointed.
	Usr 0 23:58:51, Sys 0 00:00:07  -  Run Remote Usage
		Usr 0 00:00:00, Sys 0 00:00:00  -  Run Local Usage
...
003 (5298.003.000) 10/29 14:34:33 Job was checkpointed.
	Usr 1 02:58:42, Sys 0 00:00:08  -  Run Remote Usage
		Usr 0 00:00:00, Sys 0 00:00:00  -  Run Local Usage
...
005 (5298.003.000) 10/29 16:55:22 Job terminated.
	(1) Normal termination (return value 0)
		Usr 1 05:19:23, Sys 0 00:00:08  -  Run Remote Usage
		Usr 0 00:00:00, Sys 0 00:00:00  -  Run Local Usage
		Usr 1 05:19:23, Sys 0 00:00:08  -  Total Remote Usage
		Usr 0 00:00:00, Sys 0 00:00:00  -  Total Local Usage
	11652295  -  Run Bytes Sent By Job
	4538132  -  Run Bytes Received By Job
	11652295  -  Total Bytes Sent By Job
	4538132  -  Total Bytes Received By Job
...
