000 (5298.011.000) 10/28 11:34:03 Job submitted from host: <170.140.162.75:51408>
...
001 (5298.011.000) 10/28 11:34:35 Job executing on host: <192.168.203.27:52550>
...
006 (5298.011.000) 10/28 14:34:34 Image size of job updated: 14349
...
003 (5298.011.000) 10/28 14:34:34 Job was checkpointed.
	Usr 0 02:59:43, Sys 0 00:00:01  -  Run Remote Usage
		Usr 0 00:00:00, Sys 0 00:00:00  -  Run Local Usage
...
003 (5298.011.000) 10/28 17:34:37 Job was checkpointed.
	Usr 0 05:59:30, Sys 0 00:00:01  -  Run Remote Usage
		Usr 0 00:00:00, Sys 0 00:00:00  -  Run Local Usage
...
003 (5298.011.000) 10/28 20:34:41 Job was checkpointed.
	Usr 0 08:59:18, Sys 0 00:00:02  -  Run Remote Usage
		Usr 0 00:00:00, Sys 0 00:00:00  -  Run Local Usage
...
003 (5298.011.000) 10/28 23:34:41 Job was checkpointed.
	Usr 0 11:58:59, Sys 0 00:00:04  -  Run Remote Usage
		Usr 0 00:00:00, Sys 0 00:00:00  -  Run Local Usage
...
003 (5298.011.000) 10/29 02:34:42 Job was checkpointed.
	Usr 0 14:58:45, Sys 0 00:00:05  -  Run Remote Usage
		Usr 0 00:00:00, Sys 0 00:00:00  -  Run Local Usage
...
003 (5298.011.000) 10/29 05:34:44 Job was checkpointed.
	Usr 0 17:58:31, Sys 0 00:00:06  -  Run Remote Usage
		Usr 0 00:00:00, Sys 0 00:00:00  -  Run Local Usage
...
003 (5298.011.000) 10/29 08:34:45 Job was checkpointed.
	Usr 0 20:58:14, Sys 0 00:00:07  -  Run Remote Usage
		Usr 0 00:00:00, Sys 0 00:00:00  -  Run Local Usage
...
003 (5298.011.000) 10/29 11:34:45 Job was checkpointed.
	Usr 0 23:58:00, Sys 0 00:00:08  -  Run Remote Usage
		Usr 0 00:00:00, Sys 0 00:00:00  -  Run Local Usage
...
003 (5298.011.000) 10/29 14:34:48 Job was checkpointed.
	Usr 1 02:57:44, Sys 0 00:00:09  -  Run Remote Usage
		Usr 0 00:00:00, Sys 0 00:00:00  -  Run Local Usage
...
003 (5298.011.000) 10/29 17:34:51 Job was checkpointed.
	Usr 1 05:57:28, Sys 0 00:00:10  -  Run Remote Usage
		Usr 0 00:00:00, Sys 0 00:00:00  -  Run Local Usage
...
003 (5298.011.000) 10/29 20:34:53 Job was checkpointed.
	Usr 1 08:57:13, Sys 0 00:00:11  -  Run Remote Usage
		Usr 0 00:00:00, Sys 0 00:00:00  -  Run Local Usage
...
003 (5298.011.000) 10/29 23:34:56 Job was checkpointed.
	Usr 1 11:56:54, Sys 0 00:00:13  -  Run Remote Usage
		Usr 0 00:00:00, Sys 0 00:00:00  -  Run Local Usage
...
003 (5298.011.000) 10/30 02:34:56 Job was checkpointed.
	Usr 1 14:56:37, Sys 0 00:00:14  -  Run Remote Usage
		Usr 0 00:00:00, Sys 0 00:00:00  -  Run Local Usage
...
003 (5298.011.000) 10/30 05:34:59 Job was checkpointed.
	Usr 1 17:56:22, Sys 0 00:00:15  -  Run Remote Usage
		Usr 0 00:00:00, Sys 0 00:00:00  -  Run Local Usage
...
003 (5298.011.000) 10/30 08:35:02 Job was checkpointed.
	Usr 1 20:56:10, Sys 0 00:00:16  -  Run Remote Usage
		Usr 0 00:00:00, Sys 0 00:00:00  -  Run Local Usage
...
003 (5298.011.000) 10/30 11:35:04 Job was checkpointed.
	Usr 1 23:55:54, Sys 0 00:00:17  -  Run Remote Usage
		Usr 0 00:00:00, Sys 0 00:00:00  -  Run Local Usage
...
003 (5298.011.000) 10/30 14:35:08 Job was checkpointed.
	Usr 2 02:55:41, Sys 0 00:00:18  -  Run Remote Usage
		Usr 0 00:00:00, Sys 0 00:00:01  -  Run Local Usage
...
003 (5298.011.000) 10/30 17:35:11 Job was checkpointed.
	Usr 2 05:55:28, Sys 0 00:00:19  -  Run Remote Usage
		Usr 0 00:00:00, Sys 0 00:00:01  -  Run Local Usage
...
003 (5298.011.000) 10/30 20:35:13 Job was checkpointed.
	Usr 2 08:55:16, Sys 0 00:00:20  -  Run Remote Usage
		Usr 0 00:00:00, Sys 0 00:00:01  -  Run Local Usage
...
003 (5298.011.000) 10/30 23:35:16 Job was checkpointed.
	Usr 2 11:54:59, Sys 0 00:00:21  -  Run Remote Usage
		Usr 0 00:00:00, Sys 0 00:00:01  -  Run Local Usage
...
003 (5298.011.000) 10/31 02:35:16 Job was checkpointed.
	Usr 2 14:54:42, Sys 0 00:00:22  -  Run Remote Usage
		Usr 0 00:00:00, Sys 0 00:00:01  -  Run Local Usage
...
003 (5298.011.000) 10/31 05:35:20 Job was checkpointed.
	Usr 2 17:54:35, Sys 0 00:00:23  -  Run Remote Usage
		Usr 0 00:00:00, Sys 0 00:00:01  -  Run Local Usage
...
003 (5298.011.000) 10/31 08:35:23 Job was checkpointed.
	Usr 2 20:54:20, Sys 0 00:00:24  -  Run Remote Usage
		Usr 0 00:00:00, Sys 0 00:00:01  -  Run Local Usage
...
003 (5298.011.000) 10/31 11:35:27 Job was checkpointed.
	Usr 2 23:54:08, Sys 0 00:00:25  -  Run Remote Usage
		Usr 0 00:00:00, Sys 0 00:00:01  -  Run Local Usage
...
003 (5298.011.000) 10/31 14:35:32 Job was checkpointed.
	Usr 3 02:54:00, Sys 0 00:00:26  -  Run Remote Usage
		Usr 0 00:00:00, Sys 0 00:00:01  -  Run Local Usage
...
003 (5298.011.000) 10/31 17:35:36 Job was checkpointed.
	Usr 3 05:53:48, Sys 0 00:00:27  -  Run Remote Usage
		Usr 0 00:00:00, Sys 0 00:00:01  -  Run Local Usage
...
003 (5298.011.000) 10/31 20:35:37 Job was checkpointed.
	Usr 3 08:53:30, Sys 0 00:00:28  -  Run Remote Usage
		Usr 0 00:00:00, Sys 0 00:00:01  -  Run Local Usage
...
003 (5298.011.000) 10/31 23:35:39 Job was checkpointed.
	Usr 3 11:53:16, Sys 0 00:00:29  -  Run Remote Usage
		Usr 0 00:00:00, Sys 0 00:00:01  -  Run Local Usage
...
003 (5298.011.000) 11/01 02:35:41 Job was checkpointed.
	Usr 3 14:52:59, Sys 0 00:00:31  -  Run Remote Usage
		Usr 0 00:00:00, Sys 0 00:00:01  -  Run Local Usage
...
003 (5298.011.000) 11/01 05:35:45 Job was checkpointed.
	Usr 3 17:52:49, Sys 0 00:00:32  -  Run Remote Usage
		Usr 0 00:00:00, Sys 0 00:00:01  -  Run Local Usage
...
003 (5298.011.000) 11/01 08:35:50 Job was checkpointed.
	Usr 3 20:52:37, Sys 0 00:00:33  -  Run Remote Usage
		Usr 0 00:00:00, Sys 0 00:00:01  -  Run Local Usage
...
003 (5298.011.000) 11/01 11:35:53 Job was checkpointed.
	Usr 3 23:52:26, Sys 0 00:00:34  -  Run Remote Usage
		Usr 0 00:00:00, Sys 0 00:00:02  -  Run Local Usage
...
003 (5298.011.000) 11/01 14:35:55 Job was checkpointed.
	Usr 4 02:52:09, Sys 0 00:00:35  -  Run Remote Usage
		Usr 0 00:00:00, Sys 0 00:00:02  -  Run Local Usage
...
003 (5298.011.000) 11/01 17:35:57 Job was checkpointed.
	Usr 4 05:51:58, Sys 0 00:00:36  -  Run Remote Usage
		Usr 0 00:00:00, Sys 0 00:00:02  -  Run Local Usage
...
003 (5298.011.000) 11/01 20:35:59 Job was checkpointed.
	Usr 4 08:51:38, Sys 0 00:00:37  -  Run Remote Usage
		Usr 0 00:00:00, Sys 0 00:00:02  -  Run Local Usage
...
003 (5298.011.000) 11/01 23:36:01 Job was checkpointed.
	Usr 4 11:51:25, Sys 0 00:00:38  -  Run Remote Usage
		Usr 0 00:00:00, Sys 0 00:00:02  -  Run Local Usage
...
003 (5298.011.000) 11/02 01:36:05 Job was checkpointed.
	Usr 4 14:51:07, Sys 0 00:00:40  -  Run Remote Usage
		Usr 0 00:00:00, Sys 0 00:00:02  -  Run Local Usage
...
003 (5298.011.000) 11/02 04:36:08 Job was checkpointed.
	Usr 4 17:50:56, Sys 0 00:00:40  -  Run Remote Usage
		Usr 0 00:00:00, Sys 0 00:00:02  -  Run Local Usage
...
003 (5298.011.000) 11/02 07:36:11 Job was checkpointed.
	Usr 4 20:50:38, Sys 0 00:00:42  -  Run Remote Usage
		Usr 0 00:00:00, Sys 0 00:00:02  -  Run Local Usage
...
003 (5298.011.000) 11/02 10:36:16 Job was checkpointed.
	Usr 4 23:50:23, Sys 0 00:00:43  -  Run Remote Usage
		Usr 0 00:00:00, Sys 0 00:00:02  -  Run Local Usage
...
003 (5298.011.000) 11/02 13:36:20 Job was checkpointed.
	Usr 5 02:50:06, Sys 0 00:00:44  -  Run Remote Usage
		Usr 0 00:00:00, Sys 0 00:00:02  -  Run Local Usage
...
003 (5298.011.000) 11/02 16:36:24 Job was checkpointed.
	Usr 5 05:49:50, Sys 0 00:00:46  -  Run Remote Usage
		Usr 0 00:00:00, Sys 0 00:00:02  -  Run Local Usage
...
003 (5298.011.000) 11/02 19:36:29 Job was checkpointed.
	Usr 5 08:49:36, Sys 0 00:00:47  -  Run Remote Usage
		Usr 0 00:00:00, Sys 0 00:00:02  -  Run Local Usage
...
003 (5298.011.000) 11/02 22:36:32 Job was checkpointed.
	Usr 5 11:49:28, Sys 0 00:00:47  -  Run Remote Usage
		Usr 0 00:00:00, Sys 0 00:00:02  -  Run Local Usage
...
003 (5298.011.000) 11/03 01:36:33 Job was checkpointed.
	Usr 5 14:49:16, Sys 0 00:00:48  -  Run Remote Usage
		Usr 0 00:00:00, Sys 0 00:00:03  -  Run Local Usage
...
003 (5298.011.000) 11/03 04:36:35 Job was checkpointed.
	Usr 5 17:48:56, Sys 0 00:00:50  -  Run Remote Usage
		Usr 0 00:00:00, Sys 0 00:00:03  -  Run Local Usage
...
003 (5298.011.000) 11/03 07:36:38 Job was checkpointed.
	Usr 5 20:48:42, Sys 0 00:00:51  -  Run Remote Usage
		Usr 0 00:00:00, Sys 0 00:00:03  -  Run Local Usage
...
003 (5298.011.000) 11/03 10:36:41 Job was checkpointed.
	Usr 5 23:48:27, Sys 0 00:00:52  -  Run Remote Usage
		Usr 0 00:00:00, Sys 0 00:00:03  -  Run Local Usage
...
003 (5298.011.000) 11/03 13:36:42 Job was checkpointed.
	Usr 6 02:48:07, Sys 0 00:00:53  -  Run Remote Usage
		Usr 0 00:00:00, Sys 0 00:00:03  -  Run Local Usage
...
003 (5298.011.000) 11/03 16:36:45 Job was checkpointed.
	Usr 6 05:47:51, Sys 0 00:00:54  -  Run Remote Usage
		Usr 0 00:00:00, Sys 0 00:00:03  -  Run Local Usage
...
003 (5298.011.000) 11/03 19:36:46 Job was checkpointed.
	Usr 6 08:47:39, Sys 0 00:00:55  -  Run Remote Usage
		Usr 0 00:00:00, Sys 0 00:00:03  -  Run Local Usage
...
003 (5298.011.000) 11/03 22:36:49 Job was checkpointed.
	Usr 6 11:47:26, Sys 0 00:00:56  -  Run Remote Usage
		Usr 0 00:00:00, Sys 0 00:00:03  -  Run Local Usage
...
003 (5298.011.000) 11/04 01:36:49 Job was checkpointed.
	Usr 6 14:47:07, Sys 0 00:00:57  -  Run Remote Usage
		Usr 0 00:00:00, Sys 0 00:00:03  -  Run Local Usage
...
003 (5298.011.000) 11/04 04:36:53 Job was checkpointed.
	Usr 6 17:46:53, Sys 0 00:00:58  -  Run Remote Usage
		Usr 0 00:00:00, Sys 0 00:00:03  -  Run Local Usage
...
003 (5298.011.000) 11/04 07:36:57 Job was checkpointed.
	Usr 6 20:46:42, Sys 0 00:00:59  -  Run Remote Usage
		Usr 0 00:00:00, Sys 0 00:00:03  -  Run Local Usage
...
003 (5298.011.000) 11/04 10:36:59 Job was checkpointed.
	Usr 6 23:46:26, Sys 0 00:01:00  -  Run Remote Usage
		Usr 0 00:00:00, Sys 0 00:00:03  -  Run Local Usage
...
003 (5298.011.000) 11/04 13:37:00 Job was checkpointed.
	Usr 7 02:46:10, Sys 0 00:01:02  -  Run Remote Usage
		Usr 0 00:00:00, Sys 0 00:00:03  -  Run Local Usage
...
003 (5298.011.000) 11/04 16:37:04 Job was checkpointed.
	Usr 7 05:45:58, Sys 0 00:01:03  -  Run Remote Usage
		Usr 0 00:00:00, Sys 0 00:00:04  -  Run Local Usage
...
003 (5298.011.000) 11/04 19:37:07 Job was checkpointed.
	Usr 7 08:45:43, Sys 0 00:01:04  -  Run Remote Usage
		Usr 0 00:00:00, Sys 0 00:00:04  -  Run Local Usage
...
003 (5298.011.000) 11/04 22:37:09 Job was checkpointed.
	Usr 7 11:45:30, Sys 0 00:01:05  -  Run Remote Usage
		Usr 0 00:00:00, Sys 0 00:00:04  -  Run Local Usage
...
003 (5298.011.000) 11/05 01:37:12 Job was checkpointed.
	Usr 7 14:45:16, Sys 0 00:01:06  -  Run Remote Usage
		Usr 0 00:00:00, Sys 0 00:00:04  -  Run Local Usage
...
003 (5298.011.000) 11/05 04:37:16 Job was checkpointed.
	Usr 7 17:45:02, Sys 0 00:01:07  -  Run Remote Usage
		Usr 0 00:00:00, Sys 0 00:00:04  -  Run Local Usage
...
003 (5298.011.000) 11/05 07:37:15 Job was checkpointed.
	Usr 7 20:44:39, Sys 0 00:01:09  -  Run Remote Usage
		Usr 0 00:00:00, Sys 0 00:00:04  -  Run Local Usage
...
003 (5298.011.000) 11/05 10:37:18 Job was checkpointed.
	Usr 7 23:44:27, Sys 0 00:01:09  -  Run Remote Usage
		Usr 0 00:00:00, Sys 0 00:00:04  -  Run Local Usage
...
003 (5298.011.000) 11/05 13:37:22 Job was checkpointed.
	Usr 8 02:44:11, Sys 0 00:01:11  -  Run Remote Usage
		Usr 0 00:00:00, Sys 0 00:00:04  -  Run Local Usage
...
003 (5298.011.000) 11/05 16:37:26 Job was checkpointed.
	Usr 8 05:43:57, Sys 0 00:01:12  -  Run Remote Usage
		Usr 0 00:00:00, Sys 0 00:00:04  -  Run Local Usage
...
003 (5298.011.000) 11/05 19:37:26 Job was checkpointed.
	Usr 8 08:43:41, Sys 0 00:01:13  -  Run Remote Usage
		Usr 0 00:00:00, Sys 0 00:00:04  -  Run Local Usage
...
003 (5298.011.000) 11/05 22:37:28 Job was checkpointed.
	Usr 8 11:43:22, Sys 0 00:01:14  -  Run Remote Usage
		Usr 0 00:00:00, Sys 0 00:00:04  -  Run Local Usage
...
003 (5298.011.000) 11/06 01:37:31 Job was checkpointed.
	Usr 8 14:43:08, Sys 0 00:01:15  -  Run Remote Usage
		Usr 0 00:00:00, Sys 0 00:00:04  -  Run Local Usage
...
003 (5298.011.000) 11/06 04:37:34 Job was checkpointed.
	Usr 8 17:42:51, Sys 0 00:01:17  -  Run Remote Usage
		Usr 0 00:00:00, Sys 0 00:00:04  -  Run Local Usage
...
003 (5298.011.000) 11/06 07:37:39 Job was checkpointed.
	Usr 8 20:42:41, Sys 0 00:01:18  -  Run Remote Usage
		Usr 0 00:00:00, Sys 0 00:00:04  -  Run Local Usage
...
003 (5298.011.000) 11/06 10:37:43 Job was checkpointed.
	Usr 8 23:42:34, Sys 0 00:01:18  -  Run Remote Usage
		Usr 0 00:00:00, Sys 0 00:00:05  -  Run Local Usage
...
003 (5298.011.000) 11/06 13:37:45 Job was checkpointed.
	Usr 9 02:42:28, Sys 0 00:01:19  -  Run Remote Usage
		Usr 0 00:00:00, Sys 0 00:00:05  -  Run Local Usage
...
003 (5298.011.000) 11/06 16:37:48 Job was checkpointed.
	Usr 9 05:42:29, Sys 0 00:01:19  -  Run Remote Usage
		Usr 0 00:00:00, Sys 0 00:00:05  -  Run Local Usage
...
003 (5298.011.000) 11/06 19:37:50 Job was checkpointed.
	Usr 9 08:42:29, Sys 0 00:01:19  -  Run Remote Usage
		Usr 0 00:00:00, Sys 0 00:00:05  -  Run Local Usage
...
003 (5298.011.000) 11/06 22:37:52 Job was checkpointed.
	Usr 9 11:42:29, Sys 0 00:01:19  -  Run Remote Usage
		Usr 0 00:00:00, Sys 0 00:00:05  -  Run Local Usage
...
003 (5298.011.000) 11/07 01:37:52 Job was checkpointed.
	Usr 9 14:42:27, Sys 0 00:01:19  -  Run Remote Usage
		Usr 0 00:00:00, Sys 0 00:00:05  -  Run Local Usage
...
003 (5298.011.000) 11/07 04:37:53 Job was checkpointed.
	Usr 9 17:42:26, Sys 0 00:01:19  -  Run Remote Usage
		Usr 0 00:00:00, Sys 0 00:00:05  -  Run Local Usage
...
003 (5298.011.000) 11/07 07:37:54 Job was checkpointed.
	Usr 9 20:42:25, Sys 0 00:01:19  -  Run Remote Usage
		Usr 0 00:00:00, Sys 0 00:00:05  -  Run Local Usage
...
003 (5298.011.000) 11/07 10:37:55 Job was checkpointed.
	Usr 9 23:42:24, Sys 0 00:01:19  -  Run Remote Usage
		Usr 0 00:00:00, Sys 0 00:00:05  -  Run Local Usage
...
003 (5298.011.000) 11/07 13:37:58 Job was checkpointed.
	Usr 10 02:42:22, Sys 0 00:01:19  -  Run Remote Usage
		Usr 0 00:00:00, Sys 0 00:00:05  -  Run Local Usage
...
003 (5298.011.000) 11/07 16:38:00 Job was checkpointed.
	Usr 10 05:42:10, Sys 0 00:01:20  -  Run Remote Usage
		Usr 0 00:00:00, Sys 0 00:00:05  -  Run Local Usage
...
003 (5298.011.000) 11/07 19:38:02 Job was checkpointed.
	Usr 10 08:41:55, Sys 0 00:01:21  -  Run Remote Usage
		Usr 0 00:00:00, Sys 0 00:00:05  -  Run Local Usage
...
003 (5298.011.000) 11/07 22:38:07 Job was checkpointed.
	Usr 10 11:41:42, Sys 0 00:01:22  -  Run Remote Usage
		Usr 0 00:00:00, Sys 0 00:00:05  -  Run Local Usage
...
003 (5298.011.000) 11/08 01:38:08 Job was checkpointed.
	Usr 10 14:41:26, Sys 0 00:01:23  -  Run Remote Usage
		Usr 0 00:00:00, Sys 0 00:00:05  -  Run Local Usage
...
003 (5298.011.000) 11/08 04:38:11 Job was checkpointed.
	Usr 10 17:41:10, Sys 0 00:01:25  -  Run Remote Usage
		Usr 0 00:00:00, Sys 0 00:00:05  -  Run Local Usage
...
003 (5298.011.000) 11/08 07:38:14 Job was checkpointed.
	Usr 10 20:40:59, Sys 0 00:01:26  -  Run Remote Usage
		Usr 0 00:00:00, Sys 0 00:00:06  -  Run Local Usage
...
003 (5298.011.000) 11/08 10:38:16 Job was checkpointed.
	Usr 10 23:40:42, Sys 0 00:01:27  -  Run Remote Usage
		Usr 0 00:00:00, Sys 0 00:00:06  -  Run Local Usage
...
003 (5298.011.000) 11/08 13:38:17 Job was checkpointed.
	Usr 11 02:40:27, Sys 0 00:01:28  -  Run Remote Usage
		Usr 0 00:00:00, Sys 0 00:00:06  -  Run Local Usage
...
003 (5298.011.000) 11/08 16:38:19 Job was checkpointed.
	Usr 11 05:40:14, Sys 0 00:01:29  -  Run Remote Usage
		Usr 0 00:00:00, Sys 0 00:00:06  -  Run Local Usage
...
003 (5298.011.000) 11/08 19:38:23 Job was checkpointed.
	Usr 11 08:39:58, Sys 0 00:01:30  -  Run Remote Usage
		Usr 0 00:00:00, Sys 0 00:00:06  -  Run Local Usage
...
003 (5298.011.000) 11/08 22:38:27 Job was checkpointed.
	Usr 11 11:39:50, Sys 0 00:01:31  -  Run Remote Usage
		Usr 0 00:00:00, Sys 0 00:00:06  -  Run Local Usage
...
003 (5298.011.000) 11/09 01:38:31 Job was checkpointed.
	Usr 11 14:39:35, Sys 0 00:01:32  -  Run Remote Usage
		Usr 0 00:00:00, Sys 0 00:00:06  -  Run Local Usage
...
003 (5298.011.000) 11/09 04:38:31 Job was checkpointed.
	Usr 11 17:39:18, Sys 0 00:01:33  -  Run Remote Usage
		Usr 0 00:00:00, Sys 0 00:00:06  -  Run Local Usage
...
003 (5298.011.000) 11/09 07:38:35 Job was checkpointed.
	Usr 11 20:39:08, Sys 0 00:01:34  -  Run Remote Usage
		Usr 0 00:00:00, Sys 0 00:00:06  -  Run Local Usage
...
003 (5298.011.000) 11/09 10:38:38 Job was checkpointed.
	Usr 11 23:38:51, Sys 0 00:01:36  -  Run Remote Usage
		Usr 0 00:00:00, Sys 0 00:00:06  -  Run Local Usage
...
003 (5298.011.000) 11/09 13:38:40 Job was checkpointed.
	Usr 12 02:38:45, Sys 0 00:01:36  -  Run Remote Usage
		Usr 0 00:00:01, Sys 0 00:00:06  -  Run Local Usage
...
003 (5298.011.000) 11/09 16:38:42 Job was checkpointed.
	Usr 12 05:38:29, Sys 0 00:01:37  -  Run Remote Usage
		Usr 0 00:00:01, Sys 0 00:00:06  -  Run Local Usage
...
003 (5298.011.000) 11/09 19:38:47 Job was checkpointed.
	Usr 12 08:38:15, Sys 0 00:01:38  -  Run Remote Usage
		Usr 0 00:00:01, Sys 0 00:00:06  -  Run Local Usage
...
003 (5298.011.000) 11/09 22:38:49 Job was checkpointed.
	Usr 12 11:37:57, Sys 0 00:01:40  -  Run Remote Usage
		Usr 0 00:00:01, Sys 0 00:00:06  -  Run Local Usage
...
003 (5298.011.000) 11/10 01:38:52 Job was checkpointed.
	Usr 12 14:37:46, Sys 0 00:01:41  -  Run Remote Usage
		Usr 0 00:00:01, Sys 0 00:00:06  -  Run Local Usage
...
003 (5298.011.000) 11/10 04:38:52 Job was checkpointed.
	Usr 12 17:37:29, Sys 0 00:01:42  -  Run Remote Usage
		Usr 0 00:00:01, Sys 0 00:00:06  -  Run Local Usage
...
003 (5298.011.000) 11/10 07:38:54 Job was checkpointed.
	Usr 12 20:37:12, Sys 0 00:01:43  -  Run Remote Usage
		Usr 0 00:00:01, Sys 0 00:00:06  -  Run Local Usage
...
003 (5298.011.000) 11/10 10:38:58 Job was checkpointed.
	Usr 12 23:36:59, Sys 0 00:01:44  -  Run Remote Usage
		Usr 0 00:00:01, Sys 0 00:00:06  -  Run Local Usage
...
003 (5298.011.000) 11/10 13:39:01 Job was checkpointed.
	Usr 13 02:36:47, Sys 0 00:01:45  -  Run Remote Usage
		Usr 0 00:00:01, Sys 0 00:00:07  -  Run Local Usage
...
003 (5298.011.000) 11/10 16:39:03 Job was checkpointed.
	Usr 13 05:36:31, Sys 0 00:01:46  -  Run Remote Usage
		Usr 0 00:00:01, Sys 0 00:00:07  -  Run Local Usage
...
003 (5298.011.000) 11/10 19:39:05 Job was checkpointed.
	Usr 13 08:36:11, Sys 0 00:01:48  -  Run Remote Usage
		Usr 0 00:00:01, Sys 0 00:00:07  -  Run Local Usage
...
003 (5298.011.000) 11/10 22:39:09 Job was checkpointed.
	Usr 13 11:35:55, Sys 0 00:01:49  -  Run Remote Usage
		Usr 0 00:00:01, Sys 0 00:00:07  -  Run Local Usage
...
003 (5298.011.000) 11/11 01:39:12 Job was checkpointed.
	Usr 13 14:35:40, Sys 0 00:01:50  -  Run Remote Usage
		Usr 0 00:00:01, Sys 0 00:00:07  -  Run Local Usage
...
003 (5298.011.000) 11/11 04:39:16 Job was checkpointed.
	Usr 13 17:35:23, Sys 0 00:01:52  -  Run Remote Usage
		Usr 0 00:00:01, Sys 0 00:00:07  -  Run Local Usage
...
003 (5298.011.000) 11/11 07:39:17 Job was checkpointed.
	Usr 13 20:35:06, Sys 0 00:01:53  -  Run Remote Usage
		Usr 0 00:00:01, Sys 0 00:00:07  -  Run Local Usage
...
003 (5298.011.000) 11/11 10:39:18 Job was checkpointed.
	Usr 13 23:34:50, Sys 0 00:01:54  -  Run Remote Usage
		Usr 0 00:00:01, Sys 0 00:00:07  -  Run Local Usage
...
003 (5298.011.000) 11/11 13:39:22 Job was checkpointed.
	Usr 14 02:34:35, Sys 0 00:01:55  -  Run Remote Usage
		Usr 0 00:00:01, Sys 0 00:00:07  -  Run Local Usage
...
003 (5298.011.000) 11/11 16:39:24 Job was checkpointed.
	Usr 14 05:34:19, Sys 0 00:01:56  -  Run Remote Usage
		Usr 0 00:00:01, Sys 0 00:00:07  -  Run Local Usage
...
003 (5298.011.000) 11/11 19:39:26 Job was checkpointed.
	Usr 14 08:34:04, Sys 0 00:01:58  -  Run Remote Usage
		Usr 0 00:00:01, Sys 0 00:00:07  -  Run Local Usage
...
003 (5298.011.000) 11/11 22:39:26 Job was checkpointed.
	Usr 14 11:33:46, Sys 0 00:01:59  -  Run Remote Usage
		Usr 0 00:00:01, Sys 0 00:00:07  -  Run Local Usage
...
003 (5298.011.000) 11/12 01:39:27 Job was checkpointed.
	Usr 14 14:33:29, Sys 0 00:02:00  -  Run Remote Usage
		Usr 0 00:00:01, Sys 0 00:00:07  -  Run Local Usage
...
003 (5298.011.000) 11/12 04:39:29 Job was checkpointed.
	Usr 14 17:33:17, Sys 0 00:02:01  -  Run Remote Usage
		Usr 0 00:00:01, Sys 0 00:00:07  -  Run Local Usage
...
003 (5298.011.000) 11/12 07:39:29 Job was checkpointed.
	Usr 14 20:32:58, Sys 0 00:02:02  -  Run Remote Usage
		Usr 0 00:00:01, Sys 0 00:00:07  -  Run Local Usage
...
003 (5298.011.000) 11/12 10:39:30 Job was checkpointed.
	Usr 14 23:32:49, Sys 0 00:02:02  -  Run Remote Usage
		Usr 0 00:00:01, Sys 0 00:00:07  -  Run Local Usage
...
003 (5298.011.000) 11/12 13:39:31 Job was checkpointed.
	Usr 15 02:32:37, Sys 0 00:02:03  -  Run Remote Usage
		Usr 0 00:00:01, Sys 0 00:00:07  -  Run Local Usage
...
003 (5298.011.000) 11/12 16:39:33 Job was checkpointed.
	Usr 15 05:32:22, Sys 0 00:02:04  -  Run Remote Usage
		Usr 0 00:00:01, Sys 0 00:00:08  -  Run Local Usage
...
003 (5298.011.000) 11/12 19:39:37 Job was checkpointed.
	Usr 15 08:32:08, Sys 0 00:02:06  -  Run Remote Usage
		Usr 0 00:00:01, Sys 0 00:00:08  -  Run Local Usage
...
003 (5298.011.000) 11/12 22:39:41 Job was checkpointed.
	Usr 15 11:31:53, Sys 0 00:02:07  -  Run Remote Usage
		Usr 0 00:00:01, Sys 0 00:00:08  -  Run Local Usage
...
003 (5298.011.000) 11/13 01:39:41 Job was checkpointed.
	Usr 15 14:31:41, Sys 0 00:02:07  -  Run Remote Usage
		Usr 0 00:00:01, Sys 0 00:00:08  -  Run Local Usage
...
003 (5298.011.000) 11/13 04:39:45 Job was checkpointed.
	Usr 15 17:31:26, Sys 0 00:02:09  -  Run Remote Usage
		Usr 0 00:00:01, Sys 0 00:00:08  -  Run Local Usage
...
003 (5298.011.000) 11/13 07:39:46 Job was checkpointed.
	Usr 15 20:31:08, Sys 0 00:02:10  -  Run Remote Usage
		Usr 0 00:00:01, Sys 0 00:00:08  -  Run Local Usage
...
003 (5298.011.000) 11/13 10:39:46 Job was checkpointed.
	Usr 15 23:30:51, Sys 0 00:02:11  -  Run Remote Usage
		Usr 0 00:00:01, Sys 0 00:00:08  -  Run Local Usage
...
003 (5298.011.000) 11/13 13:39:48 Job was checkpointed.
	Usr 16 02:30:35, Sys 0 00:02:12  -  Run Remote Usage
		Usr 0 00:00:01, Sys 0 00:00:08  -  Run Local Usage
...
003 (5298.011.000) 11/13 16:39:49 Job was checkpointed.
	Usr 16 05:30:15, Sys 0 00:02:14  -  Run Remote Usage
		Usr 0 00:00:01, Sys 0 00:00:08  -  Run Local Usage
...
003 (5298.011.000) 11/13 19:39:53 Job was checkpointed.
	Usr 16 08:30:04, Sys 0 00:02:15  -  Run Remote Usage
		Usr 0 00:00:01, Sys 0 00:00:08  -  Run Local Usage
...
003 (5298.011.000) 11/13 22:39:57 Job was checkpointed.
	Usr 16 11:29:55, Sys 0 00:02:15  -  Run Remote Usage
		Usr 0 00:00:01, Sys 0 00:00:08  -  Run Local Usage
...
003 (5298.011.000) 11/14 01:39:59 Job was checkpointed.
	Usr 16 14:29:40, Sys 0 00:02:16  -  Run Remote Usage
		Usr 0 00:00:01, Sys 0 00:00:08  -  Run Local Usage
...
003 (5298.011.000) 11/14 04:40:03 Job was checkpointed.
	Usr 16 17:29:24, Sys 0 00:02:18  -  Run Remote Usage
		Usr 0 00:00:01, Sys 0 00:00:08  -  Run Local Usage
...
003 (5298.011.000) 11/14 07:40:04 Job was checkpointed.
	Usr 16 20:29:11, Sys 0 00:02:19  -  Run Remote Usage
		Usr 0 00:00:01, Sys 0 00:00:08  -  Run Local Usage
...
003 (5298.011.000) 11/14 10:40:07 Job was checkpointed.
	Usr 16 23:29:02, Sys 0 00:02:20  -  Run Remote Usage
		Usr 0 00:00:01, Sys 0 00:00:08  -  Run Local Usage
...
003 (5298.011.000) 11/14 13:40:08 Job was checkpointed.
	Usr 17 02:28:43, Sys 0 00:02:21  -  Run Remote Usage
		Usr 0 00:00:01, Sys 0 00:00:08  -  Run Local Usage
...
003 (5298.011.000) 11/14 16:40:10 Job was checkpointed.
	Usr 17 05:28:28, Sys 0 00:02:22  -  Run Remote Usage
		Usr 0 00:00:01, Sys 0 00:00:08  -  Run Local Usage
...
003 (5298.011.000) 11/14 19:40:13 Job was checkpointed.
	Usr 17 08:28:15, Sys 0 00:02:23  -  Run Remote Usage
		Usr 0 00:00:01, Sys 0 00:00:08  -  Run Local Usage
...
003 (5298.011.000) 11/14 22:40:14 Job was checkpointed.
	Usr 17 11:28:02, Sys 0 00:02:24  -  Run Remote Usage
		Usr 0 00:00:01, Sys 0 00:00:09  -  Run Local Usage
...
003 (5298.011.000) 11/15 01:40:14 Job was checkpointed.
	Usr 17 14:27:46, Sys 0 00:02:25  -  Run Remote Usage
		Usr 0 00:00:01, Sys 0 00:00:09  -  Run Local Usage
...
003 (5298.011.000) 11/15 04:40:15 Job was checkpointed.
	Usr 17 17:27:31, Sys 0 00:02:26  -  Run Remote Usage
		Usr 0 00:00:01, Sys 0 00:00:09  -  Run Local Usage
...
003 (5298.011.000) 11/15 07:40:15 Job was checkpointed.
	Usr 17 20:27:16, Sys 0 00:02:27  -  Run Remote Usage
		Usr 0 00:00:01, Sys 0 00:00:09  -  Run Local Usage
...
003 (5298.011.000) 11/15 10:40:18 Job was checkpointed.
	Usr 17 23:27:03, Sys 0 00:02:28  -  Run Remote Usage
		Usr 0 00:00:01, Sys 0 00:00:09  -  Run Local Usage
...
003 (5298.011.000) 11/15 13:40:18 Job was checkpointed.
	Usr 18 02:26:47, Sys 0 00:02:29  -  Run Remote Usage
		Usr 0 00:00:01, Sys 0 00:00:09  -  Run Local Usage
...
003 (5298.011.000) 11/15 16:40:21 Job was checkpointed.
	Usr 18 05:26:29, Sys 0 00:02:30  -  Run Remote Usage
		Usr 0 00:00:01, Sys 0 00:00:09  -  Run Local Usage
...
003 (5298.011.000) 11/15 19:40:22 Job was checkpointed.
	Usr 18 08:26:19, Sys 0 00:02:31  -  Run Remote Usage
		Usr 0 00:00:01, Sys 0 00:00:09  -  Run Local Usage
...
003 (5298.011.000) 11/15 22:40:26 Job was checkpointed.
	Usr 18 11:26:08, Sys 0 00:02:32  -  Run Remote Usage
		Usr 0 00:00:01, Sys 0 00:00:09  -  Run Local Usage
...
003 (5298.011.000) 11/16 01:40:30 Job was checkpointed.
	Usr 18 14:25:53, Sys 0 00:02:33  -  Run Remote Usage
		Usr 0 00:00:01, Sys 0 00:00:09  -  Run Local Usage
...
003 (5298.011.000) 11/16 04:40:34 Job was checkpointed.
	Usr 18 17:25:35, Sys 0 00:02:34  -  Run Remote Usage
		Usr 0 00:00:01, Sys 0 00:00:09  -  Run Local Usage
...
003 (5298.011.000) 11/16 07:40:38 Job was checkpointed.
	Usr 18 20:25:22, Sys 0 00:02:35  -  Run Remote Usage
		Usr 0 00:00:01, Sys 0 00:00:09  -  Run Local Usage
...
003 (5298.011.000) 11/16 10:40:40 Job was checkpointed.
	Usr 18 23:25:07, Sys 0 00:02:36  -  Run Remote Usage
		Usr 0 00:00:01, Sys 0 00:00:09  -  Run Local Usage
...
003 (5298.011.000) 11/16 13:40:39 Job was checkpointed.
	Usr 19 02:24:57, Sys 0 00:02:37  -  Run Remote Usage
		Usr 0 00:00:01, Sys 0 00:00:09  -  Run Local Usage
...
003 (5298.011.000) 11/16 16:40:42 Job was checkpointed.
	Usr 19 05:24:44, Sys 0 00:02:38  -  Run Remote Usage
		Usr 0 00:00:01, Sys 0 00:00:09  -  Run Local Usage
...
003 (5298.011.000) 11/16 19:40:44 Job was checkpointed.
	Usr 19 08:24:28, Sys 0 00:02:39  -  Run Remote Usage
		Usr 0 00:00:01, Sys 0 00:00:09  -  Run Local Usage
...
003 (5298.011.000) 11/16 22:40:46 Job was checkpointed.
	Usr 19 11:24:11, Sys 0 00:02:40  -  Run Remote Usage
		Usr 0 00:00:01, Sys 0 00:00:09  -  Run Local Usage
...
003 (5298.011.000) 11/17 01:40:48 Job was checkpointed.
	Usr 19 14:23:57, Sys 0 00:02:41  -  Run Remote Usage
		Usr 0 00:00:01, Sys 0 00:00:10  -  Run Local Usage
...
003 (5298.011.000) 11/17 04:40:49 Job was checkpointed.
	Usr 19 17:23:37, Sys 0 00:02:43  -  Run Remote Usage
		Usr 0 00:00:01, Sys 0 00:00:10  -  Run Local Usage
...
006 (5298.011.000) 11/17 07:40:49 Image size of job updated: 14353
...
003 (5298.011.000) 11/17 07:40:50 Job was checkpointed.
	Usr 19 20:23:22, Sys 0 00:02:44  -  Run Remote Usage
		Usr 0 00:00:01, Sys 0 00:00:10  -  Run Local Usage
...
003 (5298.011.000) 11/17 10:40:53 Job was checkpointed.
	Usr 19 23:23:07, Sys 0 00:02:45  -  Run Remote Usage
		Usr 0 00:00:01, Sys 0 00:00:10  -  Run Local Usage
...
003 (5298.011.000) 11/17 13:40:53 Job was checkpointed.
	Usr 20 02:22:50, Sys 0 00:02:46  -  Run Remote Usage
		Usr 0 00:00:01, Sys 0 00:00:10  -  Run Local Usage
...
003 (5298.011.000) 11/17 16:40:56 Job was checkpointed.
	Usr 20 05:22:40, Sys 0 00:02:47  -  Run Remote Usage
		Usr 0 00:00:01, Sys 0 00:00:10  -  Run Local Usage
...
003 (5298.011.000) 11/17 19:41:00 Job was checkpointed.
	Usr 20 08:22:29, Sys 0 00:02:48  -  Run Remote Usage
		Usr 0 00:00:01, Sys 0 00:00:10  -  Run Local Usage
...
003 (5298.011.000) 11/17 22:41:01 Job was checkpointed.
	Usr 20 11:22:15, Sys 0 00:02:49  -  Run Remote Usage
		Usr 0 00:00:01, Sys 0 00:00:10  -  Run Local Usage
...
003 (5298.011.000) 11/18 01:41:01 Job was checkpointed.
	Usr 20 14:21:57, Sys 0 00:02:50  -  Run Remote Usage
		Usr 0 00:00:01, Sys 0 00:00:10  -  Run Local Usage
...
003 (5298.011.000) 11/18 04:41:04 Job was checkpointed.
	Usr 20 17:21:49, Sys 0 00:02:51  -  Run Remote Usage
		Usr 0 00:00:01, Sys 0 00:00:10  -  Run Local Usage
...
003 (5298.011.000) 11/18 07:41:07 Job was checkpointed.
	Usr 20 20:21:35, Sys 0 00:02:52  -  Run Remote Usage
		Usr 0 00:00:01, Sys 0 00:00:10  -  Run Local Usage
...
003 (5298.011.000) 11/18 10:41:09 Job was checkpointed.
	Usr 20 23:21:24, Sys 0 00:02:53  -  Run Remote Usage
		Usr 0 00:00:01, Sys 0 00:00:10  -  Run Local Usage
...
003 (5298.011.000) 11/18 13:41:11 Job was checkpointed.
	Usr 21 02:21:10, Sys 0 00:02:54  -  Run Remote Usage
		Usr 0 00:00:01, Sys 0 00:00:10  -  Run Local Usage
...
003 (5298.011.000) 11/18 16:41:15 Job was checkpointed.
	Usr 21 05:20:57, Sys 0 00:02:55  -  Run Remote Usage
		Usr 0 00:00:01, Sys 0 00:00:10  -  Run Local Usage
...
003 (5298.011.000) 11/18 19:41:17 Job was checkpointed.
	Usr 21 08:20:41, Sys 0 00:02:56  -  Run Remote Usage
		Usr 0 00:00:01, Sys 0 00:00:10  -  Run Local Usage
...
003 (5298.011.000) 11/18 22:41:18 Job was checkpointed.
	Usr 21 11:20:23, Sys 0 00:02:58  -  Run Remote Usage
		Usr 0 00:00:01, Sys 0 00:00:10  -  Run Local Usage
...
003 (5298.011.000) 11/19 01:41:23 Job was checkpointed.
	Usr 21 14:20:11, Sys 0 00:02:59  -  Run Remote Usage
		Usr 0 00:00:01, Sys 0 00:00:10  -  Run Local Usage
...
003 (5298.011.000) 11/19 04:41:27 Job was checkpointed.
	Usr 21 17:19:52, Sys 0 00:03:00  -  Run Remote Usage
		Usr 0 00:00:01, Sys 0 00:00:10  -  Run Local Usage
...
003 (5298.011.000) 11/19 07:41:28 Job was checkpointed.
	Usr 21 20:19:34, Sys 0 00:03:02  -  Run Remote Usage
		Usr 0 00:00:01, Sys 0 00:00:11  -  Run Local Usage
...
003 (5298.011.000) 11/19 10:41:30 Job was checkpointed.
	Usr 21 23:19:20, Sys 0 00:03:03  -  Run Remote Usage
		Usr 0 00:00:01, Sys 0 00:00:11  -  Run Local Usage
...
003 (5298.011.000) 11/19 13:41:34 Job was checkpointed.
	Usr 22 02:19:05, Sys 0 00:03:04  -  Run Remote Usage
		Usr 0 00:00:01, Sys 0 00:00:11  -  Run Local Usage
...
003 (5298.011.000) 11/19 16:41:35 Job was checkpointed.
	Usr 22 05:18:52, Sys 0 00:03:05  -  Run Remote Usage
		Usr 0 00:00:01, Sys 0 00:00:11  -  Run Local Usage
...
003 (5298.011.000) 11/19 19:41:40 Job was checkpointed.
	Usr 22 08:18:36, Sys 0 00:03:06  -  Run Remote Usage
		Usr 0 00:00:01, Sys 0 00:00:11  -  Run Local Usage
...
003 (5298.011.000) 11/19 22:41:42 Job was checkpointed.
	Usr 22 11:18:21, Sys 0 00:03:07  -  Run Remote Usage
		Usr 0 00:00:01, Sys 0 00:00:11  -  Run Local Usage
...
003 (5298.011.000) 11/20 01:41:47 Job was checkpointed.
	Usr 22 14:18:05, Sys 0 00:03:09  -  Run Remote Usage
		Usr 0 00:00:01, Sys 0 00:00:11  -  Run Local Usage
...
003 (5298.011.000) 11/20 04:41:48 Job was checkpointed.
	Usr 22 17:17:50, Sys 0 00:03:10  -  Run Remote Usage
		Usr 0 00:00:01, Sys 0 00:00:11  -  Run Local Usage
...
003 (5298.011.000) 11/20 07:41:49 Job was checkpointed.
	Usr 22 20:17:35, Sys 0 00:03:11  -  Run Remote Usage
		Usr 0 00:00:01, Sys 0 00:00:11  -  Run Local Usage
...
003 (5298.011.000) 11/20 10:41:53 Job was checkpointed.
	Usr 22 23:17:28, Sys 0 00:03:12  -  Run Remote Usage
		Usr 0 00:00:01, Sys 0 00:00:11  -  Run Local Usage
...
003 (5298.011.000) 11/20 13:41:55 Job was checkpointed.
	Usr 23 02:17:09, Sys 0 00:03:13  -  Run Remote Usage
		Usr 0 00:00:01, Sys 0 00:00:11  -  Run Local Usage
...
003 (5298.011.000) 11/20 16:41:58 Job was checkpointed.
	Usr 23 05:16:54, Sys 0 00:03:14  -  Run Remote Usage
		Usr 0 00:00:01, Sys 0 00:00:11  -  Run Local Usage
...
003 (5298.011.000) 11/20 19:42:00 Job was checkpointed.
	Usr 23 08:16:41, Sys 0 00:03:15  -  Run Remote Usage
		Usr 0 00:00:01, Sys 0 00:00:11  -  Run Local Usage
...
003 (5298.011.000) 11/20 22:42:01 Job was checkpointed.
	Usr 23 11:16:26, Sys 0 00:03:16  -  Run Remote Usage
		Usr 0 00:00:01, Sys 0 00:00:11  -  Run Local Usage
...
003 (5298.011.000) 11/21 01:42:05 Job was checkpointed.
	Usr 23 14:16:12, Sys 0 00:03:17  -  Run Remote Usage
		Usr 0 00:00:01, Sys 0 00:00:11  -  Run Local Usage
...
003 (5298.011.000) 11/21 04:42:08 Job was checkpointed.
	Usr 23 17:15:55, Sys 0 00:03:18  -  Run Remote Usage
		Usr 0 00:00:01, Sys 0 00:00:11  -  Run Local Usage
...
003 (5298.011.000) 11/21 07:42:11 Job was checkpointed.
	Usr 23 20:15:43, Sys 0 00:03:20  -  Run Remote Usage
		Usr 0 00:00:01, Sys 0 00:00:12  -  Run Local Usage
...
003 (5298.011.000) 11/21 10:42:12 Job was checkpointed.
	Usr 23 23:15:27, Sys 0 00:03:21  -  Run Remote Usage
		Usr 0 00:00:01, Sys 0 00:00:12  -  Run Local Usage
...
003 (5298.011.000) 11/21 13:42:16 Job was checkpointed.
	Usr 24 02:15:14, Sys 0 00:03:22  -  Run Remote Usage
		Usr 0 00:00:01, Sys 0 00:00:12  -  Run Local Usage
...
003 (5298.011.000) 11/21 16:42:17 Job was checkpointed.
	Usr 24 05:15:00, Sys 0 00:03:23  -  Run Remote Usage
		Usr 0 00:00:01, Sys 0 00:00:12  -  Run Local Usage
...
003 (5298.011.000) 11/21 19:42:17 Job was checkpointed.
	Usr 24 08:14:43, Sys 0 00:03:24  -  Run Remote Usage
		Usr 0 00:00:01, Sys 0 00:00:12  -  Run Local Usage
...
003 (5298.011.000) 11/21 22:42:18 Job was checkpointed.
	Usr 24 11:14:29, Sys 0 00:03:25  -  Run Remote Usage
		Usr 0 00:00:01, Sys 0 00:00:12  -  Run Local Usage
...
003 (5298.011.000) 11/22 01:42:22 Job was checkpointed.
	Usr 24 14:14:21, Sys 0 00:03:26  -  Run Remote Usage
		Usr 0 00:00:01, Sys 0 00:00:12  -  Run Local Usage
...
003 (5298.011.000) 11/22 04:42:25 Job was checkpointed.
	Usr 24 17:14:06, Sys 0 00:03:27  -  Run Remote Usage
		Usr 0 00:00:01, Sys 0 00:00:12  -  Run Local Usage
...
003 (5298.011.000) 11/22 07:42:27 Job was checkpointed.
	Usr 24 20:13:59, Sys 0 00:03:27  -  Run Remote Usage
		Usr 0 00:00:01, Sys 0 00:00:12  -  Run Local Usage
...
003 (5298.011.000) 11/22 10:42:29 Job was checkpointed.
	Usr 222 04:34:39, Sys 0 00:03:29  -  Run Remote Usage
		Usr 0 00:00:01, Sys 0 00:00:12  -  Run Local Usage
...
003 (5298.011.000) 11/22 13:42:33 Job was checkpointed.
	Usr 222 07:34:25, Sys 0 00:03:30  -  Run Remote Usage
		Usr 0 00:00:01, Sys 0 00:00:12  -  Run Local Usage
...
003 (5298.011.000) 11/22 16:42:35 Job was checkpointed.
	Usr 222 10:34:14, Sys 0 00:03:31  -  Run Remote Usage
		Usr 0 00:00:01, Sys 0 00:00:12  -  Run Local Usage
...
003 (5298.011.000) 11/22 19:42:36 Job was checkpointed.
	Usr 222 13:33:57, Sys 0 00:03:32  -  Run Remote Usage
		Usr 0 00:00:01, Sys 0 00:00:12  -  Run Local Usage
...
003 (5298.011.000) 11/22 22:42:37 Job was checkpointed.
	Usr 222 16:33:37, Sys 0 00:03:33  -  Run Remote Usage
		Usr 0 00:00:01, Sys 0 00:00:12  -  Run Local Usage
...
003 (5298.011.000) 11/23 01:42:39 Job was checkpointed.
	Usr 222 19:33:21, Sys 0 00:03:34  -  Run Remote Usage
		Usr 0 00:00:01, Sys 0 00:00:12  -  Run Local Usage
...
003 (5298.011.000) 11/23 04:42:41 Job was checkpointed.
	Usr 222 22:33:00, Sys 0 00:03:36  -  Run Remote Usage
		Usr 0 00:00:01, Sys 0 00:00:12  -  Run Local Usage
...
003 (5298.011.000) 11/23 07:42:44 Job was checkpointed.
	Usr 223 01:32:48, Sys 0 00:03:37  -  Run Remote Usage
		Usr 0 00:00:01, Sys 0 00:00:12  -  Run Local Usage
...
003 (5298.011.000) 11/23 10:42:46 Job was checkpointed.
	Usr 223 04:32:32, Sys 0 00:03:38  -  Run Remote Usage
		Usr 0 00:00:01, Sys 0 00:00:12  -  Run Local Usage
...
003 (5298.011.000) 11/23 13:42:49 Job was checkpointed.
	Usr 223 07:32:21, Sys 0 00:03:39  -  Run Remote Usage
		Usr 0 00:00:01, Sys 0 00:00:13  -  Run Local Usage
...
003 (5298.011.000) 11/23 16:42:53 Job was checkpointed.
	Usr 223 10:32:11, Sys 0 00:03:40  -  Run Remote Usage
		Usr 0 00:00:01, Sys 0 00:00:13  -  Run Local Usage
...
003 (5298.011.000) 11/23 19:42:55 Job was checkpointed.
	Usr 223 13:31:52, Sys 0 00:03:41  -  Run Remote Usage
		Usr 0 00:00:01, Sys 0 00:00:13  -  Run Local Usage
...
003 (5298.011.000) 11/23 22:42:58 Job was checkpointed.
	Usr 223 16:31:40, Sys 0 00:03:42  -  Run Remote Usage
		Usr 0 00:00:01, Sys 0 00:00:13  -  Run Local Usage
...
003 (5298.011.000) 11/24 01:42:59 Job was checkpointed.
	Usr 223 19:31:23, Sys 0 00:03:43  -  Run Remote Usage
		Usr 0 00:00:01, Sys 0 00:00:13  -  Run Local Usage
...
003 (5298.011.000) 11/24 04:43:02 Job was checkpointed.
	Usr 223 22:31:05, Sys 0 00:03:45  -  Run Remote Usage
		Usr 0 00:00:01, Sys 0 00:00:13  -  Run Local Usage
...
003 (5298.011.000) 11/24 07:43:06 Job was checkpointed.
	Usr 224 01:30:55, Sys 0 00:03:45  -  Run Remote Usage
		Usr 0 00:00:01, Sys 0 00:00:13  -  Run Local Usage
...
003 (5298.011.000) 11/24 10:43:10 Job was checkpointed.
	Usr 224 04:30:46, Sys 0 00:03:46  -  Run Remote Usage
		Usr 0 00:00:01, Sys 0 00:00:13  -  Run Local Usage
...
003 (5298.011.000) 11/24 13:43:11 Job was checkpointed.
	Usr 224 07:30:31, Sys 0 00:03:47  -  Run Remote Usage
		Usr 0 00:00:01, Sys 0 00:00:13  -  Run Local Usage
...
003 (5298.011.000) 11/24 16:43:12 Job was checkpointed.
	Usr 224 10:30:19, Sys 0 00:03:48  -  Run Remote Usage
		Usr 0 00:00:01, Sys 0 00:00:13  -  Run Local Usage
...
003 (5298.011.000) 11/24 19:43:15 Job was checkpointed.
	Usr 224 13:30:09, Sys 0 00:03:49  -  Run Remote Usage
		Usr 0 00:00:02, Sys 0 00:00:13  -  Run Local Usage
...
003 (5298.011.000) 11/24 22:43:18 Job was checkpointed.
	Usr 224 16:29:55, Sys 0 00:03:50  -  Run Remote Usage
		Usr 0 00:00:02, Sys 0 00:00:13  -  Run Local Usage
...
003 (5298.011.000) 11/25 01:43:19 Job was checkpointed.
	Usr 224 19:29:44, Sys 0 00:03:51  -  Run Remote Usage
		Usr 0 00:00:02, Sys 0 00:00:13  -  Run Local Usage
...
003 (5298.011.000) 11/25 04:43:22 Job was checkpointed.
	Usr 224 22:29:30, Sys 0 00:03:52  -  Run Remote Usage
		Usr 0 00:00:02, Sys 0 00:00:13  -  Run Local Usage
...
003 (5298.011.000) 11/25 07:43:26 Job was checkpointed.
	Usr 225 01:29:18, Sys 0 00:03:53  -  Run Remote Usage
		Usr 0 00:00:02, Sys 0 00:00:13  -  Run Local Usage
...
003 (5298.011.000) 11/25 10:43:28 Job was checkpointed.
	Usr 225 04:29:06, Sys 0 00:03:54  -  Run Remote Usage
		Usr 0 00:00:02, Sys 0 00:00:13  -  Run Local Usage
...
003 (5298.011.000) 11/25 13:43:33 Job was checkpointed.
	Usr 225 07:28:56, Sys 0 00:03:54  -  Run Remote Usage
		Usr 0 00:00:02, Sys 0 00:00:13  -  Run Local Usage
...
003 (5298.011.000) 11/25 16:43:34 Job was checkpointed.
	Usr 225 10:28:41, Sys 0 00:03:55  -  Run Remote Usage
		Usr 0 00:00:02, Sys 0 00:00:14  -  Run Local Usage
...
003 (5298.011.000) 11/25 19:43:34 Job was checkpointed.
	Usr 225 13:28:27, Sys 0 00:03:56  -  Run Remote Usage
		Usr 0 00:00:02, Sys 0 00:00:14  -  Run Local Usage
...
003 (5298.011.000) 11/25 22:43:36 Job was checkpointed.
	Usr 225 16:28:13, Sys 0 00:03:57  -  Run Remote Usage
		Usr 0 00:00:02, Sys 0 00:00:14  -  Run Local Usage
...
003 (5298.011.000) 11/26 01:43:40 Job was checkpointed.
	Usr 225 19:27:58, Sys 0 00:03:59  -  Run Remote Usage
		Usr 0 00:00:02, Sys 0 00:00:14  -  Run Local Usage
...
003 (5298.011.000) 11/26 04:43:43 Job was checkpointed.
	Usr 225 22:27:42, Sys 0 00:04:00  -  Run Remote Usage
		Usr 0 00:00:02, Sys 0 00:00:14  -  Run Local Usage
...
003 (5298.011.000) 11/26 07:43:44 Job was checkpointed.
	Usr 226 01:27:23, Sys 0 00:04:01  -  Run Remote Usage
		Usr 0 00:00:02, Sys 0 00:00:14  -  Run Local Usage
...
003 (5298.011.000) 11/26 10:43:49 Job was checkpointed.
	Usr 226 04:27:12, Sys 0 00:04:02  -  Run Remote Usage
		Usr 0 00:00:02, Sys 0 00:00:14  -  Run Local Usage
...
003 (5298.011.000) 11/26 13:43:48 Job was checkpointed.
	Usr 226 07:26:56, Sys 0 00:04:03  -  Run Remote Usage
		Usr 0 00:00:02, Sys 0 00:00:14  -  Run Local Usage
...
003 (5298.011.000) 11/26 16:43:52 Job was checkpointed.
	Usr 226 10:26:46, Sys 0 00:04:04  -  Run Remote Usage
		Usr 0 00:00:02, Sys 0 00:00:14  -  Run Local Usage
...
003 (5298.011.000) 11/26 19:43:56 Job was checkpointed.
	Usr 226 13:26:34, Sys 0 00:04:05  -  Run Remote Usage
		Usr 0 00:00:02, Sys 0 00:00:14  -  Run Local Usage
...
003 (5298.011.000) 11/26 22:43:59 Job was checkpointed.
	Usr 226 16:26:20, Sys 0 00:04:06  -  Run Remote Usage
		Usr 0 00:00:02, Sys 0 00:00:14  -  Run Local Usage
...
003 (5298.011.000) 11/27 01:44:00 Job was checkpointed.
	Usr 226 19:26:03, Sys 0 00:04:07  -  Run Remote Usage
		Usr 0 00:00:02, Sys 0 00:00:14  -  Run Local Usage
...
003 (5298.011.000) 11/27 04:44:03 Job was checkpointed.
	Usr 226 22:25:46, Sys 0 00:04:08  -  Run Remote Usage
		Usr 0 00:00:02, Sys 0 00:00:14  -  Run Local Usage
...
003 (5298.011.000) 11/27 07:44:04 Job was checkpointed.
	Usr 227 01:25:38, Sys 0 00:04:09  -  Run Remote Usage
		Usr 0 00:00:02, Sys 0 00:00:14  -  Run Local Usage
...
003 (5298.011.000) 11/27 10:44:06 Job was checkpointed.
	Usr 227 04:25:22, Sys 0 00:04:10  -  Run Remote Usage
		Usr 0 00:00:02, Sys 0 00:00:14  -  Run Local Usage
...
003 (5298.011.000) 11/27 13:44:08 Job was checkpointed.
	Usr 227 07:25:03, Sys 0 00:04:12  -  Run Remote Usage
		Usr 0 00:00:02, Sys 0 00:00:14  -  Run Local Usage
...
003 (5298.011.000) 11/27 16:44:10 Job was checkpointed.
	Usr 227 10:24:49, Sys 0 00:04:13  -  Run Remote Usage
		Usr 0 00:00:02, Sys 0 00:00:14  -  Run Local Usage
...
003 (5298.011.000) 11/27 19:44:13 Job was checkpointed.
	Usr 227 13:24:34, Sys 0 00:04:14  -  Run Remote Usage
		Usr 0 00:00:02, Sys 0 00:00:15  -  Run Local Usage
...
003 (5298.011.000) 11/27 22:44:14 Job was checkpointed.
	Usr 227 16:24:16, Sys 0 00:04:15  -  Run Remote Usage
		Usr 0 00:00:02, Sys 0 00:00:15  -  Run Local Usage
...
003 (5298.011.000) 11/28 01:44:16 Job was checkpointed.
	Usr 227 19:24:06, Sys 0 00:04:16  -  Run Remote Usage
		Usr 0 00:00:02, Sys 0 00:00:15  -  Run Local Usage
...
003 (5298.011.000) 11/28 04:44:21 Job was checkpointed.
	Usr 227 22:23:57, Sys 0 00:04:16  -  Run Remote Usage
		Usr 0 00:00:02, Sys 0 00:00:15  -  Run Local Usage
...
003 (5298.011.000) 11/28 07:44:24 Job was checkpointed.
	Usr 228 01:23:47, Sys 0 00:04:17  -  Run Remote Usage
		Usr 0 00:00:02, Sys 0 00:00:15  -  Run Local Usage
...
003 (5298.011.000) 11/28 10:44:25 Job was checkpointed.
	Usr 228 04:23:38, Sys 0 00:04:18  -  Run Remote Usage
		Usr 0 00:00:02, Sys 0 00:00:15  -  Run Local Usage
...
003 (5298.011.000) 11/28 13:44:30 Job was checkpointed.
	Usr 228 07:23:28, Sys 0 00:04:19  -  Run Remote Usage
		Usr 0 00:00:02, Sys 0 00:00:15  -  Run Local Usage
...
003 (5298.011.000) 11/28 16:44:34 Job was checkpointed.
	Usr 228 10:23:15, Sys 0 00:04:20  -  Run Remote Usage
		Usr 0 00:00:02, Sys 0 00:00:15  -  Run Local Usage
...
003 (5298.011.000) 11/28 19:44:35 Job was checkpointed.
	Usr 228 13:23:02, Sys 0 00:04:21  -  Run Remote Usage
		Usr 0 00:00:02, Sys 0 00:00:15  -  Run Local Usage
...
003 (5298.011.000) 11/28 22:44:39 Job was checkpointed.
	Usr 228 16:23:01, Sys 0 00:04:21  -  Run Remote Usage
		Usr 0 00:00:02, Sys 0 00:00:15  -  Run Local Usage
...
003 (5298.011.000) 11/29 01:44:41 Job was checkpointed.
	Usr 228 19:23:02, Sys 0 00:04:21  -  Run Remote Usage
		Usr 0 00:00:02, Sys 0 00:00:15  -  Run Local Usage
...
003 (5298.011.000) 11/29 04:44:42 Job was checkpointed.
	Usr 228 22:23:01, Sys 0 00:04:21  -  Run Remote Usage
		Usr 0 00:00:02, Sys 0 00:00:15  -  Run Local Usage
...
003 (5298.011.000) 11/29 07:44:42 Job was checkpointed.
	Usr 229 01:22:59, Sys 0 00:04:21  -  Run Remote Usage
		Usr 0 00:00:02, Sys 0 00:00:15  -  Run Local Usage
...
003 (5298.011.000) 11/29 10:44:44 Job was checkpointed.
	Usr 229 04:22:59, Sys 0 00:04:21  -  Run Remote Usage
		Usr 0 00:00:02, Sys 0 00:00:15  -  Run Local Usage
...
003 (5298.011.000) 11/29 13:44:46 Job was checkpointed.
	Usr 229 07:22:59, Sys 0 00:04:21  -  Run Remote Usage
		Usr 0 00:00:02, Sys 0 00:00:15  -  Run Local Usage
...
003 (5298.011.000) 11/29 16:44:47 Job was checkpointed.
	Usr 229 10:22:59, Sys 0 00:04:21  -  Run Remote Usage
		Usr 0 00:00:02, Sys 0 00:00:15  -  Run Local Usage
...
003 (5298.011.000) 11/29 19:44:47 Job was checkpointed.
	Usr 229 13:22:57, Sys 0 00:04:21  -  Run Remote Usage
		Usr 0 00:00:02, Sys 0 00:00:15  -  Run Local Usage
...
003 (5298.011.000) 11/29 22:44:51 Job was checkpointed.
	Usr 229 16:22:59, Sys 0 00:04:21  -  Run Remote Usage
		Usr 0 00:00:02, Sys 0 00:00:16  -  Run Local Usage
...
003 (5298.011.000) 11/30 01:44:55 Job was checkpointed.
	Usr 229 19:23:00, Sys 0 00:04:21  -  Run Remote Usage
		Usr 0 00:00:02, Sys 0 00:00:16  -  Run Local Usage
...
003 (5298.011.000) 11/30 04:44:59 Job was checkpointed.
	Usr 229 22:23:02, Sys 0 00:04:21  -  Run Remote Usage
		Usr 0 00:00:02, Sys 0 00:00:16  -  Run Local Usage
...
003 (5298.011.000) 11/30 07:45:03 Job was checkpointed.
	Usr 230 01:23:04, Sys 0 00:04:21  -  Run Remote Usage
		Usr 0 00:00:02, Sys 0 00:00:16  -  Run Local Usage
...
003 (5298.011.000) 11/30 10:45:05 Job was checkpointed.
	Usr 230 04:23:05, Sys 0 00:04:21  -  Run Remote Usage
		Usr 0 00:00:02, Sys 0 00:00:16  -  Run Local Usage
...
003 (5298.011.000) 11/30 13:45:05 Job was checkpointed.
	Usr 230 07:23:03, Sys 0 00:04:21  -  Run Remote Usage
		Usr 0 00:00:02, Sys 0 00:00:16  -  Run Local Usage
...
003 (5298.011.000) 11/30 16:45:07 Job was checkpointed.
	Usr 230 10:23:03, Sys 0 00:04:21  -  Run Remote Usage
		Usr 0 00:00:02, Sys 0 00:00:16  -  Run Local Usage
...
003 (5298.011.000) 11/30 19:45:10 Job was checkpointed.
	Usr 230 13:23:04, Sys 0 00:04:21  -  Run Remote Usage
		Usr 0 00:00:02, Sys 0 00:00:16  -  Run Local Usage
...
003 (5298.011.000) 11/30 22:45:10 Job was checkpointed.
	Usr 230 16:23:02, Sys 0 00:04:21  -  Run Remote Usage
		Usr 0 00:00:02, Sys 0 00:00:16  -  Run Local Usage
...
003 (5298.011.000) 12/01 01:45:14 Job was checkpointed.
	Usr 230 19:23:05, Sys 0 00:04:21  -  Run Remote Usage
		Usr 0 00:00:02, Sys 0 00:00:16  -  Run Local Usage
...
003 (5298.011.000) 12/01 04:45:17 Job was checkpointed.
	Usr 230 22:23:06, Sys 0 00:04:21  -  Run Remote Usage
		Usr 0 00:00:02, Sys 0 00:00:16  -  Run Local Usage
...
003 (5298.011.000) 12/01 07:45:20 Job was checkpointed.
	Usr 231 01:23:06, Sys 0 00:04:21  -  Run Remote Usage
		Usr 0 00:00:02, Sys 0 00:00:16  -  Run Local Usage
...
003 (5298.011.000) 12/01 10:45:24 Job was checkpointed.
	Usr 231 04:23:09, Sys 0 00:04:21  -  Run Remote Usage
		Usr 0 00:00:02, Sys 0 00:00:16  -  Run Local Usage
...
003 (5298.011.000) 12/01 13:45:24 Job was checkpointed.
	Usr 231 07:23:08, Sys 0 00:04:21  -  Run Remote Usage
		Usr 0 00:00:02, Sys 0 00:00:16  -  Run Local Usage
...
003 (5298.011.000) 12/01 16:45:25 Job was checkpointed.
	Usr 231 10:23:06, Sys 0 00:04:21  -  Run Remote Usage
		Usr 0 00:00:02, Sys 0 00:00:16  -  Run Local Usage
...
003 (5298.011.000) 12/01 19:45:25 Job was checkpointed.
	Usr 231 13:23:05, Sys 0 00:04:21  -  Run Remote Usage
		Usr 0 00:00:02, Sys 0 00:00:16  -  Run Local Usage
...
003 (5298.011.000) 12/01 22:45:28 Job was checkpointed.
	Usr 231 16:23:06, Sys 0 00:04:21  -  Run Remote Usage
		Usr 0 00:00:02, Sys 0 00:00:16  -  Run Local Usage
...
003 (5298.011.000) 12/02 01:45:31 Job was checkpointed.
	Usr 231 19:23:07, Sys 0 00:04:21  -  Run Remote Usage
		Usr 0 00:00:02, Sys 0 00:00:16  -  Run Local Usage
...
003 (5298.011.000) 12/02 04:45:34 Job was checkpointed.
	Usr 231 22:23:08, Sys 0 00:04:21  -  Run Remote Usage
		Usr 0 00:00:02, Sys 0 00:00:16  -  Run Local Usage
...
003 (5298.011.000) 12/02 07:45:39 Job was checkpointed.
	Usr 232 01:23:12, Sys 0 00:04:21  -  Run Remote Usage
		Usr 0 00:00:02, Sys 0 00:00:17  -  Run Local Usage
...
003 (5298.011.000) 12/02 10:45:43 Job was checkpointed.
	Usr 232 04:23:14, Sys 0 00:04:21  -  Run Remote Usage
		Usr 0 00:00:02, Sys 0 00:00:17  -  Run Local Usage
...
003 (5298.011.000) 12/02 13:45:45 Job was checkpointed.
	Usr 232 07:23:14, Sys 0 00:04:21  -  Run Remote Usage
		Usr 0 00:00:02, Sys 0 00:00:17  -  Run Local Usage
...
003 (5298.011.000) 12/02 16:45:47 Job was checkpointed.
	Usr 232 10:23:14, Sys 0 00:04:21  -  Run Remote Usage
		Usr 0 00:00:02, Sys 0 00:00:17  -  Run Local Usage
...
003 (5298.011.000) 12/02 19:45:50 Job was checkpointed.
	Usr 232 13:23:15, Sys 0 00:04:21  -  Run Remote Usage
		Usr 0 00:00:02, Sys 0 00:00:17  -  Run Local Usage
...
003 (5298.011.000) 12/02 22:45:52 Job was checkpointed.
	Usr 232 16:23:15, Sys 0 00:04:21  -  Run Remote Usage
		Usr 0 00:00:02, Sys 0 00:00:17  -  Run Local Usage
...
003 (5298.011.000) 12/03 01:45:55 Job was checkpointed.
	Usr 232 19:23:16, Sys 0 00:04:21  -  Run Remote Usage
		Usr 0 00:00:02, Sys 0 00:00:17  -  Run Local Usage
...
003 (5298.011.000) 12/03 04:45:57 Job was checkpointed.
	Usr 232 22:23:17, Sys 0 00:04:21  -  Run Remote Usage
		Usr 0 00:00:02, Sys 0 00:00:17  -  Run Local Usage
...
003 (5298.011.000) 12/03 07:46:00 Job was checkpointed.
	Usr 233 01:23:18, Sys 0 00:04:21  -  Run Remote Usage
		Usr 0 00:00:02, Sys 0 00:00:17  -  Run Local Usage
...
003 (5298.011.000) 12/03 10:46:02 Job was checkpointed.
	Usr 233 04:23:18, Sys 0 00:04:21  -  Run Remote Usage
		Usr 0 00:00:02, Sys 0 00:00:17  -  Run Local Usage
...
003 (5298.011.000) 12/03 13:46:03 Job was checkpointed.
	Usr 233 07:23:17, Sys 0 00:04:21  -  Run Remote Usage
		Usr 0 00:00:02, Sys 0 00:00:17  -  Run Local Usage
...
003 (5298.011.000) 12/03 16:46:05 Job was checkpointed.
	Usr 233 10:23:18, Sys 0 00:04:21  -  Run Remote Usage
		Usr 0 00:00:02, Sys 0 00:00:17  -  Run Local Usage
...
003 (5298.011.000) 12/03 19:46:06 Job was checkpointed.
	Usr 233 13:23:17, Sys 0 00:04:21  -  Run Remote Usage
		Usr 0 00:00:02, Sys 0 00:00:17  -  Run Local Usage
...
003 (5298.011.000) 12/03 22:46:10 Job was checkpointed.
	Usr 233 16:23:19, Sys 0 00:04:21  -  Run Remote Usage
		Usr 0 00:00:02, Sys 0 00:00:17  -  Run Local Usage
...
003 (5298.011.000) 12/04 01:46:13 Job was checkpointed.
	Usr 233 19:23:21, Sys 0 00:04:21  -  Run Remote Usage
		Usr 0 00:00:02, Sys 0 00:00:17  -  Run Local Usage
...
003 (5298.011.000) 12/04 04:46:15 Job was checkpointed.
	Usr 233 22:23:21, Sys 0 00:04:21  -  Run Remote Usage
		Usr 0 00:00:02, Sys 0 00:00:17  -  Run Local Usage
...
003 (5298.011.000) 12/04 07:46:21 Job was checkpointed.
	Usr 234 01:23:24, Sys 0 00:04:21  -  Run Remote Usage
		Usr 0 00:00:02, Sys 0 00:00:17  -  Run Local Usage
...
003 (5298.011.000) 12/04 10:46:22 Job was checkpointed.
	Usr 234 04:23:24, Sys 0 00:04:21  -  Run Remote Usage
		Usr 0 00:00:02, Sys 0 00:00:17  -  Run Local Usage
...
003 (5298.011.000) 12/04 13:46:22 Job was checkpointed.
	Usr 234 07:23:23, Sys 0 00:04:21  -  Run Remote Usage
		Usr 0 00:00:02, Sys 0 00:00:17  -  Run Local Usage
...
003 (5298.011.000) 12/04 16:46:27 Job was checkpointed.
	Usr 234 10:23:25, Sys 0 00:04:21  -  Run Remote Usage
		Usr 0 00:00:02, Sys 0 00:00:17  -  Run Local Usage
...
003 (5298.011.000) 12/04 19:46:27 Job was checkpointed.
	Usr 234 13:23:24, Sys 0 00:04:21  -  Run Remote Usage
		Usr 0 00:00:02, Sys 0 00:00:18  -  Run Local Usage
...
003 (5298.011.000) 12/04 22:46:29 Job was checkpointed.
	Usr 234 16:23:24, Sys 0 00:04:21  -  Run Remote Usage
		Usr 0 00:00:02, Sys 0 00:00:18  -  Run Local Usage
...
003 (5298.011.000) 12/05 01:46:30 Job was checkpointed.
	Usr 234 19:23:23, Sys 0 00:04:21  -  Run Remote Usage
		Usr 0 00:00:02, Sys 0 00:00:18  -  Run Local Usage
...
003 (5298.011.000) 12/05 04:46:30 Job was checkpointed.
	Usr 234 22:23:22, Sys 0 00:04:21  -  Run Remote Usage
		Usr 0 00:00:02, Sys 0 00:00:18  -  Run Local Usage
...
003 (5298.011.000) 12/05 07:46:34 Job was checkpointed.
	Usr 235 01:23:24, Sys 0 00:04:21  -  Run Remote Usage
		Usr 0 00:00:02, Sys 0 00:00:18  -  Run Local Usage
...
003 (5298.011.000) 12/05 10:46:38 Job was checkpointed.
	Usr 235 04:23:13, Sys 0 00:04:22  -  Run Remote Usage
		Usr 0 00:00:02, Sys 0 00:00:18  -  Run Local Usage
...
003 (5298.011.000) 12/05 13:46:39 Job was checkpointed.
	Usr 235 07:23:00, Sys 0 00:04:23  -  Run Remote Usage
		Usr 0 00:00:02, Sys 0 00:00:18  -  Run Local Usage
...
003 (5298.011.000) 12/05 16:46:39 Job was checkpointed.
	Usr 235 10:22:46, Sys 0 00:04:24  -  Run Remote Usage
		Usr 0 00:00:02, Sys 0 00:00:18  -  Run Local Usage
...
003 (5298.011.000) 12/05 19:46:40 Job was checkpointed.
	Usr 235 13:22:31, Sys 0 00:04:25  -  Run Remote Usage
		Usr 0 00:00:02, Sys 0 00:00:18  -  Run Local Usage
...
003 (5298.011.000) 12/05 22:46:41 Job was checkpointed.
	Usr 235 16:22:17, Sys 0 00:04:26  -  Run Remote Usage
		Usr 0 00:00:02, Sys 0 00:00:18  -  Run Local Usage
...
003 (5298.011.000) 12/06 01:46:44 Job was checkpointed.
	Usr 235 19:22:02, Sys 0 00:04:27  -  Run Remote Usage
		Usr 0 00:00:02, Sys 0 00:00:18  -  Run Local Usage
...
003 (5298.011.000) 12/06 04:46:46 Job was checkpointed.
	Usr 235 22:21:45, Sys 0 00:04:28  -  Run Remote Usage
		Usr 0 00:00:02, Sys 0 00:00:18  -  Run Local Usage
...
003 (5298.011.000) 12/06 07:46:49 Job was checkpointed.
	Usr 236 01:21:26, Sys 0 00:04:29  -  Run Remote Usage
		Usr 0 00:00:02, Sys 0 00:00:18  -  Run Local Usage
...
003 (5298.011.000) 12/06 10:46:51 Job was checkpointed.
	Usr 236 04:21:15, Sys 0 00:04:30  -  Run Remote Usage
		Usr 0 00:00:02, Sys 0 00:00:18  -  Run Local Usage
...
003 (5298.011.000) 12/06 13:46:54 Job was checkpointed.
	Usr 236 07:21:04, Sys 0 00:04:31  -  Run Remote Usage
		Usr 0 00:00:02, Sys 0 00:00:18  -  Run Local Usage
...
003 (5298.011.000) 12/06 16:46:56 Job was checkpointed.
	Usr 236 10:20:46, Sys 0 00:04:32  -  Run Remote Usage
		Usr 0 00:00:02, Sys 0 00:00:18  -  Run Local Usage
...
003 (5298.011.000) 12/06 19:46:57 Job was checkpointed.
	Usr 236 13:20:34, Sys 0 00:04:33  -  Run Remote Usage
		Usr 0 00:00:02, Sys 0 00:00:19  -  Run Local Usage
...
003 (5298.011.000) 12/06 22:46:58 Job was checkpointed.
	Usr 236 16:20:17, Sys 0 00:04:34  -  Run Remote Usage
		Usr 0 00:00:02, Sys 0 00:00:19  -  Run Local Usage
...
003 (5298.011.000) 12/07 01:47:01 Job was checkpointed.
	Usr 236 19:20:04, Sys 0 00:04:35  -  Run Remote Usage
		Usr 0 00:00:02, Sys 0 00:00:19  -  Run Local Usage
...
003 (5298.011.000) 12/07 04:47:02 Job was checkpointed.
	Usr 236 22:19:43, Sys 0 00:04:36  -  Run Remote Usage
		Usr 0 00:00:02, Sys 0 00:00:19  -  Run Local Usage
...
003 (5298.011.000) 12/07 07:47:02 Job was checkpointed.
	Usr 237 01:19:29, Sys 0 00:04:37  -  Run Remote Usage
		Usr 0 00:00:02, Sys 0 00:00:19  -  Run Local Usage
...
003 (5298.011.000) 12/07 10:47:07 Job was checkpointed.
	Usr 237 04:19:18, Sys 0 00:04:38  -  Run Remote Usage
		Usr 0 00:00:02, Sys 0 00:00:19  -  Run Local Usage
...
003 (5298.011.000) 12/07 13:47:11 Job was checkpointed.
	Usr 237 07:19:04, Sys 0 00:04:39  -  Run Remote Usage
		Usr 0 00:00:02, Sys 0 00:00:19  -  Run Local Usage
...
003 (5298.011.000) 12/07 16:47:15 Job was checkpointed.
	Usr 237 10:18:57, Sys 0 00:04:39  -  Run Remote Usage
		Usr 0 00:00:02, Sys 0 00:00:19  -  Run Local Usage
...
003 (5298.011.000) 12/07 19:47:19 Job was checkpointed.
	Usr 237 13:18:48, Sys 0 00:04:40  -  Run Remote Usage
		Usr 0 00:00:02, Sys 0 00:00:19  -  Run Local Usage
...
003 (5298.011.000) 12/07 22:47:20 Job was checkpointed.
	Usr 237 16:18:33, Sys 0 00:04:41  -  Run Remote Usage
		Usr 0 00:00:02, Sys 0 00:00:19  -  Run Local Usage
...
003 (5298.011.000) 12/08 01:47:23 Job was checkpointed.
	Usr 237 19:18:21, Sys 0 00:04:42  -  Run Remote Usage
		Usr 0 00:00:02, Sys 0 00:00:19  -  Run Local Usage
...
004 (5298.011.000) 12/08 04:31:00 Job was evicted.
	(1) Job was checkpointed.
		Usr 237 22:01:41, Sys 0 00:04:43  -  Run Remote Usage
		Usr 0 00:00:02, Sys 0 00:00:19  -  Run Local Usage
	1452662784  -  Run Bytes Sent By Job
	4614933  -  Run Bytes Received By Job
...
001 (5298.011.000) 12/08 04:36:09 Job executing on host: <192.168.203.14:49867>
...
006 (5298.011.000) 12/08 07:36:09 Image size of job updated: 14353
...
003 (5298.011.000) 12/08 07:36:09 Job was checkpointed.
	Usr 0 02:59:50, Sys 0 00:00:00  -  Run Remote Usage
		Usr 0 00:00:00, Sys 0 00:00:00  -  Run Local Usage
...
003 (5298.011.000) 12/08 10:36:09 Job was checkpointed.
	Usr 0 05:59:40, Sys 0 00:00:00  -  Run Remote Usage
		Usr 0 00:00:00, Sys 0 00:00:00  -  Run Local Usage
...
004 (5298.011.000) 12/08 10:49:58 Job was evicted.
	(1) Job was checkpointed.
		Usr 0 06:13:27, Sys 0 00:00:00  -  Run Remote Usage
		Usr 0 00:00:00, Sys 0 00:00:00  -  Run Local Usage
	13374294  -  Run Bytes Sent By Job
	8992664  -  Run Bytes Received By Job
...
001 (5298.011.000) 12/08 12:52:20 Job executing on host: <192.168.203.24:44663>
...
006 (5298.011.000) 12/08 12:57:12 Image size of job updated: 14353
...
004 (5298.011.000) 12/08 12:57:13 Job was evicted.
	(1) Job was checkpointed.
		Usr 0 00:04:51, Sys 0 00:00:00  -  Run Remote Usage
		Usr 0 00:00:00, Sys 0 00:00:00  -  Run Local Usage
	4458312  -  Run Bytes Sent By Job
	8992172  -  Run Bytes Received By Job
...
001 (5298.011.000) 12/08 13:04:08 Job executing on host: <192.168.203.13:46689>
...
006 (5298.011.000) 12/08 13:37:47 Image size of job updated: 14353
...
004 (5298.011.000) 12/08 13:37:48 Job was evicted.
	(1) Job was checkpointed.
		Usr 0 00:33:36, Sys 0 00:00:00  -  Run Remote Usage
		Usr 0 00:00:00, Sys 0 00:00:00  -  Run Local Usage
	4458312  -  Run Bytes Sent By Job
	8992172  -  Run Bytes Received By Job
...
001 (5298.011.000) 12/09 02:27:07 Job executing on host: <192.168.203.24:44663>
...
006 (5298.011.000) 12/09 05:27:11 Image size of job updated: 14353
...
003 (5298.011.000) 12/09 05:27:11 Job was checkpointed.
	Usr 0 02:59:52, Sys 0 00:00:00  -  Run Remote Usage
		Usr 0 00:00:00, Sys 0 00:00:00  -  Run Local Usage
...
003 (5298.011.000) 12/09 08:27:13 Job was checkpointed.
	Usr 0 05:59:42, Sys 0 00:00:00  -  Run Remote Usage
		Usr 0 00:00:00, Sys 0 00:00:00  -  Run Local Usage
...
003 (5298.011.000) 12/09 11:27:18 Job was checkpointed.
	Usr 0 08:59:35, Sys 0 00:00:00  -  Run Remote Usage
		Usr 0 00:00:00, Sys 0 00:00:00  -  Run Local Usage
...
003 (5298.011.000) 12/09 14:27:23 Job was checkpointed.
	Usr 0 11:59:28, Sys 0 00:00:00  -  Run Remote Usage
		Usr 0 00:00:00, Sys 0 00:00:00  -  Run Local Usage
...
003 (5298.011.000) 12/09 17:27:29 Job was checkpointed.
	Usr 0 14:59:22, Sys 0 00:00:00  -  Run Remote Usage
		Usr 0 00:00:00, Sys 0 00:00:00  -  Run Local Usage
...
003 (5298.011.000) 12/09 20:27:33 Job was checkpointed.
	Usr 0 17:59:08, Sys 0 00:00:01  -  Run Remote Usage
		Usr 0 00:00:00, Sys 0 00:00:00  -  Run Local Usage
...
003 (5298.011.000) 12/09 23:27:38 Job was checkpointed.
	Usr 0 20:59:01, Sys 0 00:00:01  -  Run Remote Usage
		Usr 0 00:00:00, Sys 0 00:00:00  -  Run Local Usage
...
003 (5298.011.000) 12/10 02:27:44 Job was checkpointed.
	Usr 0 23:58:55, Sys 0 00:00:01  -  Run Remote Usage
		Usr 0 00:00:00, Sys 0 00:00:00  -  Run Local Usage
...
004 (5298.011.000) 12/10 03:56:48 Job was evicted.
	(1) Job was checkpointed.
		Usr 1 01:27:47, Sys 0 00:00:01  -  Run Remote Usage
		Usr 0 00:00:00, Sys 0 00:00:00  -  Run Local Usage
	40122244  -  Run Bytes Sent By Job
	8994140  -  Run Bytes Received By Job
...
001 (5298.011.000) 12/10 07:21:11 Job executing on host: <192.168.203.4:40203>
...
006 (5298.011.000) 12/10 10:21:12 Image size of job updated: 14353
...
003 (5298.011.000) 12/10 10:21:13 Job was checkpointed.
	Usr 0 02:59:59, Sys 0 00:00:00  -  Run Remote Usage
		Usr 0 00:00:00, Sys 0 00:00:00  -  Run Local Usage
...
003 (5298.011.000) 12/10 13:21:17 Job was checkpointed.
	Usr 0 06:00:01, Sys 0 00:00:00  -  Run Remote Usage
		Usr 0 00:00:00, Sys 0 00:00:00  -  Run Local Usage
...
003 (5298.011.000) 12/10 16:21:20 Job was checkpointed.
	Usr 0 09:00:02, Sys 0 00:00:00  -  Run Remote Usage
		Usr 0 00:00:00, Sys 0 00:00:00  -  Run Local Usage
...
003 (5298.011.000) 12/10 19:21:21 Job was checkpointed.
	Usr 0 12:00:00, Sys 0 00:00:00  -  Run Remote Usage
		Usr 0 00:00:00, Sys 0 00:00:00  -  Run Local Usage
...
003 (5298.011.000) 12/10 22:21:24 Job was checkpointed.
	Usr 0 15:00:01, Sys 0 00:00:00  -  Run Remote Usage
		Usr 0 00:00:00, Sys 0 00:00:00  -  Run Local Usage
...
003 (5298.011.000) 12/11 01:21:25 Job was checkpointed.
	Usr 0 18:00:01, Sys 0 00:00:00  -  Run Remote Usage
		Usr 0 00:00:00, Sys 0 00:00:00  -  Run Local Usage
...
003 (5298.011.000) 12/11 04:21:27 Job was checkpointed.
	Usr 0 21:00:00, Sys 0 00:00:00  -  Run Remote Usage
		Usr 0 00:00:00, Sys 0 00:00:00  -  Run Local Usage
...
003 (5298.011.000) 12/11 07:21:28 Job was checkpointed.
	Usr 0 23:59:59, Sys 0 00:00:00  -  Run Remote Usage
		Usr 0 00:00:00, Sys 0 00:00:00  -  Run Local Usage
...
003 (5298.011.000) 12/11 10:21:29 Job was checkpointed.
	Usr 1 02:59:59, Sys 0 00:00:00  -  Run Remote Usage
		Usr 0 00:00:00, Sys 0 00:00:00  -  Run Local Usage
...
003 (5298.011.000) 12/11 13:21:32 Job was checkpointed.
	Usr 1 06:00:00, Sys 0 00:00:00  -  Run Remote Usage
		Usr 0 00:00:00, Sys 0 00:00:00  -  Run Local Usage
...
003 (5298.011.000) 12/11 16:21:37 Job was checkpointed.
	Usr 1 09:00:03, Sys 0 00:00:00  -  Run Remote Usage
		Usr 0 00:00:00, Sys 0 00:00:00  -  Run Local Usage
...
003 (5298.011.000) 12/11 19:21:42 Job was checkpointed.
	Usr 1 12:00:05, Sys 0 00:00:00  -  Run Remote Usage
		Usr 0 00:00:00, Sys 0 00:00:00  -  Run Local Usage
...
003 (5298.011.000) 12/11 22:21:44 Job was checkpointed.
	Usr 1 15:00:05, Sys 0 00:00:00  -  Run Remote Usage
		Usr 0 00:00:00, Sys 0 00:00:00  -  Run Local Usage
...
003 (5298.011.000) 12/12 01:21:45 Job was checkpointed.
	Usr 1 18:00:04, Sys 0 00:00:00  -  Run Remote Usage
		Usr 0 00:00:00, Sys 0 00:00:01  -  Run Local Usage
...
003 (5298.011.000) 12/12 04:21:46 Job was checkpointed.
	Usr 1 21:00:02, Sys 0 00:00:00  -  Run Remote Usage
		Usr 0 00:00:00, Sys 0 00:00:01  -  Run Local Usage
...
003 (5298.011.000) 12/12 07:21:50 Job was checkpointed.
	Usr 2 00:00:03, Sys 0 00:00:00  -  Run Remote Usage
		Usr 0 00:00:00, Sys 0 00:00:01  -  Run Local Usage
...
003 (5298.011.000) 12/12 10:21:50 Job was checkpointed.
	Usr 2 03:00:02, Sys 0 00:00:00  -  Run Remote Usage
		Usr 0 00:00:00, Sys 0 00:00:01  -  Run Local Usage
...
003 (5298.011.000) 12/12 13:21:55 Job was checkpointed.
	Usr 2 06:00:05, Sys 0 00:00:00  -  Run Remote Usage
		Usr 0 00:00:00, Sys 0 00:00:01  -  Run Local Usage
...
003 (5298.011.000) 12/12 16:21:56 Job was checkpointed.
	Usr 2 09:00:03, Sys 0 00:00:00  -  Run Remote Usage
		Usr 0 00:00:00, Sys 0 00:00:01  -  Run Local Usage
...
003 (5298.011.000) 12/12 19:21:56 Job was checkpointed.
	Usr 2 12:00:01, Sys 0 00:00:00  -  Run Remote Usage
		Usr 0 00:00:00, Sys 0 00:00:01  -  Run Local Usage
...
003 (5298.011.000) 12/12 22:21:58 Job was checkpointed.
	Usr 2 15:00:01, Sys 0 00:00:00  -  Run Remote Usage
		Usr 0 00:00:00, Sys 0 00:00:01  -  Run Local Usage
...
003 (5298.011.000) 12/13 01:22:02 Job was checkpointed.
	Usr 2 18:00:04, Sys 0 00:00:00  -  Run Remote Usage
		Usr 0 00:00:00, Sys 0 00:00:01  -  Run Local Usage
...
003 (5298.011.000) 12/13 04:22:05 Job was checkpointed.
	Usr 2 21:00:04, Sys 0 00:00:00  -  Run Remote Usage
		Usr 0 00:00:00, Sys 0 00:00:01  -  Run Local Usage
...
003 (5298.011.000) 12/13 07:22:06 Job was checkpointed.
	Usr 3 00:00:02, Sys 0 00:00:00  -  Run Remote Usage
		Usr 0 00:00:00, Sys 0 00:00:01  -  Run Local Usage
...
003 (5298.011.000) 12/13 10:22:07 Job was checkpointed.
	Usr 3 03:00:01, Sys 0 00:00:00  -  Run Remote Usage
		Usr 0 00:00:00, Sys 0 00:00:01  -  Run Local Usage
...
003 (5298.011.000) 12/13 13:22:11 Job was checkpointed.
	Usr 3 06:00:04, Sys 0 00:00:00  -  Run Remote Usage
		Usr 0 00:00:00, Sys 0 00:00:01  -  Run Local Usage
...
003 (5298.011.000) 12/13 16:22:12 Job was checkpointed.
	Usr 3 09:00:01, Sys 0 00:00:00  -  Run Remote Usage
		Usr 0 00:00:00, Sys 0 00:00:01  -  Run Local Usage
...
003 (5298.011.000) 12/13 19:22:14 Job was checkpointed.
	Usr 3 12:00:01, Sys 0 00:00:00  -  Run Remote Usage
		Usr 0 00:00:00, Sys 0 00:00:01  -  Run Local Usage
...
003 (5298.011.000) 12/13 22:22:17 Job was checkpointed.
	Usr 3 15:00:02, Sys 0 00:00:00  -  Run Remote Usage
		Usr 0 00:00:00, Sys 0 00:00:02  -  Run Local Usage
...
003 (5298.011.000) 12/14 01:22:18 Job was checkpointed.
	Usr 3 18:00:02, Sys 0 00:00:00  -  Run Remote Usage
		Usr 0 00:00:00, Sys 0 00:00:02  -  Run Local Usage
...
003 (5298.011.000) 12/14 04:22:22 Job was checkpointed.
	Usr 3 21:00:04, Sys 0 00:00:00  -  Run Remote Usage
		Usr 0 00:00:00, Sys 0 00:00:02  -  Run Local Usage
...
003 (5298.011.000) 12/14 07:22:23 Job was checkpointed.
	Usr 4 00:00:03, Sys 0 00:00:00  -  Run Remote Usage
		Usr 0 00:00:00, Sys 0 00:00:02  -  Run Local Usage
...
003 (5298.011.000) 12/14 10:22:26 Job was checkpointed.
	Usr 4 03:00:04, Sys 0 00:00:00  -  Run Remote Usage
		Usr 0 00:00:00, Sys 0 00:00:02  -  Run Local Usage
...
003 (5298.011.000) 12/14 13:22:29 Job was checkpointed.
	Usr 4 06:00:06, Sys 0 00:00:00  -  Run Remote Usage
		Usr 0 00:00:00, Sys 0 00:00:02  -  Run Local Usage
...
003 (5298.011.000) 12/14 16:22:31 Job was checkpointed.
	Usr 4 09:00:06, Sys 0 00:00:00  -  Run Remote Usage
		Usr 0 00:00:00, Sys 0 00:00:02  -  Run Local Usage
...
003 (5298.011.000) 12/14 19:22:33 Job was checkpointed.
	Usr 4 12:00:06, Sys 0 00:00:00  -  Run Remote Usage
		Usr 0 00:00:00, Sys 0 00:00:02  -  Run Local Usage
...
003 (5298.011.000) 12/14 22:22:35 Job was checkpointed.
	Usr 4 15:00:06, Sys 0 00:00:00  -  Run Remote Usage
		Usr 0 00:00:00, Sys 0 00:00:02  -  Run Local Usage
...
003 (5298.011.000) 12/15 01:22:39 Job was checkpointed.
	Usr 4 18:00:08, Sys 0 00:00:00  -  Run Remote Usage
		Usr 0 00:00:00, Sys 0 00:00:02  -  Run Local Usage
...
003 (5298.011.000) 12/15 04:22:39 Job was checkpointed.
	Usr 4 21:00:07, Sys 0 00:00:00  -  Run Remote Usage
		Usr 0 00:00:00, Sys 0 00:00:02  -  Run Local Usage
...
003 (5298.011.000) 12/15 07:22:44 Job was checkpointed.
	Usr 5 00:00:10, Sys 0 00:00:00  -  Run Remote Usage
		Usr 0 00:00:00, Sys 0 00:00:02  -  Run Local Usage
...
003 (5298.011.000) 12/15 10:22:45 Job was checkpointed.
	Usr 5 03:00:09, Sys 0 00:00:00  -  Run Remote Usage
		Usr 0 00:00:00, Sys 0 00:00:02  -  Run Local Usage
...
003 (5298.011.000) 12/15 13:22:49 Job was checkpointed.
	Usr 5 06:00:11, Sys 0 00:00:00  -  Run Remote Usage
		Usr 0 00:00:00, Sys 0 00:00:02  -  Run Local Usage
...
003 (5298.011.000) 12/15 16:22:51 Job was checkpointed.
	Usr 5 09:00:11, Sys 0 00:00:00  -  Run Remote Usage
		Usr 0 00:00:00, Sys 0 00:00:02  -  Run Local Usage
...
003 (5298.011.000) 12/15 19:22:55 Job was checkpointed.
	Usr 5 12:00:14, Sys 0 00:00:00  -  Run Remote Usage
		Usr 0 00:00:00, Sys 0 00:00:03  -  Run Local Usage
...
003 (5298.011.000) 12/15 22:22:59 Job was checkpointed.
	Usr 5 15:00:16, Sys 0 00:00:00  -  Run Remote Usage
		Usr 0 00:00:00, Sys 0 00:00:03  -  Run Local Usage
...
003 (5298.011.000) 12/16 01:23:04 Job was checkpointed.
	Usr 5 18:00:19, Sys 0 00:00:00  -  Run Remote Usage
		Usr 0 00:00:00, Sys 0 00:00:03  -  Run Local Usage
...
003 (5298.011.000) 12/16 04:23:09 Job was checkpointed.
	Usr 5 21:00:22, Sys 0 00:00:00  -  Run Remote Usage
		Usr 0 00:00:00, Sys 0 00:00:03  -  Run Local Usage
...
003 (5298.011.000) 12/16 07:23:09 Job was checkpointed.
	Usr 6 00:00:21, Sys 0 00:00:00  -  Run Remote Usage
		Usr 0 00:00:00, Sys 0 00:00:03  -  Run Local Usage
...
003 (5298.011.000) 12/16 10:23:10 Job was checkpointed.
	Usr 6 03:00:20, Sys 0 00:00:00  -  Run Remote Usage
		Usr 0 00:00:00, Sys 0 00:00:03  -  Run Local Usage
...
003 (5298.011.000) 12/16 13:23:13 Job was checkpointed.
	Usr 6 06:00:21, Sys 0 00:00:00  -  Run Remote Usage
		Usr 0 00:00:00, Sys 0 00:00:03  -  Run Local Usage
...
003 (5298.011.000) 12/16 16:23:15 Job was checkpointed.
	Usr 6 09:00:21, Sys 0 00:00:00  -  Run Remote Usage
		Usr 0 00:00:00, Sys 0 00:00:03  -  Run Local Usage
...
003 (5298.011.000) 12/16 19:23:15 Job was checkpointed.
	Usr 6 12:00:20, Sys 0 00:00:00  -  Run Remote Usage
		Usr 0 00:00:00, Sys 0 00:00:03  -  Run Local Usage
...
003 (5298.011.000) 12/16 22:23:20 Job was checkpointed.
	Usr 6 15:00:23, Sys 0 00:00:00  -  Run Remote Usage
		Usr 0 00:00:00, Sys 0 00:00:03  -  Run Local Usage
...
003 (5298.011.000) 12/17 01:23:21 Job was checkpointed.
	Usr 6 18:00:22, Sys 0 00:00:00  -  Run Remote Usage
		Usr 0 00:00:00, Sys 0 00:00:03  -  Run Local Usage
...
003 (5298.011.000) 12/17 04:23:24 Job was checkpointed.
	Usr 6 21:00:23, Sys 0 00:00:00  -  Run Remote Usage
		Usr 0 00:00:00, Sys 0 00:00:03  -  Run Local Usage
...
003 (5298.011.000) 12/17 07:23:26 Job was checkpointed.
	Usr 7 00:00:23, Sys 0 00:00:00  -  Run Remote Usage
		Usr 0 00:00:00, Sys 0 00:00:03  -  Run Local Usage
...
003 (5298.011.000) 12/17 10:23:26 Job was checkpointed.
	Usr 7 03:00:22, Sys 0 00:00:00  -  Run Remote Usage
		Usr 0 00:00:00, Sys 0 00:00:03  -  Run Local Usage
...
003 (5298.011.000) 12/17 13:23:28 Job was checkpointed.
	Usr 7 06:00:22, Sys 0 00:00:00  -  Run Remote Usage
		Usr 0 00:00:00, Sys 0 00:00:03  -  Run Local Usage
...
003 (5298.011.000) 12/17 16:23:29 Job was checkpointed.
	Usr 7 09:00:22, Sys 0 00:00:00  -  Run Remote Usage
		Usr 0 00:00:00, Sys 0 00:00:04  -  Run Local Usage
...
003 (5298.011.000) 12/17 19:23:34 Job was checkpointed.
	Usr 7 12:00:24, Sys 0 00:00:00  -  Run Remote Usage
		Usr 0 00:00:00, Sys 0 00:00:04  -  Run Local Usage
...
003 (5298.011.000) 12/17 22:23:35 Job was checkpointed.
	Usr 7 15:00:23, Sys 0 00:00:00  -  Run Remote Usage
		Usr 0 00:00:00, Sys 0 00:00:04  -  Run Local Usage
...
003 (5298.011.000) 12/18 01:23:36 Job was checkpointed.
	Usr 7 18:00:23, Sys 0 00:00:00  -  Run Remote Usage
		Usr 0 00:00:00, Sys 0 00:00:04  -  Run Local Usage
...
003 (5298.011.000) 12/18 04:23:39 Job was checkpointed.
	Usr 7 21:00:25, Sys 0 00:00:00  -  Run Remote Usage
		Usr 0 00:00:00, Sys 0 00:00:04  -  Run Local Usage
...
003 (5298.011.000) 12/18 07:23:44 Job was checkpointed.
	Usr 8 00:00:27, Sys 0 00:00:00  -  Run Remote Usage
		Usr 0 00:00:00, Sys 0 00:00:04  -  Run Local Usage
...
003 (5298.011.000) 12/18 10:23:48 Job was checkpointed.
	Usr 8 03:00:30, Sys 0 00:00:00  -  Run Remote Usage
		Usr 0 00:00:00, Sys 0 00:00:04  -  Run Local Usage
...
003 (5298.011.000) 12/18 13:23:51 Job was checkpointed.
	Usr 8 06:00:31, Sys 0 00:00:00  -  Run Remote Usage
		Usr 0 00:00:00, Sys 0 00:00:04  -  Run Local Usage
...
003 (5298.011.000) 12/18 16:23:54 Job was checkpointed.
	Usr 8 09:00:32, Sys 0 00:00:00  -  Run Remote Usage
		Usr 0 00:00:00, Sys 0 00:00:04  -  Run Local Usage
...
003 (5298.011.000) 12/18 19:23:58 Job was checkpointed.
	Usr 8 12:00:35, Sys 0 00:00:00  -  Run Remote Usage
		Usr 0 00:00:00, Sys 0 00:00:04  -  Run Local Usage
...
003 (5298.011.000) 12/18 22:24:03 Job was checkpointed.
	Usr 8 15:00:37, Sys 0 00:00:00  -  Run Remote Usage
		Usr 0 00:00:00, Sys 0 00:00:04  -  Run Local Usage
...
003 (5298.011.000) 12/19 01:24:03 Job was checkpointed.
	Usr 8 18:00:36, Sys 0 00:00:00  -  Run Remote Usage
		Usr 0 00:00:00, Sys 0 00:00:04  -  Run Local Usage
...
003 (5298.011.000) 12/19 04:24:07 Job was checkpointed.
	Usr 8 21:00:38, Sys 0 00:00:00  -  Run Remote Usage
		Usr 0 00:00:00, Sys 0 00:00:04  -  Run Local Usage
...
003 (5298.011.000) 12/19 07:24:09 Job was checkpointed.
	Usr 9 00:00:39, Sys 0 00:00:00  -  Run Remote Usage
		Usr 0 00:00:00, Sys 0 00:00:04  -  Run Local Usage
...
003 (5298.011.000) 12/19 10:24:12 Job was checkpointed.
	Usr 9 03:00:39, Sys 0 00:00:00  -  Run Remote Usage
		Usr 0 00:00:00, Sys 0 00:00:05  -  Run Local Usage
...
003 (5298.011.000) 12/19 13:24:13 Job was checkpointed.
	Usr 9 06:00:39, Sys 0 00:00:00  -  Run Remote Usage
		Usr 0 00:00:00, Sys 0 00:00:05  -  Run Local Usage
...
003 (5298.011.000) 12/19 16:24:16 Job was checkpointed.
	Usr 9 09:00:40, Sys 0 00:00:00  -  Run Remote Usage
		Usr 0 00:00:00, Sys 0 00:00:05  -  Run Local Usage
...
003 (5298.011.000) 12/19 19:24:17 Job was checkpointed.
	Usr 9 12:00:39, Sys 0 00:00:00  -  Run Remote Usage
		Usr 0 00:00:00, Sys 0 00:00:05  -  Run Local Usage
...
003 (5298.011.000) 12/19 22:24:17 Job was checkpointed.
	Usr 9 15:00:38, Sys 0 00:00:00  -  Run Remote Usage
		Usr 0 00:00:00, Sys 0 00:00:05  -  Run Local Usage
...
003 (5298.011.000) 12/20 01:24:22 Job was checkpointed.
	Usr 9 18:00:40, Sys 0 00:00:00  -  Run Remote Usage
		Usr 0 00:00:00, Sys 0 00:00:05  -  Run Local Usage
...
003 (5298.011.000) 12/20 04:24:23 Job was checkpointed.
	Usr 9 21:00:40, Sys 0 00:00:00  -  Run Remote Usage
		Usr 0 00:00:00, Sys 0 00:00:05  -  Run Local Usage
...
003 (5298.011.000) 12/20 07:24:24 Job was checkpointed.
	Usr 10 00:00:39, Sys 0 00:00:00  -  Run Remote Usage
		Usr 0 00:00:00, Sys 0 00:00:05  -  Run Local Usage
...
003 (5298.011.000) 12/20 10:24:24 Job was checkpointed.
	Usr 10 03:00:38, Sys 0 00:00:00  -  Run Remote Usage
		Usr 0 00:00:00, Sys 0 00:00:05  -  Run Local Usage
...
003 (5298.011.000) 12/20 13:24:29 Job was checkpointed.
	Usr 10 06:00:40, Sys 0 00:00:00  -  Run Remote Usage
		Usr 0 00:00:00, Sys 0 00:00:05  -  Run Local Usage
...
003 (5298.011.000) 12/20 16:24:31 Job was checkpointed.
	Usr 10 09:00:40, Sys 0 00:00:00  -  Run Remote Usage
		Usr 0 00:00:00, Sys 0 00:00:05  -  Run Local Usage
...
003 (5298.011.000) 12/20 19:24:32 Job was checkpointed.
	Usr 10 12:00:40, Sys 0 00:00:00  -  Run Remote Usage
		Usr 0 00:00:00, Sys 0 00:00:05  -  Run Local Usage
...
003 (5298.011.000) 12/20 22:24:36 Job was checkpointed.
	Usr 10 15:00:42, Sys 0 00:00:00  -  Run Remote Usage
		Usr 0 00:00:00, Sys 0 00:00:05  -  Run Local Usage
...
003 (5298.011.000) 12/21 01:24:40 Job was checkpointed.
	Usr 10 18:00:45, Sys 0 00:00:00  -  Run Remote Usage
		Usr 0 00:00:00, Sys 0 00:00:05  -  Run Local Usage
...
003 (5298.011.000) 12/21 04:24:43 Job was checkpointed.
	Usr 10 21:00:46, Sys 0 00:00:00  -  Run Remote Usage
		Usr 0 00:00:00, Sys 0 00:00:06  -  Run Local Usage
...
003 (5298.011.000) 12/21 07:24:45 Job was checkpointed.
	Usr 11 00:00:45, Sys 0 00:00:00  -  Run Remote Usage
		Usr 0 00:00:00, Sys 0 00:00:06  -  Run Local Usage
...
003 (5298.011.000) 12/21 10:24:45 Job was checkpointed.
	Usr 11 03:00:44, Sys 0 00:00:00  -  Run Remote Usage
		Usr 0 00:00:00, Sys 0 00:00:06  -  Run Local Usage
...
003 (5298.011.000) 12/21 13:24:49 Job was checkpointed.
	Usr 11 06:00:46, Sys 0 00:00:00  -  Run Remote Usage
		Usr 0 00:00:00, Sys 0 00:00:06  -  Run Local Usage
...
003 (5298.011.000) 12/21 16:24:50 Job was checkpointed.
	Usr 11 09:00:46, Sys 0 00:00:00  -  Run Remote Usage
		Usr 0 00:00:00, Sys 0 00:00:06  -  Run Local Usage
...
003 (5298.011.000) 12/21 19:24:51 Job was checkpointed.
	Usr 11 12:00:44, Sys 0 00:00:01  -  Run Remote Usage
		Usr 0 00:00:00, Sys 0 00:00:06  -  Run Local Usage
...
003 (5298.011.000) 12/21 22:24:56 Job was checkpointed.
	Usr 11 15:00:48, Sys 0 00:00:01  -  Run Remote Usage
		Usr 0 00:00:00, Sys 0 00:00:06  -  Run Local Usage
...
003 (5298.011.000) 12/22 01:25:00 Job was checkpointed.
	Usr 11 18:00:50, Sys 0 00:00:01  -  Run Remote Usage
		Usr 0 00:00:00, Sys 0 00:00:06  -  Run Local Usage
...
003 (5298.011.000) 12/22 04:25:04 Job was checkpointed.
	Usr 11 21:00:53, Sys 0 00:00:01  -  Run Remote Usage
		Usr 0 00:00:00, Sys 0 00:00:06  -  Run Local Usage
...
003 (5298.011.000) 12/22 07:25:08 Job was checkpointed.
	Usr 12 00:00:55, Sys 0 00:00:01  -  Run Remote Usage
		Usr 0 00:00:00, Sys 0 00:00:06  -  Run Local Usage
...
003 (5298.011.000) 12/22 10:25:10 Job was checkpointed.
	Usr 12 03:00:55, Sys 0 00:00:01  -  Run Remote Usage
		Usr 0 00:00:00, Sys 0 00:00:06  -  Run Local Usage
...
003 (5298.011.000) 12/22 13:25:13 Job was checkpointed.
	Usr 12 06:00:57, Sys 0 00:00:01  -  Run Remote Usage
		Usr 0 00:00:01, Sys 0 00:00:06  -  Run Local Usage
...
003 (5298.011.000) 12/22 16:25:15 Job was checkpointed.
	Usr 12 09:00:56, Sys 0 00:00:01  -  Run Remote Usage
		Usr 0 00:00:01, Sys 0 00:00:06  -  Run Local Usage
...
003 (5298.011.000) 12/22 19:25:18 Job was checkpointed.
	Usr 12 12:00:58, Sys 0 00:00:01  -  Run Remote Usage
		Usr 0 00:00:01, Sys 0 00:00:06  -  Run Local Usage
...
003 (5298.011.000) 12/22 22:25:23 Job was checkpointed.
	Usr 12 15:01:01, Sys 0 00:00:01  -  Run Remote Usage
		Usr 0 00:00:01, Sys 0 00:00:06  -  Run Local Usage
...
003 (5298.011.000) 12/23 01:25:27 Job was checkpointed.
	Usr 12 18:01:03, Sys 0 00:00:01  -  Run Remote Usage
		Usr 0 00:00:01, Sys 0 00:00:07  -  Run Local Usage
...
003 (5298.011.000) 12/23 04:25:30 Job was checkpointed.
	Usr 12 21:01:04, Sys 0 00:00:01  -  Run Remote Usage
		Usr 0 00:00:01, Sys 0 00:00:07  -  Run Local Usage
...
003 (5298.011.000) 12/23 07:25:33 Job was checkpointed.
	Usr 13 00:01:06, Sys 0 00:00:01  -  Run Remote Usage
		Usr 0 00:00:01, Sys 0 00:00:07  -  Run Local Usage
...
003 (5298.011.000) 12/23 10:25:35 Job was checkpointed.
	Usr 13 03:01:06, Sys 0 00:00:01  -  Run Remote Usage
		Usr 0 00:00:01, Sys 0 00:00:07  -  Run Local Usage
...
003 (5298.011.000) 12/23 13:25:37 Job was checkpointed.
	Usr 13 06:01:06, Sys 0 00:00:01  -  Run Remote Usage
		Usr 0 00:00:01, Sys 0 00:00:07  -  Run Local Usage
...
003 (5298.011.000) 12/23 16:25:38 Job was checkpointed.
	Usr 13 09:01:05, Sys 0 00:00:01  -  Run Remote Usage
		Usr 0 00:00:01, Sys 0 00:00:07  -  Run Local Usage
...
003 (5298.011.000) 12/23 19:25:40 Job was checkpointed.
	Usr 13 12:01:05, Sys 0 00:00:01  -  Run Remote Usage
		Usr 0 00:00:01, Sys 0 00:00:07  -  Run Local Usage
...
003 (5298.011.000) 12/23 22:25:41 Job was checkpointed.
	Usr 13 15:01:05, Sys 0 00:00:01  -  Run Remote Usage
		Usr 0 00:00:01, Sys 0 00:00:07  -  Run Local Usage
...
003 (5298.011.000) 12/24 01:25:44 Job was checkpointed.
	Usr 13 18:01:06, Sys 0 00:00:01  -  Run Remote Usage
		Usr 0 00:00:01, Sys 0 00:00:07  -  Run Local Usage
...
003 (5298.011.000) 12/24 04:25:47 Job was checkpointed.
	Usr 13 21:01:07, Sys 0 00:00:01  -  Run Remote Usage
		Usr 0 00:00:01, Sys 0 00:00:07  -  Run Local Usage
...
003 (5298.011.000) 12/24 07:25:49 Job was checkpointed.
	Usr 14 00:01:07, Sys 0 00:00:01  -  Run Remote Usage
		Usr 0 00:00:01, Sys 0 00:00:07  -  Run Local Usage
...
003 (5298.011.000) 12/24 10:25:49 Job was checkpointed.
	Usr 14 03:01:06, Sys 0 00:00:01  -  Run Remote Usage
		Usr 0 00:00:01, Sys 0 00:00:07  -  Run Local Usage
...
003 (5298.011.000) 12/24 13:25:52 Job was checkpointed.
	Usr 14 06:01:07, Sys 0 00:00:01  -  Run Remote Usage
		Usr 0 00:00:01, Sys 0 00:00:07  -  Run Local Usage
...
003 (5298.011.000) 12/24 16:25:54 Job was checkpointed.
	Usr 14 09:01:07, Sys 0 00:00:01  -  Run Remote Usage
		Usr 0 00:00:01, Sys 0 00:00:07  -  Run Local Usage
...
003 (5298.011.000) 12/24 19:25:56 Job was checkpointed.
	Usr 14 12:01:07, Sys 0 00:00:01  -  Run Remote Usage
		Usr 0 00:00:01, Sys 0 00:00:08  -  Run Local Usage
...
003 (5298.011.000) 12/24 22:26:01 Job was checkpointed.
	Usr 14 15:01:10, Sys 0 00:00:01  -  Run Remote Usage
		Usr 0 00:00:01, Sys 0 00:00:08  -  Run Local Usage
...
003 (5298.011.000) 12/25 01:26:05 Job was checkpointed.
	Usr 14 18:01:13, Sys 0 00:00:01  -  Run Remote Usage
		Usr 0 00:00:01, Sys 0 00:00:08  -  Run Local Usage
...
003 (5298.011.000) 12/25 04:26:06 Job was checkpointed.
	Usr 14 21:01:12, Sys 0 00:00:01  -  Run Remote Usage
		Usr 0 00:00:01, Sys 0 00:00:08  -  Run Local Usage
...
003 (5298.011.000) 12/25 07:26:08 Job was checkpointed.
	Usr 15 00:01:13, Sys 0 00:00:01  -  Run Remote Usage
		Usr 0 00:00:01, Sys 0 00:00:08  -  Run Local Usage
...
003 (5298.011.000) 12/25 10:26:11 Job was checkpointed.
	Usr 15 03:01:13, Sys 0 00:00:01  -  Run Remote Usage
		Usr 0 00:00:01, Sys 0 00:00:08  -  Run Local Usage
...
003 (5298.011.000) 12/25 13:26:11 Job was checkpointed.
	Usr 15 06:01:12, Sys 0 00:00:01  -  Run Remote Usage
		Usr 0 00:00:01, Sys 0 00:00:08  -  Run Local Usage
...
003 (5298.011.000) 12/25 16:26:15 Job was checkpointed.
	Usr 15 09:01:14, Sys 0 00:00:01  -  Run Remote Usage
		Usr 0 00:00:01, Sys 0 00:00:08  -  Run Local Usage
...
003 (5298.011.000) 12/25 19:26:19 Job was checkpointed.
	Usr 15 12:01:16, Sys 0 00:00:01  -  Run Remote Usage
		Usr 0 00:00:01, Sys 0 00:00:08  -  Run Local Usage
...
003 (5298.011.000) 12/25 22:26:23 Job was checkpointed.
	Usr 15 15:01:18, Sys 0 00:00:01  -  Run Remote Usage
		Usr 0 00:00:01, Sys 0 00:00:08  -  Run Local Usage
...
003 (5298.011.000) 12/26 01:26:24 Job was checkpointed.
	Usr 15 18:01:17, Sys 0 00:00:01  -  Run Remote Usage
		Usr 0 00:00:01, Sys 0 00:00:08  -  Run Local Usage
...
003 (5298.011.000) 12/26 04:26:28 Job was checkpointed.
	Usr 15 21:01:20, Sys 0 00:00:01  -  Run Remote Usage
		Usr 0 00:00:01, Sys 0 00:00:08  -  Run Local Usage
...
003 (5298.011.000) 12/26 07:26:30 Job was checkpointed.
	Usr 16 00:01:20, Sys 0 00:00:01  -  Run Remote Usage
		Usr 0 00:00:01, Sys 0 00:00:08  -  Run Local Usage
...
003 (5298.011.000) 12/26 10:26:32 Job was checkpointed.
	Usr 16 03:01:21, Sys 0 00:00:01  -  Run Remote Usage
		Usr 0 00:00:01, Sys 0 00:00:08  -  Run Local Usage
...
003 (5298.011.000) 12/26 13:26:33 Job was checkpointed.
	Usr 16 06:01:19, Sys 0 00:00:01  -  Run Remote Usage
		Usr 0 00:00:01, Sys 0 00:00:09  -  Run Local Usage
...
003 (5298.011.000) 12/26 16:26:37 Job was checkpointed.
	Usr 16 09:01:21, Sys 0 00:00:01  -  Run Remote Usage
		Usr 0 00:00:01, Sys 0 00:00:09  -  Run Local Usage
...
003 (5298.011.000) 12/26 19:26:40 Job was checkpointed.
	Usr 16 12:01:23, Sys 0 00:00:01  -  Run Remote Usage
		Usr 0 00:00:01, Sys 0 00:00:09  -  Run Local Usage
...
003 (5298.011.000) 12/26 22:26:42 Job was checkpointed.
	Usr 16 15:01:23, Sys 0 00:00:01  -  Run Remote Usage
		Usr 0 00:00:01, Sys 0 00:00:09  -  Run Local Usage
...
003 (5298.011.000) 12/27 01:26:46 Job was checkpointed.
	Usr 16 18:01:26, Sys 0 00:00:01  -  Run Remote Usage
		Usr 0 00:00:01, Sys 0 00:00:09  -  Run Local Usage
...
003 (5298.011.000) 12/27 04:26:48 Job was checkpointed.
	Usr 16 21:01:26, Sys 0 00:00:01  -  Run Remote Usage
		Usr 0 00:00:01, Sys 0 00:00:09  -  Run Local Usage
...
003 (5298.011.000) 12/27 07:26:50 Job was checkpointed.
	Usr 17 00:01:26, Sys 0 00:00:01  -  Run Remote Usage
		Usr 0 00:00:01, Sys 0 00:00:09  -  Run Local Usage
...
003 (5298.011.000) 12/27 10:26:55 Job was checkpointed.
	Usr 17 03:01:29, Sys 0 00:00:01  -  Run Remote Usage
		Usr 0 00:00:01, Sys 0 00:00:09  -  Run Local Usage
...
003 (5298.011.000) 12/27 13:26:57 Job was checkpointed.
	Usr 17 06:01:29, Sys 0 00:00:01  -  Run Remote Usage
		Usr 0 00:00:01, Sys 0 00:00:09  -  Run Local Usage
...
003 (5298.011.000) 12/27 16:27:01 Job was checkpointed.
	Usr 17 09:01:31, Sys 0 00:00:01  -  Run Remote Usage
		Usr 0 00:00:01, Sys 0 00:00:09  -  Run Local Usage
...
003 (5298.011.000) 12/27 19:27:03 Job was checkpointed.
	Usr 17 12:01:31, Sys 0 00:00:01  -  Run Remote Usage
		Usr 0 00:00:01, Sys 0 00:00:09  -  Run Local Usage
...
003 (5298.011.000) 12/27 22:27:04 Job was checkpointed.
	Usr 17 15:01:31, Sys 0 00:00:01  -  Run Remote Usage
		Usr 0 00:00:01, Sys 0 00:00:09  -  Run Local Usage
...
003 (5298.011.000) 12/28 01:27:06 Job was checkpointed.
	Usr 17 18:01:31, Sys 0 00:00:01  -  Run Remote Usage
		Usr 0 00:00:01, Sys 0 00:00:09  -  Run Local Usage
...
003 (5298.011.000) 12/28 04:27:06 Job was checkpointed.
	Usr 17 21:01:30, Sys 0 00:00:01  -  Run Remote Usage
		Usr 0 00:00:01, Sys 0 00:00:09  -  Run Local Usage
...
003 (5298.011.000) 12/28 07:27:10 Job was checkpointed.
	Usr 18 00:01:31, Sys 0 00:00:01  -  Run Remote Usage
		Usr 0 00:00:01, Sys 0 00:00:10  -  Run Local Usage
...
003 (5298.011.000) 12/28 10:27:13 Job was checkpointed.
	Usr 18 03:01:32, Sys 0 00:00:01  -  Run Remote Usage
		Usr 0 00:00:01, Sys 0 00:00:10  -  Run Local Usage
...
003 (5298.011.000) 12/28 13:27:15 Job was checkpointed.
	Usr 18 06:01:33, Sys 0 00:00:01  -  Run Remote Usage
		Usr 0 00:00:01, Sys 0 00:00:10  -  Run Local Usage
...
003 (5298.011.000) 12/28 16:27:19 Job was checkpointed.
	Usr 18 09:01:36, Sys 0 00:00:01  -  Run Remote Usage
		Usr 0 00:00:01, Sys 0 00:00:10  -  Run Local Usage
...
003 (5298.011.000) 12/28 19:27:21 Job was checkpointed.
	Usr 18 12:01:35, Sys 0 00:00:01  -  Run Remote Usage
		Usr 0 00:00:01, Sys 0 00:00:10  -  Run Local Usage
...
003 (5298.011.000) 12/28 22:27:22 Job was checkpointed.
	Usr 18 15:01:34, Sys 0 00:00:01  -  Run Remote Usage
		Usr 0 00:00:01, Sys 0 00:00:10  -  Run Local Usage
...
003 (5298.011.000) 12/29 01:27:26 Job was checkpointed.
	Usr 18 18:01:37, Sys 0 00:00:01  -  Run Remote Usage
		Usr 0 00:00:01, Sys 0 00:00:10  -  Run Local Usage
...
005 (5298.011.000) 12/29 04:05:21 Job terminated.
	(1) Normal termination (return value 0)
		Usr 18 20:39:31, Sys 0 00:00:01  -  Run Remote Usage
		Usr 0 00:00:01, Sys 0 00:00:10  -  Run Local Usage
		Usr 258 03:00:55, Sys 0 00:04:45  -  Total Remote Usage
		Usr 0 00:00:03, Sys 0 00:00:29  -  Total Local Usage
	669273600  -  Run Bytes Sent By Job
	9030076  -  Run Bytes Received By Job
	2184349696  -  Total Bytes Sent By Job
	49616156  -  Total Bytes Received By Job
...
