000 (5298.000.000) 10/28 11:34:03 Job submitted from host: <170.140.162.75:51408>
...
001 (5298.000.000) 10/28 11:34:13 Job executing on host: <192.168.203.31:41273>
...
006 (5298.000.000) 10/28 14:34:13 Image size of job updated: 11181
...
003 (5298.000.000) 10/28 14:34:13 Job was checkpointed.
	Usr 0 02:59:49, Sys 0 00:00:00  -  Run Remote Usage
		Usr 0 00:00:00, Sys 0 00:00:00  -  Run Local Usage
...
005 (5298.000.000) 10/28 15:27:50 Job terminated.
	(1) Normal termination (return value 0)
		Usr 0 03:53:23, Sys 0 00:00:00  -  Run Remote Usage
		Usr 0 00:00:00, Sys 0 00:00:00  -  Run Local Usage
		Usr 0 03:53:23, Sys 0 00:00:00  -  Total Remote Usage
		Usr 0 00:00:00, Sys 0 00:00:00  -  Total Local Usage
	1986612  -  Run Bytes Sent By Job
	4536085  -  Run Bytes Received By Job
	1986612  -  Total Bytes Sent By Job
	4536085  -  Total Bytes Received By Job
...
