
    ************ HN3 AF Ising Wang Landau Running ************ 

      argc: 9
      condor_exec.5305.5 -k 8 -n 0 -f 90 -s 19872 

 L=256; Flatness=0.900000;

 CurrentEnergy Correct = -32 
 CurrentEnergy Correct = 30 
 CurrentEnergy Correct = 160 
 Realloc Done
 After Initial Steps 1.05e+07, StatesLength = 465, MinEnergy = -296
 Quick_Sort Done 
 After sort, CurrentEnergy Correct = 444 
 After sort, CurrentEnergy Correct = 492 
 After sort, CurrentEnergy Correct = 4 
 logf=5.0e-01; Sweeps=5.9e+04; [minH,meanH,maxH]=[3.1e+04, 3.2e+04, 3.3e+04]
 logf=2.5e-01; Sweeps=9.7e+04; [minH,meanH,maxH]=[2.1e+04, 2.1e+04, 2.2e+04]
 logf=1.2e-01; Sweeps=1.4e+05; [minH,meanH,maxH]=[2.2e+04, 2.3e+04, 2.3e+04]
 logf=6.2e-02; Sweeps=1.6e+05; [minH,meanH,maxH]=[1.0e+04, 1.0e+04, 1.1e+04]
 logf=3.1e-02; Sweeps=1.8e+05; [minH,meanH,maxH]=[1.4e+04, 1.4e+04, 1.5e+04]
 logf=1.6e-02; Sweeps=2.0e+05; [minH,meanH,maxH]=[8.4e+03, 9.2e+03, 1.0e+04]
 logf=7.8e-03; Sweeps=2.5e+05; [minH,meanH,maxH]=[2.9e+04, 3.0e+04, 3.3e+04]
 logf=3.9e-03; Sweeps=3.0e+05; [minH,meanH,maxH]=[2.5e+04, 2.5e+04, 2.8e+04]
 logf=2.0e-03; Sweeps=3.2e+05; [minH,meanH,maxH]=[1.4e+04, 1.4e+04, 1.6e+04]
 logf=9.8e-04; Sweeps=3.6e+05; [minH,meanH,maxH]=[1.9e+04, 2.0e+04, 2.2e+04]
 logf=4.9e-04; Sweeps=4.2e+05; [minH,meanH,maxH]=[3.4e+04, 3.5e+04, 3.9e+04]
 logf=2.4e-04; Sweeps=5.1e+05; [minH,meanH,maxH]=[4.3e+04, 4.5e+04, 5.0e+04]
 logf=1.2e-04; Sweeps=5.9e+05; [minH,meanH,maxH]=[4.5e+04, 4.8e+04, 5.3e+04]
 logf=6.1e-05; Sweeps=6.8e+05; [minH,meanH,maxH]=[4.5e+04, 5.0e+04, 5.5e+04]
 logf=3.1e-05; Sweeps=7.9e+05; [minH,meanH,maxH]=[5.4e+04, 6.0e+04, 6.4e+04]
 logf=1.5e-05; Sweeps=9.7e+05; [minH,meanH,maxH]=[8.9e+04, 9.9e+04, 1.0e+05]
 logf=7.6e-06; Sweeps=1.1e+06; [minH,meanH,maxH]=[7.6e+04, 8.4e+04, 9.3e+04]
 logf=3.8e-06; Sweeps=2.1e+06; [minH,meanH,maxH]=[5.3e+05, 5.4e+05, 6.0e+05]
 logf=1.9e-06; Sweeps=2.4e+06; [minH,meanH,maxH]=[1.7e+05, 1.8e+05, 2.0e+05]
 logf=9.5e-07; Sweeps=3.0e+06; [minH,meanH,maxH]=[2.8e+05, 2.9e+05, 3.3e+05]
 logf=4.8e-07; Sweeps=4.2e+06; [minH,meanH,maxH]=[6.0e+05, 6.6e+05, 7.4e+05]
 logf=2.4e-07; Sweeps=4.4e+06; [minH,meanH,maxH]=[9.6e+04, 1.0e+05, 1.2e+05]
 logf=1.2e-07; Sweeps=4.6e+06; [minH,meanH,maxH]=[1.2e+05, 1.3e+05, 1.4e+05]
 logf=6.0e-08; Sweeps=5.8e+06; [minH,meanH,maxH]=[6.3e+05, 6.8e+05, 7.0e+05]
 logf=3.0e-08; Sweeps=6.7e+06; [minH,meanH,maxH]=[4.5e+05, 4.7e+05, 5.2e+05]
 logf=1.5e-08; Sweeps=7.7e+06; [minH,meanH,maxH]=[5.1e+05, 5.7e+05, 6.3e+05]
 logf=7.5e-09; Sweeps=8.2e+06; [minH,meanH,maxH]=[2.1e+05, 2.4e+05, 2.6e+05]

 MinState: -296; 
 MaxState: 636; 
 States Length: 465; 
 Total MC steps: 8.1530e+06;     
 Total random steps: 2.0872e+09; 
 