000 (5305.007.000) 11/07 11:47:56 Job submitted from host: <170.140.162.75:51408>
...
001 (5305.007.000) 11/07 12:17:18 Job executing on host: <170.140.162.75:39705>
...
006 (5305.007.000) 11/07 15:17:21 Image size of job updated: 10781
...
003 (5305.007.000) 11/07 15:17:21 Job was checkpointed.
	Usr 0 02:57:52, Sys 0 00:00:12  -  Run Remote Usage
		Usr 0 00:00:00, Sys 0 00:00:00  -  Run Local Usage
...
003 (5305.007.000) 11/07 18:17:23 Job was checkpointed.
	Usr 0 05:55:14, Sys 0 00:00:24  -  Run Remote Usage
		Usr 0 00:00:00, Sys 0 00:00:00  -  Run Local Usage
...
003 (5305.007.000) 11/07 21:17:23 Job was checkpointed.
	Usr 0 08:52:08, Sys 0 00:00:35  -  Run Remote Usage
		Usr 0 00:00:00, Sys 0 00:00:00  -  Run Local Usage
...
003 (5305.007.000) 11/08 00:17:28 Job was checkpointed.
	Usr 0 11:49:53, Sys 0 00:00:47  -  Run Remote Usage
		Usr 0 00:00:00, Sys 0 00:00:00  -  Run Local Usage
...
003 (5305.007.000) 11/08 03:17:30 Job was checkpointed.
	Usr 0 14:48:17, Sys 0 00:01:10  -  Run Remote Usage
		Usr 0 00:00:00, Sys 0 00:00:00  -  Run Local Usage
...
003 (5305.007.000) 11/08 06:17:32 Job was checkpointed.
	Usr 0 17:44:57, Sys 0 00:01:21  -  Run Remote Usage
		Usr 0 00:00:00, Sys 0 00:00:00  -  Run Local Usage
...
003 (5305.007.000) 11/08 09:17:36 Job was checkpointed.
	Usr 0 20:42:53, Sys 0 00:01:33  -  Run Remote Usage
		Usr 0 00:00:00, Sys 0 00:00:00  -  Run Local Usage
...
003 (5305.007.000) 11/08 12:17:38 Job was checkpointed.
	Usr 0 23:40:37, Sys 0 00:01:44  -  Run Remote Usage
		Usr 0 00:00:00, Sys 0 00:00:00  -  Run Local Usage
...
003 (5305.007.000) 11/08 15:17:39 Job was checkpointed.
	Usr 1 02:38:30, Sys 0 00:01:55  -  Run Remote Usage
		Usr 0 00:00:00, Sys 0 00:00:00  -  Run Local Usage
...
005 (5305.007.000) 11/08 17:11:35 Job terminated.
	(1) Normal termination (return value 0)
		Usr 1 04:30:25, Sys 0 00:02:02  -  Run Remote Usage
		Usr 0 00:00:00, Sys 0 00:00:00  -  Run Local Usage
		Usr 1 04:30:25, Sys 0 00:02:02  -  Total Remote Usage
		Usr 0 00:00:00, Sys 0 00:00:00  -  Total Local Usage
	7259094  -  Run Bytes Sent By Job
	4528931  -  Run Bytes Received By Job
	7259094  -  Total Bytes Sent By Job
	4528931  -  Total Bytes Received By Job
...
