
    ************ HN3 AF Ising Wang Landau Running ************ 

      argc: 9
      condor_exec.5305.4 -k 7 -n 0 -f 90 -s 19871 

 L=128; Flatness=0.900000;

 CurrentEnergy Correct = -14 
 CurrentEnergy Correct = 172 
 CurrentEnergy Correct = -4 
 Realloc Done
 After Initial Steps 2.29e+06, StatesLength = 231, MinEnergy = -148
 Quick_Sort Done 
 After sort, CurrentEnergy Correct = 46 
 After sort, CurrentEnergy Correct = -136 
 After sort, CurrentEnergy Correct = -24 
 logf=5.0e-01; Sweeps=2.2e+04; [minH,meanH,maxH]=[1.1e+04, 1.2e+04, 1.2e+04]
 logf=2.5e-01; Sweeps=3.0e+04; [minH,meanH,maxH]=[4.5e+03, 4.6e+03, 5.0e+03]
 logf=1.2e-01; Sweeps=4.4e+04; [minH,meanH,maxH]=[7.7e+03, 7.9e+03, 8.7e+03]
 logf=6.2e-02; Sweeps=5.6e+04; [minH,meanH,maxH]=[6.0e+03, 6.5e+03, 7.2e+03]
 logf=3.1e-02; Sweeps=9.9e+04; [minH,meanH,maxH]=[2.4e+04, 2.4e+04, 2.7e+04]
 logf=1.6e-02; Sweeps=1.5e+05; [minH,meanH,maxH]=[2.8e+04, 2.9e+04, 3.1e+04]
 logf=7.8e-03; Sweeps=1.9e+05; [minH,meanH,maxH]=[2.3e+04, 2.4e+04, 2.6e+04]
 logf=3.9e-03; Sweeps=2.4e+05; [minH,meanH,maxH]=[2.5e+04, 2.5e+04, 2.8e+04]
 logf=2.0e-03; Sweeps=3.0e+05; [minH,meanH,maxH]=[3.4e+04, 3.4e+04, 3.8e+04]
 logf=9.8e-04; Sweeps=3.2e+05; [minH,meanH,maxH]=[9.9e+03, 1.1e+04, 1.2e+04]
 logf=4.9e-04; Sweeps=3.4e+05; [minH,meanH,maxH]=[7.8e+03, 8.4e+03, 9.2e+03]
 logf=2.4e-04; Sweeps=3.7e+05; [minH,meanH,maxH]=[1.8e+04, 2.0e+04, 2.2e+04]
 logf=1.2e-04; Sweeps=4.5e+05; [minH,meanH,maxH]=[4.3e+04, 4.4e+04, 4.9e+04]
 logf=6.1e-05; Sweeps=5.1e+05; [minH,meanH,maxH]=[3.3e+04, 3.5e+04, 3.9e+04]
 logf=3.1e-05; Sweeps=6.1e+05; [minH,meanH,maxH]=[4.8e+04, 5.2e+04, 5.7e+04]
 logf=1.5e-05; Sweeps=8.0e+05; [minH,meanH,maxH]=[1.0e+05, 1.1e+05, 1.1e+05]
 logf=7.6e-06; Sweeps=8.6e+05; [minH,meanH,maxH]=[3.2e+04, 3.4e+04, 3.8e+04]
 logf=3.8e-06; Sweeps=1.0e+06; [minH,meanH,maxH]=[8.5e+04, 9.5e+04, 1.0e+05]
 logf=1.9e-06; Sweeps=1.1e+06; [minH,meanH,maxH]=[4.6e+04, 5.1e+04, 5.6e+04]
 logf=9.5e-07; Sweeps=1.3e+06; [minH,meanH,maxH]=[9.5e+04, 1.1e+05, 1.1e+05]
 logf=4.8e-07; Sweeps=1.5e+06; [minH,meanH,maxH]=[7.7e+04, 8.5e+04, 9.4e+04]
 logf=2.4e-07; Sweeps=1.5e+06; [minH,meanH,maxH]=[2.9e+04, 3.2e+04, 3.6e+04]
 logf=1.2e-07; Sweeps=1.7e+06; [minH,meanH,maxH]=[1.1e+05, 1.2e+05, 1.3e+05]
 logf=6.0e-08; Sweeps=2.0e+06; [minH,meanH,maxH]=[1.3e+05, 1.4e+05, 1.6e+05]
 logf=3.0e-08; Sweeps=2.1e+06; [minH,meanH,maxH]=[5.9e+04, 6.5e+04, 6.9e+04]
 logf=1.5e-08; Sweeps=2.2e+06; [minH,meanH,maxH]=[6.2e+04, 6.9e+04, 7.3e+04]
 logf=7.5e-09; Sweeps=2.3e+06; [minH,meanH,maxH]=[4.7e+04, 5.1e+04, 5.7e+04]

 MinState: -148; 
 MaxState: 316; 
 States Length: 231; 
 Total MC steps: 2.3288e+06;     
 Total random steps: 2.9809e+08; 
 