000 (5305.003.000) 11/07 11:47:56 Job submitted from host: <170.140.162.75:51408>
...
001 (5305.003.000) 11/07 12:00:04 Job executing on host: <192.168.203.9:60425>
...
005 (5305.003.000) 11/07 12:05:12 Job terminated.
	(1) Normal termination (return value 0)
		Usr 0 00:05:07, Sys 0 00:00:00  -  Run Remote Usage
		Usr 0 00:00:00, Sys 0 00:00:00  -  Run Local Usage
		Usr 0 00:05:07, Sys 0 00:00:00  -  Total Remote Usage
		Usr 0 00:00:00, Sys 0 00:00:00  -  Total Local Usage
	6880  -  Run Bytes Sent By Job
	4526629  -  Run Bytes Received By Job
	6880  -  Total Bytes Sent By Job
	4526629  -  Total Bytes Received By Job
...
000 (5308.003.000) 11/09 11:36:41 Job submitted from host: <170.140.162.75:51408>
...
001 (5308.003.000) 11/09 11:45:01 Job executing on host: <170.140.162.75:39705>
...
006 (5308.003.000) 11/09 14:45:04 Image size of job updated: 11057
...
003 (5308.003.000) 11/09 14:45:04 Job was checkpointed.
	Usr 0 02:58:07, Sys 0 00:00:13  -  Run Remote Usage
		Usr 0 00:00:00, Sys 0 00:00:00  -  Run Local Usage
...
003 (5308.003.000) 11/09 17:45:05 Job was checkpointed.
	Usr 0 05:55:14, Sys 0 00:00:26  -  Run Remote Usage
		Usr 0 00:00:00, Sys 0 00:00:00  -  Run Local Usage
...
003 (5308.003.000) 11/09 20:45:06 Job was checkpointed.
	Usr 0 08:52:16, Sys 0 00:00:39  -  Run Remote Usage
		Usr 0 00:00:00, Sys 0 00:00:00  -  Run Local Usage
...
003 (5308.003.000) 11/09 23:45:08 Job was checkpointed.
	Usr 0 11:49:35, Sys 0 00:00:53  -  Run Remote Usage
		Usr 0 00:00:00, Sys 0 00:00:00  -  Run Local Usage
...
003 (5308.003.000) 11/10 02:45:09 Job was checkpointed.
	Usr 0 14:48:15, Sys 0 00:01:08  -  Run Remote Usage
		Usr 0 00:00:00, Sys 0 00:00:00  -  Run Local Usage
...
003 (5308.003.000) 11/10 05:45:11 Job was checkpointed.
	Usr 0 17:45:02, Sys 0 00:01:23  -  Run Remote Usage
		Usr 0 00:00:00, Sys 0 00:00:00  -  Run Local Usage
...
003 (5308.003.000) 11/10 08:45:13 Job was checkpointed.
	Usr 0 20:42:42, Sys 0 00:01:40  -  Run Remote Usage
		Usr 0 00:00:00, Sys 0 00:00:00  -  Run Local Usage
...
003 (5308.003.000) 11/10 11:45:14 Job was checkpointed.
	Usr 0 23:40:15, Sys 0 00:01:54  -  Run Remote Usage
		Usr 0 00:00:00, Sys 0 00:00:00  -  Run Local Usage
...
003 (5308.003.000) 11/10 14:45:18 Job was checkpointed.
	Usr 1 02:38:25, Sys 0 00:02:07  -  Run Remote Usage
		Usr 0 00:00:00, Sys 0 00:00:00  -  Run Local Usage
...
003 (5308.003.000) 11/10 17:45:19 Job was checkpointed.
	Usr 1 05:35:32, Sys 0 00:02:20  -  Run Remote Usage
		Usr 0 00:00:00, Sys 0 00:00:00  -  Run Local Usage
...
003 (5308.003.000) 11/10 20:45:23 Job was checkpointed.
	Usr 1 08:32:38, Sys 0 00:02:33  -  Run Remote Usage
		Usr 0 00:00:00, Sys 0 00:00:00  -  Run Local Usage
...
003 (5308.003.000) 11/10 23:45:26 Job was checkpointed.
	Usr 1 11:29:57, Sys 0 00:02:47  -  Run Remote Usage
		Usr 0 00:00:00, Sys 0 00:00:00  -  Run Local Usage
...
003 (5308.003.000) 11/11 02:45:27 Job was checkpointed.
	Usr 1 14:28:36, Sys 0 00:03:03  -  Run Remote Usage
		Usr 0 00:00:00, Sys 0 00:00:00  -  Run Local Usage
...
003 (5308.003.000) 11/11 05:45:29 Job was checkpointed.
	Usr 1 17:25:23, Sys 0 00:03:18  -  Run Remote Usage
		Usr 0 00:00:00, Sys 0 00:00:00  -  Run Local Usage
...
003 (5308.003.000) 11/11 08:45:31 Job was checkpointed.
	Usr 1 20:23:08, Sys 0 00:03:33  -  Run Remote Usage
		Usr 0 00:00:00, Sys 0 00:00:00  -  Run Local Usage
...
003 (5308.003.000) 11/11 11:45:33 Job was checkpointed.
	Usr 1 23:20:42, Sys 0 00:03:47  -  Run Remote Usage
		Usr 0 00:00:00, Sys 0 00:00:00  -  Run Local Usage
...
003 (5308.003.000) 11/11 14:45:38 Job was checkpointed.
	Usr 2 02:18:52, Sys 0 00:04:01  -  Run Remote Usage
		Usr 0 00:00:00, Sys 0 00:00:00  -  Run Local Usage
...
003 (5308.003.000) 11/11 17:45:43 Job was checkpointed.
	Usr 2 05:16:03, Sys 0 00:04:14  -  Run Remote Usage
		Usr 0 00:00:00, Sys 0 00:00:00  -  Run Local Usage
...
003 (5308.003.000) 11/11 20:45:44 Job was checkpointed.
	Usr 2 08:13:04, Sys 0 00:04:27  -  Run Remote Usage
		Usr 0 00:00:00, Sys 0 00:00:00  -  Run Local Usage
...
003 (5308.003.000) 11/11 23:45:47 Job was checkpointed.
	Usr 2 11:10:24, Sys 0 00:04:42  -  Run Remote Usage
		Usr 0 00:00:00, Sys 0 00:00:00  -  Run Local Usage
...
003 (5308.003.000) 11/12 02:45:51 Job was checkpointed.
	Usr 2 14:09:05, Sys 0 00:04:57  -  Run Remote Usage
		Usr 0 00:00:00, Sys 0 00:00:00  -  Run Local Usage
...
010 (5308.003.000) 11/12 03:45:31 Job was suspended.
	Number of processes actually suspended: 1
...
011 (5308.003.000) 11/12 03:50:32 Job was unsuspended.
...
003 (5308.003.000) 11/12 05:45:56 Job was checkpointed.
	Usr 2 17:00:49, Sys 0 00:05:13  -  Run Remote Usage
		Usr 0 00:00:00, Sys 0 00:00:00  -  Run Local Usage
...
003 (5308.003.000) 11/12 08:46:00 Job was checkpointed.
	Usr 2 19:58:37, Sys 0 00:05:28  -  Run Remote Usage
		Usr 0 00:00:00, Sys 0 00:00:00  -  Run Local Usage
...
003 (5308.003.000) 11/12 11:46:02 Job was checkpointed.
	Usr 2 22:56:10, Sys 0 00:05:43  -  Run Remote Usage
		Usr 0 00:00:00, Sys 0 00:00:00  -  Run Local Usage
...
003 (5308.003.000) 11/12 14:46:06 Job was checkpointed.
	Usr 3 01:54:17, Sys 0 00:05:56  -  Run Remote Usage
		Usr 0 00:00:00, Sys 0 00:00:00  -  Run Local Usage
...
003 (5308.003.000) 11/12 17:46:11 Job was checkpointed.
	Usr 3 04:51:27, Sys 0 00:06:09  -  Run Remote Usage
		Usr 0 00:00:00, Sys 0 00:00:00  -  Run Local Usage
...
003 (5308.003.000) 11/12 20:46:12 Job was checkpointed.
	Usr 3 07:48:27, Sys 0 00:06:22  -  Run Remote Usage
		Usr 0 00:00:00, Sys 0 00:00:00  -  Run Local Usage
...
003 (5308.003.000) 11/12 23:46:15 Job was checkpointed.
	Usr 3 10:45:36, Sys 0 00:06:41  -  Run Remote Usage
		Usr 0 00:00:00, Sys 0 00:00:00  -  Run Local Usage
...
003 (5308.003.000) 11/13 02:46:19 Job was checkpointed.
	Usr 3 13:44:12, Sys 0 00:06:59  -  Run Remote Usage
		Usr 0 00:00:00, Sys 0 00:00:00  -  Run Local Usage
...
003 (5308.003.000) 11/13 05:46:21 Job was checkpointed.
	Usr 3 16:40:51, Sys 0 00:07:17  -  Run Remote Usage
		Usr 0 00:00:00, Sys 0 00:00:00  -  Run Local Usage
...
003 (5308.003.000) 11/13 08:46:21 Job was checkpointed.
	Usr 3 19:38:35, Sys 0 00:07:32  -  Run Remote Usage
		Usr 0 00:00:00, Sys 0 00:00:00  -  Run Local Usage
...
003 (5308.003.000) 11/13 11:46:26 Job was checkpointed.
	Usr 3 22:36:11, Sys 0 00:07:47  -  Run Remote Usage
		Usr 0 00:00:00, Sys 0 00:00:00  -  Run Local Usage
...
003 (5308.003.000) 11/13 14:46:28 Job was checkpointed.
	Usr 4 01:34:17, Sys 0 00:08:01  -  Run Remote Usage
		Usr 0 00:00:00, Sys 0 00:00:00  -  Run Local Usage
...
003 (5308.003.000) 11/13 17:46:30 Job was checkpointed.
	Usr 4 04:31:23, Sys 0 00:08:14  -  Run Remote Usage
		Usr 0 00:00:00, Sys 0 00:00:00  -  Run Local Usage
...
003 (5308.003.000) 11/13 20:46:34 Job was checkpointed.
	Usr 4 07:28:27, Sys 0 00:08:27  -  Run Remote Usage
		Usr 0 00:00:00, Sys 0 00:00:00  -  Run Local Usage
...
003 (5308.003.000) 11/13 23:46:39 Job was checkpointed.
	Usr 4 10:25:48, Sys 0 00:08:42  -  Run Remote Usage
		Usr 0 00:00:00, Sys 0 00:00:00  -  Run Local Usage
...
003 (5308.003.000) 11/14 02:46:41 Job was checkpointed.
	Usr 4 13:24:22, Sys 0 00:09:00  -  Run Remote Usage
		Usr 0 00:00:00, Sys 0 00:00:00  -  Run Local Usage
...
003 (5308.003.000) 11/14 05:46:45 Job was checkpointed.
	Usr 4 16:21:08, Sys 0 00:09:16  -  Run Remote Usage
		Usr 0 00:00:00, Sys 0 00:00:00  -  Run Local Usage
...
003 (5308.003.000) 11/14 08:46:48 Job was checkpointed.
	Usr 4 19:18:55, Sys 0 00:09:31  -  Run Remote Usage
		Usr 0 00:00:00, Sys 0 00:00:00  -  Run Local Usage
...
003 (5308.003.000) 11/14 11:46:49 Job was checkpointed.
	Usr 4 22:16:27, Sys 0 00:09:46  -  Run Remote Usage
		Usr 0 00:00:00, Sys 0 00:00:00  -  Run Local Usage
...
003 (5308.003.000) 11/14 14:46:51 Job was checkpointed.
	Usr 5 01:14:34, Sys 0 00:09:59  -  Run Remote Usage
		Usr 0 00:00:00, Sys 0 00:00:00  -  Run Local Usage
...
003 (5308.003.000) 11/14 17:46:52 Job was checkpointed.
	Usr 5 04:11:42, Sys 0 00:10:11  -  Run Remote Usage
		Usr 0 00:00:00, Sys 0 00:00:00  -  Run Local Usage
...
003 (5308.003.000) 11/14 20:46:57 Job was checkpointed.
	Usr 5 07:08:47, Sys 0 00:10:24  -  Run Remote Usage
		Usr 0 00:00:00, Sys 0 00:00:00  -  Run Local Usage
...
003 (5308.003.000) 11/14 23:47:01 Job was checkpointed.
	Usr 5 10:06:08, Sys 0 00:10:38  -  Run Remote Usage
		Usr 0 00:00:00, Sys 0 00:00:00  -  Run Local Usage
...
003 (5308.003.000) 11/15 02:47:06 Job was checkpointed.
	Usr 5 13:04:35, Sys 0 00:11:00  -  Run Remote Usage
		Usr 0 00:00:00, Sys 0 00:00:00  -  Run Local Usage
...
003 (5308.003.000) 11/15 05:47:07 Job was checkpointed.
	Usr 5 16:01:15, Sys 0 00:11:16  -  Run Remote Usage
		Usr 0 00:00:00, Sys 0 00:00:00  -  Run Local Usage
...
003 (5308.003.000) 11/15 08:47:09 Job was checkpointed.
	Usr 5 18:59:03, Sys 0 00:11:30  -  Run Remote Usage
		Usr 0 00:00:00, Sys 0 00:00:00  -  Run Local Usage
...
003 (5308.003.000) 11/15 11:47:11 Job was checkpointed.
	Usr 5 21:56:38, Sys 0 00:11:43  -  Run Remote Usage
		Usr 0 00:00:00, Sys 0 00:00:00  -  Run Local Usage
...
003 (5308.003.000) 11/15 14:47:14 Job was checkpointed.
	Usr 6 00:54:46, Sys 0 00:11:56  -  Run Remote Usage
		Usr 0 00:00:00, Sys 0 00:00:00  -  Run Local Usage
...
003 (5308.003.000) 11/15 17:47:19 Job was checkpointed.
	Usr 6 03:51:58, Sys 0 00:12:08  -  Run Remote Usage
		Usr 0 00:00:00, Sys 0 00:00:00  -  Run Local Usage
...
003 (5308.003.000) 11/15 20:47:20 Job was checkpointed.
	Usr 6 06:48:59, Sys 0 00:12:21  -  Run Remote Usage
		Usr 0 00:00:00, Sys 0 00:00:00  -  Run Local Usage
...
003 (5308.003.000) 11/15 23:47:21 Job was checkpointed.
	Usr 6 09:46:15, Sys 0 00:12:35  -  Run Remote Usage
		Usr 0 00:00:00, Sys 0 00:00:00  -  Run Local Usage
...
003 (5308.003.000) 11/16 02:47:22 Job was checkpointed.
	Usr 6 12:44:49, Sys 0 00:12:53  -  Run Remote Usage
		Usr 0 00:00:00, Sys 0 00:00:00  -  Run Local Usage
...
010 (5308.003.000) 11/16 05:06:05 Job was suspended.
	Number of processes actually suspended: 1
...
011 (5308.003.000) 11/16 05:11:16 Job was unsuspended.
...
003 (5308.003.000) 11/16 05:47:26 Job was checkpointed.
	Usr 6 15:35:34, Sys 0 00:13:07  -  Run Remote Usage
		Usr 0 00:00:00, Sys 0 00:00:00  -  Run Local Usage
...
003 (5308.003.000) 11/16 08:47:31 Job was checkpointed.
	Usr 6 18:33:19, Sys 0 00:13:24  -  Run Remote Usage
		Usr 0 00:00:00, Sys 0 00:00:00  -  Run Local Usage
...
003 (5308.003.000) 11/16 11:47:36 Job was checkpointed.
	Usr 6 21:30:57, Sys 0 00:13:37  -  Run Remote Usage
		Usr 0 00:00:00, Sys 0 00:00:00  -  Run Local Usage
...
003 (5308.003.000) 11/16 14:47:37 Job was checkpointed.
	Usr 7 00:29:03, Sys 0 00:13:50  -  Run Remote Usage
		Usr 0 00:00:00, Sys 0 00:00:00  -  Run Local Usage
...
003 (5308.003.000) 11/16 17:47:39 Job was checkpointed.
	Usr 7 03:26:13, Sys 0 00:14:02  -  Run Remote Usage
		Usr 0 00:00:00, Sys 0 00:00:00  -  Run Local Usage
...
003 (5308.003.000) 11/16 20:47:40 Job was checkpointed.
	Usr 7 06:23:15, Sys 0 00:14:15  -  Run Remote Usage
		Usr 0 00:00:00, Sys 0 00:00:00  -  Run Local Usage
...
003 (5308.003.000) 11/16 23:47:45 Job was checkpointed.
	Usr 7 09:20:39, Sys 0 00:14:28  -  Run Remote Usage
		Usr 0 00:00:00, Sys 0 00:00:00  -  Run Local Usage
...
003 (5308.003.000) 11/17 02:47:47 Job was checkpointed.
	Usr 7 12:19:18, Sys 0 00:14:44  -  Run Remote Usage
		Usr 0 00:00:00, Sys 0 00:00:01  -  Run Local Usage
...
003 (5308.003.000) 11/17 05:47:49 Job was checkpointed.
	Usr 7 15:16:02, Sys 0 00:14:59  -  Run Remote Usage
		Usr 0 00:00:00, Sys 0 00:00:01  -  Run Local Usage
...
003 (5308.003.000) 11/17 08:47:54 Job was checkpointed.
	Usr 7 18:13:53, Sys 0 00:15:14  -  Run Remote Usage
		Usr 0 00:00:00, Sys 0 00:00:01  -  Run Local Usage
...
003 (5308.003.000) 11/17 11:47:59 Job was checkpointed.
	Usr 7 21:11:29, Sys 0 00:15:29  -  Run Remote Usage
		Usr 0 00:00:00, Sys 0 00:00:01  -  Run Local Usage
...
003 (5308.003.000) 11/17 14:48:02 Job was checkpointed.
	Usr 8 00:09:36, Sys 0 00:15:43  -  Run Remote Usage
		Usr 0 00:00:00, Sys 0 00:00:01  -  Run Local Usage
...
003 (5308.003.000) 11/17 17:48:03 Job was checkpointed.
	Usr 8 03:06:45, Sys 0 00:15:56  -  Run Remote Usage
		Usr 0 00:00:00, Sys 0 00:00:01  -  Run Local Usage
...
003 (5308.003.000) 11/17 20:48:04 Job was checkpointed.
	Usr 8 06:03:44, Sys 0 00:16:09  -  Run Remote Usage
		Usr 0 00:00:00, Sys 0 00:00:01  -  Run Local Usage
...
003 (5308.003.000) 11/17 23:48:09 Job was checkpointed.
	Usr 8 09:01:07, Sys 0 00:16:23  -  Run Remote Usage
		Usr 0 00:00:00, Sys 0 00:00:01  -  Run Local Usage
...
003 (5308.003.000) 11/18 02:48:13 Job was checkpointed.
	Usr 8 11:59:48, Sys 0 00:16:39  -  Run Remote Usage
		Usr 0 00:00:00, Sys 0 00:00:01  -  Run Local Usage
...
003 (5308.003.000) 11/18 05:48:16 Job was checkpointed.
	Usr 8 14:56:34, Sys 0 00:16:54  -  Run Remote Usage
		Usr 0 00:00:00, Sys 0 00:00:01  -  Run Local Usage
...
003 (5308.003.000) 11/18 08:48:17 Job was checkpointed.
	Usr 8 17:54:15, Sys 0 00:17:12  -  Run Remote Usage
		Usr 0 00:00:00, Sys 0 00:00:01  -  Run Local Usage
...
003 (5308.003.000) 11/18 11:48:21 Job was checkpointed.
	Usr 8 20:51:50, Sys 0 00:17:27  -  Run Remote Usage
		Usr 0 00:00:00, Sys 0 00:00:01  -  Run Local Usage
...
003 (5308.003.000) 11/18 14:48:26 Job was checkpointed.
	Usr 8 23:49:59, Sys 0 00:17:40  -  Run Remote Usage
		Usr 0 00:00:00, Sys 0 00:00:01  -  Run Local Usage
...
003 (5308.003.000) 11/18 17:48:27 Job was checkpointed.
	Usr 9 02:47:09, Sys 0 00:17:53  -  Run Remote Usage
		Usr 0 00:00:00, Sys 0 00:00:01  -  Run Local Usage
...
003 (5308.003.000) 11/18 20:48:30 Job was checkpointed.
	Usr 9 05:44:11, Sys 0 00:18:06  -  Run Remote Usage
		Usr 0 00:00:00, Sys 0 00:00:01  -  Run Local Usage
...
003 (5308.003.000) 11/18 23:48:32 Job was checkpointed.
	Usr 9 08:41:31, Sys 0 00:18:20  -  Run Remote Usage
		Usr 0 00:00:00, Sys 0 00:00:01  -  Run Local Usage
...
003 (5308.003.000) 11/19 02:48:33 Job was checkpointed.
	Usr 9 11:40:10, Sys 0 00:18:36  -  Run Remote Usage
		Usr 0 00:00:00, Sys 0 00:00:01  -  Run Local Usage
...
003 (5308.003.000) 11/19 05:48:36 Job was checkpointed.
	Usr 9 14:36:48, Sys 0 00:18:51  -  Run Remote Usage
		Usr 0 00:00:00, Sys 0 00:00:01  -  Run Local Usage
...
003 (5308.003.000) 11/19 08:48:37 Job was checkpointed.
	Usr 9 17:34:34, Sys 0 00:19:06  -  Run Remote Usage
		Usr 0 00:00:00, Sys 0 00:00:01  -  Run Local Usage
...
003 (5308.003.000) 11/19 11:48:41 Job was checkpointed.
	Usr 9 20:32:11, Sys 0 00:19:20  -  Run Remote Usage
		Usr 0 00:00:00, Sys 0 00:00:01  -  Run Local Usage
...
003 (5308.003.000) 11/19 14:48:45 Job was checkpointed.
	Usr 9 23:30:19, Sys 0 00:19:34  -  Run Remote Usage
		Usr 0 00:00:00, Sys 0 00:00:01  -  Run Local Usage
...
003 (5308.003.000) 11/19 17:48:50 Job was checkpointed.
	Usr 10 02:27:32, Sys 0 00:19:47  -  Run Remote Usage
		Usr 0 00:00:00, Sys 0 00:00:01  -  Run Local Usage
...
003 (5308.003.000) 11/19 20:48:53 Job was checkpointed.
	Usr 10 05:24:33, Sys 0 00:20:00  -  Run Remote Usage
		Usr 0 00:00:00, Sys 0 00:00:01  -  Run Local Usage
...
003 (5308.003.000) 11/19 23:48:57 Job was checkpointed.
	Usr 10 08:21:45, Sys 0 00:20:19  -  Run Remote Usage
		Usr 0 00:00:00, Sys 0 00:00:01  -  Run Local Usage
...
003 (5308.003.000) 11/20 02:48:58 Job was checkpointed.
	Usr 10 11:20:19, Sys 0 00:20:37  -  Run Remote Usage
		Usr 0 00:00:00, Sys 0 00:00:01  -  Run Local Usage
...
003 (5308.003.000) 11/20 05:48:59 Job was checkpointed.
	Usr 10 14:16:55, Sys 0 00:20:54  -  Run Remote Usage
		Usr 0 00:00:00, Sys 0 00:00:01  -  Run Local Usage
...
003 (5308.003.000) 11/20 08:49:02 Job was checkpointed.
	Usr 10 17:14:44, Sys 0 00:21:10  -  Run Remote Usage
		Usr 0 00:00:00, Sys 0 00:00:01  -  Run Local Usage
...
003 (5308.003.000) 11/20 11:49:04 Job was checkpointed.
	Usr 10 20:12:18, Sys 0 00:21:23  -  Run Remote Usage
		Usr 0 00:00:00, Sys 0 00:00:01  -  Run Local Usage
...
003 (5308.003.000) 11/20 14:49:05 Job was checkpointed.
	Usr 10 23:10:23, Sys 0 00:21:36  -  Run Remote Usage
		Usr 0 00:00:00, Sys 0 00:00:01  -  Run Local Usage
...
003 (5308.003.000) 11/20 17:49:11 Job was checkpointed.
	Usr 11 02:07:38, Sys 0 00:21:49  -  Run Remote Usage
		Usr 0 00:00:00, Sys 0 00:00:01  -  Run Local Usage
...
003 (5308.003.000) 11/20 20:49:13 Job was checkpointed.
	Usr 11 05:04:38, Sys 0 00:22:02  -  Run Remote Usage
		Usr 0 00:00:00, Sys 0 00:00:01  -  Run Local Usage
...
003 (5308.003.000) 11/20 23:49:16 Job was checkpointed.
	Usr 11 08:02:01, Sys 0 00:22:16  -  Run Remote Usage
		Usr 0 00:00:00, Sys 0 00:00:01  -  Run Local Usage
...
003 (5308.003.000) 11/21 02:49:17 Job was checkpointed.
	Usr 11 11:00:34, Sys 0 00:22:34  -  Run Remote Usage
		Usr 0 00:00:00, Sys 0 00:00:01  -  Run Local Usage
...
003 (5308.003.000) 11/21 05:49:18 Job was checkpointed.
	Usr 11 13:57:16, Sys 0 00:22:49  -  Run Remote Usage
		Usr 0 00:00:00, Sys 0 00:00:01  -  Run Local Usage
...
003 (5308.003.000) 11/21 08:49:22 Job was checkpointed.
	Usr 11 16:55:07, Sys 0 00:23:04  -  Run Remote Usage
		Usr 0 00:00:00, Sys 0 00:00:01  -  Run Local Usage
...
003 (5308.003.000) 11/21 11:49:27 Job was checkpointed.
	Usr 11 19:52:44, Sys 0 00:23:18  -  Run Remote Usage
		Usr 0 00:00:00, Sys 0 00:00:01  -  Run Local Usage
...
003 (5308.003.000) 11/21 14:49:29 Job was checkpointed.
	Usr 11 22:50:51, Sys 0 00:23:30  -  Run Remote Usage
		Usr 0 00:00:00, Sys 0 00:00:01  -  Run Local Usage
...
003 (5308.003.000) 11/21 17:49:34 Job was checkpointed.
	Usr 12 01:48:06, Sys 0 00:23:43  -  Run Remote Usage
		Usr 0 00:00:00, Sys 0 00:00:01  -  Run Local Usage
...
003 (5308.003.000) 11/21 20:49:38 Job was checkpointed.
	Usr 12 04:45:08, Sys 0 00:23:55  -  Run Remote Usage
		Usr 0 00:00:00, Sys 0 00:00:01  -  Run Local Usage
...
003 (5308.003.000) 11/21 23:49:43 Job was checkpointed.
	Usr 12 07:42:33, Sys 0 00:24:09  -  Run Remote Usage
		Usr 0 00:00:00, Sys 0 00:00:01  -  Run Local Usage
...
003 (5308.003.000) 11/22 02:49:44 Job was checkpointed.
	Usr 12 10:40:58, Sys 0 00:24:31  -  Run Remote Usage
		Usr 0 00:00:00, Sys 0 00:00:01  -  Run Local Usage
...
003 (5308.003.000) 11/22 05:49:47 Job was checkpointed.
	Usr 12 13:37:40, Sys 0 00:24:47  -  Run Remote Usage
		Usr 0 00:00:00, Sys 0 00:00:01  -  Run Local Usage
...
003 (5308.003.000) 11/22 08:49:49 Job was checkpointed.
	Usr 12 16:35:32, Sys 0 00:25:00  -  Run Remote Usage
		Usr 0 00:00:00, Sys 0 00:00:01  -  Run Local Usage
...
003 (5308.003.000) 11/22 11:49:53 Job was checkpointed.
	Usr 12 19:33:11, Sys 0 00:25:13  -  Run Remote Usage
		Usr 0 00:00:00, Sys 0 00:00:01  -  Run Local Usage
...
003 (5308.003.000) 11/22 14:49:56 Job was checkpointed.
	Usr 12 22:31:19, Sys 0 00:25:25  -  Run Remote Usage
		Usr 0 00:00:00, Sys 0 00:00:01  -  Run Local Usage
...
003 (5308.003.000) 11/22 17:50:01 Job was checkpointed.
	Usr 13 01:28:35, Sys 0 00:25:37  -  Run Remote Usage
		Usr 0 00:00:00, Sys 0 00:00:01  -  Run Local Usage
...
003 (5308.003.000) 11/22 20:50:03 Job was checkpointed.
	Usr 13 04:25:36, Sys 0 00:25:49  -  Run Remote Usage
		Usr 0 00:00:00, Sys 0 00:00:01  -  Run Local Usage
...
003 (5308.003.000) 11/22 23:50:07 Job was checkpointed.
	Usr 13 07:23:00, Sys 0 00:26:03  -  Run Remote Usage
		Usr 0 00:00:00, Sys 0 00:00:01  -  Run Local Usage
...
003 (5308.003.000) 11/23 02:50:10 Job was checkpointed.
	Usr 13 10:21:39, Sys 0 00:26:19  -  Run Remote Usage
		Usr 0 00:00:00, Sys 0 00:00:01  -  Run Local Usage
...
010 (5308.003.000) 11/23 05:05:53 Job was suspended.
	Number of processes actually suspended: 1
...
011 (5308.003.000) 11/23 05:11:04 Job was unsuspended.
...
003 (5308.003.000) 11/23 05:50:15 Job was checkpointed.
	Usr 13 13:12:27, Sys 0 00:26:33  -  Run Remote Usage
		Usr 0 00:00:00, Sys 0 00:00:01  -  Run Local Usage
...
003 (5308.003.000) 11/23 08:50:17 Job was checkpointed.
	Usr 13 16:10:17, Sys 0 00:26:47  -  Run Remote Usage
		Usr 0 00:00:00, Sys 0 00:00:01  -  Run Local Usage
...
003 (5308.003.000) 11/23 11:50:22 Job was checkpointed.
	Usr 13 19:07:59, Sys 0 00:26:59  -  Run Remote Usage
		Usr 0 00:00:00, Sys 0 00:00:01  -  Run Local Usage
...
003 (5308.003.000) 11/23 14:50:24 Job was checkpointed.
	Usr 13 22:06:05, Sys 0 00:27:11  -  Run Remote Usage
		Usr 0 00:00:00, Sys 0 00:00:01  -  Run Local Usage
...
003 (5308.003.000) 11/23 17:50:27 Job was checkpointed.
	Usr 14 01:03:21, Sys 0 00:27:23  -  Run Remote Usage
		Usr 0 00:00:00, Sys 0 00:00:01  -  Run Local Usage
...
003 (5308.003.000) 11/23 20:50:32 Job was checkpointed.
	Usr 14 04:00:25, Sys 0 00:27:35  -  Run Remote Usage
		Usr 0 00:00:00, Sys 0 00:00:01  -  Run Local Usage
...
003 (5308.003.000) 11/23 23:50:37 Job was checkpointed.
	Usr 14 06:57:51, Sys 0 00:27:49  -  Run Remote Usage
		Usr 0 00:00:00, Sys 0 00:00:01  -  Run Local Usage
...
003 (5308.003.000) 11/24 02:50:39 Job was checkpointed.
	Usr 14 09:56:34, Sys 0 00:28:04  -  Run Remote Usage
		Usr 0 00:00:00, Sys 0 00:00:01  -  Run Local Usage
...
003 (5308.003.000) 11/24 05:50:44 Job was checkpointed.
	Usr 14 12:53:20, Sys 0 00:28:18  -  Run Remote Usage
		Usr 0 00:00:00, Sys 0 00:00:01  -  Run Local Usage
...
003 (5308.003.000) 11/24 08:50:45 Job was checkpointed.
	Usr 14 15:51:04, Sys 0 00:28:35  -  Run Remote Usage
		Usr 0 00:00:00, Sys 0 00:00:01  -  Run Local Usage
...
003 (5308.003.000) 11/24 11:50:50 Job was checkpointed.
	Usr 14 18:48:43, Sys 0 00:28:49  -  Run Remote Usage
		Usr 0 00:00:00, Sys 0 00:00:01  -  Run Local Usage
...
003 (5308.003.000) 11/24 14:50:51 Job was checkpointed.
	Usr 14 21:46:49, Sys 0 00:29:01  -  Run Remote Usage
		Usr 0 00:00:00, Sys 0 00:00:01  -  Run Local Usage
...
003 (5308.003.000) 11/24 17:50:53 Job was checkpointed.
	Usr 15 00:44:02, Sys 0 00:29:14  -  Run Remote Usage
		Usr 0 00:00:00, Sys 0 00:00:01  -  Run Local Usage
...
003 (5308.003.000) 11/24 20:50:56 Job was checkpointed.
	Usr 15 03:41:05, Sys 0 00:29:26  -  Run Remote Usage
		Usr 0 00:00:00, Sys 0 00:00:02  -  Run Local Usage
...
003 (5308.003.000) 11/24 23:50:58 Job was checkpointed.
	Usr 15 06:38:28, Sys 0 00:29:40  -  Run Remote Usage
		Usr 0 00:00:00, Sys 0 00:00:02  -  Run Local Usage
...
003 (5308.003.000) 11/25 02:51:00 Job was checkpointed.
	Usr 15 09:37:10, Sys 0 00:29:55  -  Run Remote Usage
		Usr 0 00:00:00, Sys 0 00:00:02  -  Run Local Usage
...
003 (5308.003.000) 11/25 05:51:02 Job was checkpointed.
	Usr 15 12:33:53, Sys 0 00:30:09  -  Run Remote Usage
		Usr 0 00:00:00, Sys 0 00:00:02  -  Run Local Usage
...
003 (5308.003.000) 11/25 08:51:03 Job was checkpointed.
	Usr 15 15:31:38, Sys 0 00:30:27  -  Run Remote Usage
		Usr 0 00:00:00, Sys 0 00:00:02  -  Run Local Usage
...
003 (5308.003.000) 11/25 11:51:05 Job was checkpointed.
	Usr 15 18:29:14, Sys 0 00:30:40  -  Run Remote Usage
		Usr 0 00:00:00, Sys 0 00:00:02  -  Run Local Usage
...
003 (5308.003.000) 11/25 14:51:10 Job was checkpointed.
	Usr 15 21:27:24, Sys 0 00:30:52  -  Run Remote Usage
		Usr 0 00:00:00, Sys 0 00:00:02  -  Run Local Usage
...
003 (5308.003.000) 11/25 17:51:12 Job was checkpointed.
	Usr 16 00:24:38, Sys 0 00:31:04  -  Run Remote Usage
		Usr 0 00:00:00, Sys 0 00:00:02  -  Run Local Usage
...
003 (5308.003.000) 11/25 20:51:14 Job was checkpointed.
	Usr 16 03:21:40, Sys 0 00:31:16  -  Run Remote Usage
		Usr 0 00:00:00, Sys 0 00:00:02  -  Run Local Usage
...
003 (5308.003.000) 11/25 23:51:17 Job was checkpointed.
	Usr 16 06:19:03, Sys 0 00:31:30  -  Run Remote Usage
		Usr 0 00:00:00, Sys 0 00:00:02  -  Run Local Usage
...
003 (5308.003.000) 11/26 02:51:19 Job was checkpointed.
	Usr 16 09:17:45, Sys 0 00:31:44  -  Run Remote Usage
		Usr 0 00:00:00, Sys 0 00:00:02  -  Run Local Usage
...
003 (5308.003.000) 11/26 05:51:22 Job was checkpointed.
	Usr 16 12:14:32, Sys 0 00:31:58  -  Run Remote Usage
		Usr 0 00:00:00, Sys 0 00:00:02  -  Run Local Usage
...
003 (5308.003.000) 11/26 08:51:23 Job was checkpointed.
	Usr 16 15:12:22, Sys 0 00:32:12  -  Run Remote Usage
		Usr 0 00:00:00, Sys 0 00:00:02  -  Run Local Usage
...
003 (5308.003.000) 11/26 11:51:26 Job was checkpointed.
	Usr 16 18:09:59, Sys 0 00:32:24  -  Run Remote Usage
		Usr 0 00:00:00, Sys 0 00:00:02  -  Run Local Usage
...
003 (5308.003.000) 11/26 14:51:29 Job was checkpointed.
	Usr 16 21:08:08, Sys 0 00:32:36  -  Run Remote Usage
		Usr 0 00:00:00, Sys 0 00:00:02  -  Run Local Usage
...
003 (5308.003.000) 11/26 17:51:33 Job was checkpointed.
	Usr 17 00:05:24, Sys 0 00:32:48  -  Run Remote Usage
		Usr 0 00:00:00, Sys 0 00:00:02  -  Run Local Usage
...
003 (5308.003.000) 11/26 20:51:34 Job was checkpointed.
	Usr 17 03:02:24, Sys 0 00:33:00  -  Run Remote Usage
		Usr 0 00:00:00, Sys 0 00:00:02  -  Run Local Usage
...
003 (5308.003.000) 11/26 23:51:39 Job was checkpointed.
	Usr 17 05:59:42, Sys 0 00:33:18  -  Run Remote Usage
		Usr 0 00:00:00, Sys 0 00:00:02  -  Run Local Usage
...
003 (5308.003.000) 11/27 02:51:42 Job was checkpointed.
	Usr 17 08:58:20, Sys 0 00:33:35  -  Run Remote Usage
		Usr 0 00:00:00, Sys 0 00:00:02  -  Run Local Usage
...
003 (5308.003.000) 11/27 05:51:45 Job was checkpointed.
	Usr 17 11:55:00, Sys 0 00:33:50  -  Run Remote Usage
		Usr 0 00:00:00, Sys 0 00:00:02  -  Run Local Usage
...
003 (5308.003.000) 11/27 08:51:47 Job was checkpointed.
	Usr 17 14:52:53, Sys 0 00:34:03  -  Run Remote Usage
		Usr 0 00:00:00, Sys 0 00:00:02  -  Run Local Usage
...
003 (5308.003.000) 11/27 11:51:52 Job was checkpointed.
	Usr 17 17:50:34, Sys 0 00:34:16  -  Run Remote Usage
		Usr 0 00:00:00, Sys 0 00:00:02  -  Run Local Usage
...
003 (5308.003.000) 11/27 14:51:57 Job was checkpointed.
	Usr 17 20:48:44, Sys 0 00:34:28  -  Run Remote Usage
		Usr 0 00:00:00, Sys 0 00:00:02  -  Run Local Usage
...
003 (5308.003.000) 11/27 17:52:02 Job was checkpointed.
	Usr 17 23:46:01, Sys 0 00:34:40  -  Run Remote Usage
		Usr 0 00:00:00, Sys 0 00:00:02  -  Run Local Usage
...
003 (5308.003.000) 11/27 20:52:06 Job was checkpointed.
	Usr 18 02:43:04, Sys 0 00:34:52  -  Run Remote Usage
		Usr 0 00:00:00, Sys 0 00:00:02  -  Run Local Usage
...
003 (5308.003.000) 11/27 23:52:10 Job was checkpointed.
	Usr 18 05:40:30, Sys 0 00:35:05  -  Run Remote Usage
		Usr 0 00:00:00, Sys 0 00:00:02  -  Run Local Usage
...
003 (5308.003.000) 11/28 02:52:14 Job was checkpointed.
	Usr 18 08:39:09, Sys 0 00:35:22  -  Run Remote Usage
		Usr 0 00:00:00, Sys 0 00:00:02  -  Run Local Usage
...
003 (5308.003.000) 11/28 05:52:15 Job was checkpointed.
	Usr 18 11:35:53, Sys 0 00:35:35  -  Run Remote Usage
		Usr 0 00:00:00, Sys 0 00:00:02  -  Run Local Usage
...
003 (5308.003.000) 11/28 08:52:17 Job was checkpointed.
	Usr 18 14:33:47, Sys 0 00:35:48  -  Run Remote Usage
		Usr 0 00:00:00, Sys 0 00:00:02  -  Run Local Usage
...
003 (5308.003.000) 11/28 11:52:18 Job was checkpointed.
	Usr 18 17:31:23, Sys 0 00:36:00  -  Run Remote Usage
		Usr 0 00:00:00, Sys 0 00:00:02  -  Run Local Usage
...
003 (5308.003.000) 11/28 14:52:19 Job was checkpointed.
	Usr 18 20:29:29, Sys 0 00:36:12  -  Run Remote Usage
		Usr 0 00:00:00, Sys 0 00:00:02  -  Run Local Usage
...
003 (5308.003.000) 11/28 17:52:22 Job was checkpointed.
	Usr 18 23:26:46, Sys 0 00:36:24  -  Run Remote Usage
		Usr 0 00:00:00, Sys 0 00:00:02  -  Run Local Usage
...
003 (5308.003.000) 11/28 20:52:27 Job was checkpointed.
	Usr 19 02:23:49, Sys 0 00:36:36  -  Run Remote Usage
		Usr 0 00:00:00, Sys 0 00:00:02  -  Run Local Usage
...
003 (5308.003.000) 11/28 23:52:30 Job was checkpointed.
	Usr 19 05:21:14, Sys 0 00:36:50  -  Run Remote Usage
		Usr 0 00:00:00, Sys 0 00:00:02  -  Run Local Usage
...
003 (5308.003.000) 11/29 02:52:31 Job was checkpointed.
	Usr 19 08:19:44, Sys 0 00:37:10  -  Run Remote Usage
		Usr 0 00:00:00, Sys 0 00:00:02  -  Run Local Usage
...
003 (5308.003.000) 11/29 05:52:36 Job was checkpointed.
	Usr 19 11:16:25, Sys 0 00:37:25  -  Run Remote Usage
		Usr 0 00:00:00, Sys 0 00:00:02  -  Run Local Usage
...
003 (5308.003.000) 11/29 08:52:39 Job was checkpointed.
	Usr 19 14:14:21, Sys 0 00:37:38  -  Run Remote Usage
		Usr 0 00:00:00, Sys 0 00:00:02  -  Run Local Usage
...
003 (5308.003.000) 11/29 11:52:40 Job was checkpointed.
	Usr 19 17:11:57, Sys 0 00:37:50  -  Run Remote Usage
		Usr 0 00:00:00, Sys 0 00:00:02  -  Run Local Usage
...
003 (5308.003.000) 11/29 14:52:42 Job was checkpointed.
	Usr 19 20:10:05, Sys 0 00:38:02  -  Run Remote Usage
		Usr 0 00:00:00, Sys 0 00:00:02  -  Run Local Usage
...
003 (5308.003.000) 11/29 17:52:45 Job was checkpointed.
	Usr 19 23:07:23, Sys 0 00:38:13  -  Run Remote Usage
		Usr 0 00:00:00, Sys 0 00:00:02  -  Run Local Usage
...
003 (5308.003.000) 11/29 20:52:47 Job was checkpointed.
	Usr 20 02:04:23, Sys 0 00:38:25  -  Run Remote Usage
		Usr 0 00:00:00, Sys 0 00:00:02  -  Run Local Usage
...
003 (5308.003.000) 11/29 23:52:48 Job was checkpointed.
	Usr 20 05:01:45, Sys 0 00:38:39  -  Run Remote Usage
		Usr 0 00:00:00, Sys 0 00:00:02  -  Run Local Usage
...
003 (5308.003.000) 11/30 02:52:51 Job was checkpointed.
	Usr 20 08:00:25, Sys 0 00:38:55  -  Run Remote Usage
		Usr 0 00:00:00, Sys 0 00:00:02  -  Run Local Usage
...
010 (5308.003.000) 11/30 05:06:04 Job was suspended.
	Number of processes actually suspended: 1
...
011 (5308.003.000) 11/30 05:11:19 Job was unsuspended.
...
003 (5308.003.000) 11/30 05:52:52 Job was checkpointed.
	Usr 20 10:51:00, Sys 0 00:39:09  -  Run Remote Usage
		Usr 0 00:00:00, Sys 0 00:00:02  -  Run Local Usage
...
003 (5308.003.000) 11/30 08:52:54 Job was checkpointed.
	Usr 20 13:48:53, Sys 0 00:39:23  -  Run Remote Usage
		Usr 0 00:00:00, Sys 0 00:00:02  -  Run Local Usage
...
003 (5308.003.000) 11/30 11:53:00 Job was checkpointed.
	Usr 20 16:46:34, Sys 0 00:39:35  -  Run Remote Usage
		Usr 0 00:00:00, Sys 0 00:00:02  -  Run Local Usage
...
003 (5308.003.000) 11/30 14:53:00 Job was checkpointed.
	Usr 20 19:44:40, Sys 0 00:39:46  -  Run Remote Usage
		Usr 0 00:00:00, Sys 0 00:00:02  -  Run Local Usage
...
003 (5308.003.000) 11/30 17:53:02 Job was checkpointed.
	Usr 20 22:41:57, Sys 0 00:39:58  -  Run Remote Usage
		Usr 0 00:00:00, Sys 0 00:00:02  -  Run Local Usage
...
003 (5308.003.000) 11/30 20:53:04 Job was checkpointed.
	Usr 21 01:38:57, Sys 0 00:40:09  -  Run Remote Usage
		Usr 0 00:00:00, Sys 0 00:00:02  -  Run Local Usage
...
003 (5308.003.000) 11/30 23:53:07 Job was checkpointed.
	Usr 21 04:36:24, Sys 0 00:40:23  -  Run Remote Usage
		Usr 0 00:00:00, Sys 0 00:00:02  -  Run Local Usage
...
003 (5308.003.000) 12/01 02:53:10 Job was checkpointed.
	Usr 21 07:35:08, Sys 0 00:40:37  -  Run Remote Usage
		Usr 0 00:00:00, Sys 0 00:00:02  -  Run Local Usage
...
010 (5308.003.000) 12/01 04:32:09 Job was suspended.
	Number of processes actually suspended: 1
...
011 (5308.003.000) 12/01 04:37:09 Job was unsuspended.
...
010 (5308.003.000) 12/01 04:39:39 Job was suspended.
	Number of processes actually suspended: 1
...
011 (5308.003.000) 12/01 04:44:49 Job was unsuspended.
...
003 (5308.003.000) 12/01 05:53:12 Job was checkpointed.
	Usr 21 10:21:57, Sys 0 00:40:50  -  Run Remote Usage
		Usr 0 00:00:00, Sys 0 00:00:02  -  Run Local Usage
...
003 (5308.003.000) 12/01 08:53:15 Job was checkpointed.
	Usr 21 13:19:45, Sys 0 00:41:07  -  Run Remote Usage
		Usr 0 00:00:00, Sys 0 00:00:02  -  Run Local Usage
...
003 (5308.003.000) 12/01 11:53:20 Job was checkpointed.
	Usr 21 16:17:25, Sys 0 00:41:20  -  Run Remote Usage
		Usr 0 00:00:00, Sys 0 00:00:02  -  Run Local Usage
...
003 (5308.003.000) 12/01 14:53:22 Job was checkpointed.
	Usr 21 19:15:31, Sys 0 00:41:33  -  Run Remote Usage
		Usr 0 00:00:00, Sys 0 00:00:02  -  Run Local Usage
...
003 (5308.003.000) 12/01 17:53:25 Job was checkpointed.
	Usr 21 22:12:48, Sys 0 00:41:45  -  Run Remote Usage
		Usr 0 00:00:00, Sys 0 00:00:02  -  Run Local Usage
...
003 (5308.003.000) 12/01 20:53:30 Job was checkpointed.
	Usr 22 01:09:52, Sys 0 00:41:57  -  Run Remote Usage
		Usr 0 00:00:01, Sys 0 00:00:02  -  Run Local Usage
...
003 (5308.003.000) 12/01 23:53:32 Job was checkpointed.
	Usr 22 04:07:18, Sys 0 00:42:11  -  Run Remote Usage
		Usr 0 00:00:01, Sys 0 00:00:02  -  Run Local Usage
...
003 (5308.003.000) 12/02 02:53:34 Job was checkpointed.
	Usr 22 07:06:02, Sys 0 00:42:25  -  Run Remote Usage
		Usr 0 00:00:01, Sys 0 00:00:02  -  Run Local Usage
...
003 (5308.003.000) 12/02 05:53:38 Job was checkpointed.
	Usr 22 10:02:45, Sys 0 00:42:39  -  Run Remote Usage
		Usr 0 00:00:01, Sys 0 00:00:02  -  Run Local Usage
...
003 (5308.003.000) 12/02 08:53:40 Job was checkpointed.
	Usr 22 13:00:39, Sys 0 00:42:53  -  Run Remote Usage
		Usr 0 00:00:01, Sys 0 00:00:02  -  Run Local Usage
...
003 (5308.003.000) 12/02 11:53:43 Job was checkpointed.
	Usr 22 15:58:16, Sys 0 00:43:06  -  Run Remote Usage
		Usr 0 00:00:01, Sys 0 00:00:02  -  Run Local Usage
...
003 (5308.003.000) 12/02 14:53:48 Job was checkpointed.
	Usr 22 18:56:25, Sys 0 00:43:19  -  Run Remote Usage
		Usr 0 00:00:01, Sys 0 00:00:03  -  Run Local Usage
...
003 (5308.003.000) 12/02 17:53:50 Job was checkpointed.
	Usr 22 21:53:42, Sys 0 00:43:31  -  Run Remote Usage
		Usr 0 00:00:01, Sys 0 00:00:03  -  Run Local Usage
...
003 (5308.003.000) 12/02 20:53:55 Job was checkpointed.
	Usr 23 00:50:45, Sys 0 00:43:43  -  Run Remote Usage
		Usr 0 00:00:01, Sys 0 00:00:03  -  Run Local Usage
...
003 (5308.003.000) 12/02 23:53:59 Job was checkpointed.
	Usr 23 03:48:13, Sys 0 00:43:56  -  Run Remote Usage
		Usr 0 00:00:01, Sys 0 00:00:03  -  Run Local Usage
...
003 (5308.003.000) 12/03 02:54:02 Job was checkpointed.
	Usr 23 06:46:57, Sys 0 00:44:11  -  Run Remote Usage
		Usr 0 00:00:01, Sys 0 00:00:03  -  Run Local Usage
...
003 (5308.003.000) 12/03 05:54:05 Job was checkpointed.
	Usr 23 09:43:40, Sys 0 00:44:25  -  Run Remote Usage
		Usr 0 00:00:01, Sys 0 00:00:03  -  Run Local Usage
...
003 (5308.003.000) 12/03 08:54:07 Job was checkpointed.
	Usr 23 12:41:28, Sys 0 00:44:41  -  Run Remote Usage
		Usr 0 00:00:01, Sys 0 00:00:03  -  Run Local Usage
...
010 (5308.003.000) 12/03 09:11:00 Job was suspended.
	Number of processes actually suspended: 1
...
011 (5308.003.000) 12/03 09:14:00 Job was unsuspended.
...
003 (5308.003.000) 12/03 11:54:09 Job was checkpointed.
	Usr 23 15:36:07, Sys 0 00:44:54  -  Run Remote Usage
		Usr 0 00:00:01, Sys 0 00:00:03  -  Run Local Usage
...
003 (5308.003.000) 12/03 14:54:12 Job was checkpointed.
	Usr 23 18:34:14, Sys 0 00:45:06  -  Run Remote Usage
		Usr 0 00:00:01, Sys 0 00:00:03  -  Run Local Usage
...
003 (5308.003.000) 12/03 17:54:15 Job was checkpointed.
	Usr 23 21:31:33, Sys 0 00:45:18  -  Run Remote Usage
		Usr 0 00:00:01, Sys 0 00:00:03  -  Run Local Usage
...
003 (5308.003.000) 12/03 20:54:20 Job was checkpointed.
	Usr 24 00:28:36, Sys 0 00:45:31  -  Run Remote Usage
		Usr 0 00:00:01, Sys 0 00:00:03  -  Run Local Usage
...
003 (5308.003.000) 12/03 23:54:23 Job was checkpointed.
	Usr 24 03:25:54, Sys 0 00:45:49  -  Run Remote Usage
		Usr 0 00:00:01, Sys 0 00:00:03  -  Run Local Usage
...
003 (5308.003.000) 12/04 02:54:25 Job was checkpointed.
	Usr 24 06:24:31, Sys 0 00:46:06  -  Run Remote Usage
		Usr 0 00:00:01, Sys 0 00:00:03  -  Run Local Usage
...
003 (5308.003.000) 12/04 05:54:30 Job was checkpointed.
	Usr 24 09:21:06, Sys 0 00:46:22  -  Run Remote Usage
		Usr 0 00:00:01, Sys 0 00:00:03  -  Run Local Usage
...
003 (5308.003.000) 12/04 08:54:34 Job was checkpointed.
	Usr 24 12:19:00, Sys 0 00:46:37  -  Run Remote Usage
		Usr 0 00:00:01, Sys 0 00:00:03  -  Run Local Usage
...
003 (5308.003.000) 12/04 11:54:38 Job was checkpointed.
	Usr 24 15:16:40, Sys 0 00:46:50  -  Run Remote Usage
		Usr 0 00:00:01, Sys 0 00:00:03  -  Run Local Usage
...
003 (5308.003.000) 12/04 14:54:43 Job was checkpointed.
	Usr 24 18:14:49, Sys 0 00:47:02  -  Run Remote Usage
		Usr 0 00:00:01, Sys 0 00:00:03  -  Run Local Usage
...
003 (5308.003.000) 12/04 17:54:44 Job was checkpointed.
	Usr 222 02:33:06, Sys 0 00:47:14  -  Run Remote Usage
		Usr 0 00:00:01, Sys 0 00:00:03  -  Run Local Usage
...
003 (5308.003.000) 12/04 20:54:49 Job was checkpointed.
	Usr 222 05:30:07, Sys 0 00:47:27  -  Run Remote Usage
		Usr 0 00:00:01, Sys 0 00:00:03  -  Run Local Usage
...
003 (5308.003.000) 12/04 23:54:50 Job was checkpointed.
	Usr 222 08:27:32, Sys 0 00:47:41  -  Run Remote Usage
		Usr 0 00:00:01, Sys 0 00:00:03  -  Run Local Usage
...
003 (5308.003.000) 12/05 02:54:52 Job was checkpointed.
	Usr 222 11:26:12, Sys 0 00:47:58  -  Run Remote Usage
		Usr 0 00:00:01, Sys 0 00:00:03  -  Run Local Usage
...
003 (5308.003.000) 12/05 05:54:53 Job was checkpointed.
	Usr 222 14:22:53, Sys 0 00:48:11  -  Run Remote Usage
		Usr 0 00:00:01, Sys 0 00:00:03  -  Run Local Usage
...
010 (5308.003.000) 12/05 06:16:25 Job was suspended.
	Number of processes actually suspended: 1
...
011 (5308.003.000) 12/05 06:26:30 Job was unsuspended.
...
004 (5308.003.000) 12/05 06:26:31 Job was evicted.
	(1) Job was checkpointed.
		Usr 222 14:44:11, Sys 0 00:48:13  -  Run Remote Usage
		Usr 0 00:00:01, Sys 0 00:00:03  -  Run Local Usage
	224158288  -  Run Bytes Sent By Job
	4577045  -  Run Bytes Received By Job
...
001 (5308.003.000) 12/05 06:32:11 Job executing on host: <192.168.203.30:33558>
...
006 (5308.003.000) 12/05 07:16:10 Image size of job updated: 11057
...
004 (5308.003.000) 12/05 07:16:13 Job was evicted.
	(1) Job was checkpointed.
		Usr 0 00:43:55, Sys 0 00:00:00  -  Run Remote Usage
		Usr 0 00:00:00, Sys 0 00:00:00  -  Run Local Usage
	1083208  -  Run Bytes Sent By Job
	5608765  -  Run Bytes Received By Job
...
001 (5308.003.000) 12/05 07:26:16 Job executing on host: <192.168.203.25:38935>
...
006 (5308.003.000) 12/05 10:26:21 Image size of job updated: 11057
...
003 (5308.003.000) 12/05 10:26:21 Job was checkpointed.
	Usr 0 02:59:48, Sys 0 00:00:00  -  Run Remote Usage
		Usr 0 00:00:00, Sys 0 00:00:00  -  Run Local Usage
...
003 (5308.003.000) 12/05 13:26:22 Job was checkpointed.
	Usr 0 05:59:38, Sys 0 00:00:00  -  Run Remote Usage
		Usr 0 00:00:00, Sys 0 00:00:00  -  Run Local Usage
...
003 (5308.003.000) 12/05 16:26:26 Job was checkpointed.
	Usr 0 08:59:29, Sys 0 00:00:00  -  Run Remote Usage
		Usr 0 00:00:00, Sys 0 00:00:00  -  Run Local Usage
...
003 (5308.003.000) 12/05 19:26:31 Job was checkpointed.
	Usr 0 11:59:23, Sys 0 00:00:01  -  Run Remote Usage
		Usr 0 00:00:00, Sys 0 00:00:00  -  Run Local Usage
...
003 (5308.003.000) 12/05 22:26:34 Job was checkpointed.
	Usr 0 14:59:14, Sys 0 00:00:01  -  Run Remote Usage
		Usr 0 00:00:00, Sys 0 00:00:00  -  Run Local Usage
...
003 (5308.003.000) 12/06 01:26:38 Job was checkpointed.
	Usr 0 17:59:06, Sys 0 00:00:01  -  Run Remote Usage
		Usr 0 00:00:00, Sys 0 00:00:00  -  Run Local Usage
...
003 (5308.003.000) 12/06 04:26:40 Job was checkpointed.
	Usr 0 20:58:55, Sys 0 00:00:01  -  Run Remote Usage
		Usr 0 00:00:00, Sys 0 00:00:00  -  Run Local Usage
...
003 (5308.003.000) 12/06 07:26:45 Job was checkpointed.
	Usr 0 23:58:46, Sys 0 00:00:02  -  Run Remote Usage
		Usr 0 00:00:00, Sys 0 00:00:00  -  Run Local Usage
...
003 (5308.003.000) 12/06 10:26:47 Job was checkpointed.
	Usr 1 02:58:32, Sys 0 00:00:02  -  Run Remote Usage
		Usr 0 00:00:00, Sys 0 00:00:00  -  Run Local Usage
...
003 (5308.003.000) 12/06 13:26:50 Job was checkpointed.
	Usr 1 05:58:23, Sys 0 00:00:02  -  Run Remote Usage
		Usr 0 00:00:00, Sys 0 00:00:00  -  Run Local Usage
...
003 (5308.003.000) 12/06 16:26:55 Job was checkpointed.
	Usr 1 08:58:16, Sys 0 00:00:02  -  Run Remote Usage
		Usr 0 00:00:00, Sys 0 00:00:00  -  Run Local Usage
...
003 (5308.003.000) 12/06 19:27:01 Job was checkpointed.
	Usr 1 11:58:08, Sys 0 00:00:02  -  Run Remote Usage
		Usr 0 00:00:00, Sys 0 00:00:00  -  Run Local Usage
...
003 (5308.003.000) 12/06 22:27:05 Job was checkpointed.
	Usr 1 14:58:00, Sys 0 00:00:03  -  Run Remote Usage
		Usr 0 00:00:00, Sys 0 00:00:00  -  Run Local Usage
...
003 (5308.003.000) 12/07 01:27:10 Job was checkpointed.
	Usr 1 17:57:52, Sys 0 00:00:03  -  Run Remote Usage
		Usr 0 00:00:00, Sys 0 00:00:00  -  Run Local Usage
...
003 (5308.003.000) 12/07 04:27:15 Job was checkpointed.
	Usr 1 20:57:43, Sys 0 00:00:03  -  Run Remote Usage
		Usr 0 00:00:00, Sys 0 00:00:00  -  Run Local Usage
...
003 (5308.003.000) 12/07 07:27:17 Job was checkpointed.
	Usr 1 23:57:33, Sys 0 00:00:03  -  Run Remote Usage
		Usr 0 00:00:00, Sys 0 00:00:00  -  Run Local Usage
...
003 (5308.003.000) 12/07 10:27:22 Job was checkpointed.
	Usr 2 02:57:17, Sys 0 00:00:04  -  Run Remote Usage
		Usr 0 00:00:00, Sys 0 00:00:00  -  Run Local Usage
...
003 (5308.003.000) 12/07 13:27:24 Job was checkpointed.
	Usr 2 05:57:07, Sys 0 00:00:04  -  Run Remote Usage
		Usr 0 00:00:00, Sys 0 00:00:00  -  Run Local Usage
...
003 (5308.003.000) 12/07 16:27:27 Job was checkpointed.
	Usr 2 08:56:56, Sys 0 00:00:04  -  Run Remote Usage
		Usr 0 00:00:00, Sys 0 00:00:00  -  Run Local Usage
...
003 (5308.003.000) 12/07 19:27:30 Job was checkpointed.
	Usr 2 11:56:49, Sys 0 00:00:04  -  Run Remote Usage
		Usr 0 00:00:00, Sys 0 00:00:00  -  Run Local Usage
...
003 (5308.003.000) 12/07 22:27:34 Job was checkpointed.
	Usr 2 14:56:41, Sys 0 00:00:04  -  Run Remote Usage
		Usr 0 00:00:00, Sys 0 00:00:00  -  Run Local Usage
...
003 (5308.003.000) 12/08 01:27:35 Job was checkpointed.
	Usr 2 17:56:30, Sys 0 00:00:04  -  Run Remote Usage
		Usr 0 00:00:00, Sys 0 00:00:00  -  Run Local Usage
...
004 (5308.003.000) 12/08 04:27:28 Job was evicted.
	(1) Job was checkpointed.
		Usr 2 20:56:04, Sys 0 00:00:04  -  Run Remote Usage
		Usr 0 00:00:00, Sys 0 00:00:00  -  Run Local Usage
	24906728  -  Run Bytes Sent By Job
	5614155  -  Run Bytes Received By Job
...
001 (5308.003.000) 12/08 04:36:21 Job executing on host: <192.168.203.18:44059>
...
006 (5308.003.000) 12/08 07:36:21 Image size of job updated: 11057
...
003 (5308.003.000) 12/08 07:36:21 Job was checkpointed.
	Usr 0 02:59:50, Sys 0 00:00:00  -  Run Remote Usage
		Usr 0 00:00:00, Sys 0 00:00:00  -  Run Local Usage
...
004 (5308.003.000) 12/08 07:54:26 Job was evicted.
	(1) Job was checkpointed.
		Usr 0 03:17:53, Sys 0 00:00:00  -  Run Remote Usage
		Usr 0 00:00:00, Sys 0 00:00:00  -  Run Local Usage
	2166095  -  Run Bytes Sent By Job
	5609010  -  Run Bytes Received By Job
...
001 (5308.003.000) 12/09 02:27:13 Job executing on host: <192.168.203.7:42838>
...
006 (5308.003.000) 12/09 05:27:10 Image size of job updated: 11057
...
003 (5308.003.000) 12/09 05:27:10 Job was checkpointed.
	Usr 0 02:59:47, Sys 0 00:00:00  -  Run Remote Usage
		Usr 0 00:00:00, Sys 0 00:00:00  -  Run Local Usage
...
003 (5308.003.000) 12/09 08:27:10 Job was checkpointed.
	Usr 0 05:59:38, Sys 0 00:00:00  -  Run Remote Usage
		Usr 0 00:00:00, Sys 0 00:00:00  -  Run Local Usage
...
003 (5308.003.000) 12/09 11:27:08 Job was checkpointed.
	Usr 0 08:59:26, Sys 0 00:00:00  -  Run Remote Usage
		Usr 0 00:00:00, Sys 0 00:00:00  -  Run Local Usage
...
003 (5308.003.000) 12/09 14:27:06 Job was checkpointed.
	Usr 0 11:59:17, Sys 0 00:00:00  -  Run Remote Usage
		Usr 0 00:00:00, Sys 0 00:00:00  -  Run Local Usage
...
003 (5308.003.000) 12/09 17:27:05 Job was checkpointed.
	Usr 0 14:59:08, Sys 0 00:00:00  -  Run Remote Usage
		Usr 0 00:00:00, Sys 0 00:00:00  -  Run Local Usage
...
003 (5308.003.000) 12/09 20:27:02 Job was checkpointed.
	Usr 0 17:58:56, Sys 0 00:00:00  -  Run Remote Usage
		Usr 0 00:00:00, Sys 0 00:00:00  -  Run Local Usage
...
003 (5308.003.000) 12/09 23:27:01 Job was checkpointed.
	Usr 0 20:58:43, Sys 0 00:00:01  -  Run Remote Usage
		Usr 0 00:00:00, Sys 0 00:00:00  -  Run Local Usage
...
003 (5308.003.000) 12/10 02:26:58 Job was checkpointed.
	Usr 0 23:58:31, Sys 0 00:00:01  -  Run Remote Usage
		Usr 0 00:00:00, Sys 0 00:00:00  -  Run Local Usage
...
004 (5308.003.000) 12/10 03:56:48 Job was evicted.
	(1) Job was checkpointed.
		Usr 1 01:28:11, Sys 0 00:00:01  -  Run Remote Usage
		Usr 0 00:00:00, Sys 0 00:00:00  -  Run Local Usage
	9746304  -  Run Bytes Sent By Job
	5610725  -  Run Bytes Received By Job
...
001 (5308.003.000) 12/10 07:24:28 Job executing on host: <192.168.203.19:37352>
...
006 (5308.003.000) 12/10 10:24:27 Image size of job updated: 11057
...
003 (5308.003.000) 12/10 10:24:28 Job was checkpointed.
	Usr 0 02:59:50, Sys 0 00:00:00  -  Run Remote Usage
		Usr 0 00:00:00, Sys 0 00:00:00  -  Run Local Usage
...
003 (5308.003.000) 12/10 13:24:31 Job was checkpointed.
	Usr 0 05:59:44, Sys 0 00:00:00  -  Run Remote Usage
		Usr 0 00:00:00, Sys 0 00:00:00  -  Run Local Usage
...
003 (5308.003.000) 12/10 16:24:34 Job was checkpointed.
	Usr 0 08:59:38, Sys 0 00:00:00  -  Run Remote Usage
		Usr 0 00:00:00, Sys 0 00:00:00  -  Run Local Usage
...
003 (5308.003.000) 12/10 19:24:35 Job was checkpointed.
	Usr 0 11:59:29, Sys 0 00:00:00  -  Run Remote Usage
		Usr 0 00:00:00, Sys 0 00:00:00  -  Run Local Usage
...
003 (5308.003.000) 12/10 22:24:36 Job was checkpointed.
	Usr 0 14:59:21, Sys 0 00:00:00  -  Run Remote Usage
		Usr 0 00:00:00, Sys 0 00:00:00  -  Run Local Usage
...
003 (5308.003.000) 12/11 01:24:36 Job was checkpointed.
	Usr 0 17:59:11, Sys 0 00:00:00  -  Run Remote Usage
		Usr 0 00:00:00, Sys 0 00:00:00  -  Run Local Usage
...
003 (5308.003.000) 12/11 04:24:36 Job was checkpointed.
	Usr 0 20:58:55, Sys 0 00:00:01  -  Run Remote Usage
		Usr 0 00:00:00, Sys 0 00:00:00  -  Run Local Usage
...
003 (5308.003.000) 12/11 07:24:37 Job was checkpointed.
	Usr 0 23:58:47, Sys 0 00:00:01  -  Run Remote Usage
		Usr 0 00:00:00, Sys 0 00:00:00  -  Run Local Usage
...
003 (5308.003.000) 12/11 10:24:38 Job was checkpointed.
	Usr 1 02:58:39, Sys 0 00:00:01  -  Run Remote Usage
		Usr 0 00:00:00, Sys 0 00:00:00  -  Run Local Usage
...
003 (5308.003.000) 12/11 13:24:43 Job was checkpointed.
	Usr 1 05:58:35, Sys 0 00:00:01  -  Run Remote Usage
		Usr 0 00:00:00, Sys 0 00:00:00  -  Run Local Usage
...
003 (5308.003.000) 12/11 16:24:47 Job was checkpointed.
	Usr 1 08:58:30, Sys 0 00:00:02  -  Run Remote Usage
		Usr 0 00:00:00, Sys 0 00:00:00  -  Run Local Usage
...
007 (5308.003.000) 12/11 18:36:02 Shadow exception!
	Unable to talk to job: Transport endpoint is not connected

	11911934  -  Run Bytes Sent By Job
	5611247  -  Run Bytes Received By Job
...
001 (5308.003.000) 12/11 18:44:25 Job executing on host: <170.140.162.75:39705>
...
006 (5308.003.000) 12/11 19:20:48 Image size of job updated: 11057
...
004 (5308.003.000) 12/11 19:20:48 Job was evicted.
	(1) Job was checkpointed.
		Usr 0 00:35:41, Sys 0 00:00:03  -  Run Remote Usage
		Usr 0 00:00:00, Sys 0 00:00:00  -  Run Local Usage
	1083208  -  Run Bytes Sent By Job
	5608765  -  Run Bytes Received By Job
...
001 (5308.003.000) 12/11 19:37:20 Job executing on host: <192.168.203.24:44663>
...
006 (5308.003.000) 12/11 22:37:22 Image size of job updated: 11057
...
003 (5308.003.000) 12/11 22:37:22 Job was checkpointed.
	Usr 0 02:59:52, Sys 0 00:00:00  -  Run Remote Usage
		Usr 0 00:00:00, Sys 0 00:00:00  -  Run Local Usage
...
003 (5308.003.000) 12/12 01:37:26 Job was checkpointed.
	Usr 0 05:59:46, Sys 0 00:00:00  -  Run Remote Usage
		Usr 0 00:00:00, Sys 0 00:00:00  -  Run Local Usage
...
003 (5308.003.000) 12/12 04:37:30 Job was checkpointed.
	Usr 0 08:59:40, Sys 0 00:00:00  -  Run Remote Usage
		Usr 0 00:00:00, Sys 0 00:00:00  -  Run Local Usage
...
003 (5308.003.000) 12/12 07:37:34 Job was checkpointed.
	Usr 0 11:59:34, Sys 0 00:00:00  -  Run Remote Usage
		Usr 0 00:00:00, Sys 0 00:00:00  -  Run Local Usage
...
003 (5308.003.000) 12/12 10:37:39 Job was checkpointed.
	Usr 0 14:59:29, Sys 0 00:00:00  -  Run Remote Usage
		Usr 0 00:00:00, Sys 0 00:00:00  -  Run Local Usage
...
003 (5308.003.000) 12/12 13:37:44 Job was checkpointed.
	Usr 0 17:59:24, Sys 0 00:00:00  -  Run Remote Usage
		Usr 0 00:00:00, Sys 0 00:00:00  -  Run Local Usage
...
003 (5308.003.000) 12/12 16:37:46 Job was checkpointed.
	Usr 0 20:59:16, Sys 0 00:00:00  -  Run Remote Usage
		Usr 0 00:00:00, Sys 0 00:00:00  -  Run Local Usage
...
003 (5308.003.000) 12/12 19:37:52 Job was checkpointed.
	Usr 0 23:59:07, Sys 0 00:00:01  -  Run Remote Usage
		Usr 0 00:00:00, Sys 0 00:00:00  -  Run Local Usage
...
003 (5308.003.000) 12/12 22:37:54 Job was checkpointed.
	Usr 1 02:58:59, Sys 0 00:00:01  -  Run Remote Usage
		Usr 0 00:00:00, Sys 0 00:00:00  -  Run Local Usage
...
003 (5308.003.000) 12/13 01:37:57 Job was checkpointed.
	Usr 1 05:58:52, Sys 0 00:00:01  -  Run Remote Usage
		Usr 0 00:00:00, Sys 0 00:00:00  -  Run Local Usage
...
003 (5308.003.000) 12/13 04:38:03 Job was checkpointed.
	Usr 1 08:58:48, Sys 0 00:00:01  -  Run Remote Usage
		Usr 0 00:00:00, Sys 0 00:00:00  -  Run Local Usage
...
003 (5308.003.000) 12/13 07:38:09 Job was checkpointed.
	Usr 1 11:58:44, Sys 0 00:00:01  -  Run Remote Usage
		Usr 0 00:00:00, Sys 0 00:00:00  -  Run Local Usage
...
003 (5308.003.000) 12/13 10:38:13 Job was checkpointed.
	Usr 1 14:58:38, Sys 0 00:00:01  -  Run Remote Usage
		Usr 0 00:00:00, Sys 0 00:00:00  -  Run Local Usage
...
003 (5308.003.000) 12/13 13:38:20 Job was checkpointed.
	Usr 1 17:58:35, Sys 0 00:00:02  -  Run Remote Usage
		Usr 0 00:00:00, Sys 0 00:00:00  -  Run Local Usage
...
003 (5308.003.000) 12/13 16:38:22 Job was checkpointed.
	Usr 1 20:58:27, Sys 0 00:00:02  -  Run Remote Usage
		Usr 0 00:00:00, Sys 0 00:00:00  -  Run Local Usage
...
003 (5308.003.000) 12/13 19:38:28 Job was checkpointed.
	Usr 1 23:58:17, Sys 0 00:00:02  -  Run Remote Usage
		Usr 0 00:00:00, Sys 0 00:00:00  -  Run Local Usage
...
003 (5308.003.000) 12/13 22:38:33 Job was checkpointed.
	Usr 2 02:58:12, Sys 0 00:00:02  -  Run Remote Usage
		Usr 0 00:00:00, Sys 0 00:00:00  -  Run Local Usage
...
003 (5308.003.000) 12/14 01:38:37 Job was checkpointed.
	Usr 2 05:58:06, Sys 0 00:00:03  -  Run Remote Usage
		Usr 0 00:00:00, Sys 0 00:00:00  -  Run Local Usage
...
003 (5308.003.000) 12/14 04:38:40 Job was checkpointed.
	Usr 2 08:57:59, Sys 0 00:00:03  -  Run Remote Usage
		Usr 0 00:00:00, Sys 0 00:00:00  -  Run Local Usage
...
003 (5308.003.000) 12/14 07:38:43 Job was checkpointed.
	Usr 2 11:57:52, Sys 0 00:00:03  -  Run Remote Usage
		Usr 0 00:00:00, Sys 0 00:00:00  -  Run Local Usage
...
003 (5308.003.000) 12/14 10:38:48 Job was checkpointed.
	Usr 2 14:57:47, Sys 0 00:00:03  -  Run Remote Usage
		Usr 0 00:00:00, Sys 0 00:00:00  -  Run Local Usage
...
003 (5308.003.000) 12/14 13:38:55 Job was checkpointed.
	Usr 2 17:57:43, Sys 0 00:00:03  -  Run Remote Usage
		Usr 0 00:00:00, Sys 0 00:00:00  -  Run Local Usage
...
003 (5308.003.000) 12/14 16:38:59 Job was checkpointed.
	Usr 2 20:57:38, Sys 0 00:00:03  -  Run Remote Usage
		Usr 0 00:00:00, Sys 0 00:00:00  -  Run Local Usage
...
003 (5308.003.000) 12/14 19:39:03 Job was checkpointed.
	Usr 2 23:57:26, Sys 0 00:00:04  -  Run Remote Usage
		Usr 0 00:00:00, Sys 0 00:00:00  -  Run Local Usage
...
003 (5308.003.000) 12/14 22:39:07 Job was checkpointed.
	Usr 3 02:57:19, Sys 0 00:00:04  -  Run Remote Usage
		Usr 0 00:00:00, Sys 0 00:00:00  -  Run Local Usage
...
003 (5308.003.000) 12/15 01:39:08 Job was checkpointed.
	Usr 3 05:57:11, Sys 0 00:00:04  -  Run Remote Usage
		Usr 0 00:00:00, Sys 0 00:00:00  -  Run Local Usage
...
003 (5308.003.000) 12/15 04:39:13 Job was checkpointed.
	Usr 3 08:57:06, Sys 0 00:00:04  -  Run Remote Usage
		Usr 0 00:00:00, Sys 0 00:00:00  -  Run Local Usage
...
003 (5308.003.000) 12/15 07:39:17 Job was checkpointed.
	Usr 3 11:57:00, Sys 0 00:00:04  -  Run Remote Usage
		Usr 0 00:00:00, Sys 0 00:00:00  -  Run Local Usage
...
003 (5308.003.000) 12/15 10:39:22 Job was checkpointed.
	Usr 3 14:56:55, Sys 0 00:00:04  -  Run Remote Usage
		Usr 0 00:00:00, Sys 0 00:00:00  -  Run Local Usage
...
003 (5308.003.000) 12/15 13:39:24 Job was checkpointed.
	Usr 3 17:56:47, Sys 0 00:00:04  -  Run Remote Usage
		Usr 0 00:00:00, Sys 0 00:00:00  -  Run Local Usage
...
003 (5308.003.000) 12/15 16:39:29 Job was checkpointed.
	Usr 3 20:56:42, Sys 0 00:00:05  -  Run Remote Usage
		Usr 0 00:00:00, Sys 0 00:00:00  -  Run Local Usage
...
003 (5308.003.000) 12/15 19:39:34 Job was checkpointed.
	Usr 3 23:56:26, Sys 0 00:00:05  -  Run Remote Usage
		Usr 0 00:00:00, Sys 0 00:00:00  -  Run Local Usage
...
003 (5308.003.000) 12/15 22:39:37 Job was checkpointed.
	Usr 4 02:56:19, Sys 0 00:00:06  -  Run Remote Usage
		Usr 0 00:00:00, Sys 0 00:00:00  -  Run Local Usage
...
003 (5308.003.000) 12/16 01:39:42 Job was checkpointed.
	Usr 4 05:56:14, Sys 0 00:00:06  -  Run Remote Usage
		Usr 0 00:00:00, Sys 0 00:00:00  -  Run Local Usage
...
003 (5308.003.000) 12/16 04:39:46 Job was checkpointed.
	Usr 4 08:56:07, Sys 0 00:00:06  -  Run Remote Usage
		Usr 0 00:00:00, Sys 0 00:00:00  -  Run Local Usage
...
003 (5308.003.000) 12/16 07:39:49 Job was checkpointed.
	Usr 4 11:56:00, Sys 0 00:00:06  -  Run Remote Usage
		Usr 0 00:00:00, Sys 0 00:00:00  -  Run Local Usage
...
003 (5308.003.000) 12/16 10:39:52 Job was checkpointed.
	Usr 4 14:55:53, Sys 0 00:00:06  -  Run Remote Usage
		Usr 0 00:00:00, Sys 0 00:00:00  -  Run Local Usage
...
003 (5308.003.000) 12/16 13:39:58 Job was checkpointed.
	Usr 4 17:55:50, Sys 0 00:00:06  -  Run Remote Usage
		Usr 0 00:00:00, Sys 0 00:00:00  -  Run Local Usage
...
003 (5308.003.000) 12/16 16:40:01 Job was checkpointed.
	Usr 4 20:55:42, Sys 0 00:00:06  -  Run Remote Usage
		Usr 0 00:00:00, Sys 0 00:00:01  -  Run Local Usage
...
003 (5308.003.000) 12/16 19:40:05 Job was checkpointed.
	Usr 4 23:55:31, Sys 0 00:00:07  -  Run Remote Usage
		Usr 0 00:00:00, Sys 0 00:00:01  -  Run Local Usage
...
003 (5308.003.000) 12/16 22:40:09 Job was checkpointed.
	Usr 5 02:55:25, Sys 0 00:00:07  -  Run Remote Usage
		Usr 0 00:00:00, Sys 0 00:00:01  -  Run Local Usage
...
003 (5308.003.000) 12/17 01:40:15 Job was checkpointed.
	Usr 5 05:55:21, Sys 0 00:00:07  -  Run Remote Usage
		Usr 0 00:00:00, Sys 0 00:00:01  -  Run Local Usage
...
003 (5308.003.000) 12/17 04:40:18 Job was checkpointed.
	Usr 5 08:55:14, Sys 0 00:00:07  -  Run Remote Usage
		Usr 0 00:00:00, Sys 0 00:00:01  -  Run Local Usage
...
003 (5308.003.000) 12/17 07:40:25 Job was checkpointed.
	Usr 5 11:55:11, Sys 0 00:00:07  -  Run Remote Usage
		Usr 0 00:00:00, Sys 0 00:00:01  -  Run Local Usage
...
003 (5308.003.000) 12/17 10:40:28 Job was checkpointed.
	Usr 5 14:55:05, Sys 0 00:00:07  -  Run Remote Usage
		Usr 0 00:00:00, Sys 0 00:00:01  -  Run Local Usage
...
003 (5308.003.000) 12/17 13:40:31 Job was checkpointed.
	Usr 5 17:54:57, Sys 0 00:00:07  -  Run Remote Usage
		Usr 0 00:00:00, Sys 0 00:00:01  -  Run Local Usage
...
003 (5308.003.000) 12/17 16:40:33 Job was checkpointed.
	Usr 5 20:54:50, Sys 0 00:00:08  -  Run Remote Usage
		Usr 0 00:00:00, Sys 0 00:00:01  -  Run Local Usage
...
003 (5308.003.000) 12/17 19:40:37 Job was checkpointed.
	Usr 5 23:54:38, Sys 0 00:00:08  -  Run Remote Usage
		Usr 0 00:00:00, Sys 0 00:00:01  -  Run Local Usage
...
003 (5308.003.000) 12/17 22:40:40 Job was checkpointed.
	Usr 6 02:54:31, Sys 0 00:00:08  -  Run Remote Usage
		Usr 0 00:00:00, Sys 0 00:00:01  -  Run Local Usage
...
003 (5308.003.000) 12/18 01:40:43 Job was checkpointed.
	Usr 6 05:54:24, Sys 0 00:00:08  -  Run Remote Usage
		Usr 0 00:00:00, Sys 0 00:00:01  -  Run Local Usage
...
003 (5308.003.000) 12/18 04:40:46 Job was checkpointed.
	Usr 6 08:54:16, Sys 0 00:00:09  -  Run Remote Usage
		Usr 0 00:00:00, Sys 0 00:00:01  -  Run Local Usage
...
003 (5308.003.000) 12/18 07:40:50 Job was checkpointed.
	Usr 6 11:54:11, Sys 0 00:00:09  -  Run Remote Usage
		Usr 0 00:00:00, Sys 0 00:00:01  -  Run Local Usage
...
003 (5308.003.000) 12/18 10:40:53 Job was checkpointed.
	Usr 6 14:54:04, Sys 0 00:00:09  -  Run Remote Usage
		Usr 0 00:00:00, Sys 0 00:00:01  -  Run Local Usage
...
003 (5308.003.000) 12/18 13:40:58 Job was checkpointed.
	Usr 6 17:53:59, Sys 0 00:00:09  -  Run Remote Usage
		Usr 0 00:00:00, Sys 0 00:00:01  -  Run Local Usage
...
003 (5308.003.000) 12/18 16:41:04 Job was checkpointed.
	Usr 6 20:53:55, Sys 0 00:00:09  -  Run Remote Usage
		Usr 0 00:00:00, Sys 0 00:00:01  -  Run Local Usage
...
003 (5308.003.000) 12/18 19:41:10 Job was checkpointed.
	Usr 6 23:53:45, Sys 0 00:00:10  -  Run Remote Usage
		Usr 0 00:00:00, Sys 0 00:00:01  -  Run Local Usage
...
003 (5308.003.000) 12/18 22:41:13 Job was checkpointed.
	Usr 7 02:53:38, Sys 0 00:00:10  -  Run Remote Usage
		Usr 0 00:00:00, Sys 0 00:00:01  -  Run Local Usage
...
003 (5308.003.000) 12/19 01:41:17 Job was checkpointed.
	Usr 7 05:53:33, Sys 0 00:00:10  -  Run Remote Usage
		Usr 0 00:00:00, Sys 0 00:00:01  -  Run Local Usage
...
003 (5308.003.000) 12/19 04:41:23 Job was checkpointed.
	Usr 7 08:53:28, Sys 0 00:00:10  -  Run Remote Usage
		Usr 0 00:00:00, Sys 0 00:00:01  -  Run Local Usage
...
003 (5308.003.000) 12/19 07:41:26 Job was checkpointed.
	Usr 7 11:53:22, Sys 0 00:00:10  -  Run Remote Usage
		Usr 0 00:00:00, Sys 0 00:00:01  -  Run Local Usage
...
003 (5308.003.000) 12/19 10:41:29 Job was checkpointed.
	Usr 7 14:53:14, Sys 0 00:00:10  -  Run Remote Usage
		Usr 0 00:00:00, Sys 0 00:00:01  -  Run Local Usage
...
003 (5308.003.000) 12/19 13:41:32 Job was checkpointed.
	Usr 7 17:53:07, Sys 0 00:00:10  -  Run Remote Usage
		Usr 0 00:00:00, Sys 0 00:00:01  -  Run Local Usage
...
003 (5308.003.000) 12/19 16:41:33 Job was checkpointed.
	Usr 7 20:52:59, Sys 0 00:00:10  -  Run Remote Usage
		Usr 0 00:00:00, Sys 0 00:00:01  -  Run Local Usage
...
003 (5308.003.000) 12/19 19:41:37 Job was checkpointed.
	Usr 7 23:52:46, Sys 0 00:00:11  -  Run Remote Usage
		Usr 0 00:00:00, Sys 0 00:00:01  -  Run Local Usage
...
003 (5308.003.000) 12/19 22:41:43 Job was checkpointed.
	Usr 8 02:52:42, Sys 0 00:00:11  -  Run Remote Usage
		Usr 0 00:00:00, Sys 0 00:00:01  -  Run Local Usage
...
003 (5308.003.000) 12/20 01:41:45 Job was checkpointed.
	Usr 8 05:52:34, Sys 0 00:00:11  -  Run Remote Usage
		Usr 0 00:00:00, Sys 0 00:00:01  -  Run Local Usage
...
003 (5308.003.000) 12/20 04:41:49 Job was checkpointed.
	Usr 8 08:52:28, Sys 0 00:00:11  -  Run Remote Usage
		Usr 0 00:00:00, Sys 0 00:00:01  -  Run Local Usage
...
003 (5308.003.000) 12/20 07:41:52 Job was checkpointed.
	Usr 8 11:52:21, Sys 0 00:00:12  -  Run Remote Usage
		Usr 0 00:00:00, Sys 0 00:00:01  -  Run Local Usage
...
003 (5308.003.000) 12/20 10:41:55 Job was checkpointed.
	Usr 8 14:52:14, Sys 0 00:00:12  -  Run Remote Usage
		Usr 0 00:00:00, Sys 0 00:00:01  -  Run Local Usage
...
003 (5308.003.000) 12/20 13:41:58 Job was checkpointed.
	Usr 8 17:52:07, Sys 0 00:00:12  -  Run Remote Usage
		Usr 0 00:00:00, Sys 0 00:00:01  -  Run Local Usage
...
003 (5308.003.000) 12/20 16:42:05 Job was checkpointed.
	Usr 8 20:52:04, Sys 0 00:00:12  -  Run Remote Usage
		Usr 0 00:00:00, Sys 0 00:00:01  -  Run Local Usage
...
003 (5308.003.000) 12/20 19:42:10 Job was checkpointed.
	Usr 8 23:51:54, Sys 0 00:00:12  -  Run Remote Usage
		Usr 0 00:00:00, Sys 0 00:00:01  -  Run Local Usage
...
003 (5308.003.000) 12/20 22:42:13 Job was checkpointed.
	Usr 9 02:51:46, Sys 0 00:00:13  -  Run Remote Usage
		Usr 0 00:00:00, Sys 0 00:00:01  -  Run Local Usage
...
003 (5308.003.000) 12/21 01:42:18 Job was checkpointed.
	Usr 9 05:51:42, Sys 0 00:00:13  -  Run Remote Usage
		Usr 0 00:00:00, Sys 0 00:00:01  -  Run Local Usage
...
003 (5308.003.000) 12/21 04:42:21 Job was checkpointed.
	Usr 9 08:51:34, Sys 0 00:00:13  -  Run Remote Usage
		Usr 0 00:00:00, Sys 0 00:00:01  -  Run Local Usage
...
003 (5308.003.000) 12/21 07:42:23 Job was checkpointed.
	Usr 9 11:51:26, Sys 0 00:00:13  -  Run Remote Usage
		Usr 0 00:00:00, Sys 0 00:00:02  -  Run Local Usage
...
003 (5308.003.000) 12/21 10:42:30 Job was checkpointed.
	Usr 9 14:51:22, Sys 0 00:00:13  -  Run Remote Usage
		Usr 0 00:00:00, Sys 0 00:00:02  -  Run Local Usage
...
003 (5308.003.000) 12/21 13:42:33 Job was checkpointed.
	Usr 9 17:51:15, Sys 0 00:00:13  -  Run Remote Usage
		Usr 0 00:00:00, Sys 0 00:00:02  -  Run Local Usage
...
003 (5308.003.000) 12/21 16:42:37 Job was checkpointed.
	Usr 9 20:51:10, Sys 0 00:00:13  -  Run Remote Usage
		Usr 0 00:00:00, Sys 0 00:00:02  -  Run Local Usage
...
003 (5308.003.000) 12/21 19:42:41 Job was checkpointed.
	Usr 9 23:50:58, Sys 0 00:00:14  -  Run Remote Usage
		Usr 0 00:00:00, Sys 0 00:00:02  -  Run Local Usage
...
003 (5308.003.000) 12/21 22:42:45 Job was checkpointed.
	Usr 10 02:50:51, Sys 0 00:00:14  -  Run Remote Usage
		Usr 0 00:00:00, Sys 0 00:00:02  -  Run Local Usage
...
003 (5308.003.000) 12/22 01:42:51 Job was checkpointed.
	Usr 10 05:50:47, Sys 0 00:00:14  -  Run Remote Usage
		Usr 0 00:00:00, Sys 0 00:00:02  -  Run Local Usage
...
003 (5308.003.000) 12/22 04:42:57 Job was checkpointed.
	Usr 10 08:50:44, Sys 0 00:00:14  -  Run Remote Usage
		Usr 0 00:00:00, Sys 0 00:00:02  -  Run Local Usage
...
003 (5308.003.000) 12/22 07:43:00 Job was checkpointed.
	Usr 10 11:50:36, Sys 0 00:00:14  -  Run Remote Usage
		Usr 0 00:00:00, Sys 0 00:00:02  -  Run Local Usage
...
003 (5308.003.000) 12/22 10:43:02 Job was checkpointed.
	Usr 10 14:50:28, Sys 0 00:00:15  -  Run Remote Usage
		Usr 0 00:00:00, Sys 0 00:00:02  -  Run Local Usage
...
003 (5308.003.000) 12/22 13:43:07 Job was checkpointed.
	Usr 10 17:50:23, Sys 0 00:00:15  -  Run Remote Usage
		Usr 0 00:00:00, Sys 0 00:00:02  -  Run Local Usage
...
003 (5308.003.000) 12/22 16:43:12 Job was checkpointed.
	Usr 10 20:50:18, Sys 0 00:00:15  -  Run Remote Usage
		Usr 0 00:00:00, Sys 0 00:00:02  -  Run Local Usage
...
003 (5308.003.000) 12/22 19:43:15 Job was checkpointed.
	Usr 10 23:50:00, Sys 0 00:00:16  -  Run Remote Usage
		Usr 0 00:00:00, Sys 0 00:00:02  -  Run Local Usage
...
003 (5308.003.000) 12/22 22:43:17 Job was checkpointed.
	Usr 11 02:49:52, Sys 0 00:00:16  -  Run Remote Usage
		Usr 0 00:00:00, Sys 0 00:00:02  -  Run Local Usage
...
003 (5308.003.000) 12/23 01:43:23 Job was checkpointed.
	Usr 11 05:49:48, Sys 0 00:00:16  -  Run Remote Usage
		Usr 0 00:00:00, Sys 0 00:00:02  -  Run Local Usage
...
003 (5308.003.000) 12/23 04:43:28 Job was checkpointed.
	Usr 11 08:49:43, Sys 0 00:00:16  -  Run Remote Usage
		Usr 0 00:00:00, Sys 0 00:00:02  -  Run Local Usage
...
003 (5308.003.000) 12/23 07:43:34 Job was checkpointed.
	Usr 11 11:49:39, Sys 0 00:00:16  -  Run Remote Usage
		Usr 0 00:00:00, Sys 0 00:00:02  -  Run Local Usage
...
003 (5308.003.000) 12/23 10:43:38 Job was checkpointed.
	Usr 11 14:49:34, Sys 0 00:00:16  -  Run Remote Usage
		Usr 0 00:00:00, Sys 0 00:00:02  -  Run Local Usage
...
003 (5308.003.000) 12/23 13:43:45 Job was checkpointed.
	Usr 11 17:49:30, Sys 0 00:00:16  -  Run Remote Usage
		Usr 0 00:00:00, Sys 0 00:00:02  -  Run Local Usage
...
003 (5308.003.000) 12/23 16:43:46 Job was checkpointed.
	Usr 11 20:49:22, Sys 0 00:00:17  -  Run Remote Usage
		Usr 0 00:00:00, Sys 0 00:00:02  -  Run Local Usage
...
003 (5308.003.000) 12/23 19:43:53 Job was checkpointed.
	Usr 11 23:49:13, Sys 0 00:00:17  -  Run Remote Usage
		Usr 0 00:00:00, Sys 0 00:00:02  -  Run Local Usage
...
003 (5308.003.000) 12/23 22:43:55 Job was checkpointed.
	Usr 12 02:49:05, Sys 0 00:00:17  -  Run Remote Usage
		Usr 0 00:00:00, Sys 0 00:00:02  -  Run Local Usage
...
003 (5308.003.000) 12/24 01:44:00 Job was checkpointed.
	Usr 12 05:48:59, Sys 0 00:00:17  -  Run Remote Usage
		Usr 0 00:00:00, Sys 0 00:00:02  -  Run Local Usage
...
003 (5308.003.000) 12/24 04:44:01 Job was checkpointed.
	Usr 12 08:48:51, Sys 0 00:00:17  -  Run Remote Usage
		Usr 0 00:00:00, Sys 0 00:00:02  -  Run Local Usage
...
003 (5308.003.000) 12/24 07:44:07 Job was checkpointed.
	Usr 12 11:48:47, Sys 0 00:00:18  -  Run Remote Usage
		Usr 0 00:00:00, Sys 0 00:00:02  -  Run Local Usage
...
003 (5308.003.000) 12/24 10:44:10 Job was checkpointed.
	Usr 12 14:48:40, Sys 0 00:00:18  -  Run Remote Usage
		Usr 0 00:00:00, Sys 0 00:00:02  -  Run Local Usage
...
003 (5308.003.000) 12/24 13:44:16 Job was checkpointed.
	Usr 12 17:48:35, Sys 0 00:00:18  -  Run Remote Usage
		Usr 0 00:00:00, Sys 0 00:00:02  -  Run Local Usage
...
003 (5308.003.000) 12/24 16:44:18 Job was checkpointed.
	Usr 12 20:48:28, Sys 0 00:00:18  -  Run Remote Usage
		Usr 0 00:00:00, Sys 0 00:00:02  -  Run Local Usage
...
003 (5308.003.000) 12/24 19:44:24 Job was checkpointed.
	Usr 12 23:48:18, Sys 0 00:00:18  -  Run Remote Usage
		Usr 0 00:00:00, Sys 0 00:00:02  -  Run Local Usage
...
003 (5308.003.000) 12/24 22:44:29 Job was checkpointed.
	Usr 13 02:48:12, Sys 0 00:00:19  -  Run Remote Usage
		Usr 0 00:00:00, Sys 0 00:00:02  -  Run Local Usage
...
003 (5308.003.000) 12/25 01:44:32 Job was checkpointed.
	Usr 13 05:48:06, Sys 0 00:00:19  -  Run Remote Usage
		Usr 0 00:00:00, Sys 0 00:00:02  -  Run Local Usage
...
003 (5308.003.000) 12/25 04:44:36 Job was checkpointed.
	Usr 13 08:47:59, Sys 0 00:00:19  -  Run Remote Usage
		Usr 0 00:00:00, Sys 0 00:00:02  -  Run Local Usage
...
003 (5308.003.000) 12/25 07:44:42 Job was checkpointed.
	Usr 13 11:47:56, Sys 0 00:00:19  -  Run Remote Usage
		Usr 0 00:00:00, Sys 0 00:00:02  -  Run Local Usage
...
003 (5308.003.000) 12/25 10:44:48 Job was checkpointed.
	Usr 13 14:47:51, Sys 0 00:00:19  -  Run Remote Usage
		Usr 0 00:00:00, Sys 0 00:00:02  -  Run Local Usage
...
003 (5308.003.000) 12/25 13:44:53 Job was checkpointed.
	Usr 13 17:47:47, Sys 0 00:00:19  -  Run Remote Usage
		Usr 0 00:00:00, Sys 0 00:00:02  -  Run Local Usage
...
003 (5308.003.000) 12/25 16:44:59 Job was checkpointed.
	Usr 13 20:47:43, Sys 0 00:00:19  -  Run Remote Usage
		Usr 0 00:00:00, Sys 0 00:00:02  -  Run Local Usage
...
003 (5308.003.000) 12/25 19:45:04 Job was checkpointed.
	Usr 13 23:47:32, Sys 0 00:00:20  -  Run Remote Usage
		Usr 0 00:00:00, Sys 0 00:00:02  -  Run Local Usage
...
003 (5308.003.000) 12/25 22:45:10 Job was checkpointed.
	Usr 14 02:47:28, Sys 0 00:00:20  -  Run Remote Usage
		Usr 0 00:00:00, Sys 0 00:00:02  -  Run Local Usage
...
003 (5308.003.000) 12/26 01:45:13 Job was checkpointed.
	Usr 14 05:47:21, Sys 0 00:00:20  -  Run Remote Usage
		Usr 0 00:00:00, Sys 0 00:00:02  -  Run Local Usage
...
003 (5308.003.000) 12/26 04:45:17 Job was checkpointed.
	Usr 14 08:47:15, Sys 0 00:00:20  -  Run Remote Usage
		Usr 0 00:00:00, Sys 0 00:00:03  -  Run Local Usage
...
003 (5308.003.000) 12/26 07:45:19 Job was checkpointed.
	Usr 14 11:47:07, Sys 0 00:00:21  -  Run Remote Usage
		Usr 0 00:00:00, Sys 0 00:00:03  -  Run Local Usage
...
003 (5308.003.000) 12/26 10:45:26 Job was checkpointed.
	Usr 14 14:47:04, Sys 0 00:00:21  -  Run Remote Usage
		Usr 0 00:00:00, Sys 0 00:00:03  -  Run Local Usage
...
003 (5308.003.000) 12/26 13:45:32 Job was checkpointed.
	Usr 14 17:47:01, Sys 0 00:00:21  -  Run Remote Usage
		Usr 0 00:00:00, Sys 0 00:00:03  -  Run Local Usage
...
003 (5308.003.000) 12/26 16:45:36 Job was checkpointed.
	Usr 14 20:46:54, Sys 0 00:00:21  -  Run Remote Usage
		Usr 0 00:00:00, Sys 0 00:00:03  -  Run Local Usage
...
003 (5308.003.000) 12/26 19:45:39 Job was checkpointed.
	Usr 14 23:46:42, Sys 0 00:00:22  -  Run Remote Usage
		Usr 0 00:00:00, Sys 0 00:00:03  -  Run Local Usage
...
003 (5308.003.000) 12/26 22:45:45 Job was checkpointed.
	Usr 15 02:46:38, Sys 0 00:00:22  -  Run Remote Usage
		Usr 0 00:00:00, Sys 0 00:00:03  -  Run Local Usage
...
003 (5308.003.000) 12/27 01:45:49 Job was checkpointed.
	Usr 15 05:46:31, Sys 0 00:00:22  -  Run Remote Usage
		Usr 0 00:00:00, Sys 0 00:00:03  -  Run Local Usage
...
003 (5308.003.000) 12/27 04:45:52 Job was checkpointed.
	Usr 15 08:46:24, Sys 0 00:00:22  -  Run Remote Usage
		Usr 0 00:00:00, Sys 0 00:00:03  -  Run Local Usage
...
003 (5308.003.000) 12/27 07:45:56 Job was checkpointed.
	Usr 15 11:46:19, Sys 0 00:00:22  -  Run Remote Usage
		Usr 0 00:00:00, Sys 0 00:00:03  -  Run Local Usage
...
003 (5308.003.000) 12/27 10:46:00 Job was checkpointed.
	Usr 15 14:46:13, Sys 0 00:00:22  -  Run Remote Usage
		Usr 0 00:00:00, Sys 0 00:00:03  -  Run Local Usage
...
003 (5308.003.000) 12/27 13:46:02 Job was checkpointed.
	Usr 15 17:46:05, Sys 0 00:00:22  -  Run Remote Usage
		Usr 0 00:00:00, Sys 0 00:00:03  -  Run Local Usage
...
003 (5308.003.000) 12/27 16:46:06 Job was checkpointed.
	Usr 15 20:46:00, Sys 0 00:00:22  -  Run Remote Usage
		Usr 0 00:00:00, Sys 0 00:00:03  -  Run Local Usage
...
003 (5308.003.000) 12/27 19:46:09 Job was checkpointed.
	Usr 15 23:45:47, Sys 0 00:00:23  -  Run Remote Usage
		Usr 0 00:00:00, Sys 0 00:00:03  -  Run Local Usage
...
003 (5308.003.000) 12/27 22:46:12 Job was checkpointed.
	Usr 16 02:45:39, Sys 0 00:00:23  -  Run Remote Usage
		Usr 0 00:00:00, Sys 0 00:00:03  -  Run Local Usage
...
003 (5308.003.000) 12/28 01:46:15 Job was checkpointed.
	Usr 16 05:45:33, Sys 0 00:00:23  -  Run Remote Usage
		Usr 0 00:00:00, Sys 0 00:00:03  -  Run Local Usage
...
003 (5308.003.000) 12/28 04:46:18 Job was checkpointed.
	Usr 16 08:45:26, Sys 0 00:00:23  -  Run Remote Usage
		Usr 0 00:00:00, Sys 0 00:00:03  -  Run Local Usage
...
003 (5308.003.000) 12/28 07:46:21 Job was checkpointed.
	Usr 16 11:45:19, Sys 0 00:00:23  -  Run Remote Usage
		Usr 0 00:00:00, Sys 0 00:00:03  -  Run Local Usage
...
003 (5308.003.000) 12/28 10:46:27 Job was checkpointed.
	Usr 16 14:45:15, Sys 0 00:00:24  -  Run Remote Usage
		Usr 0 00:00:00, Sys 0 00:00:03  -  Run Local Usage
...
003 (5308.003.000) 12/28 13:46:32 Job was checkpointed.
	Usr 16 17:45:10, Sys 0 00:00:24  -  Run Remote Usage
		Usr 0 00:00:00, Sys 0 00:00:03  -  Run Local Usage
...
003 (5308.003.000) 12/28 16:46:37 Job was checkpointed.
	Usr 16 20:45:05, Sys 0 00:00:24  -  Run Remote Usage
		Usr 0 00:00:00, Sys 0 00:00:03  -  Run Local Usage
...
003 (5308.003.000) 12/28 19:46:39 Job was checkpointed.
	Usr 16 23:44:52, Sys 0 00:00:24  -  Run Remote Usage
		Usr 0 00:00:00, Sys 0 00:00:03  -  Run Local Usage
...
003 (5308.003.000) 12/28 22:46:45 Job was checkpointed.
	Usr 17 02:44:47, Sys 0 00:00:25  -  Run Remote Usage
		Usr 0 00:00:00, Sys 0 00:00:03  -  Run Local Usage
...
003 (5308.003.000) 12/29 01:46:48 Job was checkpointed.
	Usr 17 05:44:40, Sys 0 00:00:25  -  Run Remote Usage
		Usr 0 00:00:00, Sys 0 00:00:03  -  Run Local Usage
...
