000 (5305.000.000) 11/07 11:47:56 Job submitted from host: <170.140.162.75:51408>
...
001 (5305.000.000) 11/07 11:55:04 Job executing on host: <192.168.203.9:60425>
...
005 (5305.000.000) 11/07 11:55:10 Job terminated.
	(1) Normal termination (return value 0)
		Usr 0 00:00:05, Sys 0 00:00:00  -  Run Remote Usage
		Usr 0 00:00:00, Sys 0 00:00:00  -  Run Local Usage
		Usr 0 00:00:05, Sys 0 00:00:00  -  Total Remote Usage
		Usr 0 00:00:00, Sys 0 00:00:00  -  Total Local Usage
	3985  -  Run Bytes Sent By Job
	4526629  -  Run Bytes Received By Job
	3985  -  Total Bytes Sent By Job
	4526629  -  Total Bytes Received By Job
...
000 (5308.000.000) 11/09 11:36:41 Job submitted from host: <170.140.162.75:51408>
...
001 (5308.000.000) 11/09 11:40:01 Job executing on host: <192.168.203.7:42838>
...
005 (5308.000.000) 11/09 13:36:48 Job terminated.
	(1) Normal termination (return value 0)
		Usr 0 01:56:43, Sys 0 00:00:00  -  Run Remote Usage
		Usr 0 00:00:00, Sys 0 00:00:00  -  Run Local Usage
		Usr 0 01:56:43, Sys 0 00:00:00  -  Total Remote Usage
		Usr 0 00:00:00, Sys 0 00:00:00  -  Total Local Usage
	30444  -  Run Bytes Sent By Job
	4526629  -  Run Bytes Received By Job
	30444  -  Total Bytes Sent By Job
	4526629  -  Total Bytes Received By Job
...
