
    ************ HN3 AF Ising Wang Landau Running ************ 

      argc: 9
      condor_exec.5305.6 -k 9 -n 0 -f 80 -s 19872 

 L=512; Flatness=0.800000;

 CurrentEnergy Correct = 158 
 CurrentEnergy Correct = -40 
 CurrentEnergy Correct = -84 
 Realloc Done
 After Initial Steps 4.72e+07, StatesLength = 934, MinEnergy = -594
 Quick_Sort Done 
 After sort, CurrentEnergy Correct = 232 
 After sort, CurrentEnergy Correct = 558 
 After sort, CurrentEnergy Correct = 620 
 logf=5.0e-01; Sweeps=1.7e+05; [minH,meanH,maxH]=[8.6e+04, 9.0e+04, 9.1e+04]
 logf=2.5e-01; Sweeps=2.0e+05; [minH,meanH,maxH]=[1.8e+04, 1.8e+04, 2.3e+04]
 logf=1.2e-01; Sweeps=2.7e+05; [minH,meanH,maxH]=[4.0e+04, 4.1e+04, 4.7e+04]
 logf=6.2e-02; Sweeps=3.2e+05; [minH,meanH,maxH]=[2.3e+04, 2.4e+04, 2.6e+04]
 New State: -596: coming; StatesLength 935
 New State: -596 added to list; Min State: -596; CurrentState = -596
 

 logf=2.5e-01; Sweeps=6.7e+05; [minH,meanH,maxH]=[1.0e+05, 1.2e+05, 1.5e+05]
 logf=1.2e-01; Sweeps=8.6e+05; [minH,meanH,maxH]=[1.1e+05, 1.1e+05, 1.4e+05]
 logf=6.2e-02; Sweeps=1.5e+06; [minH,meanH,maxH]=[3.7e+05, 3.7e+05, 3.9e+05]
 logf=3.1e-02; Sweeps=1.8e+06; [minH,meanH,maxH]=[1.3e+05, 1.3e+05, 1.3e+05]
 logf=1.6e-02; Sweeps=2.7e+06; [minH,meanH,maxH]=[4.9e+05, 4.9e+05, 4.9e+05]
 logf=7.8e-03; Sweeps=3.0e+06; [minH,meanH,maxH]=[2.1e+05, 2.1e+05, 2.1e+05]
 logf=3.9e-03; Sweeps=3.1e+06; [minH,meanH,maxH]=[2.2e+04, 2.2e+04, 2.4e+04]
 logf=2.0e-03; Sweeps=3.2e+06; [minH,meanH,maxH]=[9.1e+04, 9.2e+04, 9.5e+04]
 logf=9.8e-04; Sweeps=3.3e+06; [minH,meanH,maxH]=[1.3e+04, 1.4e+04, 1.6e+04]
 logf=4.9e-04; Sweeps=3.3e+06; [minH,meanH,maxH]=[2.8e+04, 3.1e+04, 3.7e+04]
 logf=2.4e-04; Sweeps=3.4e+06; [minH,meanH,maxH]=[2.7e+04, 3.3e+04, 3.6e+04]
 logf=1.2e-04; Sweeps=3.4e+06; [minH,meanH,maxH]=[2.1e+04, 2.7e+04, 3.1e+04]
 logf=6.1e-05; Sweeps=3.5e+06; [minH,meanH,maxH]=[5.3e+04, 6.1e+04, 7.4e+04]
 logf=3.1e-05; Sweeps=3.7e+06; [minH,meanH,maxH]=[7.8e+04, 9.3e+04, 9.9e+04]
 logf=1.5e-05; Sweeps=3.9e+06; [minH,meanH,maxH]=[6.7e+04, 7.5e+04, 9.2e+04]
 logf=7.6e-06; Sweeps=4.0e+06; [minH,meanH,maxH]=[5.5e+04, 6.5e+04, 7.9e+04]
 logf=3.8e-06; Sweeps=4.1e+06; [minH,meanH,maxH]=[3.7e+04, 4.3e+04, 5.3e+04]
 logf=1.9e-06; Sweeps=5.7e+06; [minH,meanH,maxH]=[7.2e+05, 9.0e+05, 9.5e+05]
 logf=9.5e-07; Sweeps=5.8e+06; [minH,meanH,maxH]=[6.5e+04, 8.1e+04, 9.9e+04]
 logf=4.8e-07; Sweeps=6.8e+06; [minH,meanH,maxH]=[4.4e+05, 5.4e+05, 6.3e+05]
 logf=2.4e-07; Sweeps=7.1e+06; [minH,meanH,maxH]=[1.3e+05, 1.5e+05, 1.9e+05]
 logf=1.2e-07; Sweeps=7.2e+06; [minH,meanH,maxH]=[3.8e+04, 4.7e+04, 5.9e+04]
 logf=6.0e-08; Sweeps=7.8e+06; [minH,meanH,maxH]=[2.5e+05, 3.1e+05, 3.7e+05]
 logf=3.0e-08; Sweeps=8.0e+06; [minH,meanH,maxH]=[1.0e+05, 1.3e+05, 1.4e+05]
 logf=1.5e-08; Sweeps=8.5e+06; [minH,meanH,maxH]=[2.4e+05, 2.7e+05, 3.4e+05]
 logf=7.5e-09; Sweeps=9.0e+06; [minH,meanH,maxH]=[2.2e+05, 2.6e+05, 3.0e+05]

 MinState: -596; 
 MaxState: 1276; 
 States Length: 935; 
 Total MC steps: 8.9551e+06;     
 Total random steps: 4.5850e+09; 
 