
    ************ HN3 AF Ising Simulated Annealing Running ************ 

      argc: 11
      condor_exec.5298.7 -k 10 -n 110 -r 500 -i 10 -s 19878      L = 1024


      *************  Repetition 17 Iteration 7  ************ 
      Starting T=10.07; schedule = 7.81e-06; 
      Temp_now = 1.01e+01; Ending T=0.0010;
      Starting State = 2556;  StartingMag = 1024; 
      After Init, CurrentEnergy = -270;  CurrentMag = 6;
      MinStateFouend = -450; MinMagFound = -120
      After all, CurrentEnergy = -1192;  CurrentMag = 0;
      MinStateFouend = -1192; MinMagFound = -142


      *************  Repetition 74 Iteration 7  ************ 
      Starting T=10.07; schedule = 7.81e-06; 
      Temp_now = 1.01e+01; Ending T=0.0010;
      Starting State = 2556;  StartingMag = 1024; 
      After Init, CurrentEnergy = -242;  CurrentMag = -2;
      MinStateFouend = -440; MinMagFound = -112
      After all, CurrentEnergy = -1192;  CurrentMag = 0;
      MinStateFouend = -1192; MinMagFound = -148


      *************  Repetition 154 Iteration 1  ************ 
      Starting T=10.07; schedule = 5.00e-04; 
      Temp_now = 1.01e+01; Ending T=0.0010;
      Starting State = 2556;  StartingMag = 1024; 
      After Init, CurrentEnergy = -316;  CurrentMag = 16;
      MinStateFouend = -396; MinMagFound = -126
      After all, CurrentEnergy = -1192;  CurrentMag = 0;
      MinStateFouend = -1192; MinMagFound = -126


      *************  Repetition 186 Iteration 7  ************ 
      Starting T=10.07; schedule = 7.81e-06; 
      Temp_now = 1.01e+01; Ending T=0.0010;
      Starting State = 2556;  StartingMag = 1024; 
      After Init, CurrentEnergy = -156;  CurrentMag = 0;
      MinStateFouend = -416; MinMagFound = -148
      After all, CurrentEnergy = -1192;  CurrentMag = 0;
      MinStateFouend = -1192; MinMagFound = -148


      *************  Repetition 225 Iteration 7  ************ 
      Starting T=10.07; schedule = 7.81e-06; 
      Temp_now = 1.01e+01; Ending T=0.0010;
      Starting State = 2556;  StartingMag = 1024; 
      After Init, CurrentEnergy = -214;  CurrentMag = 22;
      MinStateFouend = -422; MinMagFound = -136
      After all, CurrentEnergy = -1192;  CurrentMag = 0;
      MinStateFouend = -1192; MinMagFound = -136


      *************  Repetition 244 Iteration 7  ************ 
      Starting T=10.07; schedule = 7.81e-06; 
      Temp_now = 1.01e+01; Ending T=0.0010;
      Starting State = 2556;  StartingMag = 1024; 
      After Init, CurrentEnergy = -244;  CurrentMag = -24;
      MinStateFouend = -398; MinMagFound = -128
      After all, CurrentEnergy = -1192;  CurrentMag = 0;
      MinStateFouend = -1192; MinMagFound = -140


      *************  Repetition 248 Iteration 0  ************ 
      Starting T=10.07; schedule = 1.00e-03; 
      Temp_now = 1.01e+01; Ending T=0.0010;
      Starting State = 2556;  StartingMag = 1024; 
      After Init, CurrentEnergy = -150;  CurrentMag = 10;
      MinStateFouend = -408; MinMagFound = -122
      After all, CurrentEnergy = -1186;  CurrentMag = 2;
      MinStateFouend = -1188; MinMagFound = -122


      *************  Repetition 273 Iteration 2  ************ 
      Starting T=10.07; schedule = 2.50e-04; 
      Temp_now = 1.01e+01; Ending T=0.0010;
      Starting State = 2556;  StartingMag = 1024; 
      After Init, CurrentEnergy = -246;  CurrentMag = -14;
      MinStateFouend = -430; MinMagFound = -118
      After all, CurrentEnergy = -1190;  CurrentMag = -2;
      MinStateFouend = -1190; MinMagFound = -118


      *************  Repetition 275 Iteration 5  ************ 
      Starting T=10.07; schedule = 3.13e-05; 
      Temp_now = 1.01e+01; Ending T=0.0010;
      Starting State = 2556;  StartingMag = 1024; 
      After Init, CurrentEnergy = -156;  CurrentMag = 12;
      MinStateFouend = -416; MinMagFound = -126
      After all, CurrentEnergy = -1192;  CurrentMag = 0;
      MinStateFouend = -1192; MinMagFound = -126


      *************  Repetition 301 Iteration 8  ************ 
      Starting T=10.07; schedule = 3.91e-06; 
      Temp_now = 1.01e+01; Ending T=0.0010;
      Starting State = 2556;  StartingMag = 1024; 
      After Init, CurrentEnergy = -222;  CurrentMag = 26;
      MinStateFouend = -430; MinMagFound = -120
      After all, CurrentEnergy = -1192;  CurrentMag = 0;
      MinStateFouend = -1192; MinMagFound = -150


      *************  Repetition 307 Iteration 5  ************ 
      Starting T=10.07; schedule = 3.13e-05; 
      Temp_now = 1.01e+01; Ending T=0.0010;
      Starting State = 2556;  StartingMag = 1024; 
      After Init, CurrentEnergy = -198;  CurrentMag = -54;
      MinStateFouend = -408; MinMagFound = -132
      After all, CurrentEnergy = -1192;  CurrentMag = 0;
      MinStateFouend = -1192; MinMagFound = -134


      *************  Repetition 335 Iteration 7  ************ 
      Starting T=10.07; schedule = 7.81e-06; 
      Temp_now = 1.01e+01; Ending T=0.0010;
      Starting State = 2556;  StartingMag = 1024; 
      After Init, CurrentEnergy = -278;  CurrentMag = 2;
      MinStateFouend = -434; MinMagFound = -116
      After all, CurrentEnergy = -1192;  CurrentMag = 0;
      MinStateFouend = -1192; MinMagFound = -136


      *************  Repetition 346 Iteration 8  ************ 
      Starting T=10.07; schedule = 3.91e-06; 
      Temp_now = 1.01e+01; Ending T=0.0010;
      Starting State = 2556;  StartingMag = 1024; 
      After Init, CurrentEnergy = -246;  CurrentMag = 18;
      MinStateFouend = -420; MinMagFound = -128
      After all, CurrentEnergy = -1192;  CurrentMag = 0;
      MinStateFouend = -1192; MinMagFound = -140


      *************  Repetition 419 Iteration 3  ************ 
      Starting T=10.07; schedule = 1.25e-04; 
      Temp_now = 1.01e+01; Ending T=0.0010;
      Starting State = 2556;  StartingMag = 1024; 
      After Init, CurrentEnergy = -142;  CurrentMag = -38;
      MinStateFouend = -424; MinMagFound = -116
      After all, CurrentEnergy = -1192;  CurrentMag = 0;
      MinStateFouend = -1192; MinMagFound = -116


      *************  Repetition 445 Iteration 1  ************ 
      Starting T=10.07; schedule = 5.00e-04; 
      Temp_now = 1.01e+01; Ending T=0.0010;
      Starting State = 2556;  StartingMag = 1024; 
      After Init, CurrentEnergy = -164;  CurrentMag = 4;
      MinStateFouend = -432; MinMagFound = -116
      After all, CurrentEnergy = -1186;  CurrentMag = -2;
      MinStateFouend = -1188; MinMagFound = -130


      *************  Repetition 480 Iteration 1  ************ 
      Starting T=10.07; schedule = 5.00e-04; 
      Temp_now = 1.01e+01; Ending T=0.0010;
      Starting State = 2556;  StartingMag = 1024; 
      After Init, CurrentEnergy = -272;  CurrentMag = 36;
      MinStateFouend = -428; MinMagFound = -130
      After all, CurrentEnergy = -1184;  CurrentMag = -4;
      MinStateFouend = -1188; MinMagFound = -134


      *************  Repetition 491 Iteration 3  ************ 
      Starting T=10.07; schedule = 1.25e-04; 
      Temp_now = 1.01e+01; Ending T=0.0010;
      Starting State = 2556;  StartingMag = 1024; 
      After Init, CurrentEnergy = -196;  CurrentMag = 20;
      MinStateFouend = -412; MinMagFound = -126
      After all, CurrentEnergy = -1190;  CurrentMag = 2;
      MinStateFouend = -1190; MinMagFound = -126


      *************  Repetition 495 Iteration 3  ************ 
      Starting T=10.07; schedule = 1.25e-04; 
      Temp_now = 1.01e+01; Ending T=0.0010;
      Starting State = 2556;  StartingMag = 1024; 
      After Init, CurrentEnergy = -182;  CurrentMag = -26;
      MinStateFouend = -404; MinMagFound = -124
      After all, CurrentEnergy = -1192;  CurrentMag = 0;
      MinStateFouend = -1192; MinMagFound = -126
