000 (5298.008.000) 10/28 11:34:03 Job submitted from host: <170.140.162.75:51408>
...
001 (5298.008.000) 10/28 11:34:11 Job executing on host: <192.168.203.18:44059>
...
006 (5298.008.000) 10/28 14:34:14 Image size of job updated: 11173
...
003 (5298.008.000) 10/28 14:34:14 Job was checkpointed.
	Usr 0 02:59:54, Sys 0 00:00:00  -  Run Remote Usage
		Usr 0 00:00:00, Sys 0 00:00:00  -  Run Local Usage
...
003 (5298.008.000) 10/28 17:34:13 Job was checkpointed.
	Usr 0 05:59:44, Sys 0 00:00:01  -  Run Remote Usage
		Usr 0 00:00:00, Sys 0 00:00:00  -  Run Local Usage
...
003 (5298.008.000) 10/28 20:34:16 Job was checkpointed.
	Usr 0 08:59:38, Sys 0 00:00:02  -  Run Remote Usage
		Usr 0 00:00:00, Sys 0 00:00:00  -  Run Local Usage
...
003 (5298.008.000) 10/28 23:34:17 Job was checkpointed.
	Usr 0 11:59:31, Sys 0 00:00:03  -  Run Remote Usage
		Usr 0 00:00:00, Sys 0 00:00:00  -  Run Local Usage
...
003 (5298.008.000) 10/29 02:34:19 Job was checkpointed.
	Usr 0 14:59:24, Sys 0 00:00:04  -  Run Remote Usage
		Usr 0 00:00:00, Sys 0 00:00:00  -  Run Local Usage
...
003 (5298.008.000) 10/29 05:34:20 Job was checkpointed.
	Usr 0 17:59:14, Sys 0 00:00:05  -  Run Remote Usage
		Usr 0 00:00:00, Sys 0 00:00:00  -  Run Local Usage
...
003 (5298.008.000) 10/29 08:34:21 Job was checkpointed.
	Usr 0 20:59:04, Sys 0 00:00:06  -  Run Remote Usage
		Usr 0 00:00:00, Sys 0 00:00:00  -  Run Local Usage
...
003 (5298.008.000) 10/29 11:34:22 Job was checkpointed.
	Usr 0 23:58:56, Sys 0 00:00:07  -  Run Remote Usage
		Usr 0 00:00:00, Sys 0 00:00:00  -  Run Local Usage
...
003 (5298.008.000) 10/29 14:34:25 Job was checkpointed.
	Usr 1 02:58:50, Sys 0 00:00:08  -  Run Remote Usage
		Usr 0 00:00:00, Sys 0 00:00:00  -  Run Local Usage
...
003 (5298.008.000) 10/29 17:34:26 Job was checkpointed.
	Usr 1 05:58:39, Sys 0 00:00:09  -  Run Remote Usage
		Usr 0 00:00:00, Sys 0 00:00:00  -  Run Local Usage
...
003 (5298.008.000) 10/29 20:34:28 Job was checkpointed.
	Usr 1 08:58:32, Sys 0 00:00:10  -  Run Remote Usage
		Usr 0 00:00:00, Sys 0 00:00:00  -  Run Local Usage
...
003 (5298.008.000) 10/29 23:34:30 Job was checkpointed.
	Usr 1 11:58:27, Sys 0 00:00:11  -  Run Remote Usage
		Usr 0 00:00:00, Sys 0 00:00:00  -  Run Local Usage
...
003 (5298.008.000) 10/30 02:34:31 Job was checkpointed.
	Usr 1 14:58:18, Sys 0 00:00:12  -  Run Remote Usage
		Usr 0 00:00:00, Sys 0 00:00:00  -  Run Local Usage
...
003 (5298.008.000) 10/30 05:34:35 Job was checkpointed.
	Usr 1 17:58:08, Sys 0 00:00:13  -  Run Remote Usage
		Usr 0 00:00:00, Sys 0 00:00:00  -  Run Local Usage
...
003 (5298.008.000) 10/30 08:34:36 Job was checkpointed.
	Usr 1 20:57:59, Sys 0 00:00:14  -  Run Remote Usage
		Usr 0 00:00:00, Sys 0 00:00:00  -  Run Local Usage
...
003 (5298.008.000) 10/30 11:34:39 Job was checkpointed.
	Usr 1 23:57:51, Sys 0 00:00:15  -  Run Remote Usage
		Usr 0 00:00:00, Sys 0 00:00:00  -  Run Local Usage
...
003 (5298.008.000) 10/30 14:34:39 Job was checkpointed.
	Usr 2 02:57:41, Sys 0 00:00:16  -  Run Remote Usage
		Usr 0 00:00:00, Sys 0 00:00:00  -  Run Local Usage
...
003 (5298.008.000) 10/30 17:34:41 Job was checkpointed.
	Usr 2 05:57:34, Sys 0 00:00:17  -  Run Remote Usage
		Usr 0 00:00:00, Sys 0 00:00:00  -  Run Local Usage
...
003 (5298.008.000) 10/30 20:34:40 Job was checkpointed.
	Usr 2 08:57:24, Sys 0 00:00:18  -  Run Remote Usage
		Usr 0 00:00:00, Sys 0 00:00:00  -  Run Local Usage
...
003 (5298.008.000) 10/30 23:34:42 Job was checkpointed.
	Usr 2 11:57:16, Sys 0 00:00:19  -  Run Remote Usage
		Usr 0 00:00:00, Sys 0 00:00:00  -  Run Local Usage
...
003 (5298.008.000) 10/31 02:34:44 Job was checkpointed.
	Usr 2 14:57:10, Sys 0 00:00:20  -  Run Remote Usage
		Usr 0 00:00:00, Sys 0 00:00:00  -  Run Local Usage
...
003 (5298.008.000) 10/31 05:34:43 Job was checkpointed.
	Usr 2 17:56:57, Sys 0 00:00:21  -  Run Remote Usage
		Usr 0 00:00:00, Sys 0 00:00:00  -  Run Local Usage
...
003 (5298.008.000) 10/31 08:34:47 Job was checkpointed.
	Usr 2 20:56:52, Sys 0 00:00:22  -  Run Remote Usage
		Usr 0 00:00:00, Sys 0 00:00:00  -  Run Local Usage
...
003 (5298.008.000) 10/31 11:34:48 Job was checkpointed.
	Usr 2 23:56:44, Sys 0 00:00:23  -  Run Remote Usage
		Usr 0 00:00:00, Sys 0 00:00:00  -  Run Local Usage
...
003 (5298.008.000) 10/31 14:34:52 Job was checkpointed.
	Usr 3 02:56:38, Sys 0 00:00:24  -  Run Remote Usage
		Usr 0 00:00:00, Sys 0 00:00:00  -  Run Local Usage
...
003 (5298.008.000) 10/31 17:34:51 Job was checkpointed.
	Usr 3 05:56:26, Sys 0 00:00:25  -  Run Remote Usage
		Usr 0 00:00:00, Sys 0 00:00:00  -  Run Local Usage
...
003 (5298.008.000) 10/31 20:34:55 Job was checkpointed.
	Usr 3 08:56:20, Sys 0 00:00:26  -  Run Remote Usage
		Usr 0 00:00:00, Sys 0 00:00:00  -  Run Local Usage
...
003 (5298.008.000) 10/31 23:34:58 Job was checkpointed.
	Usr 3 11:56:14, Sys 0 00:00:27  -  Run Remote Usage
		Usr 0 00:00:00, Sys 0 00:00:00  -  Run Local Usage
...
003 (5298.008.000) 11/01 02:34:59 Job was checkpointed.
	Usr 3 14:56:05, Sys 0 00:00:28  -  Run Remote Usage
		Usr 0 00:00:00, Sys 0 00:00:00  -  Run Local Usage
...
003 (5298.008.000) 11/01 05:35:00 Job was checkpointed.
	Usr 3 17:55:49, Sys 0 00:00:30  -  Run Remote Usage
		Usr 0 00:00:00, Sys 0 00:00:00  -  Run Local Usage
...
003 (5298.008.000) 11/01 08:35:03 Job was checkpointed.
	Usr 3 20:55:41, Sys 0 00:00:31  -  Run Remote Usage
		Usr 0 00:00:00, Sys 0 00:00:00  -  Run Local Usage
...
003 (5298.008.000) 11/01 11:35:05 Job was checkpointed.
	Usr 3 23:55:33, Sys 0 00:00:32  -  Run Remote Usage
		Usr 0 00:00:00, Sys 0 00:00:00  -  Run Local Usage
...
003 (5298.008.000) 11/01 14:35:08 Job was checkpointed.
	Usr 4 02:55:29, Sys 0 00:00:33  -  Run Remote Usage
		Usr 0 00:00:00, Sys 0 00:00:00  -  Run Local Usage
...
003 (5298.008.000) 11/01 17:35:10 Job was checkpointed.
	Usr 4 05:55:22, Sys 0 00:00:34  -  Run Remote Usage
		Usr 0 00:00:00, Sys 0 00:00:00  -  Run Local Usage
...
003 (5298.008.000) 11/01 20:35:11 Job was checkpointed.
	Usr 4 08:55:13, Sys 0 00:00:35  -  Run Remote Usage
		Usr 0 00:00:00, Sys 0 00:00:00  -  Run Local Usage
...
003 (5298.008.000) 11/01 23:35:11 Job was checkpointed.
	Usr 4 11:55:02, Sys 0 00:00:36  -  Run Remote Usage
		Usr 0 00:00:00, Sys 0 00:00:00  -  Run Local Usage
...
003 (5298.008.000) 11/02 01:35:11 Job was checkpointed.
	Usr 4 14:54:52, Sys 0 00:00:37  -  Run Remote Usage
		Usr 0 00:00:00, Sys 0 00:00:00  -  Run Local Usage
...
003 (5298.008.000) 11/02 04:35:10 Job was checkpointed.
	Usr 4 17:54:36, Sys 0 00:00:39  -  Run Remote Usage
		Usr 0 00:00:00, Sys 0 00:00:00  -  Run Local Usage
...
003 (5298.008.000) 11/02 07:35:14 Job was checkpointed.
	Usr 4 20:54:31, Sys 0 00:00:40  -  Run Remote Usage
		Usr 0 00:00:00, Sys 0 00:00:00  -  Run Local Usage
...
003 (5298.008.000) 11/02 10:35:14 Job was checkpointed.
	Usr 4 23:54:24, Sys 0 00:00:40  -  Run Remote Usage
		Usr 0 00:00:00, Sys 0 00:00:01  -  Run Local Usage
...
003 (5298.008.000) 11/02 13:35:17 Job was checkpointed.
	Usr 5 02:54:16, Sys 0 00:00:41  -  Run Remote Usage
		Usr 0 00:00:00, Sys 0 00:00:01  -  Run Local Usage
...
003 (5298.008.000) 11/02 16:35:20 Job was checkpointed.
	Usr 5 05:54:08, Sys 0 00:00:43  -  Run Remote Usage
		Usr 0 00:00:00, Sys 0 00:00:01  -  Run Local Usage
...
003 (5298.008.000) 11/02 19:35:20 Job was checkpointed.
	Usr 5 08:53:59, Sys 0 00:00:44  -  Run Remote Usage
		Usr 0 00:00:00, Sys 0 00:00:01  -  Run Local Usage
...
003 (5298.008.000) 11/02 22:35:23 Job was checkpointed.
	Usr 5 11:53:51, Sys 0 00:00:45  -  Run Remote Usage
		Usr 0 00:00:00, Sys 0 00:00:01  -  Run Local Usage
...
003 (5298.008.000) 11/03 01:35:23 Job was checkpointed.
	Usr 5 14:53:40, Sys 0 00:00:46  -  Run Remote Usage
		Usr 0 00:00:00, Sys 0 00:00:01  -  Run Local Usage
...
003 (5298.008.000) 11/03 04:35:22 Job was checkpointed.
	Usr 5 17:53:30, Sys 0 00:00:47  -  Run Remote Usage
		Usr 0 00:00:00, Sys 0 00:00:01  -  Run Local Usage
...
003 (5298.008.000) 11/03 07:35:22 Job was checkpointed.
	Usr 5 20:53:20, Sys 0 00:00:48  -  Run Remote Usage
		Usr 0 00:00:00, Sys 0 00:00:01  -  Run Local Usage
...
003 (5298.008.000) 11/03 10:35:26 Job was checkpointed.
	Usr 5 23:53:12, Sys 0 00:00:49  -  Run Remote Usage
		Usr 0 00:00:00, Sys 0 00:00:01  -  Run Local Usage
...
003 (5298.008.000) 11/03 13:35:26 Job was checkpointed.
	Usr 6 02:53:02, Sys 0 00:00:50  -  Run Remote Usage
		Usr 0 00:00:00, Sys 0 00:00:01  -  Run Local Usage
...
003 (5298.008.000) 11/03 16:35:26 Job was checkpointed.
	Usr 6 05:52:53, Sys 0 00:00:51  -  Run Remote Usage
		Usr 0 00:00:00, Sys 0 00:00:01  -  Run Local Usage
...
003 (5298.008.000) 11/03 19:35:28 Job was checkpointed.
	Usr 6 08:52:44, Sys 0 00:00:52  -  Run Remote Usage
		Usr 0 00:00:00, Sys 0 00:00:01  -  Run Local Usage
...
003 (5298.008.000) 11/03 22:35:30 Job was checkpointed.
	Usr 6 11:52:38, Sys 0 00:00:53  -  Run Remote Usage
		Usr 0 00:00:00, Sys 0 00:00:01  -  Run Local Usage
...
003 (5298.008.000) 11/04 01:35:31 Job was checkpointed.
	Usr 6 14:52:30, Sys 0 00:00:54  -  Run Remote Usage
		Usr 0 00:00:00, Sys 0 00:00:01  -  Run Local Usage
...
003 (5298.008.000) 11/04 04:35:35 Job was checkpointed.
	Usr 6 17:52:18, Sys 0 00:00:55  -  Run Remote Usage
		Usr 0 00:00:00, Sys 0 00:00:01  -  Run Local Usage
...
003 (5298.008.000) 11/04 07:35:36 Job was checkpointed.
	Usr 6 20:52:09, Sys 0 00:00:56  -  Run Remote Usage
		Usr 0 00:00:00, Sys 0 00:00:01  -  Run Local Usage
...
003 (5298.008.000) 11/04 10:35:38 Job was checkpointed.
	Usr 6 23:52:00, Sys 0 00:00:57  -  Run Remote Usage
		Usr 0 00:00:00, Sys 0 00:00:01  -  Run Local Usage
...
003 (5298.008.000) 11/04 13:35:38 Job was checkpointed.
	Usr 7 02:51:50, Sys 0 00:00:58  -  Run Remote Usage
		Usr 0 00:00:00, Sys 0 00:00:01  -  Run Local Usage
...
003 (5298.008.000) 11/04 16:35:39 Job was checkpointed.
	Usr 7 05:51:43, Sys 0 00:00:59  -  Run Remote Usage
		Usr 0 00:00:00, Sys 0 00:00:01  -  Run Local Usage
...
003 (5298.008.000) 11/04 19:35:42 Job was checkpointed.
	Usr 7 08:51:36, Sys 0 00:01:00  -  Run Remote Usage
		Usr 0 00:00:00, Sys 0 00:00:01  -  Run Local Usage
...
003 (5298.008.000) 11/04 22:35:44 Job was checkpointed.
	Usr 7 11:51:26, Sys 0 00:01:01  -  Run Remote Usage
		Usr 0 00:00:00, Sys 0 00:00:01  -  Run Local Usage
...
003 (5298.008.000) 11/05 01:35:47 Job was checkpointed.
	Usr 7 14:51:21, Sys 0 00:01:02  -  Run Remote Usage
		Usr 0 00:00:00, Sys 0 00:00:01  -  Run Local Usage
...
003 (5298.008.000) 11/05 04:35:50 Job was checkpointed.
	Usr 7 17:51:11, Sys 0 00:01:03  -  Run Remote Usage
		Usr 0 00:00:00, Sys 0 00:00:01  -  Run Local Usage
...
003 (5298.008.000) 11/05 07:35:53 Job was checkpointed.
	Usr 7 20:51:04, Sys 0 00:01:04  -  Run Remote Usage
		Usr 0 00:00:00, Sys 0 00:00:01  -  Run Local Usage
...
003 (5298.008.000) 11/05 10:35:54 Job was checkpointed.
	Usr 7 23:50:55, Sys 0 00:01:05  -  Run Remote Usage
		Usr 0 00:00:00, Sys 0 00:00:01  -  Run Local Usage
...
003 (5298.008.000) 11/05 13:35:57 Job was checkpointed.
	Usr 8 02:50:45, Sys 0 00:01:07  -  Run Remote Usage
		Usr 0 00:00:00, Sys 0 00:00:01  -  Run Local Usage
...
003 (5298.008.000) 11/05 16:36:01 Job was checkpointed.
	Usr 8 05:50:38, Sys 0 00:01:08  -  Run Remote Usage
		Usr 0 00:00:00, Sys 0 00:00:01  -  Run Local Usage
...
003 (5298.008.000) 11/05 19:36:03 Job was checkpointed.
	Usr 8 08:50:31, Sys 0 00:01:09  -  Run Remote Usage
		Usr 0 00:00:00, Sys 0 00:00:01  -  Run Local Usage
...
003 (5298.008.000) 11/05 22:36:04 Job was checkpointed.
	Usr 8 11:50:20, Sys 0 00:01:10  -  Run Remote Usage
		Usr 0 00:00:00, Sys 0 00:00:01  -  Run Local Usage
...
003 (5298.008.000) 11/06 01:36:04 Job was checkpointed.
	Usr 8 14:50:11, Sys 0 00:01:11  -  Run Remote Usage
		Usr 0 00:00:00, Sys 0 00:00:01  -  Run Local Usage
...
003 (5298.008.000) 11/06 04:36:06 Job was checkpointed.
	Usr 8 17:50:01, Sys 0 00:01:12  -  Run Remote Usage
		Usr 0 00:00:00, Sys 0 00:00:01  -  Run Local Usage
...
003 (5298.008.000) 11/06 07:36:09 Job was checkpointed.
	Usr 8 20:49:54, Sys 0 00:01:13  -  Run Remote Usage
		Usr 0 00:00:00, Sys 0 00:00:01  -  Run Local Usage
...
003 (5298.008.000) 11/06 10:36:10 Job was checkpointed.
	Usr 8 23:49:47, Sys 0 00:01:14  -  Run Remote Usage
		Usr 0 00:00:00, Sys 0 00:00:01  -  Run Local Usage
...
003 (5298.008.000) 11/06 13:36:13 Job was checkpointed.
	Usr 9 02:49:41, Sys 0 00:01:15  -  Run Remote Usage
		Usr 0 00:00:00, Sys 0 00:00:01  -  Run Local Usage
...
003 (5298.008.000) 11/06 16:36:15 Job was checkpointed.
	Usr 9 05:49:34, Sys 0 00:01:16  -  Run Remote Usage
		Usr 0 00:00:00, Sys 0 00:00:01  -  Run Local Usage
...
003 (5298.008.000) 11/06 19:36:17 Job was checkpointed.
	Usr 9 08:49:25, Sys 0 00:01:17  -  Run Remote Usage
		Usr 0 00:00:00, Sys 0 00:00:02  -  Run Local Usage
...
003 (5298.008.000) 11/06 22:36:17 Job was checkpointed.
	Usr 9 11:49:16, Sys 0 00:01:18  -  Run Remote Usage
		Usr 0 00:00:00, Sys 0 00:00:02  -  Run Local Usage
...
003 (5298.008.000) 11/07 01:36:20 Job was checkpointed.
	Usr 9 14:49:09, Sys 0 00:01:19  -  Run Remote Usage
		Usr 0 00:00:00, Sys 0 00:00:02  -  Run Local Usage
...
003 (5298.008.000) 11/07 04:36:19 Job was checkpointed.
	Usr 9 17:48:55, Sys 0 00:01:20  -  Run Remote Usage
		Usr 0 00:00:00, Sys 0 00:00:02  -  Run Local Usage
...
003 (5298.008.000) 11/07 07:36:23 Job was checkpointed.
	Usr 9 20:48:52, Sys 0 00:01:21  -  Run Remote Usage
		Usr 0 00:00:00, Sys 0 00:00:02  -  Run Local Usage
...
003 (5298.008.000) 11/07 10:36:23 Job was checkpointed.
	Usr 9 23:48:40, Sys 0 00:01:22  -  Run Remote Usage
		Usr 0 00:00:00, Sys 0 00:00:02  -  Run Local Usage
...
003 (5298.008.000) 11/07 13:36:27 Job was checkpointed.
	Usr 10 02:48:33, Sys 0 00:01:23  -  Run Remote Usage
		Usr 0 00:00:00, Sys 0 00:00:02  -  Run Local Usage
...
003 (5298.008.000) 11/07 16:36:27 Job was checkpointed.
	Usr 10 05:48:23, Sys 0 00:01:25  -  Run Remote Usage
		Usr 0 00:00:00, Sys 0 00:00:02  -  Run Local Usage
...
003 (5298.008.000) 11/07 19:36:29 Job was checkpointed.
	Usr 10 08:48:16, Sys 0 00:01:25  -  Run Remote Usage
		Usr 0 00:00:00, Sys 0 00:00:02  -  Run Local Usage
...
003 (5298.008.000) 11/07 22:36:29 Job was checkpointed.
	Usr 10 11:48:10, Sys 0 00:01:26  -  Run Remote Usage
		Usr 0 00:00:00, Sys 0 00:00:02  -  Run Local Usage
...
003 (5298.008.000) 11/08 01:36:32 Job was checkpointed.
	Usr 10 14:48:06, Sys 0 00:01:27  -  Run Remote Usage
		Usr 0 00:00:00, Sys 0 00:00:02  -  Run Local Usage
...
003 (5298.008.000) 11/08 04:36:33 Job was checkpointed.
	Usr 10 17:47:50, Sys 0 00:01:28  -  Run Remote Usage
		Usr 0 00:00:00, Sys 0 00:00:02  -  Run Local Usage
...
003 (5298.008.000) 11/08 07:36:33 Job was checkpointed.
	Usr 10 20:47:41, Sys 0 00:01:29  -  Run Remote Usage
		Usr 0 00:00:00, Sys 0 00:00:02  -  Run Local Usage
...
003 (5298.008.000) 11/08 10:36:36 Job was checkpointed.
	Usr 10 23:47:34, Sys 0 00:01:30  -  Run Remote Usage
		Usr 0 00:00:00, Sys 0 00:00:02  -  Run Local Usage
...
003 (5298.008.000) 11/08 13:36:38 Job was checkpointed.
	Usr 11 02:47:27, Sys 0 00:01:31  -  Run Remote Usage
		Usr 0 00:00:00, Sys 0 00:00:02  -  Run Local Usage
...
003 (5298.008.000) 11/08 16:36:42 Job was checkpointed.
	Usr 11 05:47:24, Sys 0 00:01:32  -  Run Remote Usage
		Usr 0 00:00:00, Sys 0 00:00:02  -  Run Local Usage
...
003 (5298.008.000) 11/08 19:36:41 Job was checkpointed.
	Usr 11 08:47:14, Sys 0 00:01:33  -  Run Remote Usage
		Usr 0 00:00:00, Sys 0 00:00:02  -  Run Local Usage
...
003 (5298.008.000) 11/08 22:36:41 Job was checkpointed.
	Usr 11 11:47:03, Sys 0 00:01:34  -  Run Remote Usage
		Usr 0 00:00:00, Sys 0 00:00:02  -  Run Local Usage
...
003 (5298.008.000) 11/09 01:36:44 Job was checkpointed.
	Usr 11 14:46:57, Sys 0 00:01:35  -  Run Remote Usage
		Usr 0 00:00:00, Sys 0 00:00:02  -  Run Local Usage
...
003 (5298.008.000) 11/09 04:36:48 Job was checkpointed.
	Usr 11 17:46:44, Sys 0 00:01:37  -  Run Remote Usage
		Usr 0 00:00:00, Sys 0 00:00:02  -  Run Local Usage
...
003 (5298.008.000) 11/09 07:36:50 Job was checkpointed.
	Usr 11 20:46:40, Sys 0 00:01:37  -  Run Remote Usage
		Usr 0 00:00:00, Sys 0 00:00:02  -  Run Local Usage
...
003 (5298.008.000) 11/09 10:36:50 Job was checkpointed.
	Usr 11 23:46:30, Sys 0 00:01:38  -  Run Remote Usage
		Usr 0 00:00:00, Sys 0 00:00:02  -  Run Local Usage
...
003 (5298.008.000) 11/09 13:36:52 Job was checkpointed.
	Usr 12 02:46:23, Sys 0 00:01:39  -  Run Remote Usage
		Usr 0 00:00:00, Sys 0 00:00:02  -  Run Local Usage
...
003 (5298.008.000) 11/09 16:36:55 Job was checkpointed.
	Usr 12 05:46:15, Sys 0 00:01:40  -  Run Remote Usage
		Usr 0 00:00:00, Sys 0 00:00:02  -  Run Local Usage
...
003 (5298.008.000) 11/09 19:36:54 Job was checkpointed.
	Usr 12 08:46:02, Sys 0 00:01:42  -  Run Remote Usage
		Usr 0 00:00:00, Sys 0 00:00:02  -  Run Local Usage
...
003 (5298.008.000) 11/09 22:36:58 Job was checkpointed.
	Usr 12 11:45:59, Sys 0 00:01:42  -  Run Remote Usage
		Usr 0 00:00:00, Sys 0 00:00:02  -  Run Local Usage
...
003 (5298.008.000) 11/10 01:36:59 Job was checkpointed.
	Usr 12 14:45:51, Sys 0 00:01:43  -  Run Remote Usage
		Usr 0 00:00:00, Sys 0 00:00:02  -  Run Local Usage
...
003 (5298.008.000) 11/10 04:37:02 Job was checkpointed.
	Usr 12 17:45:43, Sys 0 00:01:44  -  Run Remote Usage
		Usr 0 00:00:00, Sys 0 00:00:02  -  Run Local Usage
...
003 (5298.008.000) 11/10 07:37:03 Job was checkpointed.
	Usr 12 20:45:35, Sys 0 00:01:45  -  Run Remote Usage
		Usr 0 00:00:00, Sys 0 00:00:02  -  Run Local Usage
...
003 (5298.008.000) 11/10 10:37:02 Job was checkpointed.
	Usr 12 23:45:26, Sys 0 00:01:46  -  Run Remote Usage
		Usr 0 00:00:00, Sys 0 00:00:02  -  Run Local Usage
...
003 (5298.008.000) 11/10 13:37:02 Job was checkpointed.
	Usr 13 02:45:16, Sys 0 00:01:47  -  Run Remote Usage
		Usr 0 00:00:00, Sys 0 00:00:02  -  Run Local Usage
...
003 (5298.008.000) 11/10 16:37:06 Job was checkpointed.
	Usr 13 05:45:10, Sys 0 00:01:48  -  Run Remote Usage
		Usr 0 00:00:00, Sys 0 00:00:02  -  Run Local Usage
...
003 (5298.008.000) 11/10 19:37:09 Job was checkpointed.
	Usr 13 08:45:02, Sys 0 00:01:49  -  Run Remote Usage
		Usr 0 00:00:00, Sys 0 00:00:02  -  Run Local Usage
...
003 (5298.008.000) 11/10 22:37:12 Job was checkpointed.
	Usr 13 11:44:55, Sys 0 00:01:50  -  Run Remote Usage
		Usr 0 00:00:00, Sys 0 00:00:02  -  Run Local Usage
...
003 (5298.008.000) 11/11 01:37:14 Job was checkpointed.
	Usr 13 14:44:47, Sys 0 00:01:51  -  Run Remote Usage
		Usr 0 00:00:00, Sys 0 00:00:02  -  Run Local Usage
...
003 (5298.008.000) 11/11 04:37:14 Job was checkpointed.
	Usr 13 17:44:34, Sys 0 00:01:52  -  Run Remote Usage
		Usr 0 00:00:00, Sys 0 00:00:02  -  Run Local Usage
...
006 (5298.008.000) 11/11 07:37:15 Image size of job updated: 11177
...
003 (5298.008.000) 11/11 07:37:15 Job was checkpointed.
	Usr 13 20:44:26, Sys 0 00:01:53  -  Run Remote Usage
		Usr 0 00:00:00, Sys 0 00:00:02  -  Run Local Usage
...
003 (5298.008.000) 11/11 10:37:15 Job was checkpointed.
	Usr 13 23:44:17, Sys 0 00:01:54  -  Run Remote Usage
		Usr 0 00:00:00, Sys 0 00:00:02  -  Run Local Usage
...
003 (5298.008.000) 11/11 13:37:14 Job was checkpointed.
	Usr 14 02:44:07, Sys 0 00:01:54  -  Run Remote Usage
		Usr 0 00:00:00, Sys 0 00:00:02  -  Run Local Usage
...
003 (5298.008.000) 11/11 16:37:17 Job was checkpointed.
	Usr 14 05:44:01, Sys 0 00:01:55  -  Run Remote Usage
		Usr 0 00:00:00, Sys 0 00:00:02  -  Run Local Usage
...
003 (5298.008.000) 11/11 19:37:17 Job was checkpointed.
	Usr 14 08:43:51, Sys 0 00:01:56  -  Run Remote Usage
		Usr 0 00:00:00, Sys 0 00:00:03  -  Run Local Usage
...
003 (5298.008.000) 11/11 22:37:20 Job was checkpointed.
	Usr 14 11:43:43, Sys 0 00:01:58  -  Run Remote Usage
		Usr 0 00:00:00, Sys 0 00:00:03  -  Run Local Usage
...
003 (5298.008.000) 11/12 01:37:22 Job was checkpointed.
	Usr 14 14:43:35, Sys 0 00:01:59  -  Run Remote Usage
		Usr 0 00:00:00, Sys 0 00:00:03  -  Run Local Usage
...
003 (5298.008.000) 11/12 04:37:27 Job was checkpointed.
	Usr 14 17:43:26, Sys 0 00:02:00  -  Run Remote Usage
		Usr 0 00:00:00, Sys 0 00:00:03  -  Run Local Usage
...
003 (5298.008.000) 11/12 07:37:30 Job was checkpointed.
	Usr 14 20:43:19, Sys 0 00:02:01  -  Run Remote Usage
		Usr 0 00:00:00, Sys 0 00:00:03  -  Run Local Usage
...
003 (5298.008.000) 11/12 10:37:30 Job was checkpointed.
	Usr 14 23:43:10, Sys 0 00:02:02  -  Run Remote Usage
		Usr 0 00:00:00, Sys 0 00:00:03  -  Run Local Usage
...
003 (5298.008.000) 11/12 13:37:31 Job was checkpointed.
	Usr 15 02:43:02, Sys 0 00:02:03  -  Run Remote Usage
		Usr 0 00:00:00, Sys 0 00:00:03  -  Run Local Usage
...
003 (5298.008.000) 11/12 16:37:34 Job was checkpointed.
	Usr 15 05:42:58, Sys 0 00:02:03  -  Run Remote Usage
		Usr 0 00:00:00, Sys 0 00:00:03  -  Run Local Usage
...
003 (5298.008.000) 11/12 19:37:35 Job was checkpointed.
	Usr 15 08:42:52, Sys 0 00:02:04  -  Run Remote Usage
		Usr 0 00:00:00, Sys 0 00:00:03  -  Run Local Usage
...
003 (5298.008.000) 11/12 22:37:38 Job was checkpointed.
	Usr 15 11:42:44, Sys 0 00:02:05  -  Run Remote Usage
		Usr 0 00:00:00, Sys 0 00:00:03  -  Run Local Usage
...
003 (5298.008.000) 11/13 01:37:40 Job was checkpointed.
	Usr 15 14:42:36, Sys 0 00:02:06  -  Run Remote Usage
		Usr 0 00:00:00, Sys 0 00:00:03  -  Run Local Usage
...
003 (5298.008.000) 11/13 04:37:43 Job was checkpointed.
	Usr 15 17:42:30, Sys 0 00:02:07  -  Run Remote Usage
		Usr 0 00:00:00, Sys 0 00:00:03  -  Run Local Usage
...
003 (5298.008.000) 11/13 07:37:47 Job was checkpointed.
	Usr 15 20:42:24, Sys 0 00:02:08  -  Run Remote Usage
		Usr 0 00:00:00, Sys 0 00:00:03  -  Run Local Usage
...
003 (5298.008.000) 11/13 10:37:48 Job was checkpointed.
	Usr 15 23:42:17, Sys 0 00:02:09  -  Run Remote Usage
		Usr 0 00:00:00, Sys 0 00:00:03  -  Run Local Usage
...
003 (5298.008.000) 11/13 13:37:49 Job was checkpointed.
	Usr 16 02:42:09, Sys 0 00:02:10  -  Run Remote Usage
		Usr 0 00:00:00, Sys 0 00:00:03  -  Run Local Usage
...
003 (5298.008.000) 11/13 16:37:49 Job was checkpointed.
	Usr 16 05:42:00, Sys 0 00:02:11  -  Run Remote Usage
		Usr 0 00:00:00, Sys 0 00:00:03  -  Run Local Usage
...
003 (5298.008.000) 11/13 19:37:50 Job was checkpointed.
	Usr 16 08:41:52, Sys 0 00:02:12  -  Run Remote Usage
		Usr 0 00:00:00, Sys 0 00:00:03  -  Run Local Usage
...
003 (5298.008.000) 11/13 22:37:51 Job was checkpointed.
	Usr 16 11:41:46, Sys 0 00:02:12  -  Run Remote Usage
		Usr 0 00:00:00, Sys 0 00:00:03  -  Run Local Usage
...
003 (5298.008.000) 11/14 01:37:55 Job was checkpointed.
	Usr 16 14:41:40, Sys 0 00:02:13  -  Run Remote Usage
		Usr 0 00:00:00, Sys 0 00:00:03  -  Run Local Usage
...
003 (5298.008.000) 11/14 04:37:58 Job was checkpointed.
	Usr 16 17:41:31, Sys 0 00:02:15  -  Run Remote Usage
		Usr 0 00:00:00, Sys 0 00:00:03  -  Run Local Usage
...
003 (5298.008.000) 11/14 07:37:58 Job was checkpointed.
	Usr 16 20:41:20, Sys 0 00:02:16  -  Run Remote Usage
		Usr 0 00:00:00, Sys 0 00:00:03  -  Run Local Usage
...
003 (5298.008.000) 11/14 10:37:57 Job was checkpointed.
	Usr 16 23:41:07, Sys 0 00:02:17  -  Run Remote Usage
		Usr 0 00:00:00, Sys 0 00:00:03  -  Run Local Usage
...
003 (5298.008.000) 11/14 13:38:00 Job was checkpointed.
	Usr 17 02:41:00, Sys 0 00:02:18  -  Run Remote Usage
		Usr 0 00:00:00, Sys 0 00:00:03  -  Run Local Usage
...
003 (5298.008.000) 11/14 16:37:59 Job was checkpointed.
	Usr 17 05:40:50, Sys 0 00:02:19  -  Run Remote Usage
		Usr 0 00:00:00, Sys 0 00:00:03  -  Run Local Usage
...
003 (5298.008.000) 11/14 19:37:59 Job was checkpointed.
	Usr 17 08:40:41, Sys 0 00:02:20  -  Run Remote Usage
		Usr 0 00:00:00, Sys 0 00:00:03  -  Run Local Usage
...
003 (5298.008.000) 11/14 22:37:59 Job was checkpointed.
	Usr 17 11:40:31, Sys 0 00:02:21  -  Run Remote Usage
		Usr 0 00:00:00, Sys 0 00:00:03  -  Run Local Usage
...
003 (5298.008.000) 11/15 01:38:01 Job was checkpointed.
	Usr 17 14:40:23, Sys 0 00:02:22  -  Run Remote Usage
		Usr 0 00:00:00, Sys 0 00:00:03  -  Run Local Usage
...
003 (5298.008.000) 11/15 04:38:03 Job was checkpointed.
	Usr 17 17:40:13, Sys 0 00:02:23  -  Run Remote Usage
		Usr 0 00:00:00, Sys 0 00:00:03  -  Run Local Usage
...
003 (5298.008.000) 11/15 07:38:05 Job was checkpointed.
	Usr 17 20:40:05, Sys 0 00:02:24  -  Run Remote Usage
		Usr 0 00:00:00, Sys 0 00:00:03  -  Run Local Usage
...
003 (5298.008.000) 11/15 10:38:06 Job was checkpointed.
	Usr 17 23:39:56, Sys 0 00:02:25  -  Run Remote Usage
		Usr 0 00:00:01, Sys 0 00:00:03  -  Run Local Usage
...
003 (5298.008.000) 11/15 13:38:10 Job was checkpointed.
	Usr 18 02:39:52, Sys 0 00:02:26  -  Run Remote Usage
		Usr 0 00:00:01, Sys 0 00:00:03  -  Run Local Usage
...
003 (5298.008.000) 11/15 16:38:10 Job was checkpointed.
	Usr 18 05:39:41, Sys 0 00:02:27  -  Run Remote Usage
		Usr 0 00:00:01, Sys 0 00:00:03  -  Run Local Usage
...
003 (5298.008.000) 11/15 19:38:11 Job was checkpointed.
	Usr 18 08:39:30, Sys 0 00:02:28  -  Run Remote Usage
		Usr 0 00:00:01, Sys 0 00:00:03  -  Run Local Usage
...
003 (5298.008.000) 11/15 22:38:15 Job was checkpointed.
	Usr 18 11:39:22, Sys 0 00:02:29  -  Run Remote Usage
		Usr 0 00:00:01, Sys 0 00:00:03  -  Run Local Usage
...
003 (5298.008.000) 11/16 01:38:15 Job was checkpointed.
	Usr 18 14:39:14, Sys 0 00:02:30  -  Run Remote Usage
		Usr 0 00:00:01, Sys 0 00:00:03  -  Run Local Usage
...
003 (5298.008.000) 11/16 04:38:17 Job was checkpointed.
	Usr 18 17:39:00, Sys 0 00:02:32  -  Run Remote Usage
		Usr 0 00:00:01, Sys 0 00:00:03  -  Run Local Usage
...
003 (5298.008.000) 11/16 07:38:21 Job was checkpointed.
	Usr 18 20:39:01, Sys 0 00:02:32  -  Run Remote Usage
		Usr 0 00:00:01, Sys 0 00:00:03  -  Run Local Usage
...
003 (5298.008.000) 11/16 10:38:22 Job was checkpointed.
	Usr 18 23:39:02, Sys 0 00:02:32  -  Run Remote Usage
		Usr 0 00:00:01, Sys 0 00:00:03  -  Run Local Usage
...
003 (5298.008.000) 11/16 13:38:23 Job was checkpointed.
	Usr 19 02:39:02, Sys 0 00:02:32  -  Run Remote Usage
		Usr 0 00:00:01, Sys 0 00:00:03  -  Run Local Usage
...
003 (5298.008.000) 11/16 16:38:23 Job was checkpointed.
	Usr 19 05:39:01, Sys 0 00:02:32  -  Run Remote Usage
		Usr 0 00:00:01, Sys 0 00:00:03  -  Run Local Usage
...
003 (5298.008.000) 11/16 19:38:25 Job was checkpointed.
	Usr 19 08:39:03, Sys 0 00:02:32  -  Run Remote Usage
		Usr 0 00:00:01, Sys 0 00:00:03  -  Run Local Usage
...
003 (5298.008.000) 11/16 22:38:25 Job was checkpointed.
	Usr 19 11:39:02, Sys 0 00:02:32  -  Run Remote Usage
		Usr 0 00:00:01, Sys 0 00:00:03  -  Run Local Usage
...
003 (5298.008.000) 11/17 01:38:26 Job was checkpointed.
	Usr 19 14:39:02, Sys 0 00:02:32  -  Run Remote Usage
		Usr 0 00:00:01, Sys 0 00:00:04  -  Run Local Usage
...
003 (5298.008.000) 11/17 04:38:26 Job was checkpointed.
	Usr 19 17:39:02, Sys 0 00:02:32  -  Run Remote Usage
		Usr 0 00:00:01, Sys 0 00:00:04  -  Run Local Usage
...
003 (5298.008.000) 11/17 07:38:27 Job was checkpointed.
	Usr 19 20:39:03, Sys 0 00:02:32  -  Run Remote Usage
		Usr 0 00:00:01, Sys 0 00:00:04  -  Run Local Usage
...
003 (5298.008.000) 11/17 10:38:29 Job was checkpointed.
	Usr 19 23:39:04, Sys 0 00:02:32  -  Run Remote Usage
		Usr 0 00:00:01, Sys 0 00:00:04  -  Run Local Usage
...
003 (5298.008.000) 11/17 13:38:33 Job was checkpointed.
	Usr 20 02:39:07, Sys 0 00:02:32  -  Run Remote Usage
		Usr 0 00:00:01, Sys 0 00:00:04  -  Run Local Usage
...
003 (5298.008.000) 11/17 16:38:35 Job was checkpointed.
	Usr 20 05:39:09, Sys 0 00:02:32  -  Run Remote Usage
		Usr 0 00:00:01, Sys 0 00:00:04  -  Run Local Usage
...
003 (5298.008.000) 11/17 19:38:36 Job was checkpointed.
	Usr 20 08:39:08, Sys 0 00:02:32  -  Run Remote Usage
		Usr 0 00:00:01, Sys 0 00:00:04  -  Run Local Usage
...
003 (5298.008.000) 11/17 22:38:39 Job was checkpointed.
	Usr 20 11:39:11, Sys 0 00:02:32  -  Run Remote Usage
		Usr 0 00:00:01, Sys 0 00:00:04  -  Run Local Usage
...
003 (5298.008.000) 11/18 01:38:38 Job was checkpointed.
	Usr 20 14:39:10, Sys 0 00:02:32  -  Run Remote Usage
		Usr 0 00:00:01, Sys 0 00:00:04  -  Run Local Usage
...
003 (5298.008.000) 11/18 04:38:40 Job was checkpointed.
	Usr 20 17:39:11, Sys 0 00:02:32  -  Run Remote Usage
		Usr 0 00:00:01, Sys 0 00:00:04  -  Run Local Usage
...
003 (5298.008.000) 11/18 07:38:42 Job was checkpointed.
	Usr 20 20:39:13, Sys 0 00:02:32  -  Run Remote Usage
		Usr 0 00:00:01, Sys 0 00:00:04  -  Run Local Usage
...
003 (5298.008.000) 11/18 10:38:45 Job was checkpointed.
	Usr 20 23:39:15, Sys 0 00:02:32  -  Run Remote Usage
		Usr 0 00:00:01, Sys 0 00:00:04  -  Run Local Usage
...
003 (5298.008.000) 11/18 13:38:48 Job was checkpointed.
	Usr 21 02:39:17, Sys 0 00:02:32  -  Run Remote Usage
		Usr 0 00:00:01, Sys 0 00:00:04  -  Run Local Usage
...
003 (5298.008.000) 11/18 16:38:50 Job was checkpointed.
	Usr 21 05:39:19, Sys 0 00:02:32  -  Run Remote Usage
		Usr 0 00:00:01, Sys 0 00:00:04  -  Run Local Usage
...
003 (5298.008.000) 11/18 19:38:51 Job was checkpointed.
	Usr 21 08:39:19, Sys 0 00:02:32  -  Run Remote Usage
		Usr 0 00:00:01, Sys 0 00:00:04  -  Run Local Usage
...
003 (5298.008.000) 11/18 22:38:51 Job was checkpointed.
	Usr 21 11:39:18, Sys 0 00:02:32  -  Run Remote Usage
		Usr 0 00:00:01, Sys 0 00:00:04  -  Run Local Usage
...
003 (5298.008.000) 11/19 01:38:52 Job was checkpointed.
	Usr 21 14:39:19, Sys 0 00:02:32  -  Run Remote Usage
		Usr 0 00:00:01, Sys 0 00:00:04  -  Run Local Usage
...
003 (5298.008.000) 11/19 04:38:54 Job was checkpointed.
	Usr 21 17:39:20, Sys 0 00:02:32  -  Run Remote Usage
		Usr 0 00:00:01, Sys 0 00:00:04  -  Run Local Usage
...
003 (5298.008.000) 11/19 07:38:57 Job was checkpointed.
	Usr 21 20:39:23, Sys 0 00:02:32  -  Run Remote Usage
		Usr 0 00:00:01, Sys 0 00:00:04  -  Run Local Usage
...
003 (5298.008.000) 11/19 10:38:57 Job was checkpointed.
	Usr 21 23:39:22, Sys 0 00:02:32  -  Run Remote Usage
		Usr 0 00:00:01, Sys 0 00:00:04  -  Run Local Usage
...
003 (5298.008.000) 11/19 13:38:59 Job was checkpointed.
	Usr 22 02:39:24, Sys 0 00:02:32  -  Run Remote Usage
		Usr 0 00:00:01, Sys 0 00:00:04  -  Run Local Usage
...
003 (5298.008.000) 11/19 16:39:03 Job was checkpointed.
	Usr 22 05:39:27, Sys 0 00:02:32  -  Run Remote Usage
		Usr 0 00:00:01, Sys 0 00:00:04  -  Run Local Usage
...
003 (5298.008.000) 11/19 19:39:02 Job was checkpointed.
	Usr 22 08:39:26, Sys 0 00:02:32  -  Run Remote Usage
		Usr 0 00:00:01, Sys 0 00:00:04  -  Run Local Usage
...
003 (5298.008.000) 11/19 22:39:04 Job was checkpointed.
	Usr 22 11:39:27, Sys 0 00:02:32  -  Run Remote Usage
		Usr 0 00:00:01, Sys 0 00:00:04  -  Run Local Usage
...
003 (5298.008.000) 11/20 01:39:08 Job was checkpointed.
	Usr 22 14:39:30, Sys 0 00:02:32  -  Run Remote Usage
		Usr 0 00:00:01, Sys 0 00:00:04  -  Run Local Usage
...
003 (5298.008.000) 11/20 04:39:12 Job was checkpointed.
	Usr 22 17:39:34, Sys 0 00:02:32  -  Run Remote Usage
		Usr 0 00:00:01, Sys 0 00:00:04  -  Run Local Usage
...
003 (5298.008.000) 11/20 07:39:14 Job was checkpointed.
	Usr 22 20:39:34, Sys 0 00:02:32  -  Run Remote Usage
		Usr 0 00:00:01, Sys 0 00:00:04  -  Run Local Usage
...
003 (5298.008.000) 11/20 10:39:17 Job was checkpointed.
	Usr 22 23:39:37, Sys 0 00:02:32  -  Run Remote Usage
		Usr 0 00:00:01, Sys 0 00:00:04  -  Run Local Usage
...
003 (5298.008.000) 11/20 13:39:19 Job was checkpointed.
	Usr 23 02:39:38, Sys 0 00:02:32  -  Run Remote Usage
		Usr 0 00:00:01, Sys 0 00:00:04  -  Run Local Usage
...
003 (5298.008.000) 11/20 16:39:19 Job was checkpointed.
	Usr 23 05:39:39, Sys 0 00:02:32  -  Run Remote Usage
		Usr 0 00:00:01, Sys 0 00:00:04  -  Run Local Usage
...
005 (5298.008.000) 11/20 19:19:09 Job terminated.
	(1) Normal termination (return value 0)
		Usr 23 08:19:28, Sys 0 00:02:32  -  Run Remote Usage
		Usr 0 00:00:01, Sys 0 00:00:04  -  Run Local Usage
		Usr 23 08:19:28, Sys 0 00:02:32  -  Total Remote Usage
		Usr 0 00:00:01, Sys 0 00:00:04  -  Total Local Usage
	224456768  -  Run Bytes Sent By Job
	4581465  -  Run Bytes Received By Job
	224456768  -  Total Bytes Sent By Job
	4581465  -  Total Bytes Received By Job
...
